<?xml version="1.0" encoding="UTF-8"?>
<testsuites name="jest tests" tests="218" failures="54" errors="0" time="99.582">
  <testsuite name="Ïù¥Î≤§Ìä∏ ÏãúÏä§ÌÖú TDD ÌÖåÏä§Ìä∏" errors="0" failures="6" skipped="0" timestamp="2025-09-22T10:24:50" time="10.169" tests="13">
    <testcase classname="Ïù¥Î≤§Ìä∏ ÏãúÏä§ÌÖú TDD ÌÖåÏä§Ìä∏ 1. Ïù¥Î≤§Ìä∏ Îç∞Ïù¥ÌÑ∞ Î™®Îç∏ ÌÖåÏä§Ìä∏ Ïù¥Î≤§Ìä∏ Í∞ùÏ≤¥Í∞Ä Ïò¨Î∞îÎ•∏ Íµ¨Ï°∞Î•º Í∞ÄÏ†∏Ïïº ÌïúÎã§" name="Ïù¥Î≤§Ìä∏ ÏãúÏä§ÌÖú TDD ÌÖåÏä§Ìä∏ 1. Ïù¥Î≤§Ìä∏ Îç∞Ïù¥ÌÑ∞ Î™®Îç∏ ÌÖåÏä§Ìä∏ Ïù¥Î≤§Ìä∏ Í∞ùÏ≤¥Í∞Ä Ïò¨Î∞îÎ•∏ Íµ¨Ï°∞Î•º Í∞ÄÏ†∏Ïïº ÌïúÎã§" time="0.02">
    </testcase>
    <testcase classname="Ïù¥Î≤§Ìä∏ ÏãúÏä§ÌÖú TDD ÌÖåÏä§Ìä∏ 1. Ïù¥Î≤§Ìä∏ Îç∞Ïù¥ÌÑ∞ Î™®Îç∏ ÌÖåÏä§Ìä∏ Ïù¥Î≤§Ìä∏ ÏÉÅÌÉúÍ∞Ä Ïò¨Î∞îÎ•¥Í≤å Í¥ÄÎ¶¨ÎêòÏñ¥Ïïº ÌïúÎã§" name="Ïù¥Î≤§Ìä∏ ÏãúÏä§ÌÖú TDD ÌÖåÏä§Ìä∏ 1. Ïù¥Î≤§Ìä∏ Îç∞Ïù¥ÌÑ∞ Î™®Îç∏ ÌÖåÏä§Ìä∏ Ïù¥Î≤§Ìä∏ ÏÉÅÌÉúÍ∞Ä Ïò¨Î∞îÎ•¥Í≤å Í¥ÄÎ¶¨ÎêòÏñ¥Ïïº ÌïúÎã§" time="0.008">
      <failure>Error: expect(received).toBe(expected) // Object.is equality

Expected: &quot;ÏòàÏ†ï&quot;
Received: &quot;Ï¢ÖÎ£å&quot;
    at Object.toBe (C:\Users\xx005\Downloads\Collaboreum MVP Platform\src\__tests__\EventSystem.test.tsx:79:27)
    at Promise.then.completed (C:\Users\xx005\Downloads\Collaboreum MVP Platform\node_modules\jest-circus\build\utils.js:298:28)
    at new Promise (&lt;anonymous&gt;)
    at callAsyncCircusFn (C:\Users\xx005\Downloads\Collaboreum MVP Platform\node_modules\jest-circus\build\utils.js:231:10)
    at _callCircusTest (C:\Users\xx005\Downloads\Collaboreum MVP Platform\node_modules\jest-circus\build\run.js:316:40)
    at _runTest (C:\Users\xx005\Downloads\Collaboreum MVP Platform\node_modules\jest-circus\build\run.js:252:3)
    at _runTestsForDescribeBlock (C:\Users\xx005\Downloads\Collaboreum MVP Platform\node_modules\jest-circus\build\run.js:126:9)
    at _runTestsForDescribeBlock (C:\Users\xx005\Downloads\Collaboreum MVP Platform\node_modules\jest-circus\build\run.js:121:9)
    at _runTestsForDescribeBlock (C:\Users\xx005\Downloads\Collaboreum MVP Platform\node_modules\jest-circus\build\run.js:121:9)
    at run (C:\Users\xx005\Downloads\Collaboreum MVP Platform\node_modules\jest-circus\build\run.js:71:3)
    at runAndTransformResultsToJestFormat (C:\Users\xx005\Downloads\Collaboreum MVP Platform\node_modules\jest-circus\build\legacy-code-todo-rewrite\jestAdapterInit.js:122:21)
    at jestAdapter (C:\Users\xx005\Downloads\Collaboreum MVP Platform\node_modules\jest-circus\build\legacy-code-todo-rewrite\jestAdapter.js:79:19)
    at runTestInternal (C:\Users\xx005\Downloads\Collaboreum MVP Platform\node_modules\jest-runner\build\runTest.js:367:16)
    at runTest (C:\Users\xx005\Downloads\Collaboreum MVP Platform\node_modules\jest-runner\build\runTest.js:444:34)</failure>
    </testcase>
    <testcase classname="Ïù¥Î≤§Ìä∏ ÏãúÏä§ÌÖú TDD ÌÖåÏä§Ìä∏ 2. Ïù¥Î≤§Ìä∏ ÏÉùÏÑ± Ìèº Ïú†Ìö®ÏÑ± Í≤ÄÏÇ¨ ÌÖåÏä§Ìä∏ Ïù¥Î≤§Ìä∏ ÏÉùÏÑ± ÌèºÏùò Î™®Îì† ÌïÑÎìú Ïú†Ìö®ÏÑ± Í≤ÄÏÇ¨Í∞Ä Ïò¨Î∞îÎ•¥Í≤å ÏûëÎèôÌï¥Ïïº ÌïúÎã§" name="Ïù¥Î≤§Ìä∏ ÏãúÏä§ÌÖú TDD ÌÖåÏä§Ìä∏ 2. Ïù¥Î≤§Ìä∏ ÏÉùÏÑ± Ìèº Ïú†Ìö®ÏÑ± Í≤ÄÏÇ¨ ÌÖåÏä§Ìä∏ Ïù¥Î≤§Ìä∏ ÏÉùÏÑ± ÌèºÏùò Î™®Îì† ÌïÑÎìú Ïú†Ìö®ÏÑ± Í≤ÄÏÇ¨Í∞Ä Ïò¨Î∞îÎ•¥Í≤å ÏûëÎèôÌï¥Ïïº ÌïúÎã§" time="0.003">
      <failure>Error: expect(received).toHaveLength(expected)

Expected length: 0
Received length: 1
Received array:  [&quot;ÏãúÏûëÏùºÏùÄ ÌòÑÏû¨ ÎÇ†Ïßú Ïù¥ÌõÑÏó¨Ïïº Ìï©ÎãàÎã§&quot;]
    at Object.toHaveLength (C:\Users\xx005\Downloads\Collaboreum MVP Platform\src\__tests__\EventSystem.test.tsx:181:48)
    at Promise.then.completed (C:\Users\xx005\Downloads\Collaboreum MVP Platform\node_modules\jest-circus\build\utils.js:298:28)
    at new Promise (&lt;anonymous&gt;)
    at callAsyncCircusFn (C:\Users\xx005\Downloads\Collaboreum MVP Platform\node_modules\jest-circus\build\utils.js:231:10)
    at _callCircusTest (C:\Users\xx005\Downloads\Collaboreum MVP Platform\node_modules\jest-circus\build\run.js:316:40)
    at _runTest (C:\Users\xx005\Downloads\Collaboreum MVP Platform\node_modules\jest-circus\build\run.js:252:3)
    at _runTestsForDescribeBlock (C:\Users\xx005\Downloads\Collaboreum MVP Platform\node_modules\jest-circus\build\run.js:126:9)
    at _runTestsForDescribeBlock (C:\Users\xx005\Downloads\Collaboreum MVP Platform\node_modules\jest-circus\build\run.js:121:9)
    at _runTestsForDescribeBlock (C:\Users\xx005\Downloads\Collaboreum MVP Platform\node_modules\jest-circus\build\run.js:121:9)
    at run (C:\Users\xx005\Downloads\Collaboreum MVP Platform\node_modules\jest-circus\build\run.js:71:3)
    at runAndTransformResultsToJestFormat (C:\Users\xx005\Downloads\Collaboreum MVP Platform\node_modules\jest-circus\build\legacy-code-todo-rewrite\jestAdapterInit.js:122:21)
    at jestAdapter (C:\Users\xx005\Downloads\Collaboreum MVP Platform\node_modules\jest-circus\build\legacy-code-todo-rewrite\jestAdapter.js:79:19)
    at runTestInternal (C:\Users\xx005\Downloads\Collaboreum MVP Platform\node_modules\jest-runner\build\runTest.js:367:16)
    at runTest (C:\Users\xx005\Downloads\Collaboreum MVP Platform\node_modules\jest-runner\build\runTest.js:444:34)</failure>
    </testcase>
    <testcase classname="Ïù¥Î≤§Ìä∏ ÏãúÏä§ÌÖú TDD ÌÖåÏä§Ìä∏ 3. Ïù¥Î≤§Ìä∏ Ï∞∏Í∞ÄÏûê Í¥ÄÎ¶¨ ÌÖåÏä§Ìä∏ Ïù¥Î≤§Ìä∏ Ï∞∏Í∞Ä Ïã†Ï≤≠Ïù¥ Ïò¨Î∞îÎ•¥Í≤å Ï≤òÎ¶¨ÎêòÏñ¥Ïïº ÌïúÎã§" name="Ïù¥Î≤§Ìä∏ ÏãúÏä§ÌÖú TDD ÌÖåÏä§Ìä∏ 3. Ïù¥Î≤§Ìä∏ Ï∞∏Í∞ÄÏûê Í¥ÄÎ¶¨ ÌÖåÏä§Ìä∏ Ïù¥Î≤§Ìä∏ Ï∞∏Í∞Ä Ïã†Ï≤≠Ïù¥ Ïò¨Î∞îÎ•¥Í≤å Ï≤òÎ¶¨ÎêòÏñ¥Ïïº ÌïúÎã§" time="0.01">
    </testcase>
    <testcase classname="Ïù¥Î≤§Ìä∏ ÏãúÏä§ÌÖú TDD ÌÖåÏä§Ìä∏ 3. Ïù¥Î≤§Ìä∏ Ï∞∏Í∞ÄÏûê Í¥ÄÎ¶¨ ÌÖåÏä§Ìä∏ Ïù¥Î≤§Ìä∏ Ï∞∏Í∞Ä Ï∑®ÏÜåÍ∞Ä Ïò¨Î∞îÎ•¥Í≤å Ï≤òÎ¶¨ÎêòÏñ¥Ïïº ÌïúÎã§" name="Ïù¥Î≤§Ìä∏ ÏãúÏä§ÌÖú TDD ÌÖåÏä§Ìä∏ 3. Ïù¥Î≤§Ìä∏ Ï∞∏Í∞ÄÏûê Í¥ÄÎ¶¨ ÌÖåÏä§Ìä∏ Ïù¥Î≤§Ìä∏ Ï∞∏Í∞Ä Ï∑®ÏÜåÍ∞Ä Ïò¨Î∞îÎ•¥Í≤å Ï≤òÎ¶¨ÎêòÏñ¥Ïïº ÌïúÎã§" time="0.01">
      <failure>Error: Ï∞∏Í∞Ä Ï∑®ÏÜåÎäî 24ÏãúÍ∞Ñ Ïù¥ÎÇ¥ÏóêÎßå Í∞ÄÎä•Ìï©ÎãàÎã§
    at cancelParticipation (C:\Users\xx005\Downloads\Collaboreum MVP Platform\src\__tests__\EventSystem.test.tsx:294:17)
    at Object.cancelParticipation (C:\Users\xx005\Downloads\Collaboreum MVP Platform\src\__tests__\EventSystem.test.tsx:326:22)
    at Promise.then.completed (C:\Users\xx005\Downloads\Collaboreum MVP Platform\node_modules\jest-circus\build\utils.js:298:28)
    at new Promise (&lt;anonymous&gt;)
    at callAsyncCircusFn (C:\Users\xx005\Downloads\Collaboreum MVP Platform\node_modules\jest-circus\build\utils.js:231:10)
    at _callCircusTest (C:\Users\xx005\Downloads\Collaboreum MVP Platform\node_modules\jest-circus\build\run.js:316:40)
    at _runTest (C:\Users\xx005\Downloads\Collaboreum MVP Platform\node_modules\jest-circus\build\run.js:252:3)
    at _runTestsForDescribeBlock (C:\Users\xx005\Downloads\Collaboreum MVP Platform\node_modules\jest-circus\build\run.js:126:9)
    at _runTestsForDescribeBlock (C:\Users\xx005\Downloads\Collaboreum MVP Platform\node_modules\jest-circus\build\run.js:121:9)
    at _runTestsForDescribeBlock (C:\Users\xx005\Downloads\Collaboreum MVP Platform\node_modules\jest-circus\build\run.js:121:9)
    at run (C:\Users\xx005\Downloads\Collaboreum MVP Platform\node_modules\jest-circus\build\run.js:71:3)
    at runAndTransformResultsToJestFormat (C:\Users\xx005\Downloads\Collaboreum MVP Platform\node_modules\jest-circus\build\legacy-code-todo-rewrite\jestAdapterInit.js:122:21)
    at jestAdapter (C:\Users\xx005\Downloads\Collaboreum MVP Platform\node_modules\jest-circus\build\legacy-code-todo-rewrite\jestAdapter.js:79:19)
    at runTestInternal (C:\Users\xx005\Downloads\Collaboreum MVP Platform\node_modules\jest-runner\build\runTest.js:367:16)
    at runTest (C:\Users\xx005\Downloads\Collaboreum MVP Platform\node_modules\jest-runner\build\runTest.js:444:34)</failure>
    </testcase>
    <testcase classname="Ïù¥Î≤§Ìä∏ ÏãúÏä§ÌÖú TDD ÌÖåÏä§Ìä∏ 4. Ïù¥Î≤§Ìä∏ Í≤ÄÏÉâ Î∞è ÌïÑÌÑ∞ÎßÅ ÌÖåÏä§Ìä∏ Ïù¥Î≤§Ìä∏ Í≤ÄÏÉâÏù¥ Ïò¨Î∞îÎ•¥Í≤å ÏûëÎèôÌï¥Ïïº ÌïúÎã§" name="Ïù¥Î≤§Ìä∏ ÏãúÏä§ÌÖú TDD ÌÖåÏä§Ìä∏ 4. Ïù¥Î≤§Ìä∏ Í≤ÄÏÉâ Î∞è ÌïÑÌÑ∞ÎßÅ ÌÖåÏä§Ìä∏ Ïù¥Î≤§Ìä∏ Í≤ÄÏÉâÏù¥ Ïò¨Î∞îÎ•¥Í≤å ÏûëÎèôÌï¥Ïïº ÌïúÎã§" time="0.002">
    </testcase>
    <testcase classname="Ïù¥Î≤§Ìä∏ ÏãúÏä§ÌÖú TDD ÌÖåÏä§Ìä∏ 5. Ïù¥Î≤§Ìä∏ ÏïåÎ¶º ÏãúÏä§ÌÖú ÌÖåÏä§Ìä∏ Ïù¥Î≤§Ìä∏ ÏãúÏûë Ï†Ñ ÏïåÎ¶ºÏù¥ Ïò¨Î∞îÎ•¥Í≤å Î∞úÏÜ°ÎêòÏñ¥Ïïº ÌïúÎã§" name="Ïù¥Î≤§Ìä∏ ÏãúÏä§ÌÖú TDD ÌÖåÏä§Ìä∏ 5. Ïù¥Î≤§Ìä∏ ÏïåÎ¶º ÏãúÏä§ÌÖú ÌÖåÏä§Ìä∏ Ïù¥Î≤§Ìä∏ ÏãúÏûë Ï†Ñ ÏïåÎ¶ºÏù¥ Ïò¨Î∞îÎ•¥Í≤å Î∞úÏÜ°ÎêòÏñ¥Ïïº ÌïúÎã§" time="0.004">
      <failure>Error: expect(received).toBe(expected) // Object.is equality

Expected: true
Received: false
    at Object.toBe (C:\Users\xx005\Downloads\Collaboreum MVP Platform\src\__tests__\EventSystem.test.tsx:475:32)
    at Promise.then.completed (C:\Users\xx005\Downloads\Collaboreum MVP Platform\node_modules\jest-circus\build\utils.js:298:28)
    at new Promise (&lt;anonymous&gt;)
    at callAsyncCircusFn (C:\Users\xx005\Downloads\Collaboreum MVP Platform\node_modules\jest-circus\build\utils.js:231:10)
    at _callCircusTest (C:\Users\xx005\Downloads\Collaboreum MVP Platform\node_modules\jest-circus\build\run.js:316:40)
    at _runTest (C:\Users\xx005\Downloads\Collaboreum MVP Platform\node_modules\jest-circus\build\run.js:252:3)
    at _runTestsForDescribeBlock (C:\Users\xx005\Downloads\Collaboreum MVP Platform\node_modules\jest-circus\build\run.js:126:9)
    at _runTestsForDescribeBlock (C:\Users\xx005\Downloads\Collaboreum MVP Platform\node_modules\jest-circus\build\run.js:121:9)
    at _runTestsForDescribeBlock (C:\Users\xx005\Downloads\Collaboreum MVP Platform\node_modules\jest-circus\build\run.js:121:9)
    at run (C:\Users\xx005\Downloads\Collaboreum MVP Platform\node_modules\jest-circus\build\run.js:71:3)
    at runAndTransformResultsToJestFormat (C:\Users\xx005\Downloads\Collaboreum MVP Platform\node_modules\jest-circus\build\legacy-code-todo-rewrite\jestAdapterInit.js:122:21)
    at jestAdapter (C:\Users\xx005\Downloads\Collaboreum MVP Platform\node_modules\jest-circus\build\legacy-code-todo-rewrite\jestAdapter.js:79:19)
    at runTestInternal (C:\Users\xx005\Downloads\Collaboreum MVP Platform\node_modules\jest-runner\build\runTest.js:367:16)
    at runTest (C:\Users\xx005\Downloads\Collaboreum MVP Platform\node_modules\jest-runner\build\runTest.js:444:34)</failure>
    </testcase>
    <testcase classname="Ïù¥Î≤§Ìä∏ ÏãúÏä§ÌÖú TDD ÌÖåÏä§Ìä∏ 5. Ïù¥Î≤§Ìä∏ ÏïåÎ¶º ÏãúÏä§ÌÖú ÌÖåÏä§Ìä∏ Ïù¥Î≤§Ìä∏ Î≥ÄÍ≤ΩÏÇ¨Ìï≠ ÏïåÎ¶ºÏù¥ Ïò¨Î∞îÎ•¥Í≤å Î∞úÏÜ°ÎêòÏñ¥Ïïº ÌïúÎã§" name="Ïù¥Î≤§Ìä∏ ÏãúÏä§ÌÖú TDD ÌÖåÏä§Ìä∏ 5. Ïù¥Î≤§Ìä∏ ÏïåÎ¶º ÏãúÏä§ÌÖú ÌÖåÏä§Ìä∏ Ïù¥Î≤§Ìä∏ Î≥ÄÍ≤ΩÏÇ¨Ìï≠ ÏïåÎ¶ºÏù¥ Ïò¨Î∞îÎ•¥Í≤å Î∞úÏÜ°ÎêòÏñ¥Ïïº ÌïúÎã§" time="0.002">
    </testcase>
    <testcase classname="Ïù¥Î≤§Ìä∏ ÏãúÏä§ÌÖú TDD ÌÖåÏä§Ìä∏ 6. Ïù¥Î≤§Ìä∏ ÌÜµÍ≥Ñ Î∞è Î∂ÑÏÑù ÌÖåÏä§Ìä∏ Ïù¥Î≤§Ìä∏ Ï∞∏Í∞ÄÏú® ÌÜµÍ≥ÑÍ∞Ä Ïò¨Î∞îÎ•¥Í≤å Í≥ÑÏÇ∞ÎêòÏñ¥Ïïº ÌïúÎã§" name="Ïù¥Î≤§Ìä∏ ÏãúÏä§ÌÖú TDD ÌÖåÏä§Ìä∏ 6. Ïù¥Î≤§Ìä∏ ÌÜµÍ≥Ñ Î∞è Î∂ÑÏÑù ÌÖåÏä§Ìä∏ Ïù¥Î≤§Ìä∏ Ï∞∏Í∞ÄÏú® ÌÜµÍ≥ÑÍ∞Ä Ïò¨Î∞îÎ•¥Í≤å Í≥ÑÏÇ∞ÎêòÏñ¥Ïïº ÌïúÎã§" time="0.011">
      <failure>Error: expect(received).toBe(expected) // Object.is equality

Expected: 18000000
Received: 21000000
    at Object.toBe (C:\Users\xx005\Downloads\Collaboreum MVP Platform\src\__tests__\EventSystem.test.tsx:610:34)
    at Promise.then.completed (C:\Users\xx005\Downloads\Collaboreum MVP Platform\node_modules\jest-circus\build\utils.js:298:28)
    at new Promise (&lt;anonymous&gt;)
    at callAsyncCircusFn (C:\Users\xx005\Downloads\Collaboreum MVP Platform\node_modules\jest-circus\build\utils.js:231:10)
    at _callCircusTest (C:\Users\xx005\Downloads\Collaboreum MVP Platform\node_modules\jest-circus\build\run.js:316:40)
    at _runTest (C:\Users\xx005\Downloads\Collaboreum MVP Platform\node_modules\jest-circus\build\run.js:252:3)
    at _runTestsForDescribeBlock (C:\Users\xx005\Downloads\Collaboreum MVP Platform\node_modules\jest-circus\build\run.js:126:9)
    at _runTestsForDescribeBlock (C:\Users\xx005\Downloads\Collaboreum MVP Platform\node_modules\jest-circus\build\run.js:121:9)
    at _runTestsForDescribeBlock (C:\Users\xx005\Downloads\Collaboreum MVP Platform\node_modules\jest-circus\build\run.js:121:9)
    at run (C:\Users\xx005\Downloads\Collaboreum MVP Platform\node_modules\jest-circus\build\run.js:71:3)
    at runAndTransformResultsToJestFormat (C:\Users\xx005\Downloads\Collaboreum MVP Platform\node_modules\jest-circus\build\legacy-code-todo-rewrite\jestAdapterInit.js:122:21)
    at jestAdapter (C:\Users\xx005\Downloads\Collaboreum MVP Platform\node_modules\jest-circus\build\legacy-code-todo-rewrite\jestAdapter.js:79:19)
    at runTestInternal (C:\Users\xx005\Downloads\Collaboreum MVP Platform\node_modules\jest-runner\build\runTest.js:367:16)
    at runTest (C:\Users\xx005\Downloads\Collaboreum MVP Platform\node_modules\jest-runner\build\runTest.js:444:34)</failure>
    </testcase>
    <testcase classname="Ïù¥Î≤§Ìä∏ ÏãúÏä§ÌÖú TDD ÌÖåÏä§Ìä∏ 7. Ïù¥Î≤§Ìä∏ Í∂åÌïú Í¥ÄÎ¶¨ ÌÖåÏä§Ìä∏ Ïù¥Î≤§Ìä∏ ÏÉùÏÑ± Í∂åÌïúÏù¥ Ïò¨Î∞îÎ•¥Í≤å Í¥ÄÎ¶¨ÎêòÏñ¥Ïïº ÌïúÎã§" name="Ïù¥Î≤§Ìä∏ ÏãúÏä§ÌÖú TDD ÌÖåÏä§Ìä∏ 7. Ïù¥Î≤§Ìä∏ Í∂åÌïú Í¥ÄÎ¶¨ ÌÖåÏä§Ìä∏ Ïù¥Î≤§Ìä∏ ÏÉùÏÑ± Í∂åÌïúÏù¥ Ïò¨Î∞îÎ•¥Í≤å Í¥ÄÎ¶¨ÎêòÏñ¥Ïïº ÌïúÎã§" time="0.004">
    </testcase>
    <testcase classname="Ïù¥Î≤§Ìä∏ ÏãúÏä§ÌÖú TDD ÌÖåÏä§Ìä∏ 7. Ïù¥Î≤§Ìä∏ Í∂åÌïú Í¥ÄÎ¶¨ ÌÖåÏä§Ìä∏ Ïù¥Î≤§Ìä∏ ÏàòÏ†ï Í∂åÌïúÏù¥ Ïò¨Î∞îÎ•¥Í≤å Í¥ÄÎ¶¨ÎêòÏñ¥Ïïº ÌïúÎã§" name="Ïù¥Î≤§Ìä∏ ÏãúÏä§ÌÖú TDD ÌÖåÏä§Ìä∏ 7. Ïù¥Î≤§Ìä∏ Í∂åÌïú Í¥ÄÎ¶¨ ÌÖåÏä§Ìä∏ Ïù¥Î≤§Ìä∏ ÏàòÏ†ï Í∂åÌïúÏù¥ Ïò¨Î∞îÎ•¥Í≤å Í¥ÄÎ¶¨ÎêòÏñ¥Ïïº ÌïúÎã§" time="0.005">
    </testcase>
    <testcase classname="Ïù¥Î≤§Ìä∏ ÏãúÏä§ÌÖú TDD ÌÖåÏä§Ìä∏ 8. Ïù¥Î≤§Ìä∏ Îç∞Ïù¥ÌÑ∞ Í≤ÄÏ¶ù Î∞è Î≥¥Ïïà ÌÖåÏä§Ìä∏ Ïù¥Î≤§Ìä∏ ÏûÖÎ†• Îç∞Ïù¥ÌÑ∞Ïùò Î≥¥Ïïà Í≤ÄÏ¶ùÏù¥ Ïò¨Î∞îÎ•¥Í≤å ÏûëÎèôÌï¥Ïïº ÌïúÎã§" name="Ïù¥Î≤§Ìä∏ ÏãúÏä§ÌÖú TDD ÌÖåÏä§Ìä∏ 8. Ïù¥Î≤§Ìä∏ Îç∞Ïù¥ÌÑ∞ Í≤ÄÏ¶ù Î∞è Î≥¥Ïïà ÌÖåÏä§Ìä∏ Ïù¥Î≤§Ìä∏ ÏûÖÎ†• Îç∞Ïù¥ÌÑ∞Ïùò Î≥¥Ïïà Í≤ÄÏ¶ùÏù¥ Ïò¨Î∞îÎ•¥Í≤å ÏûëÎèôÌï¥Ïïº ÌïúÎã§" time="0.004">
      <failure>Error: expect(received).toThrow(expected)

Expected substring: &quot;Ïû†Ïû¨Ï†ÅÏúºÎ°ú ÏúÑÌóòÌïú ÏûÖÎ†•Ïù¥ Í∞êÏßÄÎêòÏóàÏäµÎãàÎã§&quot;

Received function did not throw
    at Object.toThrow (C:\Users\xx005\Downloads\Collaboreum MVP Platform\src\__tests__\EventSystem.test.tsx:796:10)
    at Promise.then.completed (C:\Users\xx005\Downloads\Collaboreum MVP Platform\node_modules\jest-circus\build\utils.js:298:28)
    at new Promise (&lt;anonymous&gt;)
    at callAsyncCircusFn (C:\Users\xx005\Downloads\Collaboreum MVP Platform\node_modules\jest-circus\build\utils.js:231:10)
    at _callCircusTest (C:\Users\xx005\Downloads\Collaboreum MVP Platform\node_modules\jest-circus\build\run.js:316:40)
    at _runTest (C:\Users\xx005\Downloads\Collaboreum MVP Platform\node_modules\jest-circus\build\run.js:252:3)
    at _runTestsForDescribeBlock (C:\Users\xx005\Downloads\Collaboreum MVP Platform\node_modules\jest-circus\build\run.js:126:9)
    at _runTestsForDescribeBlock (C:\Users\xx005\Downloads\Collaboreum MVP Platform\node_modules\jest-circus\build\run.js:121:9)
    at _runTestsForDescribeBlock (C:\Users\xx005\Downloads\Collaboreum MVP Platform\node_modules\jest-circus\build\run.js:121:9)
    at run (C:\Users\xx005\Downloads\Collaboreum MVP Platform\node_modules\jest-circus\build\run.js:71:3)
    at runAndTransformResultsToJestFormat (C:\Users\xx005\Downloads\Collaboreum MVP Platform\node_modules\jest-circus\build\legacy-code-todo-rewrite\jestAdapterInit.js:122:21)
    at jestAdapter (C:\Users\xx005\Downloads\Collaboreum MVP Platform\node_modules\jest-circus\build\legacy-code-todo-rewrite\jestAdapter.js:79:19)
    at runTestInternal (C:\Users\xx005\Downloads\Collaboreum MVP Platform\node_modules\jest-runner\build\runTest.js:367:16)
    at runTest (C:\Users\xx005\Downloads\Collaboreum MVP Platform\node_modules\jest-runner\build\runTest.js:444:34)</failure>
    </testcase>
    <testcase classname="Ïù¥Î≤§Ìä∏ ÏãúÏä§ÌÖú TDD ÌÖåÏä§Ìä∏ 8. Ïù¥Î≤§Ìä∏ Îç∞Ïù¥ÌÑ∞ Í≤ÄÏ¶ù Î∞è Î≥¥Ïïà ÌÖåÏä§Ìä∏ Ïù¥Î≤§Ìä∏ ÌååÏùº ÏóÖÎ°úÎìú Î≥¥ÏïàÏù¥ Ïò¨Î∞îÎ•¥Í≤å Í≤ÄÏ¶ùÎêòÏñ¥Ïïº ÌïúÎã§" name="Ïù¥Î≤§Ìä∏ ÏãúÏä§ÌÖú TDD ÌÖåÏä§Ìä∏ 8. Ïù¥Î≤§Ìä∏ Îç∞Ïù¥ÌÑ∞ Í≤ÄÏ¶ù Î∞è Î≥¥Ïïà ÌÖåÏä§Ìä∏ Ïù¥Î≤§Ìä∏ ÌååÏùº ÏóÖÎ°úÎìú Î≥¥ÏïàÏù¥ Ïò¨Î∞îÎ•¥Í≤å Í≤ÄÏ¶ùÎêòÏñ¥Ïïº ÌïúÎã§" time="8.976">
    </testcase>
  </testsuite>
  <testsuite name="Admin Dashboard System" errors="0" failures="5" skipped="0" timestamp="2025-09-22T10:25:00" time="9.411" tests="27">
    <testcase classname="Admin Dashboard System Admin Authentication Í¥ÄÎ¶¨Ïûê Í∂åÌïúÏù¥ ÏóÜÎäî ÏÇ¨Ïö©ÏûêÎäî ÎåÄÏãúÎ≥¥ÎìúÏóê Ï†ëÍ∑ºÌï† Ïàò ÏóÜÏñ¥Ïïº ÌïúÎã§" name="Admin Dashboard System Admin Authentication Í¥ÄÎ¶¨Ïûê Í∂åÌïúÏù¥ ÏóÜÎäî ÏÇ¨Ïö©ÏûêÎäî ÎåÄÏãúÎ≥¥ÎìúÏóê Ï†ëÍ∑ºÌï† Ïàò ÏóÜÏñ¥Ïïº ÌïúÎã§" time="0.232">
    </testcase>
    <testcase classname="Admin Dashboard System Admin Authentication Í¥ÄÎ¶¨Ïûê Í∂åÌïúÏù¥ ÏûàÎäî ÏÇ¨Ïö©ÏûêÎäî ÎåÄÏãúÎ≥¥ÎìúÏóê Ï†ëÍ∑ºÌï† Ïàò ÏûàÏñ¥Ïïº ÌïúÎã§" name="Admin Dashboard System Admin Authentication Í¥ÄÎ¶¨Ïûê Í∂åÌïúÏù¥ ÏûàÎäî ÏÇ¨Ïö©ÏûêÎäî ÎåÄÏãúÎ≥¥ÎìúÏóê Ï†ëÍ∑ºÌï† Ïàò ÏûàÏñ¥Ïïº ÌïúÎã§" time="0.011">
    </testcase>
    <testcase classname="Admin Dashboard System User Management ÏÇ¨Ïö©Ïûê Î™©Î°ùÏù¥ Ïò¨Î∞îÎ•¥Í≤å ÌëúÏãúÎêòÏñ¥Ïïº ÌïúÎã§" name="Admin Dashboard System User Management ÏÇ¨Ïö©Ïûê Î™©Î°ùÏù¥ Ïò¨Î∞îÎ•¥Í≤å ÌëúÏãúÎêòÏñ¥Ïïº ÌïúÎã§" time="0.035">
    </testcase>
    <testcase classname="Admin Dashboard System User Management ÏÇ¨Ïö©Ïûê Í≤ÄÏÉâ Í∏∞Îä•Ïù¥ Ïò¨Î∞îÎ•¥Í≤å ÏûëÎèôÌï¥Ïïº ÌïúÎã§" name="Admin Dashboard System User Management ÏÇ¨Ïö©Ïûê Í≤ÄÏÉâ Í∏∞Îä•Ïù¥ Ïò¨Î∞îÎ•¥Í≤å ÏûëÎèôÌï¥Ïïº ÌïúÎã§" time="0.168">
    </testcase>
    <testcase classname="Admin Dashboard System User Management ÏÇ¨Ïö©Ïûê Í∂åÌïú Î≥ÄÍ≤ΩÏù¥ Ïò¨Î∞îÎ•¥Í≤å ÏûëÎèôÌï¥Ïïº ÌïúÎã§" name="Admin Dashboard System User Management ÏÇ¨Ïö©Ïûê Í∂åÌïú Î≥ÄÍ≤ΩÏù¥ Ïò¨Î∞îÎ•¥Í≤å ÏûëÎèôÌï¥Ïïº ÌïúÎã§" time="0.15">
    </testcase>
    <testcase classname="Admin Dashboard System User Management ÏÇ¨Ïö©Ïûê ÏÉÅÌÉú Î≥ÄÍ≤ΩÏù¥ Ïò¨Î∞îÎ•¥Í≤å ÏûëÎèôÌï¥Ïïº ÌïúÎã§" name="Admin Dashboard System User Management ÏÇ¨Ïö©Ïûê ÏÉÅÌÉú Î≥ÄÍ≤ΩÏù¥ Ïò¨Î∞îÎ•¥Í≤å ÏûëÎèôÌï¥Ïïº ÌïúÎã§" time="0.155">
    </testcase>
    <testcase classname="Admin Dashboard System User Management ÏÇ¨Ïö©Ïûê ÏÇ≠Ï†ú Ïãú ÌôïÏù∏ Ï†àÏ∞®Í∞Ä ÏûàÏñ¥Ïïº ÌïúÎã§" name="Admin Dashboard System User Management ÏÇ¨Ïö©Ïûê ÏÇ≠Ï†ú Ïãú ÌôïÏù∏ Ï†àÏ∞®Í∞Ä ÏûàÏñ¥Ïïº ÌïúÎã§" time="0.066">
    </testcase>
    <testcase classname="Admin Dashboard System Project Approval ÏäπÏù∏ ÎåÄÍ∏∞ Ï§ëÏù∏ ÌîÑÎ°úÏ†ùÌä∏ Î™©Î°ùÏù¥ ÌëúÏãúÎêòÏñ¥Ïïº ÌïúÎã§" name="Admin Dashboard System Project Approval ÏäπÏù∏ ÎåÄÍ∏∞ Ï§ëÏù∏ ÌîÑÎ°úÏ†ùÌä∏ Î™©Î°ùÏù¥ ÌëúÏãúÎêòÏñ¥Ïïº ÌïúÎã§" time="0.13">
    </testcase>
    <testcase classname="Admin Dashboard System Project Approval ÌîÑÎ°úÏ†ùÌä∏ ÏäπÏù∏ Ïãú ÏÉÅÌÉúÍ∞Ä Ïò¨Î∞îÎ•¥Í≤å Î≥ÄÍ≤ΩÎêòÏñ¥Ïïº ÌïúÎã§" name="Admin Dashboard System Project Approval ÌîÑÎ°úÏ†ùÌä∏ ÏäπÏù∏ Ïãú ÏÉÅÌÉúÍ∞Ä Ïò¨Î∞îÎ•¥Í≤å Î≥ÄÍ≤ΩÎêòÏñ¥Ïïº ÌïúÎã§" time="0.101">
    </testcase>
    <testcase classname="Admin Dashboard System Project Approval ÌîÑÎ°úÏ†ùÌä∏ Í±∞Ï†à Ïãú ÏÇ¨Ïú†Í∞Ä Í∏∞Î°ùÎêòÏñ¥Ïïº ÌïúÎã§" name="Admin Dashboard System Project Approval ÌîÑÎ°úÏ†ùÌä∏ Í±∞Ï†à Ïãú ÏÇ¨Ïú†Í∞Ä Í∏∞Î°ùÎêòÏñ¥Ïïº ÌïúÎã§" time="0.077">
    </testcase>
    <testcase classname="Admin Dashboard System Platform Statistics ÌîåÎû´Ìèº ÌÜµÍ≥ÑÍ∞Ä Ïò¨Î∞îÎ•¥Í≤å ÌëúÏãúÎêòÏñ¥Ïïº ÌïúÎã§" name="Admin Dashboard System Platform Statistics ÌîåÎû´Ìèº ÌÜµÍ≥ÑÍ∞Ä Ïò¨Î∞îÎ•¥Í≤å ÌëúÏãúÎêòÏñ¥Ïïº ÌïúÎã§" time="0.005">
    </testcase>
    <testcase classname="Admin Dashboard System Platform Statistics ÌÜµÍ≥Ñ Ï∞®Ìä∏Í∞Ä Ïò¨Î∞îÎ•¥Í≤å Î†åÎçîÎßÅÎêòÏñ¥Ïïº ÌïúÎã§" name="Admin Dashboard System Platform Statistics ÌÜµÍ≥Ñ Ï∞®Ìä∏Í∞Ä Ïò¨Î∞îÎ•¥Í≤å Î†åÎçîÎßÅÎêòÏñ¥Ïïº ÌïúÎã§" time="0.013">
    </testcase>
    <testcase classname="Admin Dashboard System Content Moderation Ïã†Í≥†Îêú ÏΩòÌÖêÏ∏† Î™©Î°ùÏù¥ ÌëúÏãúÎêòÏñ¥Ïïº ÌïúÎã§" name="Admin Dashboard System Content Moderation Ïã†Í≥†Îêú ÏΩòÌÖêÏ∏† Î™©Î°ùÏù¥ ÌëúÏãúÎêòÏñ¥Ïïº ÌïúÎã§" time="0.019">
    </testcase>
    <testcase classname="Admin Dashboard System Content Moderation ÏΩòÌÖêÏ∏† Í≤ÄÌÜ† Ïãú Ï†ÅÏ†àÌïú Ï°∞ÏπòÍ∞Ä Í∏∞Î°ùÎêòÏñ¥Ïïº ÌïúÎã§" name="Admin Dashboard System Content Moderation ÏΩòÌÖêÏ∏† Í≤ÄÌÜ† Ïãú Ï†ÅÏ†àÌïú Ï°∞ÏπòÍ∞Ä Í∏∞Î°ùÎêòÏñ¥Ïïº ÌïúÎã§" time="0.066">
    </testcase>
    <testcase classname="Admin Dashboard System System Settings ÏãúÏä§ÌÖú ÏÑ§Ï†ïÏù¥ Ïò¨Î∞îÎ•¥Í≤å ÌëúÏãúÎêòÏñ¥Ïïº ÌïúÎã§" name="Admin Dashboard System System Settings ÏãúÏä§ÌÖú ÏÑ§Ï†ïÏù¥ Ïò¨Î∞îÎ•¥Í≤å ÌëúÏãúÎêòÏñ¥Ïïº ÌïúÎã§" time="0.019">
    </testcase>
    <testcase classname="Admin Dashboard System System Settings ÏãúÏä§ÌÖú ÏÑ§Ï†ï Î≥ÄÍ≤ΩÏù¥ Ïò¨Î∞îÎ•¥Í≤å Ï†ÄÏû•ÎêòÏñ¥Ïïº ÌïúÎã§" name="Admin Dashboard System System Settings ÏãúÏä§ÌÖú ÏÑ§Ï†ï Î≥ÄÍ≤ΩÏù¥ Ïò¨Î∞îÎ•¥Í≤å Ï†ÄÏû•ÎêòÏñ¥Ïïº ÌïúÎã§" time="0.263">
    </testcase>
    <testcase classname="Admin Dashboard System Performance ÎåÄÏãúÎ≥¥Îìú Î°úÎî© ÏÑ±Îä•Ïù¥ Ï∏°Ï†ïÎêòÏñ¥Ïïº ÌïúÎã§" name="Admin Dashboard System Performance ÎåÄÏãúÎ≥¥Îìú Î°úÎî© ÏÑ±Îä•Ïù¥ Ï∏°Ï†ïÎêòÏñ¥Ïïº ÌïúÎã§" time="0.016">
    </testcase>
    <testcase classname="Admin Dashboard System Performance ÎåÄÎüâ Îç∞Ïù¥ÌÑ∞ Ï≤òÎ¶¨ Ïãú ÏÑ±Îä•Ïù¥ Ïú†ÏßÄÎêòÏñ¥Ïïº ÌïúÎã§" name="Admin Dashboard System Performance ÎåÄÎüâ Îç∞Ïù¥ÌÑ∞ Ï≤òÎ¶¨ Ïãú ÏÑ±Îä•Ïù¥ Ïú†ÏßÄÎêòÏñ¥Ïïº ÌïúÎã§" time="0.173">
    </testcase>
    <testcase classname="Admin Dashboard System Security Í¥ÄÎ¶¨Ïûê Í∂åÌïú Í≤ÄÏ¶ùÏù¥ ÏóÑÍ≤©ÌïòÍ≤å Ïù¥Î£®Ïñ¥Ï†∏Ïïº ÌïúÎã§" name="Admin Dashboard System Security Í¥ÄÎ¶¨Ïûê Í∂åÌïú Í≤ÄÏ¶ùÏù¥ ÏóÑÍ≤©ÌïòÍ≤å Ïù¥Î£®Ïñ¥Ï†∏Ïïº ÌïúÎã§" time="0.01">
    </testcase>
    <testcase classname="Admin Dashboard System Security Ï§ëÏöîÌïú Í¥ÄÎ¶¨ ÏûëÏóÖ Ïãú Î°úÍ∑∏Í∞Ä Í∏∞Î°ùÎêòÏñ¥Ïïº ÌïúÎã§" name="Admin Dashboard System Security Ï§ëÏöîÌïú Í¥ÄÎ¶¨ ÏûëÏóÖ Ïãú Î°úÍ∑∏Í∞Ä Í∏∞Î°ùÎêòÏñ¥Ïïº ÌïúÎã§" time="1.073">
      <failure>Error: expect(element).toHaveTextContent()

Expected element to have text content:
  ÏÇ¨Ïö©Ïûê ÏÇ≠Ï†ú ÏûëÏóÖÏù¥ Í∏∞Î°ùÎêòÏóàÏäµÎãàÎã§
Received:


Ignored nodes: comments, script, style
&lt;html&gt;
  &lt;head /&gt;
  &lt;body&gt;
    &lt;div&gt;
      &lt;div
        data-testid=&quot;admin-action&quot;
      &gt;
        &lt;button
          data-testid=&quot;delete-user&quot;
        &gt;
          ÏÇ¨Ïö©Ïûê ÏÇ≠Ï†ú
        &lt;/button&gt;
        &lt;div
          data-testid=&quot;action-log&quot;
        /&gt;
      &lt;/div&gt;
    &lt;/div&gt;
  &lt;/body&gt;
&lt;/html&gt;
    at toHaveTextContent (C:\Users\xx005\Downloads\Collaboreum MVP Platform\src\__tests__\AdminDashboardSystem.test.tsx:659:27)
    at runWithExpensiveErrorDiagnosticsDisabled (C:\Users\xx005\Downloads\Collaboreum MVP Platform\node_modules\@testing-library\dom\dist\config.js:47:12)
    at checkCallback (C:\Users\xx005\Downloads\Collaboreum MVP Platform\node_modules\@testing-library\dom\dist\wait-for.js:124:77)
    at checkRealTimersCallback (C:\Users\xx005\Downloads\Collaboreum MVP Platform\node_modules\@testing-library\dom\dist\wait-for.js:118:16)
    at Timeout.task [as _onTimeout] (C:\Users\xx005\Downloads\Collaboreum MVP Platform\node_modules\jsdom\lib\jsdom\browser\Window.js:579:19)
    at listOnTimeout (node:internal/timers:588:17)
    at processTimers (node:internal/timers:523:7)</failure>
    </testcase>
    <testcase classname="Admin Dashboard System Data Integrity ÏÇ¨Ïö©Ïûê Îç∞Ïù¥ÌÑ∞ ÏàòÏ†ï Ïãú ÏõêÎ≥∏ Îç∞Ïù¥ÌÑ∞Í∞Ä Î≥¥Ìò∏ÎêòÏñ¥Ïïº ÌïúÎã§" name="Admin Dashboard System Data Integrity ÏÇ¨Ïö©Ïûê Îç∞Ïù¥ÌÑ∞ ÏàòÏ†ï Ïãú ÏõêÎ≥∏ Îç∞Ïù¥ÌÑ∞Í∞Ä Î≥¥Ìò∏ÎêòÏñ¥Ïïº ÌïúÎã§" time="0.001">
    </testcase>
    <testcase classname="Admin Dashboard System Data Integrity ÌîÑÎ°úÏ†ùÌä∏ ÏäπÏù∏ ÏÉÅÌÉú Î≥ÄÍ≤Ω Ïãú Ïù¥Î†•Ïù¥ Í∏∞Î°ùÎêòÏñ¥Ïïº ÌïúÎã§" name="Admin Dashboard System Data Integrity ÌîÑÎ°úÏ†ùÌä∏ ÏäπÏù∏ ÏÉÅÌÉú Î≥ÄÍ≤Ω Ïãú Ïù¥Î†•Ïù¥ Í∏∞Î°ùÎêòÏñ¥Ïïº ÌïúÎã§" time="0.001">
    </testcase>
    <testcase classname="Admin Dashboard System Real-time Updates ÏÉà ÏÇ¨Ïö©Ïûê Í∞ÄÏûÖ Ïãú Ïã§ÏãúÍ∞ÑÏúºÎ°ú ÌÜµÍ≥ÑÍ∞Ä ÏóÖÎç∞Ïù¥Ìä∏ÎêòÏñ¥Ïïº ÌïúÎã§" name="Admin Dashboard System Real-time Updates ÏÉà ÏÇ¨Ïö©Ïûê Í∞ÄÏûÖ Ïãú Ïã§ÏãúÍ∞ÑÏúºÎ°ú ÌÜµÍ≥ÑÍ∞Ä ÏóÖÎç∞Ïù¥Ìä∏ÎêòÏñ¥Ïïº ÌïúÎã§" time="1.066">
      <failure>Error: expect(element).toHaveTextContent()

Expected element to have text content:
  Ï¥ù ÏÇ¨Ïö©Ïûê: 1501
Received:
  Ï¥ù ÏÇ¨Ïö©Ïûê: 1500

Ignored nodes: comments, script, style
&lt;html&gt;
  &lt;head /&gt;
  &lt;body&gt;
    &lt;div&gt;
      &lt;div
        data-testid=&quot;real-time-stats&quot;
      &gt;
        &lt;div
          data-testid=&quot;user-count&quot;
        &gt;
          Ï¥ù ÏÇ¨Ïö©Ïûê: 
          1500
        &lt;/div&gt;
        &lt;button
          data-testid=&quot;add-user&quot;
        &gt;
          ÏÇ¨Ïö©Ïûê Ï∂îÍ∞Ä
        &lt;/button&gt;
      &lt;/div&gt;
    &lt;/div&gt;
  &lt;/body&gt;
&lt;/html&gt;
    at toHaveTextContent (C:\Users\xx005\Downloads\Collaboreum MVP Platform\src\__tests__\AdminDashboardSystem.test.tsx:716:27)
    at runWithExpensiveErrorDiagnosticsDisabled (C:\Users\xx005\Downloads\Collaboreum MVP Platform\node_modules\@testing-library\dom\dist\config.js:47:12)
    at checkCallback (C:\Users\xx005\Downloads\Collaboreum MVP Platform\node_modules\@testing-library\dom\dist\wait-for.js:124:77)
    at checkRealTimersCallback (C:\Users\xx005\Downloads\Collaboreum MVP Platform\node_modules\@testing-library\dom\dist\wait-for.js:118:16)
    at Timeout.task [as _onTimeout] (C:\Users\xx005\Downloads\Collaboreum MVP Platform\node_modules\jsdom\lib\jsdom\browser\Window.js:579:19)
    at listOnTimeout (node:internal/timers:588:17)
    at processTimers (node:internal/timers:523:7)</failure>
    </testcase>
    <testcase classname="Admin Dashboard System Real-time Updates ÌîÑÎ°úÏ†ùÌä∏ ÏäπÏù∏ Ïãú Ïã§ÏãúÍ∞ÑÏúºÎ°ú Î™©Î°ùÏù¥ ÏóÖÎç∞Ïù¥Ìä∏ÎêòÏñ¥Ïïº ÌïúÎã§" name="Admin Dashboard System Real-time Updates ÌîÑÎ°úÏ†ùÌä∏ ÏäπÏù∏ Ïãú Ïã§ÏãúÍ∞ÑÏúºÎ°ú Î™©Î°ùÏù¥ ÏóÖÎç∞Ïù¥Ìä∏ÎêòÏñ¥Ïïº ÌïúÎã§" time="1.077">
      <failure>Error: expect(element).toHaveTextContent()

Expected element to have text content:
  ÏäπÏù∏ ÎåÄÍ∏∞: 11
Received:
  ÏäπÏù∏ ÎåÄÍ∏∞: 12

Ignored nodes: comments, script, style
&lt;html&gt;
  &lt;head /&gt;
  &lt;body&gt;
    &lt;div&gt;
      &lt;div
        data-testid=&quot;real-time-projects&quot;
      &gt;
        &lt;div
          data-testid=&quot;pending-count&quot;
        &gt;
          ÏäπÏù∏ ÎåÄÍ∏∞: 
          12
        &lt;/div&gt;
        &lt;button
          data-testid=&quot;approve-project&quot;
        &gt;
          ÌîÑÎ°úÏ†ùÌä∏ ÏäπÏù∏
        &lt;/button&gt;
      &lt;/div&gt;
    &lt;/div&gt;
  &lt;/body&gt;
&lt;/html&gt;
    at toHaveTextContent (C:\Users\xx005\Downloads\Collaboreum MVP Platform\src\__tests__\AdminDashboardSystem.test.tsx:740:30)
    at runWithExpensiveErrorDiagnosticsDisabled (C:\Users\xx005\Downloads\Collaboreum MVP Platform\node_modules\@testing-library\dom\dist\config.js:47:12)
    at checkCallback (C:\Users\xx005\Downloads\Collaboreum MVP Platform\node_modules\@testing-library\dom\dist\wait-for.js:124:77)
    at checkRealTimersCallback (C:\Users\xx005\Downloads\Collaboreum MVP Platform\node_modules\@testing-library\dom\dist\wait-for.js:118:16)
    at Timeout.task [as _onTimeout] (C:\Users\xx005\Downloads\Collaboreum MVP Platform\node_modules\jsdom\lib\jsdom\browser\Window.js:579:19)
    at listOnTimeout (node:internal/timers:588:17)
    at processTimers (node:internal/timers:523:7)</failure>
    </testcase>
    <testcase classname="Admin Dashboard System Notification System Ï§ëÏöîÌïú Í¥ÄÎ¶¨ ÏûëÏóÖ Ïãú ÏïåÎ¶ºÏù¥ Ï†ÑÏÜ°ÎêòÏñ¥Ïïº ÌïúÎã§" name="Admin Dashboard System Notification System Ï§ëÏöîÌïú Í¥ÄÎ¶¨ ÏûëÏóÖ Ïãú ÏïåÎ¶ºÏù¥ Ï†ÑÏÜ°ÎêòÏñ¥Ïïº ÌïúÎã§" time="1.072">
      <failure>Error: expect(element).toHaveTextContent()

Expected element to have text content:
  Í¥ÄÎ¶¨Ïûê ÏïåÎ¶º Ï†ÑÏÜ°Îê®
Received:


Ignored nodes: comments, script, style
&lt;html&gt;
  &lt;head /&gt;
  &lt;body&gt;
    &lt;div&gt;
      &lt;div
        data-testid=&quot;admin-notifications&quot;
      &gt;
        &lt;button
          data-testid=&quot;critical-action&quot;
        &gt;
          Ï§ëÏöî ÏûëÏóÖ Ïã§Ìñâ
        &lt;/button&gt;
        &lt;div
          data-testid=&quot;notification-status&quot;
        /&gt;
      &lt;/div&gt;
    &lt;/div&gt;
  &lt;/body&gt;
&lt;/html&gt;
    at toHaveTextContent (C:\Users\xx005\Downloads\Collaboreum MVP Platform\src\__tests__\AdminDashboardSystem.test.tsx:765:36)
    at runWithExpensiveErrorDiagnosticsDisabled (C:\Users\xx005\Downloads\Collaboreum MVP Platform\node_modules\@testing-library\dom\dist\config.js:47:12)
    at checkCallback (C:\Users\xx005\Downloads\Collaboreum MVP Platform\node_modules\@testing-library\dom\dist\wait-for.js:124:77)
    at checkRealTimersCallback (C:\Users\xx005\Downloads\Collaboreum MVP Platform\node_modules\@testing-library\dom\dist\wait-for.js:118:16)
    at Timeout.task [as _onTimeout] (C:\Users\xx005\Downloads\Collaboreum MVP Platform\node_modules\jsdom\lib\jsdom\browser\Window.js:579:19)
    at listOnTimeout (node:internal/timers:588:17)
    at processTimers (node:internal/timers:523:7)</failure>
    </testcase>
    <testcase classname="Admin Dashboard System Export and Reporting ÏÇ¨Ïö©Ïûê Îç∞Ïù¥ÌÑ∞ ÎÇ¥Î≥¥ÎÇ¥Í∏∞Í∞Ä Ïò¨Î∞îÎ•¥Í≤å ÏûëÎèôÌï¥Ïïº ÌïúÎã§" name="Admin Dashboard System Export and Reporting ÏÇ¨Ïö©Ïûê Îç∞Ïù¥ÌÑ∞ ÎÇ¥Î≥¥ÎÇ¥Í∏∞Í∞Ä Ïò¨Î∞îÎ•¥Í≤å ÏûëÎèôÌï¥Ïïº ÌïúÎã§" time="1.069">
      <failure>Error: expect(element).toHaveTextContent()

Expected element to have text content:
  CSV ÌååÏùº Îã§Ïö¥Î°úÎìú Ï§ÄÎπÑÎê®
Received:


Ignored nodes: comments, script, style
&lt;html&gt;
  &lt;head /&gt;
  &lt;body&gt;
    &lt;div&gt;
      &lt;div
        data-testid=&quot;data-export&quot;
      &gt;
        &lt;button
          data-testid=&quot;export-users&quot;
        &gt;
          ÏÇ¨Ïö©Ïûê Îç∞Ïù¥ÌÑ∞ ÎÇ¥Î≥¥ÎÇ¥Í∏∞
        &lt;/button&gt;
        &lt;div
          data-testid=&quot;export-status&quot;
        /&gt;
      &lt;/div&gt;
    &lt;/div&gt;
  &lt;/body&gt;
&lt;/html&gt;
    at toHaveTextContent (C:\Users\xx005\Downloads\Collaboreum MVP Platform\src\__tests__\AdminDashboardSystem.test.tsx:790:30)
    at runWithExpensiveErrorDiagnosticsDisabled (C:\Users\xx005\Downloads\Collaboreum MVP Platform\node_modules\@testing-library\dom\dist\config.js:47:12)
    at checkCallback (C:\Users\xx005\Downloads\Collaboreum MVP Platform\node_modules\@testing-library\dom\dist\wait-for.js:124:77)
    at checkRealTimersCallback (C:\Users\xx005\Downloads\Collaboreum MVP Platform\node_modules\@testing-library\dom\dist\wait-for.js:118:16)
    at Timeout.task [as _onTimeout] (C:\Users\xx005\Downloads\Collaboreum MVP Platform\node_modules\jsdom\lib\jsdom\browser\Window.js:579:19)
    at listOnTimeout (node:internal/timers:588:17)
    at processTimers (node:internal/timers:523:7)</failure>
    </testcase>
    <testcase classname="Admin Dashboard System Export and Reporting Í¥ÄÎ¶¨ Î≥¥Í≥†ÏÑú ÏÉùÏÑ±Ïù¥ Ïò¨Î∞îÎ•¥Í≤å ÏûëÎèôÌï¥Ïïº ÌïúÎã§" name="Admin Dashboard System Export and Reporting Í¥ÄÎ¶¨ Î≥¥Í≥†ÏÑú ÏÉùÏÑ±Ïù¥ Ïò¨Î∞îÎ•¥Í≤å ÏûëÎèôÌï¥Ïïº ÌïúÎã§" time="0.13">
    </testcase>
  </testsuite>
  <testsuite name="FanMyPage" errors="0" failures="1" skipped="0" timestamp="2025-09-22T10:25:10" time="7.75" tests="1">
    <testcase classname="FanMyPage renders profile and backings from the API" name="FanMyPage renders profile and backings from the API" time="0.367">
      <failure>TestingLibraryElementError: Found multiple elements with the text: ÌåîÎ°úÏûâ

Here are the matching elements:

Ignored nodes: comments, script, style
&lt;div
  class=&quot;text-sm text-gray-600&quot;
&gt;
  ÌåîÎ°úÏûâ
&lt;/div&gt;

Ignored nodes: comments, script, style
&lt;button
  aria-controls=&quot;radix-:r0:-content-following&quot;
  aria-selected=&quot;false&quot;
  class=&quot;inline-flex items-center justify-center whitespace-nowrap rounded-sm px-3 py-1.5 text-sm font-medium ring-offset-background transition-all focus-visible:outline-none focus-visible:ring-2 focus-visible:ring-ring focus-visible:ring-offset-2 disabled:pointer-events-none disabled:opacity-50 data-[state=active]:bg-background data-[state=active]:text-foreground data-[state=active]:shadow-sm&quot;
  data-orientation=&quot;horizontal&quot;
  data-radix-collection-item=&quot;&quot;
  data-state=&quot;inactive&quot;
  id=&quot;radix-:r0:-trigger-following&quot;
  role=&quot;tab&quot;
  tabindex=&quot;-1&quot;
  type=&quot;button&quot;
&gt;
  ÌåîÎ°úÏûâ
&lt;/button&gt;

(If this is intentional, then use the `*AllBy*` variant of the query (like `queryAllByText`, `getAllByText`, or `findAllByText`)).

Ignored nodes: comments, script, style
&lt;body&gt;
  &lt;div&gt;
    &lt;div
      class=&quot;min-h-screen bg-gray-50&quot;
    &gt;
      &lt;div
        class=&quot;mx-auto max-w-7xl p-6&quot;
      &gt;
        &lt;div
          class=&quot;text-card-foreground flex flex-col gap-6 rounded-3xl border shadow-apple border-border/50 bg-card p-4 mb-6&quot;
        &gt;
          &lt;div
            class=&quot;[&amp;:last-child]:pb-6 text-sm p-6&quot;
          &gt;
            &lt;div
              class=&quot;flex flex-col items-start space-y-4 md:flex-row md:items-center md:space-x-6 md:space-y-0&quot;
            &gt;
              &lt;div
                class=&quot;flex h-24 w-24 items-center justify-center rounded-full bg-primary-100&quot;
              &gt;
                &lt;svg
                  aria-hidden=&quot;true&quot;
                  class=&quot;lucide lucide-user h-12 w-12 text-primary-600&quot;
                  fill=&quot;none&quot;
                  height=&quot;24&quot;
                  stroke=&quot;currentColor&quot;
                  stroke-linecap=&quot;round&quot;
                  stroke-linejoin=&quot;round&quot;
                  stroke-width=&quot;2&quot;
                  viewBox=&quot;0 0 24 24&quot;
                  width=&quot;24&quot;
                  xmlns=&quot;http://www.w3.org/2000/svg&quot;
                &gt;
                  &lt;path
                    d=&quot;M19 21v-2a4 4 0 0 0-4-4H9a4 4 0 0 0-4 4v2&quot;
                  /&gt;
                  &lt;circle
                    cx=&quot;12&quot;
                    cy=&quot;7&quot;
                    r=&quot;4&quot;
                  /&gt;
                &lt;/svg&gt;
              &lt;/div&gt;
              &lt;div
                class=&quot;flex-1&quot;
              &gt;
                &lt;div
                  class=&quot;flex flex-col md:flex-row md:items-center md:justify-between&quot;
                &gt;
                  &lt;div&gt;
                    &lt;h1
                      class=&quot;text-2xl font-bold text-gray-900&quot;
                    &gt;
                      ÌÖåÏä§Ìä∏ Ìå¨
                    &lt;/h1&gt;
                    &lt;p
                      class=&quot;text-gray-600&quot;
                    &gt;
                      fan@example.com
                    &lt;/p&gt;
                    &lt;p
                      class=&quot;mt-2 text-gray-700&quot;
                    &gt;
                      Ìå¨ ÏÜåÍ∞úÏûÖÎãàÎã§.
                    &lt;/p&gt;
                  &lt;/div&gt;
                  &lt;div
                    class=&quot;mt-4 md:mt-0&quot;
                  &gt;
                    &lt;button
                      aria-busy=&quot;false&quot;
                      class=&quot;justify-center gap-2 whitespace-nowrap rounded-2xl font-medium transition-all duration-200 disabled:pointer-events-none disabled:opacity-50 [&amp;_svg]:pointer-events-none [&amp;_svg:not([class*=&apos;size-&apos;])]:size-4 shrink-0 [&amp;_svg]:shrink-0 outline-none focus-visible:ring-ring/30 focus-visible:ring-4 aria-invalid:ring-destructive/20 dark:aria-invalid:ring-destructive/40 aria-invalid:border-destructive cursor-pointer border border-border bg-background/80 backdrop-blur-sm text-foreground hover:bg-secondary/50 hover:border-border/80 focus:ring-primary-300 h-10 px-6 py-2 text-sm [&amp;_svg]:size-4 flex items-center space-x-2&quot;
                      type=&quot;button&quot;
                    &gt;
                      &lt;svg
                        aria-hidden=&quot;true&quot;
                        class=&quot;lucide lucide-settings h-4 w-4&quot;
                        fill=&quot;none&quot;
                        height=&quot;24&quot;
                        stroke=&quot;currentColor&quot;
                        stroke-linecap=&quot;round&quot;
                        stroke-linejoin=&quot;round&quot;
                        stroke-width=&quot;2&quot;
                        viewBox=&quot;0 0 24 24&quot;
                        width=&quot;24&quot;
                        xmlns=&quot;http://www.w3.org/2000/svg&quot;
                      &gt;
                        &lt;path
                          d=&quot;M9.671 4.136a2.34 2.34 0 0 1 4.659 0 2.34 2.34 0 0 0 3.319 1.915 2.34 2.34 0 0 1 2.33 4.033 2.34 2.34 0 0 0 0 3.831 2.34 2.34 0 0 1-2.33 4.033 2.34 2.34 0 0 0-3.319 1.915 2.34 2.34 0 0 1-4.659 0 2.34 2.34 0 0 0-3.32-1.915 2.34 2.34 0 0 1-2.33-4.033 2.34 2.34 0 0 0 0-3.831A2.34 2.34 0 0 1 6.35 6.051a2.34 2.34 0 0 0 3.319-1.915&quot;
                        /&gt;
                        &lt;circle
                          cx=&quot;12&quot;
                          cy=&quot;12&quot;
                          r=&quot;3&quot;
                        /&gt;
                      &lt;/svg&gt;
                      &lt;span&gt;
                        ÌîÑÎ°úÌïÑ Ìé∏Ïßë
                      &lt;/span&gt;
                    &lt;/button&gt;
                  &lt;/div&gt;
                &lt;/div&gt;
                &lt;div
                  class=&quot;mt-4 flex space-x-6&quot;
                &gt;
                  &lt;div
                    class=&quot;text-center&quot;
                  &gt;
                    &lt;div
                      class=&quot;text-2xl font-bold text-gray-900&quot;
                    &gt;
                      2
                    &lt;/div&gt;
                    &lt;div
                      class=&quot;text-sm text-gray-600&quot;
                    &gt;
                      ÌåîÎ°úÏûâ
                    &lt;/div&gt;
                  &lt;/div&gt;
                  &lt;div
                    class=&quot;text-center&quot;
                  &gt;
                    &lt;div
                      class=&quot;text-2xl font-bold text-gray-900&quot;
                    &gt;
                      3
                    &lt;/div&gt;
                    &lt;div
                      class=&quot;text-sm text-gray-600&quot;
                    &gt;
                      ÌõÑÏõê ÌöüÏàò
                    &lt;/div&gt;...
    at Object.getElementError (C:\Users\xx005\Downloads\Collaboreum MVP Platform\node_modules\@testing-library\dom\dist\config.js:37:19)
    at getElementError (C:\Users\xx005\Downloads\Collaboreum MVP Platform\node_modules\@testing-library\dom\dist\query-helpers.js:20:35)
    at getMultipleElementsFoundError (C:\Users\xx005\Downloads\Collaboreum MVP Platform\node_modules\@testing-library\dom\dist\query-helpers.js:23:10)
    at C:\Users\xx005\Downloads\Collaboreum MVP Platform\node_modules\@testing-library\dom\dist\query-helpers.js:55:13
    at C:\Users\xx005\Downloads\Collaboreum MVP Platform\node_modules\@testing-library\dom\dist\query-helpers.js:95:19
    at Object.getByText (C:\Users\xx005\Downloads\Collaboreum MVP Platform\src\components\__tests__\FanMyPage.test.tsx:101:19)</failure>
    </testcase>
  </testsuite>
  <testsuite name="Community Board System" errors="0" failures="3" skipped="0" timestamp="2025-09-22T10:25:17" time="6.629" tests="28">
    <testcase classname="Community Board System Community Post Data Model Í≤åÏãúÍ∏Ä Îç∞Ïù¥ÌÑ∞ Íµ¨Ï°∞Í∞Ä Ïò¨Î∞îÎ•¥Í≤å Ï†ïÏùòÎêòÏñ¥Ïïº ÌïúÎã§" name="Community Board System Community Post Data Model Í≤åÏãúÍ∏Ä Îç∞Ïù¥ÌÑ∞ Íµ¨Ï°∞Í∞Ä Ïò¨Î∞îÎ•¥Í≤å Ï†ïÏùòÎêòÏñ¥Ïïº ÌïúÎã§" time="0.005">
    </testcase>
    <testcase classname="Community Board System Community Post Data Model Í≤åÏãúÍ∏Ä ÏûëÏÑ±Ïûê Ï†ïÎ≥¥Í∞Ä Ïò¨Î∞îÎ•¥Í≤å Ìè¨Ìï®ÎêòÏñ¥Ïïº ÌïúÎã§" name="Community Board System Community Post Data Model Í≤åÏãúÍ∏Ä ÏûëÏÑ±Ïûê Ï†ïÎ≥¥Í∞Ä Ïò¨Î∞îÎ•¥Í≤å Ìè¨Ìï®ÎêòÏñ¥Ïïº ÌïúÎã§" time="0.007">
    </testcase>
    <testcase classname="Community Board System Community Post Data Model Í≤åÏãúÍ∏Ä ÌÜµÍ≥Ñ Ï†ïÎ≥¥Í∞Ä Ïò¨Î∞îÎ•¥Í≤å Í≥ÑÏÇ∞ÎêòÏñ¥Ïïº ÌïúÎã§" name="Community Board System Community Post Data Model Í≤åÏãúÍ∏Ä ÌÜµÍ≥Ñ Ï†ïÎ≥¥Í∞Ä Ïò¨Î∞îÎ•¥Í≤å Í≥ÑÏÇ∞ÎêòÏñ¥Ïïº ÌïúÎã§" time="0.019">
    </testcase>
    <testcase classname="Community Board System Community Post Creation Í≤åÏãúÍ∏Ä ÏûëÏÑ± ÌèºÏù¥ Ïò¨Î∞îÎ•¥Í≤å Î†åÎçîÎßÅÎêòÏñ¥Ïïº ÌïúÎã§" name="Community Board System Community Post Creation Í≤åÏãúÍ∏Ä ÏûëÏÑ± ÌèºÏù¥ Ïò¨Î∞îÎ•¥Í≤å Î†åÎçîÎßÅÎêòÏñ¥Ïïº ÌïúÎã§" time="0.037">
    </testcase>
    <testcase classname="Community Board System Community Post Creation Í≤åÏãúÍ∏Ä ÏûëÏÑ± Ïãú ÌïÑÏàò ÌïÑÎìú Í≤ÄÏ¶ùÏù¥ ÏûëÎèôÌï¥Ïïº ÌïúÎã§" name="Community Board System Community Post Creation Í≤åÏãúÍ∏Ä ÏûëÏÑ± Ïãú ÌïÑÏàò ÌïÑÎìú Í≤ÄÏ¶ùÏù¥ ÏûëÎèôÌï¥Ïïº ÌïúÎã§" time="0.075">
    </testcase>
    <testcase classname="Community Board System Community Post Creation Í≤åÏãúÍ∏Ä ÏûëÏÑ± Ïãú ÌÉúÍ∑∏ ÏûÖÎ†•Ïù¥ Ïò¨Î∞îÎ•¥Í≤å Ï≤òÎ¶¨ÎêòÏñ¥Ïïº ÌïúÎã§" name="Community Board System Community Post Creation Í≤åÏãúÍ∏Ä ÏûëÏÑ± Ïãú ÌÉúÍ∑∏ ÏûÖÎ†•Ïù¥ Ïò¨Î∞îÎ•¥Í≤å Ï≤òÎ¶¨ÎêòÏñ¥Ïïº ÌïúÎã§" time="0.217">
    </testcase>
    <testcase classname="Community Board System Community Post List Í≤åÏãúÍ∏Ä Î™©Î°ùÏù¥ Ïò¨Î∞îÎ•¥Í≤å Î†åÎçîÎßÅÎêòÏñ¥Ïïº ÌïúÎã§" name="Community Board System Community Post List Í≤åÏãúÍ∏Ä Î™©Î°ùÏù¥ Ïò¨Î∞îÎ•¥Í≤å Î†åÎçîÎßÅÎêòÏñ¥Ïïº ÌïúÎã§" time="0.017">
    </testcase>
    <testcase classname="Community Board System Community Post List Í≤åÏãúÍ∏Ä Ï†ïÎ†¨ Í∏∞Îä•Ïù¥ Ïò¨Î∞îÎ•¥Í≤å ÏûëÎèôÌï¥Ïïº ÌïúÎã§" name="Community Board System Community Post List Í≤åÏãúÍ∏Ä Ï†ïÎ†¨ Í∏∞Îä•Ïù¥ Ïò¨Î∞îÎ•¥Í≤å ÏûëÎèôÌï¥Ïïº ÌïúÎã§" time="0.063">
    </testcase>
    <testcase classname="Community Board System Community Post List Í≤åÏãúÍ∏Ä Í≤ÄÏÉâ Í∏∞Îä•Ïù¥ Ïò¨Î∞îÎ•¥Í≤å ÏûëÎèôÌï¥Ïïº ÌïúÎã§" name="Community Board System Community Post List Í≤åÏãúÍ∏Ä Í≤ÄÏÉâ Í∏∞Îä•Ïù¥ Ïò¨Î∞îÎ•¥Í≤å ÏûëÎèôÌï¥Ïïº ÌïúÎã§" time="0.149">
    </testcase>
    <testcase classname="Community Board System Community Post Detail Í≤åÏãúÍ∏Ä ÏÉÅÏÑ∏ ÎÇ¥Ïö©Ïù¥ Ïò¨Î∞îÎ•¥Í≤å ÌëúÏãúÎêòÏñ¥Ïïº ÌïúÎã§" name="Community Board System Community Post Detail Í≤åÏãúÍ∏Ä ÏÉÅÏÑ∏ ÎÇ¥Ïö©Ïù¥ Ïò¨Î∞îÎ•¥Í≤å ÌëúÏãúÎêòÏñ¥Ïïº ÌïúÎã§" time="0.004">
    </testcase>
    <testcase classname="Community Board System Community Post Detail Í≤åÏãúÍ∏Ä Ï¢ãÏïÑÏöî/Ïã´Ïñ¥Ïöî Í∏∞Îä•Ïù¥ Ïò¨Î∞îÎ•¥Í≤å ÏûëÎèôÌï¥Ïïº ÌïúÎã§" name="Community Board System Community Post Detail Í≤åÏãúÍ∏Ä Ï¢ãÏïÑÏöî/Ïã´Ïñ¥Ïöî Í∏∞Îä•Ïù¥ Ïò¨Î∞îÎ•¥Í≤å ÏûëÎèôÌï¥Ïïº ÌïúÎã§" time="0.088">
    </testcase>
    <testcase classname="Community Board System Comment System ÎåìÍ∏ÄÏù¥ Ïò¨Î∞îÎ•¥Í≤å ÌëúÏãúÎêòÏñ¥Ïïº ÌïúÎã§" name="Community Board System Comment System ÎåìÍ∏ÄÏù¥ Ïò¨Î∞îÎ•¥Í≤å ÌëúÏãúÎêòÏñ¥Ïïº ÌïúÎã§" time="0.01">
    </testcase>
    <testcase classname="Community Board System Comment System ÎåìÍ∏Ä ÏûëÏÑ± Í∏∞Îä•Ïù¥ Ïò¨Î∞îÎ•¥Í≤å ÏûëÎèôÌï¥Ïïº ÌïúÎã§" name="Community Board System Comment System ÎåìÍ∏Ä ÏûëÏÑ± Í∏∞Îä•Ïù¥ Ïò¨Î∞îÎ•¥Í≤å ÏûëÎèôÌï¥Ïïº ÌïúÎã§" time="0.3">
    </testcase>
    <testcase classname="Community Board System Comment System ÎåìÍ∏Ä ÎãµÍ∏Ä Í∏∞Îä•Ïù¥ Ïò¨Î∞îÎ•¥Í≤å ÏûëÎèôÌï¥Ïïº ÌïúÎã§" name="Community Board System Comment System ÎåìÍ∏Ä ÎãµÍ∏Ä Í∏∞Îä•Ïù¥ Ïò¨Î∞îÎ•¥Í≤å ÏûëÎèôÌï¥Ïïº ÌïúÎã§" time="0.049">
    </testcase>
    <testcase classname="Community Board System Search and Filtering Ïπ¥ÌÖåÍ≥†Î¶¨Î≥Ñ ÌïÑÌÑ∞ÎßÅÏù¥ Ïò¨Î∞îÎ•¥Í≤å ÏûëÎèôÌï¥Ïïº ÌïúÎã§" name="Community Board System Search and Filtering Ïπ¥ÌÖåÍ≥†Î¶¨Î≥Ñ ÌïÑÌÑ∞ÎßÅÏù¥ Ïò¨Î∞îÎ•¥Í≤å ÏûëÎèôÌï¥Ïïº ÌïúÎã§" time="0.079">
    </testcase>
    <testcase classname="Community Board System Search and Filtering ÌÉúÍ∑∏Î≥Ñ ÌïÑÌÑ∞ÎßÅÏù¥ Ïò¨Î∞îÎ•¥Í≤å ÏûëÎèôÌï¥Ïïº ÌïúÎã§" name="Community Board System Search and Filtering ÌÉúÍ∑∏Î≥Ñ ÌïÑÌÑ∞ÎßÅÏù¥ Ïò¨Î∞îÎ•¥Í≤å ÏûëÎèôÌï¥Ïïº ÌïúÎã§" time="0.058">
    </testcase>
    <testcase classname="Community Board System Reporting System Í≤åÏãúÍ∏Ä Ïã†Í≥† Í∏∞Îä•Ïù¥ Ïò¨Î∞îÎ•¥Í≤å ÏûëÎèôÌï¥Ïïº ÌïúÎã§" name="Community Board System Reporting System Í≤åÏãúÍ∏Ä Ïã†Í≥† Í∏∞Îä•Ïù¥ Ïò¨Î∞îÎ•¥Í≤å ÏûëÎèôÌï¥Ïïº ÌïúÎã§" time="0.047">
    </testcase>
    <testcase classname="Community Board System Bookmark System Í≤åÏãúÍ∏Ä Î∂ÅÎßàÌÅ¨ Í∏∞Îä•Ïù¥ Ïò¨Î∞îÎ•¥Í≤å ÏûëÎèôÌï¥Ïïº ÌïúÎã§" name="Community Board System Bookmark System Í≤åÏãúÍ∏Ä Î∂ÅÎßàÌÅ¨ Í∏∞Îä•Ïù¥ Ïò¨Î∞îÎ•¥Í≤å ÏûëÎèôÌï¥Ïïº ÌïúÎã§" time="1.079">
      <failure>Error: expect(element).toHaveTextContent()

Expected element to have text content:
  Î∂ÅÎßàÌÅ¨Îê®
Received:
  Î∂ÅÎßàÌÅ¨ÎêòÏßÄ ÏïäÏùå

Ignored nodes: comments, script, style
&lt;html&gt;
  &lt;head /&gt;
  &lt;body&gt;
    &lt;div&gt;
      &lt;div
        data-testid=&quot;post-detail&quot;
      &gt;
        &lt;button
          data-testid=&quot;bookmark-button&quot;
        &gt;
          üîñ Î∂ÅÎßàÌÅ¨
        &lt;/button&gt;
        &lt;div
          data-testid=&quot;bookmark-status&quot;
        &gt;
          Î∂ÅÎßàÌÅ¨ÎêòÏßÄ ÏïäÏùå
        &lt;/div&gt;
      &lt;/div&gt;
    &lt;/div&gt;
  &lt;/body&gt;
&lt;/html&gt;
    at toHaveTextContent (C:\Users\xx005\Downloads\Collaboreum MVP Platform\src\__tests__\CommunitySystem.test.tsx:475:32)
    at runWithExpensiveErrorDiagnosticsDisabled (C:\Users\xx005\Downloads\Collaboreum MVP Platform\node_modules\@testing-library\dom\dist\config.js:47:12)
    at checkCallback (C:\Users\xx005\Downloads\Collaboreum MVP Platform\node_modules\@testing-library\dom\dist\wait-for.js:124:77)
    at checkRealTimersCallback (C:\Users\xx005\Downloads\Collaboreum MVP Platform\node_modules\@testing-library\dom\dist\wait-for.js:118:16)
    at Timeout.task [as _onTimeout] (C:\Users\xx005\Downloads\Collaboreum MVP Platform\node_modules\jsdom\lib\jsdom\browser\Window.js:579:19)
    at listOnTimeout (node:internal/timers:588:17)
    at processTimers (node:internal/timers:523:7)</failure>
    </testcase>
    <testcase classname="Community Board System Performance Í≤åÏãúÍ∏Ä Î™©Î°ù Î†åÎçîÎßÅ ÏÑ±Îä•Ïù¥ Ï∏°Ï†ïÎêòÏñ¥Ïïº ÌïúÎã§" name="Community Board System Performance Í≤åÏãúÍ∏Ä Î™©Î°ù Î†åÎçîÎßÅ ÏÑ±Îä•Ïù¥ Ï∏°Ï†ïÎêòÏñ¥Ïïº ÌïúÎã§" time="0.038">
    </testcase>
    <testcase classname="Community Board System Security XSS Í≥µÍ≤© Î∞©ÏßÄÍ∞Ä Ï†ÅÏö©ÎêòÏñ¥Ïïº ÌïúÎã§" name="Community Board System Security XSS Í≥µÍ≤© Î∞©ÏßÄÍ∞Ä Ï†ÅÏö©ÎêòÏñ¥Ïïº ÌïúÎã§" time="0.035">
    </testcase>
    <testcase classname="Community Board System Security Í∂åÌïú ÏóÜÎäî ÏÇ¨Ïö©ÏûêÏùò Í≤åÏãúÍ∏Ä ÏàòÏ†ï/ÏÇ≠Ï†úÍ∞Ä Ï∞®Îã®ÎêòÏñ¥Ïïº ÌïúÎã§" name="Community Board System Security Í∂åÌïú ÏóÜÎäî ÏÇ¨Ïö©ÏûêÏùò Í≤åÏãúÍ∏Ä ÏàòÏ†ï/ÏÇ≠Ï†úÍ∞Ä Ï∞®Îã®ÎêòÏñ¥Ïïº ÌïúÎã§" time="0.004">
    </testcase>
    <testcase classname="Community Board System Data Integrity Í≤åÏãúÍ∏Ä ÏàòÏ†ï Ïãú ÏõêÎ≥∏ Îç∞Ïù¥ÌÑ∞Í∞Ä Î≥¥Ìò∏ÎêòÏñ¥Ïïº ÌïúÎã§" name="Community Board System Data Integrity Í≤åÏãúÍ∏Ä ÏàòÏ†ï Ïãú ÏõêÎ≥∏ Îç∞Ïù¥ÌÑ∞Í∞Ä Î≥¥Ìò∏ÎêòÏñ¥Ïïº ÌïúÎã§" time="0.215">
    </testcase>
    <testcase classname="Community Board System Data Integrity ÎåìÍ∏Ä ÏûëÏÑ± Ïãú Î∂ÄÎ™® Í≤åÏãúÍ∏Ä IDÍ∞Ä Ïò¨Î∞îÎ•¥Í≤å Ïó∞Í≤∞ÎêòÏñ¥Ïïº ÌïúÎã§" name="Community Board System Data Integrity ÎåìÍ∏Ä ÏûëÏÑ± Ïãú Î∂ÄÎ™® Í≤åÏãúÍ∏Ä IDÍ∞Ä Ïò¨Î∞îÎ•¥Í≤å Ïó∞Í≤∞ÎêòÏñ¥Ïïº ÌïúÎã§" time="0.007">
    </testcase>
    <testcase classname="Community Board System Real-time Updates ÏÉà ÎåìÍ∏Ä ÏûëÏÑ± Ïãú Ïã§ÏãúÍ∞ÑÏúºÎ°ú Î™©Î°ùÏù¥ ÏóÖÎç∞Ïù¥Ìä∏ÎêòÏñ¥Ïïº ÌïúÎã§" name="Community Board System Real-time Updates ÏÉà ÎåìÍ∏Ä ÏûëÏÑ± Ïãú Ïã§ÏãúÍ∞ÑÏúºÎ°ú Î™©Î°ùÏù¥ ÏóÖÎç∞Ïù¥Ìä∏ÎêòÏñ¥Ïïº ÌïúÎã§" time="1.242">
      <failure>Error: expect(element).toHaveTextContent()

Expected element to have text content:
  ÎåìÍ∏Ä Ïàò: 2
Received:
  ÎåìÍ∏Ä Ïàò: 1

Ignored nodes: comments, script, style
&lt;html&gt;
  &lt;head /&gt;
  &lt;body&gt;
    &lt;div&gt;
      &lt;div
        data-testid=&quot;comments-section&quot;
      &gt;
        &lt;div
          data-testid=&quot;comment-count&quot;
        &gt;
          ÎåìÍ∏Ä Ïàò: 1
        &lt;/div&gt;
        &lt;div
          data-testid=&quot;comment-1&quot;
        &gt;
          &lt;p&gt;
            ÌÖåÏä§Ìä∏ ÎåìÍ∏ÄÏûÖÎãàÎã§.
          &lt;/p&gt;
        &lt;/div&gt;
        &lt;div
          data-testid=&quot;comment-form&quot;
        &gt;
          &lt;textarea
            data-testid=&quot;comment-input&quot;
            placeholder=&quot;ÎåìÍ∏ÄÏùÑ ÏûÖÎ†•ÌïòÏÑ∏Ïöî&quot;
          /&gt;
          &lt;button
            data-testid=&quot;comment-submit&quot;
          &gt;
            ÎåìÍ∏Ä ÏûëÏÑ±
          &lt;/button&gt;
        &lt;/div&gt;
      &lt;/div&gt;
    &lt;/div&gt;
  &lt;/body&gt;
&lt;/html&gt;
    at toHaveTextContent (C:\Users\xx005\Downloads\Collaboreum MVP Platform\src\__tests__\CommunitySystem.test.tsx:637:30)
    at runWithExpensiveErrorDiagnosticsDisabled (C:\Users\xx005\Downloads\Collaboreum MVP Platform\node_modules\@testing-library\dom\dist\config.js:47:12)
    at checkCallback (C:\Users\xx005\Downloads\Collaboreum MVP Platform\node_modules\@testing-library\dom\dist\wait-for.js:124:77)
    at checkRealTimersCallback (C:\Users\xx005\Downloads\Collaboreum MVP Platform\node_modules\@testing-library\dom\dist\wait-for.js:118:16)
    at Timeout.task [as _onTimeout] (C:\Users\xx005\Downloads\Collaboreum MVP Platform\node_modules\jsdom\lib\jsdom\browser\Window.js:579:19)
    at listOnTimeout (node:internal/timers:588:17)
    at processTimers (node:internal/timers:523:7)</failure>
    </testcase>
    <testcase classname="Community Board System Notification System ÎåìÍ∏Ä ÏûëÏÑ± Ïãú Í≤åÏãúÍ∏Ä ÏûëÏÑ±ÏûêÏóêÍ≤å ÏïåÎ¶ºÏù¥ Ï†ÑÏÜ°ÎêòÏñ¥Ïïº ÌïúÎã§" name="Community Board System Notification System ÎåìÍ∏Ä ÏûëÏÑ± Ïãú Í≤åÏãúÍ∏Ä ÏûëÏÑ±ÏûêÏóêÍ≤å ÏïåÎ¶ºÏù¥ Ï†ÑÏÜ°ÎêòÏñ¥Ïïº ÌïúÎã§" time="1.276">
      <failure>Error: expect(element).toHaveTextContent()

Expected element to have text content:
  ÏïåÎ¶º Ï†ÑÏÜ°Îê®
Received:


Ignored nodes: comments, script, style
&lt;html&gt;
  &lt;head /&gt;
  &lt;body&gt;
    &lt;div&gt;
      &lt;div
        data-testid=&quot;comment-form&quot;
      &gt;
        &lt;textarea
          data-testid=&quot;comment-input&quot;
          placeholder=&quot;ÎåìÍ∏ÄÏùÑ ÏûÖÎ†•ÌïòÏÑ∏Ïöî&quot;
        /&gt;
        &lt;button
          data-testid=&quot;comment-submit&quot;
        &gt;
          ÎåìÍ∏Ä ÏûëÏÑ±
        &lt;/button&gt;
        &lt;div
          data-testid=&quot;notification-status&quot;
        /&gt;
      &lt;/div&gt;
    &lt;/div&gt;
  &lt;/body&gt;
&lt;/html&gt;
    at toHaveTextContent (C:\Users\xx005\Downloads\Collaboreum MVP Platform\src\__tests__\CommunitySystem.test.tsx:669:36)
    at runWithExpensiveErrorDiagnosticsDisabled (C:\Users\xx005\Downloads\Collaboreum MVP Platform\node_modules\@testing-library\dom\dist\config.js:47:12)
    at checkCallback (C:\Users\xx005\Downloads\Collaboreum MVP Platform\node_modules\@testing-library\dom\dist\wait-for.js:124:77)
    at checkRealTimersCallback (C:\Users\xx005\Downloads\Collaboreum MVP Platform\node_modules\@testing-library\dom\dist\wait-for.js:118:16)
    at Timeout.task [as _onTimeout] (C:\Users\xx005\Downloads\Collaboreum MVP Platform\node_modules\jsdom\lib\jsdom\browser\Window.js:579:19)
    at listOnTimeout (node:internal/timers:588:17)
    at processTimers (node:internal/timers:523:7)</failure>
    </testcase>
    <testcase classname="Community Board System Statistics Í≤åÏãúÍ∏Ä ÌÜµÍ≥ÑÍ∞Ä Ïò¨Î∞îÎ•¥Í≤å Í≥ÑÏÇ∞ÎêòÏñ¥Ïïº ÌïúÎã§" name="Community Board System Statistics Í≤åÏãúÍ∏Ä ÌÜµÍ≥ÑÍ∞Ä Ïò¨Î∞îÎ•¥Í≤å Í≥ÑÏÇ∞ÎêòÏñ¥Ïïº ÌïúÎã§" time="0.002">
    </testcase>
    <testcase classname="Community Board System Permissions Í¥ÄÎ¶¨ÏûêÎäî Î™®Îì† Í≤åÏãúÍ∏ÄÏùÑ Í¥ÄÎ¶¨Ìï† Ïàò ÏûàÏñ¥Ïïº ÌïúÎã§" name="Community Board System Permissions Í¥ÄÎ¶¨ÏûêÎäî Î™®Îì† Í≤åÏãúÍ∏ÄÏùÑ Í¥ÄÎ¶¨Ìï† Ïàò ÏûàÏñ¥Ïïº ÌïúÎã§" time="0.007">
    </testcase>
    <testcase classname="Community Board System Permissions ÏùºÎ∞ò ÏÇ¨Ïö©ÏûêÎäî ÏûêÏã†Ïùò Í≤åÏãúÍ∏ÄÎßå ÏàòÏ†ï/ÏÇ≠Ï†úÌï† Ïàò ÏûàÏñ¥Ïïº ÌïúÎã§" name="Community Board System Permissions ÏùºÎ∞ò ÏÇ¨Ïö©ÏûêÎäî ÏûêÏã†Ïùò Í≤åÏãúÍ∏ÄÎßå ÏàòÏ†ï/ÏÇ≠Ï†úÌï† Ïàò ÏûàÏñ¥Ïïº ÌïúÎã§" time="0.011">
    </testcase>
  </testsuite>
  <testsuite name="Modal Accessibility Tests" errors="0" failures="6" skipped="0" timestamp="2025-09-22T10:25:27" time="1.838" tests="12">
    <testcase classname="Modal Accessibility Tests should have no accessibility violations when closed" name="Modal Accessibility Tests should have no accessibility violations when closed" time="0.048">
    </testcase>
    <testcase classname="Modal Accessibility Tests should have no accessibility violations when open" name="Modal Accessibility Tests should have no accessibility violations when open" time="0.053">
    </testcase>
    <testcase classname="Modal Accessibility Tests should have proper ARIA attributes" name="Modal Accessibility Tests should have proper ARIA attributes" time="0.006">
      <failure>Error: expect(element).toHaveAttribute(&quot;aria-labelledby&quot;) // element.hasAttribute(&quot;aria-labelledby&quot;)

Expected the element to have attribute:
  aria-labelledby
Received:
  null
    at Object.toHaveAttribute (C:\Users\xx005\Downloads\Collaboreum MVP Platform\src\shared\ui\__tests__\Modal.a11y.test.tsx:65:20)
    at Promise.then.completed (C:\Users\xx005\Downloads\Collaboreum MVP Platform\node_modules\jest-circus\build\utils.js:298:28)
    at new Promise (&lt;anonymous&gt;)
    at callAsyncCircusFn (C:\Users\xx005\Downloads\Collaboreum MVP Platform\node_modules\jest-circus\build\utils.js:231:10)
    at _callCircusTest (C:\Users\xx005\Downloads\Collaboreum MVP Platform\node_modules\jest-circus\build\run.js:316:40)
    at _runTest (C:\Users\xx005\Downloads\Collaboreum MVP Platform\node_modules\jest-circus\build\run.js:252:3)
    at _runTestsForDescribeBlock (C:\Users\xx005\Downloads\Collaboreum MVP Platform\node_modules\jest-circus\build\run.js:126:9)
    at _runTestsForDescribeBlock (C:\Users\xx005\Downloads\Collaboreum MVP Platform\node_modules\jest-circus\build\run.js:121:9)
    at run (C:\Users\xx005\Downloads\Collaboreum MVP Platform\node_modules\jest-circus\build\run.js:71:3)
    at runAndTransformResultsToJestFormat (C:\Users\xx005\Downloads\Collaboreum MVP Platform\node_modules\jest-circus\build\legacy-code-todo-rewrite\jestAdapterInit.js:122:21)
    at jestAdapter (C:\Users\xx005\Downloads\Collaboreum MVP Platform\node_modules\jest-circus\build\legacy-code-todo-rewrite\jestAdapter.js:79:19)
    at runTestInternal (C:\Users\xx005\Downloads\Collaboreum MVP Platform\node_modules\jest-runner\build\runTest.js:367:16)
    at runTest (C:\Users\xx005\Downloads\Collaboreum MVP Platform\node_modules\jest-runner\build\runTest.js:444:34)</failure>
    </testcase>
    <testcase classname="Modal Accessibility Tests should trap focus when open" name="Modal Accessibility Tests should trap focus when open" time="0.032">
      <failure>Error: expect(element).toHaveFocus()

Expected element with focus:
  &lt;button aria-busy=&quot;false&quot; class=&quot;inline-flex items-center justify-center gap-2 whitespace-nowrap rounded-2xl font-medium transition-all duration-200 disabled:pointer-events-none disabled:opacity-50 [&amp;_svg]:pointer-events-none [&amp;_svg:not([class*=&apos;size-&apos;])]:size-4 shrink-0 [&amp;_svg]:shrink-0 outline-none focus-visible:ring-ring/30 focus-visible:ring-4 aria-invalid:ring-destructive/20 dark:aria-invalid:ring-destructive/40 aria-invalid:border-destructive cursor-pointer border border-border bg-background/80 backdrop-blur-sm text-foreground hover:bg-secondary/50 hover:border-border/80 focus:ring-primary-300 h-10 px-6 py-2 text-sm [&amp;_svg]:size-4&quot; type=&quot;button&quot;&gt;Cancel&lt;/button&gt;
Received element with focus:
  &lt;body style=&quot;overflow: hidden;&quot;&gt;&lt;div&gt;&lt;div&gt;&lt;button&gt;Before Modal&lt;/button&gt;&lt;button&gt;After Modal&lt;/button&gt;&lt;/div&gt;&lt;/div&gt;&lt;div class=&quot;fixed inset-0 z-50 flex items-center justify-center p-6&quot;&gt;&lt;div class=&quot;fixed inset-0 bg-black/50 backdrop-blur-sm&quot; /&gt;&lt;div aria-modal=&quot;true&quot; class=&quot;relative bg-white rounded-lg shadow-xl max-h-[90vh] overflow-hidden max-w-md w-full focus:outline-none&quot; role=&quot;dialog&quot;&gt;&lt;div class=&quot;flex flex-col space-y-1.5 p-6 pb-4&quot;&gt;&lt;h2 class=&quot;text-lg font-semibold leading-none tracking-tight&quot;&gt;Test Modal&lt;/h2&gt;&lt;p class=&quot;text-sm text-muted-foreground&quot;&gt;This is a test modal for accessibility testing.&lt;/p&gt;&lt;/div&gt;&lt;div class=&quot;p-6 pt-0 overflow-y-auto max-h-[60vh]&quot;&gt;&lt;p&gt;Modal content goes here.&lt;/p&gt;&lt;input placeholder=&quot;Test input&quot; type=&quot;text&quot; /&gt;&lt;button&gt;Test button&lt;/button&gt;&lt;/div&gt;&lt;div class=&quot;flex flex-col-reverse sm:flex-row sm:justify-end sm:space-x-2 p-6 pt-4&quot;&gt;&lt;button aria-busy=&quot;false&quot; class=&quot;inline-flex items-center justify-center gap-2 whitespace-nowrap rounded-2xl font-medium transition-all duration-200 disabled:pointer-events-none disabled:opacity-50 [&amp;_svg]:pointer-events-none [&amp;_svg:not([class*=&apos;size-&apos;])]:size-4 shrink-0 [&amp;_svg]:shrink-0 outline-none focus-visible:ring-ring/30 focus-visible:ring-4 aria-invalid:ring-destructive/20 dark:aria-invalid:ring-destructive/40 aria-invalid:border-destructive cursor-pointer border border-border bg-background/80 backdrop-blur-sm text-foreground hover:bg-secondary/50 hover:border-border/80 focus:ring-primary-300 h-10 px-6 py-2 text-sm [&amp;_svg]:size-4&quot; type=&quot;button&quot;&gt;Cancel&lt;/button&gt;&lt;button aria-busy=&quot;false&quot; class=&quot;inline-flex items-center justify-center gap-2 whitespace-nowrap rounded-2xl font-medium transition-all duration-200 disabled:pointer-events-none disabled:opacity-50 [&amp;_svg]:pointer-events-none [&amp;_svg:not([class*=&apos;size-&apos;])]:size-4 shrink-0 [&amp;_svg]:shrink-0 outline-none focus-visible:ring-ring/30 focus-visible:ring-4 aria-invalid:ring-destructive/20 dark:aria-invalid:ring-destructive/40 aria-invalid:border-destructive cursor-pointer bg-primary-600 text-white hover:bg-primary-700 shadow-apple hover:shadow-apple-lg active:scale-95 focus:ring-primary-300 h-10 px-6 py-2 text-sm [&amp;_svg]:size-4&quot; type=&quot;button&quot;&gt;Confirm&lt;/button&gt;&lt;/div&gt;&lt;/div&gt;&lt;/div&gt;&lt;/body&gt;
    at Object.toHaveFocus (C:\Users\xx005\Downloads\Collaboreum MVP Platform\src\shared\ui\__tests__\Modal.a11y.test.tsx:82:28)
    at Promise.then.completed (C:\Users\xx005\Downloads\Collaboreum MVP Platform\node_modules\jest-circus\build\utils.js:298:28)
    at new Promise (&lt;anonymous&gt;)
    at callAsyncCircusFn (C:\Users\xx005\Downloads\Collaboreum MVP Platform\node_modules\jest-circus\build\utils.js:231:10)
    at _callCircusTest (C:\Users\xx005\Downloads\Collaboreum MVP Platform\node_modules\jest-circus\build\run.js:316:40)
    at _runTest (C:\Users\xx005\Downloads\Collaboreum MVP Platform\node_modules\jest-circus\build\run.js:252:3)
    at _runTestsForDescribeBlock (C:\Users\xx005\Downloads\Collaboreum MVP Platform\node_modules\jest-circus\build\run.js:126:9)
    at _runTestsForDescribeBlock (C:\Users\xx005\Downloads\Collaboreum MVP Platform\node_modules\jest-circus\build\run.js:121:9)
    at run (C:\Users\xx005\Downloads\Collaboreum MVP Platform\node_modules\jest-circus\build\run.js:71:3)
    at runAndTransformResultsToJestFormat (C:\Users\xx005\Downloads\Collaboreum MVP Platform\node_modules\jest-circus\build\legacy-code-todo-rewrite\jestAdapterInit.js:122:21)
    at jestAdapter (C:\Users\xx005\Downloads\Collaboreum MVP Platform\node_modules\jest-circus\build\legacy-code-todo-rewrite\jestAdapter.js:79:19)
    at runTestInternal (C:\Users\xx005\Downloads\Collaboreum MVP Platform\node_modules\jest-runner\build\runTest.js:367:16)
    at runTest (C:\Users\xx005\Downloads\Collaboreum MVP Platform\node_modules\jest-runner\build\runTest.js:444:34)</failure>
    </testcase>
    <testcase classname="Modal Accessibility Tests should close on Escape key" name="Modal Accessibility Tests should close on Escape key" time="0.059">
      <failure>Error: expect(jest.fn()).toHaveBeenCalledWith(...expected)

Expected: false

Number of calls: 0
    at Object.toHaveBeenCalledWith (C:\Users\xx005\Downloads\Collaboreum MVP Platform\src\shared\ui\__tests__\Modal.a11y.test.tsx:96:26)</failure>
    </testcase>
    <testcase classname="Modal Accessibility Tests should close on overlay click" name="Modal Accessibility Tests should close on overlay click" time="0.07">
      <failure>Error: expect(jest.fn()).toHaveBeenCalledWith(...expected)

Expected: false

Number of calls: 0
    at Object.toHaveBeenCalledWith (C:\Users\xx005\Downloads\Collaboreum MVP Platform\src\shared\ui\__tests__\Modal.a11y.test.tsx:115:26)</failure>
    </testcase>
    <testcase classname="Modal Accessibility Tests should not close on modal content click" name="Modal Accessibility Tests should not close on modal content click" time="0.083">
    </testcase>
    <testcase classname="Modal Accessibility Tests should cycle focus with Tab key" name="Modal Accessibility Tests should cycle focus with Tab key" time="0.046">
      <failure>Error: expect(element).toHaveFocus()

Expected element with focus:
  &lt;button&gt;Test button&lt;/button&gt;
Received element with focus:
  &lt;input placeholder=&quot;Test input&quot; type=&quot;text&quot; /&gt;
    at Object.toHaveFocus (C:\Users\xx005\Downloads\Collaboreum MVP Platform\src\shared\ui\__tests__\Modal.a11y.test.tsx:146:24)</failure>
    </testcase>
    <testcase classname="Modal Accessibility Tests should cycle focus with Shift+Tab key" name="Modal Accessibility Tests should cycle focus with Shift+Tab key" time="0.281">
      <failure>Error: expect(element).toHaveFocus()

Expected element with focus:
  &lt;button aria-busy=&quot;false&quot; class=&quot;inline-flex items-center justify-center gap-2 whitespace-nowrap rounded-2xl font-medium transition-all duration-200 disabled:pointer-events-none disabled:opacity-50 [&amp;_svg]:pointer-events-none [&amp;_svg:not([class*=&apos;size-&apos;])]:size-4 shrink-0 [&amp;_svg]:shrink-0 outline-none focus-visible:ring-ring/30 focus-visible:ring-4 aria-invalid:ring-destructive/20 dark:aria-invalid:ring-destructive/40 aria-invalid:border-destructive cursor-pointer bg-primary-600 text-white hover:bg-primary-700 shadow-apple hover:shadow-apple-lg active:scale-95 focus:ring-primary-300 h-10 px-6 py-2 text-sm [&amp;_svg]:size-4&quot; type=&quot;button&quot;&gt;Confirm&lt;/button&gt;
Received element with focus:
  &lt;input placeholder=&quot;Test input&quot; type=&quot;text&quot; /&gt;
    at Object.toHaveFocus (C:\Users\xx005\Downloads\Collaboreum MVP Platform\src\shared\ui\__tests__\Modal.a11y.test.tsx:183:27)</failure>
    </testcase>
    <testcase classname="Modal Accessibility Tests should work with different sizes without accessibility issues" name="Modal Accessibility Tests should work with different sizes without accessibility issues" time="0.221">
    </testcase>
    <testcase classname="Modal Accessibility Tests should have proper heading structure" name="Modal Accessibility Tests should have proper heading structure" time="0.032">
    </testcase>
    <testcase classname="Modal Accessibility Tests should be accessible with screen readers" name="Modal Accessibility Tests should be accessible with screen readers" time="0.051">
    </testcase>
  </testsuite>
  <testsuite name="Select Component" errors="0" failures="19" skipped="0" timestamp="2025-09-22T10:25:30" time="2.209" tests="19">
    <testcase classname="Select Component renders with placeholder text" name="Select Component renders with placeholder text" time="0.264">
      <failure>Error: `SelectItem` must be used within `SelectContent`
    at useContext2 (C:\Users\xx005\Downloads\Collaboreum MVP Platform\node_modules\@radix-ui\react-context\src\create-context.tsx:75:13)
    at C:\Users\xx005\Downloads\Collaboreum MVP Platform\node_modules\@radix-ui\react-select\src\select.tsx:1260:28
    at renderWithHooks (C:\Users\xx005\Downloads\Collaboreum MVP Platform\node_modules\react-dom\cjs\react-dom.development.js:15486:18)
    at updateForwardRef (C:\Users\xx005\Downloads\Collaboreum MVP Platform\node_modules\react-dom\cjs\react-dom.development.js:19245:20)
    at beginWork (C:\Users\xx005\Downloads\Collaboreum MVP Platform\node_modules\react-dom\cjs\react-dom.development.js:21675:16)
    at beginWork$1 (C:\Users\xx005\Downloads\Collaboreum MVP Platform\node_modules\react-dom\cjs\react-dom.development.js:27465:14)
    at performUnitOfWork (C:\Users\xx005\Downloads\Collaboreum MVP Platform\node_modules\react-dom\cjs\react-dom.development.js:26599:12)
    at workLoopSync (C:\Users\xx005\Downloads\Collaboreum MVP Platform\node_modules\react-dom\cjs\react-dom.development.js:26505:5)
    at renderRootSync (C:\Users\xx005\Downloads\Collaboreum MVP Platform\node_modules\react-dom\cjs\react-dom.development.js:26473:7)
    at recoverFromConcurrentError (C:\Users\xx005\Downloads\Collaboreum MVP Platform\node_modules\react-dom\cjs\react-dom.development.js:25889:20)
    at performConcurrentWorkOnRoot (C:\Users\xx005\Downloads\Collaboreum MVP Platform\node_modules\react-dom\cjs\react-dom.development.js:25789:22)
    at flushActQueue (C:\Users\xx005\Downloads\Collaboreum MVP Platform\node_modules\react\cjs\react.development.js:2667:24)
    at act (C:\Users\xx005\Downloads\Collaboreum MVP Platform\node_modules\react\cjs\react.development.js:2582:11)
    at C:\Users\xx005\Downloads\Collaboreum MVP Platform\node_modules\@testing-library\react\dist\act-compat.js:47:25
    at renderRoot (C:\Users\xx005\Downloads\Collaboreum MVP Platform\node_modules\@testing-library\react\dist\pure.js:190:26)
    at render (C:\Users\xx005\Downloads\Collaboreum MVP Platform\node_modules\@testing-library\react\dist\pure.js:292:10)
    at Object.&lt;anonymous&gt; (C:\Users\xx005\Downloads\Collaboreum MVP Platform\src\shared\ui\__tests__\Select.test.tsx:22:11)
    at Promise.then.completed (C:\Users\xx005\Downloads\Collaboreum MVP Platform\node_modules\jest-circus\build\utils.js:298:28)
    at new Promise (&lt;anonymous&gt;)
    at callAsyncCircusFn (C:\Users\xx005\Downloads\Collaboreum MVP Platform\node_modules\jest-circus\build\utils.js:231:10)
    at _callCircusTest (C:\Users\xx005\Downloads\Collaboreum MVP Platform\node_modules\jest-circus\build\run.js:316:40)
    at _runTest (C:\Users\xx005\Downloads\Collaboreum MVP Platform\node_modules\jest-circus\build\run.js:252:3)
    at _runTestsForDescribeBlock (C:\Users\xx005\Downloads\Collaboreum MVP Platform\node_modules\jest-circus\build\run.js:126:9)
    at _runTestsForDescribeBlock (C:\Users\xx005\Downloads\Collaboreum MVP Platform\node_modules\jest-circus\build\run.js:121:9)
    at run (C:\Users\xx005\Downloads\Collaboreum MVP Platform\node_modules\jest-circus\build\run.js:71:3)
    at runAndTransformResultsToJestFormat (C:\Users\xx005\Downloads\Collaboreum MVP Platform\node_modules\jest-circus\build\legacy-code-todo-rewrite\jestAdapterInit.js:122:21)
    at jestAdapter (C:\Users\xx005\Downloads\Collaboreum MVP Platform\node_modules\jest-circus\build\legacy-code-todo-rewrite\jestAdapter.js:79:19)
    at runTestInternal (C:\Users\xx005\Downloads\Collaboreum MVP Platform\node_modules\jest-runner\build\runTest.js:367:16)
    at runTest (C:\Users\xx005\Downloads\Collaboreum MVP Platform\node_modules\jest-runner\build\runTest.js:444:34)</failure>
    </testcase>
    <testcase classname="Select Component opens dropdown when clicked" name="Select Component opens dropdown when clicked" time="0.064">
      <failure>Error: `SelectItem` must be used within `SelectContent`
    at useContext2 (C:\Users\xx005\Downloads\Collaboreum MVP Platform\node_modules\@radix-ui\react-context\src\create-context.tsx:75:13)
    at C:\Users\xx005\Downloads\Collaboreum MVP Platform\node_modules\@radix-ui\react-select\src\select.tsx:1260:28
    at renderWithHooks (C:\Users\xx005\Downloads\Collaboreum MVP Platform\node_modules\react-dom\cjs\react-dom.development.js:15486:18)
    at updateForwardRef (C:\Users\xx005\Downloads\Collaboreum MVP Platform\node_modules\react-dom\cjs\react-dom.development.js:19245:20)
    at beginWork (C:\Users\xx005\Downloads\Collaboreum MVP Platform\node_modules\react-dom\cjs\react-dom.development.js:21675:16)
    at beginWork$1 (C:\Users\xx005\Downloads\Collaboreum MVP Platform\node_modules\react-dom\cjs\react-dom.development.js:27465:14)
    at performUnitOfWork (C:\Users\xx005\Downloads\Collaboreum MVP Platform\node_modules\react-dom\cjs\react-dom.development.js:26599:12)
    at workLoopSync (C:\Users\xx005\Downloads\Collaboreum MVP Platform\node_modules\react-dom\cjs\react-dom.development.js:26505:5)
    at renderRootSync (C:\Users\xx005\Downloads\Collaboreum MVP Platform\node_modules\react-dom\cjs\react-dom.development.js:26473:7)
    at recoverFromConcurrentError (C:\Users\xx005\Downloads\Collaboreum MVP Platform\node_modules\react-dom\cjs\react-dom.development.js:25889:20)
    at performConcurrentWorkOnRoot (C:\Users\xx005\Downloads\Collaboreum MVP Platform\node_modules\react-dom\cjs\react-dom.development.js:25789:22)
    at flushActQueue (C:\Users\xx005\Downloads\Collaboreum MVP Platform\node_modules\react\cjs\react.development.js:2667:24)
    at act (C:\Users\xx005\Downloads\Collaboreum MVP Platform\node_modules\react\cjs\react.development.js:2582:11)
    at C:\Users\xx005\Downloads\Collaboreum MVP Platform\node_modules\@testing-library\react\dist\act-compat.js:47:25
    at renderRoot (C:\Users\xx005\Downloads\Collaboreum MVP Platform\node_modules\@testing-library\react\dist\pure.js:190:26)
    at render (C:\Users\xx005\Downloads\Collaboreum MVP Platform\node_modules\@testing-library\react\dist\pure.js:292:10)
    at Object.&lt;anonymous&gt; (C:\Users\xx005\Downloads\Collaboreum MVP Platform\src\shared\ui\__tests__\Select.test.tsx:28:11)
    at Promise.then.completed (C:\Users\xx005\Downloads\Collaboreum MVP Platform\node_modules\jest-circus\build\utils.js:298:28)
    at new Promise (&lt;anonymous&gt;)
    at callAsyncCircusFn (C:\Users\xx005\Downloads\Collaboreum MVP Platform\node_modules\jest-circus\build\utils.js:231:10)
    at _callCircusTest (C:\Users\xx005\Downloads\Collaboreum MVP Platform\node_modules\jest-circus\build\run.js:316:40)
    at _runTest (C:\Users\xx005\Downloads\Collaboreum MVP Platform\node_modules\jest-circus\build\run.js:252:3)
    at _runTestsForDescribeBlock (C:\Users\xx005\Downloads\Collaboreum MVP Platform\node_modules\jest-circus\build\run.js:126:9)
    at _runTestsForDescribeBlock (C:\Users\xx005\Downloads\Collaboreum MVP Platform\node_modules\jest-circus\build\run.js:121:9)
    at run (C:\Users\xx005\Downloads\Collaboreum MVP Platform\node_modules\jest-circus\build\run.js:71:3)
    at runAndTransformResultsToJestFormat (C:\Users\xx005\Downloads\Collaboreum MVP Platform\node_modules\jest-circus\build\legacy-code-todo-rewrite\jestAdapterInit.js:122:21)
    at jestAdapter (C:\Users\xx005\Downloads\Collaboreum MVP Platform\node_modules\jest-circus\build\legacy-code-todo-rewrite\jestAdapter.js:79:19)
    at runTestInternal (C:\Users\xx005\Downloads\Collaboreum MVP Platform\node_modules\jest-runner\build\runTest.js:367:16)
    at runTest (C:\Users\xx005\Downloads\Collaboreum MVP Platform\node_modules\jest-runner\build\runTest.js:444:34)</failure>
    </testcase>
    <testcase classname="Select Component closes dropdown when option is selected" name="Select Component closes dropdown when option is selected" time="0.05">
      <failure>Error: `SelectItem` must be used within `SelectContent`
    at useContext2 (C:\Users\xx005\Downloads\Collaboreum MVP Platform\node_modules\@radix-ui\react-context\src\create-context.tsx:75:13)
    at C:\Users\xx005\Downloads\Collaboreum MVP Platform\node_modules\@radix-ui\react-select\src\select.tsx:1260:28
    at renderWithHooks (C:\Users\xx005\Downloads\Collaboreum MVP Platform\node_modules\react-dom\cjs\react-dom.development.js:15486:18)
    at updateForwardRef (C:\Users\xx005\Downloads\Collaboreum MVP Platform\node_modules\react-dom\cjs\react-dom.development.js:19245:20)
    at beginWork (C:\Users\xx005\Downloads\Collaboreum MVP Platform\node_modules\react-dom\cjs\react-dom.development.js:21675:16)
    at beginWork$1 (C:\Users\xx005\Downloads\Collaboreum MVP Platform\node_modules\react-dom\cjs\react-dom.development.js:27465:14)
    at performUnitOfWork (C:\Users\xx005\Downloads\Collaboreum MVP Platform\node_modules\react-dom\cjs\react-dom.development.js:26599:12)
    at workLoopSync (C:\Users\xx005\Downloads\Collaboreum MVP Platform\node_modules\react-dom\cjs\react-dom.development.js:26505:5)
    at renderRootSync (C:\Users\xx005\Downloads\Collaboreum MVP Platform\node_modules\react-dom\cjs\react-dom.development.js:26473:7)
    at recoverFromConcurrentError (C:\Users\xx005\Downloads\Collaboreum MVP Platform\node_modules\react-dom\cjs\react-dom.development.js:25889:20)
    at performConcurrentWorkOnRoot (C:\Users\xx005\Downloads\Collaboreum MVP Platform\node_modules\react-dom\cjs\react-dom.development.js:25789:22)
    at flushActQueue (C:\Users\xx005\Downloads\Collaboreum MVP Platform\node_modules\react\cjs\react.development.js:2667:24)
    at act (C:\Users\xx005\Downloads\Collaboreum MVP Platform\node_modules\react\cjs\react.development.js:2582:11)
    at C:\Users\xx005\Downloads\Collaboreum MVP Platform\node_modules\@testing-library\react\dist\act-compat.js:47:25
    at renderRoot (C:\Users\xx005\Downloads\Collaboreum MVP Platform\node_modules\@testing-library\react\dist\pure.js:190:26)
    at render (C:\Users\xx005\Downloads\Collaboreum MVP Platform\node_modules\@testing-library\react\dist\pure.js:292:10)
    at Object.&lt;anonymous&gt; (C:\Users\xx005\Downloads\Collaboreum MVP Platform\src\shared\ui\__tests__\Select.test.tsx:43:11)
    at Promise.then.completed (C:\Users\xx005\Downloads\Collaboreum MVP Platform\node_modules\jest-circus\build\utils.js:298:28)
    at new Promise (&lt;anonymous&gt;)
    at callAsyncCircusFn (C:\Users\xx005\Downloads\Collaboreum MVP Platform\node_modules\jest-circus\build\utils.js:231:10)
    at _callCircusTest (C:\Users\xx005\Downloads\Collaboreum MVP Platform\node_modules\jest-circus\build\run.js:316:40)
    at _runTest (C:\Users\xx005\Downloads\Collaboreum MVP Platform\node_modules\jest-circus\build\run.js:252:3)
    at _runTestsForDescribeBlock (C:\Users\xx005\Downloads\Collaboreum MVP Platform\node_modules\jest-circus\build\run.js:126:9)
    at _runTestsForDescribeBlock (C:\Users\xx005\Downloads\Collaboreum MVP Platform\node_modules\jest-circus\build\run.js:121:9)
    at run (C:\Users\xx005\Downloads\Collaboreum MVP Platform\node_modules\jest-circus\build\run.js:71:3)
    at runAndTransformResultsToJestFormat (C:\Users\xx005\Downloads\Collaboreum MVP Platform\node_modules\jest-circus\build\legacy-code-todo-rewrite\jestAdapterInit.js:122:21)
    at jestAdapter (C:\Users\xx005\Downloads\Collaboreum MVP Platform\node_modules\jest-circus\build\legacy-code-todo-rewrite\jestAdapter.js:79:19)
    at runTestInternal (C:\Users\xx005\Downloads\Collaboreum MVP Platform\node_modules\jest-runner\build\runTest.js:367:16)
    at runTest (C:\Users\xx005\Downloads\Collaboreum MVP Platform\node_modules\jest-runner\build\runTest.js:444:34)</failure>
    </testcase>
    <testcase classname="Select Component handles keyboard navigation" name="Select Component handles keyboard navigation" time="0.04">
      <failure>Error: `SelectItem` must be used within `SelectContent`
    at useContext2 (C:\Users\xx005\Downloads\Collaboreum MVP Platform\node_modules\@radix-ui\react-context\src\create-context.tsx:75:13)
    at C:\Users\xx005\Downloads\Collaboreum MVP Platform\node_modules\@radix-ui\react-select\src\select.tsx:1260:28
    at renderWithHooks (C:\Users\xx005\Downloads\Collaboreum MVP Platform\node_modules\react-dom\cjs\react-dom.development.js:15486:18)
    at updateForwardRef (C:\Users\xx005\Downloads\Collaboreum MVP Platform\node_modules\react-dom\cjs\react-dom.development.js:19245:20)
    at beginWork (C:\Users\xx005\Downloads\Collaboreum MVP Platform\node_modules\react-dom\cjs\react-dom.development.js:21675:16)
    at beginWork$1 (C:\Users\xx005\Downloads\Collaboreum MVP Platform\node_modules\react-dom\cjs\react-dom.development.js:27465:14)
    at performUnitOfWork (C:\Users\xx005\Downloads\Collaboreum MVP Platform\node_modules\react-dom\cjs\react-dom.development.js:26599:12)
    at workLoopSync (C:\Users\xx005\Downloads\Collaboreum MVP Platform\node_modules\react-dom\cjs\react-dom.development.js:26505:5)
    at renderRootSync (C:\Users\xx005\Downloads\Collaboreum MVP Platform\node_modules\react-dom\cjs\react-dom.development.js:26473:7)
    at recoverFromConcurrentError (C:\Users\xx005\Downloads\Collaboreum MVP Platform\node_modules\react-dom\cjs\react-dom.development.js:25889:20)
    at performConcurrentWorkOnRoot (C:\Users\xx005\Downloads\Collaboreum MVP Platform\node_modules\react-dom\cjs\react-dom.development.js:25789:22)
    at flushActQueue (C:\Users\xx005\Downloads\Collaboreum MVP Platform\node_modules\react\cjs\react.development.js:2667:24)
    at act (C:\Users\xx005\Downloads\Collaboreum MVP Platform\node_modules\react\cjs\react.development.js:2582:11)
    at C:\Users\xx005\Downloads\Collaboreum MVP Platform\node_modules\@testing-library\react\dist\act-compat.js:47:25
    at renderRoot (C:\Users\xx005\Downloads\Collaboreum MVP Platform\node_modules\@testing-library\react\dist\pure.js:190:26)
    at render (C:\Users\xx005\Downloads\Collaboreum MVP Platform\node_modules\@testing-library\react\dist\pure.js:292:10)
    at Object.&lt;anonymous&gt; (C:\Users\xx005\Downloads\Collaboreum MVP Platform\src\shared\ui\__tests__\Select.test.tsx:58:11)
    at Promise.then.completed (C:\Users\xx005\Downloads\Collaboreum MVP Platform\node_modules\jest-circus\build\utils.js:298:28)
    at new Promise (&lt;anonymous&gt;)
    at callAsyncCircusFn (C:\Users\xx005\Downloads\Collaboreum MVP Platform\node_modules\jest-circus\build\utils.js:231:10)
    at _callCircusTest (C:\Users\xx005\Downloads\Collaboreum MVP Platform\node_modules\jest-circus\build\run.js:316:40)
    at _runTest (C:\Users\xx005\Downloads\Collaboreum MVP Platform\node_modules\jest-circus\build\run.js:252:3)
    at _runTestsForDescribeBlock (C:\Users\xx005\Downloads\Collaboreum MVP Platform\node_modules\jest-circus\build\run.js:126:9)
    at _runTestsForDescribeBlock (C:\Users\xx005\Downloads\Collaboreum MVP Platform\node_modules\jest-circus\build\run.js:121:9)
    at run (C:\Users\xx005\Downloads\Collaboreum MVP Platform\node_modules\jest-circus\build\run.js:71:3)
    at runAndTransformResultsToJestFormat (C:\Users\xx005\Downloads\Collaboreum MVP Platform\node_modules\jest-circus\build\legacy-code-todo-rewrite\jestAdapterInit.js:122:21)
    at jestAdapter (C:\Users\xx005\Downloads\Collaboreum MVP Platform\node_modules\jest-circus\build\legacy-code-todo-rewrite\jestAdapter.js:79:19)
    at runTestInternal (C:\Users\xx005\Downloads\Collaboreum MVP Platform\node_modules\jest-runner\build\runTest.js:367:16)
    at runTest (C:\Users\xx005\Downloads\Collaboreum MVP Platform\node_modules\jest-runner\build\runTest.js:444:34)</failure>
    </testcase>
    <testcase classname="Select Component closes dropdown with Escape key" name="Select Component closes dropdown with Escape key" time="0.053">
      <failure>Error: `SelectItem` must be used within `SelectContent`
    at useContext2 (C:\Users\xx005\Downloads\Collaboreum MVP Platform\node_modules\@radix-ui\react-context\src\create-context.tsx:75:13)
    at C:\Users\xx005\Downloads\Collaboreum MVP Platform\node_modules\@radix-ui\react-select\src\select.tsx:1260:28
    at renderWithHooks (C:\Users\xx005\Downloads\Collaboreum MVP Platform\node_modules\react-dom\cjs\react-dom.development.js:15486:18)
    at updateForwardRef (C:\Users\xx005\Downloads\Collaboreum MVP Platform\node_modules\react-dom\cjs\react-dom.development.js:19245:20)
    at beginWork (C:\Users\xx005\Downloads\Collaboreum MVP Platform\node_modules\react-dom\cjs\react-dom.development.js:21675:16)
    at beginWork$1 (C:\Users\xx005\Downloads\Collaboreum MVP Platform\node_modules\react-dom\cjs\react-dom.development.js:27465:14)
    at performUnitOfWork (C:\Users\xx005\Downloads\Collaboreum MVP Platform\node_modules\react-dom\cjs\react-dom.development.js:26599:12)
    at workLoopSync (C:\Users\xx005\Downloads\Collaboreum MVP Platform\node_modules\react-dom\cjs\react-dom.development.js:26505:5)
    at renderRootSync (C:\Users\xx005\Downloads\Collaboreum MVP Platform\node_modules\react-dom\cjs\react-dom.development.js:26473:7)
    at recoverFromConcurrentError (C:\Users\xx005\Downloads\Collaboreum MVP Platform\node_modules\react-dom\cjs\react-dom.development.js:25889:20)
    at performConcurrentWorkOnRoot (C:\Users\xx005\Downloads\Collaboreum MVP Platform\node_modules\react-dom\cjs\react-dom.development.js:25789:22)
    at flushActQueue (C:\Users\xx005\Downloads\Collaboreum MVP Platform\node_modules\react\cjs\react.development.js:2667:24)
    at act (C:\Users\xx005\Downloads\Collaboreum MVP Platform\node_modules\react\cjs\react.development.js:2582:11)
    at C:\Users\xx005\Downloads\Collaboreum MVP Platform\node_modules\@testing-library\react\dist\act-compat.js:47:25
    at renderRoot (C:\Users\xx005\Downloads\Collaboreum MVP Platform\node_modules\@testing-library\react\dist\pure.js:190:26)
    at render (C:\Users\xx005\Downloads\Collaboreum MVP Platform\node_modules\@testing-library\react\dist\pure.js:292:10)
    at Object.&lt;anonymous&gt; (C:\Users\xx005\Downloads\Collaboreum MVP Platform\src\shared\ui\__tests__\Select.test.tsx:84:11)
    at Promise.then.completed (C:\Users\xx005\Downloads\Collaboreum MVP Platform\node_modules\jest-circus\build\utils.js:298:28)
    at new Promise (&lt;anonymous&gt;)
    at callAsyncCircusFn (C:\Users\xx005\Downloads\Collaboreum MVP Platform\node_modules\jest-circus\build\utils.js:231:10)
    at _callCircusTest (C:\Users\xx005\Downloads\Collaboreum MVP Platform\node_modules\jest-circus\build\run.js:316:40)
    at _runTest (C:\Users\xx005\Downloads\Collaboreum MVP Platform\node_modules\jest-circus\build\run.js:252:3)
    at _runTestsForDescribeBlock (C:\Users\xx005\Downloads\Collaboreum MVP Platform\node_modules\jest-circus\build\run.js:126:9)
    at _runTestsForDescribeBlock (C:\Users\xx005\Downloads\Collaboreum MVP Platform\node_modules\jest-circus\build\run.js:121:9)
    at run (C:\Users\xx005\Downloads\Collaboreum MVP Platform\node_modules\jest-circus\build\run.js:71:3)
    at runAndTransformResultsToJestFormat (C:\Users\xx005\Downloads\Collaboreum MVP Platform\node_modules\jest-circus\build\legacy-code-todo-rewrite\jestAdapterInit.js:122:21)
    at jestAdapter (C:\Users\xx005\Downloads\Collaboreum MVP Platform\node_modules\jest-circus\build\legacy-code-todo-rewrite\jestAdapter.js:79:19)
    at runTestInternal (C:\Users\xx005\Downloads\Collaboreum MVP Platform\node_modules\jest-runner\build\runTest.js:367:16)
    at runTest (C:\Users\xx005\Downloads\Collaboreum MVP Platform\node_modules\jest-runner\build\runTest.js:444:34)</failure>
    </testcase>
    <testcase classname="Select Component closes dropdown when clicking outside" name="Select Component closes dropdown when clicking outside" time="0.051">
      <failure>Error: `SelectItem` must be used within `SelectContent`
    at useContext2 (C:\Users\xx005\Downloads\Collaboreum MVP Platform\node_modules\@radix-ui\react-context\src\create-context.tsx:75:13)
    at C:\Users\xx005\Downloads\Collaboreum MVP Platform\node_modules\@radix-ui\react-select\src\select.tsx:1260:28
    at renderWithHooks (C:\Users\xx005\Downloads\Collaboreum MVP Platform\node_modules\react-dom\cjs\react-dom.development.js:15486:18)
    at updateForwardRef (C:\Users\xx005\Downloads\Collaboreum MVP Platform\node_modules\react-dom\cjs\react-dom.development.js:19245:20)
    at beginWork (C:\Users\xx005\Downloads\Collaboreum MVP Platform\node_modules\react-dom\cjs\react-dom.development.js:21675:16)
    at beginWork$1 (C:\Users\xx005\Downloads\Collaboreum MVP Platform\node_modules\react-dom\cjs\react-dom.development.js:27465:14)
    at performUnitOfWork (C:\Users\xx005\Downloads\Collaboreum MVP Platform\node_modules\react-dom\cjs\react-dom.development.js:26599:12)
    at workLoopSync (C:\Users\xx005\Downloads\Collaboreum MVP Platform\node_modules\react-dom\cjs\react-dom.development.js:26505:5)
    at renderRootSync (C:\Users\xx005\Downloads\Collaboreum MVP Platform\node_modules\react-dom\cjs\react-dom.development.js:26473:7)
    at recoverFromConcurrentError (C:\Users\xx005\Downloads\Collaboreum MVP Platform\node_modules\react-dom\cjs\react-dom.development.js:25889:20)
    at performConcurrentWorkOnRoot (C:\Users\xx005\Downloads\Collaboreum MVP Platform\node_modules\react-dom\cjs\react-dom.development.js:25789:22)
    at flushActQueue (C:\Users\xx005\Downloads\Collaboreum MVP Platform\node_modules\react\cjs\react.development.js:2667:24)
    at act (C:\Users\xx005\Downloads\Collaboreum MVP Platform\node_modules\react\cjs\react.development.js:2582:11)
    at C:\Users\xx005\Downloads\Collaboreum MVP Platform\node_modules\@testing-library\react\dist\act-compat.js:47:25
    at renderRoot (C:\Users\xx005\Downloads\Collaboreum MVP Platform\node_modules\@testing-library\react\dist\pure.js:190:26)
    at render (C:\Users\xx005\Downloads\Collaboreum MVP Platform\node_modules\@testing-library\react\dist\pure.js:292:10)
    at Object.&lt;anonymous&gt; (C:\Users\xx005\Downloads\Collaboreum MVP Platform\src\shared\ui\__tests__\Select.test.tsx:97:11)
    at Promise.then.completed (C:\Users\xx005\Downloads\Collaboreum MVP Platform\node_modules\jest-circus\build\utils.js:298:28)
    at new Promise (&lt;anonymous&gt;)
    at callAsyncCircusFn (C:\Users\xx005\Downloads\Collaboreum MVP Platform\node_modules\jest-circus\build\utils.js:231:10)
    at _callCircusTest (C:\Users\xx005\Downloads\Collaboreum MVP Platform\node_modules\jest-circus\build\run.js:316:40)
    at _runTest (C:\Users\xx005\Downloads\Collaboreum MVP Platform\node_modules\jest-circus\build\run.js:252:3)
    at _runTestsForDescribeBlock (C:\Users\xx005\Downloads\Collaboreum MVP Platform\node_modules\jest-circus\build\run.js:126:9)
    at _runTestsForDescribeBlock (C:\Users\xx005\Downloads\Collaboreum MVP Platform\node_modules\jest-circus\build\run.js:121:9)
    at run (C:\Users\xx005\Downloads\Collaboreum MVP Platform\node_modules\jest-circus\build\run.js:71:3)
    at runAndTransformResultsToJestFormat (C:\Users\xx005\Downloads\Collaboreum MVP Platform\node_modules\jest-circus\build\legacy-code-todo-rewrite\jestAdapterInit.js:122:21)
    at jestAdapter (C:\Users\xx005\Downloads\Collaboreum MVP Platform\node_modules\jest-circus\build\legacy-code-todo-rewrite\jestAdapter.js:79:19)
    at runTestInternal (C:\Users\xx005\Downloads\Collaboreum MVP Platform\node_modules\jest-runner\build\runTest.js:367:16)
    at runTest (C:\Users\xx005\Downloads\Collaboreum MVP Platform\node_modules\jest-runner\build\runTest.js:444:34)</failure>
    </testcase>
    <testcase classname="Select Component displays selected value correctly" name="Select Component displays selected value correctly" time="0.056">
      <failure>Error: `SelectItem` must be used within `SelectContent`
    at useContext2 (C:\Users\xx005\Downloads\Collaboreum MVP Platform\node_modules\@radix-ui\react-context\src\create-context.tsx:75:13)
    at C:\Users\xx005\Downloads\Collaboreum MVP Platform\node_modules\@radix-ui\react-select\src\select.tsx:1260:28
    at renderWithHooks (C:\Users\xx005\Downloads\Collaboreum MVP Platform\node_modules\react-dom\cjs\react-dom.development.js:15486:18)
    at updateForwardRef (C:\Users\xx005\Downloads\Collaboreum MVP Platform\node_modules\react-dom\cjs\react-dom.development.js:19245:20)
    at beginWork (C:\Users\xx005\Downloads\Collaboreum MVP Platform\node_modules\react-dom\cjs\react-dom.development.js:21675:16)
    at beginWork$1 (C:\Users\xx005\Downloads\Collaboreum MVP Platform\node_modules\react-dom\cjs\react-dom.development.js:27465:14)
    at performUnitOfWork (C:\Users\xx005\Downloads\Collaboreum MVP Platform\node_modules\react-dom\cjs\react-dom.development.js:26599:12)
    at workLoopSync (C:\Users\xx005\Downloads\Collaboreum MVP Platform\node_modules\react-dom\cjs\react-dom.development.js:26505:5)
    at renderRootSync (C:\Users\xx005\Downloads\Collaboreum MVP Platform\node_modules\react-dom\cjs\react-dom.development.js:26473:7)
    at recoverFromConcurrentError (C:\Users\xx005\Downloads\Collaboreum MVP Platform\node_modules\react-dom\cjs\react-dom.development.js:25889:20)
    at performConcurrentWorkOnRoot (C:\Users\xx005\Downloads\Collaboreum MVP Platform\node_modules\react-dom\cjs\react-dom.development.js:25789:22)
    at flushActQueue (C:\Users\xx005\Downloads\Collaboreum MVP Platform\node_modules\react\cjs\react.development.js:2667:24)
    at act (C:\Users\xx005\Downloads\Collaboreum MVP Platform\node_modules\react\cjs\react.development.js:2582:11)
    at C:\Users\xx005\Downloads\Collaboreum MVP Platform\node_modules\@testing-library\react\dist\act-compat.js:47:25
    at renderRoot (C:\Users\xx005\Downloads\Collaboreum MVP Platform\node_modules\@testing-library\react\dist\pure.js:190:26)
    at render (C:\Users\xx005\Downloads\Collaboreum MVP Platform\node_modules\@testing-library\react\dist\pure.js:292:10)
    at Object.&lt;anonymous&gt; (C:\Users\xx005\Downloads\Collaboreum MVP Platform\src\shared\ui\__tests__\Select.test.tsx:116:11)
    at Promise.then.completed (C:\Users\xx005\Downloads\Collaboreum MVP Platform\node_modules\jest-circus\build\utils.js:298:28)
    at new Promise (&lt;anonymous&gt;)
    at callAsyncCircusFn (C:\Users\xx005\Downloads\Collaboreum MVP Platform\node_modules\jest-circus\build\utils.js:231:10)
    at _callCircusTest (C:\Users\xx005\Downloads\Collaboreum MVP Platform\node_modules\jest-circus\build\run.js:316:40)
    at _runTest (C:\Users\xx005\Downloads\Collaboreum MVP Platform\node_modules\jest-circus\build\run.js:252:3)
    at _runTestsForDescribeBlock (C:\Users\xx005\Downloads\Collaboreum MVP Platform\node_modules\jest-circus\build\run.js:126:9)
    at _runTestsForDescribeBlock (C:\Users\xx005\Downloads\Collaboreum MVP Platform\node_modules\jest-circus\build\run.js:121:9)
    at run (C:\Users\xx005\Downloads\Collaboreum MVP Platform\node_modules\jest-circus\build\run.js:71:3)
    at runAndTransformResultsToJestFormat (C:\Users\xx005\Downloads\Collaboreum MVP Platform\node_modules\jest-circus\build\legacy-code-todo-rewrite\jestAdapterInit.js:122:21)
    at jestAdapter (C:\Users\xx005\Downloads\Collaboreum MVP Platform\node_modules\jest-circus\build\legacy-code-todo-rewrite\jestAdapter.js:79:19)
    at runTestInternal (C:\Users\xx005\Downloads\Collaboreum MVP Platform\node_modules\jest-runner\build\runTest.js:367:16)
    at runTest (C:\Users\xx005\Downloads\Collaboreum MVP Platform\node_modules\jest-runner\build\runTest.js:444:34)</failure>
    </testcase>
    <testcase classname="Select Component shows checkmark for selected item" name="Select Component shows checkmark for selected item" time="0.025">
      <failure>Error: `SelectItem` must be used within `SelectContent`
    at useContext2 (C:\Users\xx005\Downloads\Collaboreum MVP Platform\node_modules\@radix-ui\react-context\src\create-context.tsx:75:13)
    at C:\Users\xx005\Downloads\Collaboreum MVP Platform\node_modules\@radix-ui\react-select\src\select.tsx:1260:28
    at renderWithHooks (C:\Users\xx005\Downloads\Collaboreum MVP Platform\node_modules\react-dom\cjs\react-dom.development.js:15486:18)
    at updateForwardRef (C:\Users\xx005\Downloads\Collaboreum MVP Platform\node_modules\react-dom\cjs\react-dom.development.js:19245:20)
    at beginWork (C:\Users\xx005\Downloads\Collaboreum MVP Platform\node_modules\react-dom\cjs\react-dom.development.js:21675:16)
    at beginWork$1 (C:\Users\xx005\Downloads\Collaboreum MVP Platform\node_modules\react-dom\cjs\react-dom.development.js:27465:14)
    at performUnitOfWork (C:\Users\xx005\Downloads\Collaboreum MVP Platform\node_modules\react-dom\cjs\react-dom.development.js:26599:12)
    at workLoopSync (C:\Users\xx005\Downloads\Collaboreum MVP Platform\node_modules\react-dom\cjs\react-dom.development.js:26505:5)
    at renderRootSync (C:\Users\xx005\Downloads\Collaboreum MVP Platform\node_modules\react-dom\cjs\react-dom.development.js:26473:7)
    at recoverFromConcurrentError (C:\Users\xx005\Downloads\Collaboreum MVP Platform\node_modules\react-dom\cjs\react-dom.development.js:25889:20)
    at performConcurrentWorkOnRoot (C:\Users\xx005\Downloads\Collaboreum MVP Platform\node_modules\react-dom\cjs\react-dom.development.js:25789:22)
    at flushActQueue (C:\Users\xx005\Downloads\Collaboreum MVP Platform\node_modules\react\cjs\react.development.js:2667:24)
    at act (C:\Users\xx005\Downloads\Collaboreum MVP Platform\node_modules\react\cjs\react.development.js:2582:11)
    at C:\Users\xx005\Downloads\Collaboreum MVP Platform\node_modules\@testing-library\react\dist\act-compat.js:47:25
    at renderRoot (C:\Users\xx005\Downloads\Collaboreum MVP Platform\node_modules\@testing-library\react\dist\pure.js:190:26)
    at render (C:\Users\xx005\Downloads\Collaboreum MVP Platform\node_modules\@testing-library\react\dist\pure.js:292:10)
    at Object.&lt;anonymous&gt; (C:\Users\xx005\Downloads\Collaboreum MVP Platform\src\shared\ui\__tests__\Select.test.tsx:122:11)
    at Promise.then.completed (C:\Users\xx005\Downloads\Collaboreum MVP Platform\node_modules\jest-circus\build\utils.js:298:28)
    at new Promise (&lt;anonymous&gt;)
    at callAsyncCircusFn (C:\Users\xx005\Downloads\Collaboreum MVP Platform\node_modules\jest-circus\build\utils.js:231:10)
    at _callCircusTest (C:\Users\xx005\Downloads\Collaboreum MVP Platform\node_modules\jest-circus\build\run.js:316:40)
    at _runTest (C:\Users\xx005\Downloads\Collaboreum MVP Platform\node_modules\jest-circus\build\run.js:252:3)
    at _runTestsForDescribeBlock (C:\Users\xx005\Downloads\Collaboreum MVP Platform\node_modules\jest-circus\build\run.js:126:9)
    at _runTestsForDescribeBlock (C:\Users\xx005\Downloads\Collaboreum MVP Platform\node_modules\jest-circus\build\run.js:121:9)
    at run (C:\Users\xx005\Downloads\Collaboreum MVP Platform\node_modules\jest-circus\build\run.js:71:3)
    at runAndTransformResultsToJestFormat (C:\Users\xx005\Downloads\Collaboreum MVP Platform\node_modules\jest-circus\build\legacy-code-todo-rewrite\jestAdapterInit.js:122:21)
    at jestAdapter (C:\Users\xx005\Downloads\Collaboreum MVP Platform\node_modules\jest-circus\build\legacy-code-todo-rewrite\jestAdapter.js:79:19)
    at runTestInternal (C:\Users\xx005\Downloads\Collaboreum MVP Platform\node_modules\jest-runner\build\runTest.js:367:16)
    at runTest (C:\Users\xx005\Downloads\Collaboreum MVP Platform\node_modules\jest-runner\build\runTest.js:444:34)</failure>
    </testcase>
    <testcase classname="Select Component is disabled when disabled prop is true" name="Select Component is disabled when disabled prop is true" time="0.033">
      <failure>Error: `SelectItem` must be used within `SelectContent`
    at useContext2 (C:\Users\xx005\Downloads\Collaboreum MVP Platform\node_modules\@radix-ui\react-context\src\create-context.tsx:75:13)
    at C:\Users\xx005\Downloads\Collaboreum MVP Platform\node_modules\@radix-ui\react-select\src\select.tsx:1260:28
    at renderWithHooks (C:\Users\xx005\Downloads\Collaboreum MVP Platform\node_modules\react-dom\cjs\react-dom.development.js:15486:18)
    at updateForwardRef (C:\Users\xx005\Downloads\Collaboreum MVP Platform\node_modules\react-dom\cjs\react-dom.development.js:19245:20)
    at beginWork (C:\Users\xx005\Downloads\Collaboreum MVP Platform\node_modules\react-dom\cjs\react-dom.development.js:21675:16)
    at beginWork$1 (C:\Users\xx005\Downloads\Collaboreum MVP Platform\node_modules\react-dom\cjs\react-dom.development.js:27465:14)
    at performUnitOfWork (C:\Users\xx005\Downloads\Collaboreum MVP Platform\node_modules\react-dom\cjs\react-dom.development.js:26599:12)
    at workLoopSync (C:\Users\xx005\Downloads\Collaboreum MVP Platform\node_modules\react-dom\cjs\react-dom.development.js:26505:5)
    at renderRootSync (C:\Users\xx005\Downloads\Collaboreum MVP Platform\node_modules\react-dom\cjs\react-dom.development.js:26473:7)
    at recoverFromConcurrentError (C:\Users\xx005\Downloads\Collaboreum MVP Platform\node_modules\react-dom\cjs\react-dom.development.js:25889:20)
    at performConcurrentWorkOnRoot (C:\Users\xx005\Downloads\Collaboreum MVP Platform\node_modules\react-dom\cjs\react-dom.development.js:25789:22)
    at flushActQueue (C:\Users\xx005\Downloads\Collaboreum MVP Platform\node_modules\react\cjs\react.development.js:2667:24)
    at act (C:\Users\xx005\Downloads\Collaboreum MVP Platform\node_modules\react\cjs\react.development.js:2582:11)
    at C:\Users\xx005\Downloads\Collaboreum MVP Platform\node_modules\@testing-library\react\dist\act-compat.js:47:25
    at renderRoot (C:\Users\xx005\Downloads\Collaboreum MVP Platform\node_modules\@testing-library\react\dist\pure.js:190:26)
    at render (C:\Users\xx005\Downloads\Collaboreum MVP Platform\node_modules\@testing-library\react\dist\pure.js:292:10)
    at Object.&lt;anonymous&gt; (C:\Users\xx005\Downloads\Collaboreum MVP Platform\src\shared\ui\__tests__\Select.test.tsx:134:11)
    at Promise.then.completed (C:\Users\xx005\Downloads\Collaboreum MVP Platform\node_modules\jest-circus\build\utils.js:298:28)
    at new Promise (&lt;anonymous&gt;)
    at callAsyncCircusFn (C:\Users\xx005\Downloads\Collaboreum MVP Platform\node_modules\jest-circus\build\utils.js:231:10)
    at _callCircusTest (C:\Users\xx005\Downloads\Collaboreum MVP Platform\node_modules\jest-circus\build\run.js:316:40)
    at _runTest (C:\Users\xx005\Downloads\Collaboreum MVP Platform\node_modules\jest-circus\build\run.js:252:3)
    at _runTestsForDescribeBlock (C:\Users\xx005\Downloads\Collaboreum MVP Platform\node_modules\jest-circus\build\run.js:126:9)
    at _runTestsForDescribeBlock (C:\Users\xx005\Downloads\Collaboreum MVP Platform\node_modules\jest-circus\build\run.js:121:9)
    at run (C:\Users\xx005\Downloads\Collaboreum MVP Platform\node_modules\jest-circus\build\run.js:71:3)
    at runAndTransformResultsToJestFormat (C:\Users\xx005\Downloads\Collaboreum MVP Platform\node_modules\jest-circus\build\legacy-code-todo-rewrite\jestAdapterInit.js:122:21)
    at jestAdapter (C:\Users\xx005\Downloads\Collaboreum MVP Platform\node_modules\jest-circus\build\legacy-code-todo-rewrite\jestAdapter.js:79:19)
    at runTestInternal (C:\Users\xx005\Downloads\Collaboreum MVP Platform\node_modules\jest-runner\build\runTest.js:367:16)
    at runTest (C:\Users\xx005\Downloads\Collaboreum MVP Platform\node_modules\jest-runner\build\runTest.js:444:34)</failure>
    </testcase>
    <testcase classname="Select Component applies correct size variants" name="Select Component applies correct size variants" time="0.036">
      <failure>Error: `SelectItem` must be used within `SelectContent`
    at useContext2 (C:\Users\xx005\Downloads\Collaboreum MVP Platform\node_modules\@radix-ui\react-context\src\create-context.tsx:75:13)
    at C:\Users\xx005\Downloads\Collaboreum MVP Platform\node_modules\@radix-ui\react-select\src\select.tsx:1260:28
    at renderWithHooks (C:\Users\xx005\Downloads\Collaboreum MVP Platform\node_modules\react-dom\cjs\react-dom.development.js:15486:18)
    at updateForwardRef (C:\Users\xx005\Downloads\Collaboreum MVP Platform\node_modules\react-dom\cjs\react-dom.development.js:19245:20)
    at beginWork (C:\Users\xx005\Downloads\Collaboreum MVP Platform\node_modules\react-dom\cjs\react-dom.development.js:21675:16)
    at beginWork$1 (C:\Users\xx005\Downloads\Collaboreum MVP Platform\node_modules\react-dom\cjs\react-dom.development.js:27465:14)
    at performUnitOfWork (C:\Users\xx005\Downloads\Collaboreum MVP Platform\node_modules\react-dom\cjs\react-dom.development.js:26599:12)
    at workLoopSync (C:\Users\xx005\Downloads\Collaboreum MVP Platform\node_modules\react-dom\cjs\react-dom.development.js:26505:5)
    at renderRootSync (C:\Users\xx005\Downloads\Collaboreum MVP Platform\node_modules\react-dom\cjs\react-dom.development.js:26473:7)
    at recoverFromConcurrentError (C:\Users\xx005\Downloads\Collaboreum MVP Platform\node_modules\react-dom\cjs\react-dom.development.js:25889:20)
    at performConcurrentWorkOnRoot (C:\Users\xx005\Downloads\Collaboreum MVP Platform\node_modules\react-dom\cjs\react-dom.development.js:25789:22)
    at flushActQueue (C:\Users\xx005\Downloads\Collaboreum MVP Platform\node_modules\react\cjs\react.development.js:2667:24)
    at act (C:\Users\xx005\Downloads\Collaboreum MVP Platform\node_modules\react\cjs\react.development.js:2582:11)
    at C:\Users\xx005\Downloads\Collaboreum MVP Platform\node_modules\@testing-library\react\dist\act-compat.js:47:25
    at renderRoot (C:\Users\xx005\Downloads\Collaboreum MVP Platform\node_modules\@testing-library\react\dist\pure.js:190:26)
    at render (C:\Users\xx005\Downloads\Collaboreum MVP Platform\node_modules\@testing-library\react\dist\pure.js:292:10)
    at Object.&lt;anonymous&gt; (C:\Users\xx005\Downloads\Collaboreum MVP Platform\src\shared\ui\__tests__\Select.test.tsx:140:32)
    at Promise.then.completed (C:\Users\xx005\Downloads\Collaboreum MVP Platform\node_modules\jest-circus\build\utils.js:298:28)
    at new Promise (&lt;anonymous&gt;)
    at callAsyncCircusFn (C:\Users\xx005\Downloads\Collaboreum MVP Platform\node_modules\jest-circus\build\utils.js:231:10)
    at _callCircusTest (C:\Users\xx005\Downloads\Collaboreum MVP Platform\node_modules\jest-circus\build\run.js:316:40)
    at _runTest (C:\Users\xx005\Downloads\Collaboreum MVP Platform\node_modules\jest-circus\build\run.js:252:3)
    at _runTestsForDescribeBlock (C:\Users\xx005\Downloads\Collaboreum MVP Platform\node_modules\jest-circus\build\run.js:126:9)
    at _runTestsForDescribeBlock (C:\Users\xx005\Downloads\Collaboreum MVP Platform\node_modules\jest-circus\build\run.js:121:9)
    at run (C:\Users\xx005\Downloads\Collaboreum MVP Platform\node_modules\jest-circus\build\run.js:71:3)
    at runAndTransformResultsToJestFormat (C:\Users\xx005\Downloads\Collaboreum MVP Platform\node_modules\jest-circus\build\legacy-code-todo-rewrite\jestAdapterInit.js:122:21)
    at jestAdapter (C:\Users\xx005\Downloads\Collaboreum MVP Platform\node_modules\jest-circus\build\legacy-code-todo-rewrite\jestAdapter.js:79:19)
    at runTestInternal (C:\Users\xx005\Downloads\Collaboreum MVP Platform\node_modules\jest-runner\build\runTest.js:367:16)
    at runTest (C:\Users\xx005\Downloads\Collaboreum MVP Platform\node_modules\jest-runner\build\runTest.js:444:34)</failure>
    </testcase>
    <testcase classname="Select Component applies correct tone variants" name="Select Component applies correct tone variants" time="0.032">
      <failure>Error: `SelectItem` must be used within `SelectContent`
    at useContext2 (C:\Users\xx005\Downloads\Collaboreum MVP Platform\node_modules\@radix-ui\react-context\src\create-context.tsx:75:13)
    at C:\Users\xx005\Downloads\Collaboreum MVP Platform\node_modules\@radix-ui\react-select\src\select.tsx:1260:28
    at renderWithHooks (C:\Users\xx005\Downloads\Collaboreum MVP Platform\node_modules\react-dom\cjs\react-dom.development.js:15486:18)
    at updateForwardRef (C:\Users\xx005\Downloads\Collaboreum MVP Platform\node_modules\react-dom\cjs\react-dom.development.js:19245:20)
    at beginWork (C:\Users\xx005\Downloads\Collaboreum MVP Platform\node_modules\react-dom\cjs\react-dom.development.js:21675:16)
    at beginWork$1 (C:\Users\xx005\Downloads\Collaboreum MVP Platform\node_modules\react-dom\cjs\react-dom.development.js:27465:14)
    at performUnitOfWork (C:\Users\xx005\Downloads\Collaboreum MVP Platform\node_modules\react-dom\cjs\react-dom.development.js:26599:12)
    at workLoopSync (C:\Users\xx005\Downloads\Collaboreum MVP Platform\node_modules\react-dom\cjs\react-dom.development.js:26505:5)
    at renderRootSync (C:\Users\xx005\Downloads\Collaboreum MVP Platform\node_modules\react-dom\cjs\react-dom.development.js:26473:7)
    at recoverFromConcurrentError (C:\Users\xx005\Downloads\Collaboreum MVP Platform\node_modules\react-dom\cjs\react-dom.development.js:25889:20)
    at performConcurrentWorkOnRoot (C:\Users\xx005\Downloads\Collaboreum MVP Platform\node_modules\react-dom\cjs\react-dom.development.js:25789:22)
    at flushActQueue (C:\Users\xx005\Downloads\Collaboreum MVP Platform\node_modules\react\cjs\react.development.js:2667:24)
    at act (C:\Users\xx005\Downloads\Collaboreum MVP Platform\node_modules\react\cjs\react.development.js:2582:11)
    at C:\Users\xx005\Downloads\Collaboreum MVP Platform\node_modules\@testing-library\react\dist\act-compat.js:47:25
    at renderRoot (C:\Users\xx005\Downloads\Collaboreum MVP Platform\node_modules\@testing-library\react\dist\pure.js:190:26)
    at render (C:\Users\xx005\Downloads\Collaboreum MVP Platform\node_modules\@testing-library\react\dist\pure.js:292:10)
    at Object.&lt;anonymous&gt; (C:\Users\xx005\Downloads\Collaboreum MVP Platform\src\shared\ui\__tests__\Select.test.tsx:150:32)
    at Promise.then.completed (C:\Users\xx005\Downloads\Collaboreum MVP Platform\node_modules\jest-circus\build\utils.js:298:28)
    at new Promise (&lt;anonymous&gt;)
    at callAsyncCircusFn (C:\Users\xx005\Downloads\Collaboreum MVP Platform\node_modules\jest-circus\build\utils.js:231:10)
    at _callCircusTest (C:\Users\xx005\Downloads\Collaboreum MVP Platform\node_modules\jest-circus\build\run.js:316:40)
    at _runTest (C:\Users\xx005\Downloads\Collaboreum MVP Platform\node_modules\jest-circus\build\run.js:252:3)
    at _runTestsForDescribeBlock (C:\Users\xx005\Downloads\Collaboreum MVP Platform\node_modules\jest-circus\build\run.js:126:9)
    at _runTestsForDescribeBlock (C:\Users\xx005\Downloads\Collaboreum MVP Platform\node_modules\jest-circus\build\run.js:121:9)
    at run (C:\Users\xx005\Downloads\Collaboreum MVP Platform\node_modules\jest-circus\build\run.js:71:3)
    at runAndTransformResultsToJestFormat (C:\Users\xx005\Downloads\Collaboreum MVP Platform\node_modules\jest-circus\build\legacy-code-todo-rewrite\jestAdapterInit.js:122:21)
    at jestAdapter (C:\Users\xx005\Downloads\Collaboreum MVP Platform\node_modules\jest-circus\build\legacy-code-todo-rewrite\jestAdapter.js:79:19)
    at runTestInternal (C:\Users\xx005\Downloads\Collaboreum MVP Platform\node_modules\jest-runner\build\runTest.js:367:16)
    at runTest (C:\Users\xx005\Downloads\Collaboreum MVP Platform\node_modules\jest-runner\build\runTest.js:444:34)</failure>
    </testcase>
    <testcase classname="Select Component has no accessibility violations" name="Select Component has no accessibility violations" time="0.025">
      <failure>Error: `SelectItem` must be used within `SelectContent`
    at useContext2 (C:\Users\xx005\Downloads\Collaboreum MVP Platform\node_modules\@radix-ui\react-context\src\create-context.tsx:75:13)
    at C:\Users\xx005\Downloads\Collaboreum MVP Platform\node_modules\@radix-ui\react-select\src\select.tsx:1260:28
    at renderWithHooks (C:\Users\xx005\Downloads\Collaboreum MVP Platform\node_modules\react-dom\cjs\react-dom.development.js:15486:18)
    at updateForwardRef (C:\Users\xx005\Downloads\Collaboreum MVP Platform\node_modules\react-dom\cjs\react-dom.development.js:19245:20)
    at beginWork (C:\Users\xx005\Downloads\Collaboreum MVP Platform\node_modules\react-dom\cjs\react-dom.development.js:21675:16)
    at beginWork$1 (C:\Users\xx005\Downloads\Collaboreum MVP Platform\node_modules\react-dom\cjs\react-dom.development.js:27465:14)
    at performUnitOfWork (C:\Users\xx005\Downloads\Collaboreum MVP Platform\node_modules\react-dom\cjs\react-dom.development.js:26599:12)
    at workLoopSync (C:\Users\xx005\Downloads\Collaboreum MVP Platform\node_modules\react-dom\cjs\react-dom.development.js:26505:5)
    at renderRootSync (C:\Users\xx005\Downloads\Collaboreum MVP Platform\node_modules\react-dom\cjs\react-dom.development.js:26473:7)
    at recoverFromConcurrentError (C:\Users\xx005\Downloads\Collaboreum MVP Platform\node_modules\react-dom\cjs\react-dom.development.js:25889:20)
    at performConcurrentWorkOnRoot (C:\Users\xx005\Downloads\Collaboreum MVP Platform\node_modules\react-dom\cjs\react-dom.development.js:25789:22)
    at flushActQueue (C:\Users\xx005\Downloads\Collaboreum MVP Platform\node_modules\react\cjs\react.development.js:2667:24)
    at act (C:\Users\xx005\Downloads\Collaboreum MVP Platform\node_modules\react\cjs\react.development.js:2582:11)
    at C:\Users\xx005\Downloads\Collaboreum MVP Platform\node_modules\@testing-library\react\dist\act-compat.js:47:25
    at renderRoot (C:\Users\xx005\Downloads\Collaboreum MVP Platform\node_modules\@testing-library\react\dist\pure.js:190:26)
    at render (C:\Users\xx005\Downloads\Collaboreum MVP Platform\node_modules\@testing-library\react\dist\pure.js:292:10)
    at Object.&lt;anonymous&gt; (C:\Users\xx005\Downloads\Collaboreum MVP Platform\src\shared\ui\__tests__\Select.test.tsx:160:33)
    at Promise.then.completed (C:\Users\xx005\Downloads\Collaboreum MVP Platform\node_modules\jest-circus\build\utils.js:298:28)
    at new Promise (&lt;anonymous&gt;)
    at callAsyncCircusFn (C:\Users\xx005\Downloads\Collaboreum MVP Platform\node_modules\jest-circus\build\utils.js:231:10)
    at _callCircusTest (C:\Users\xx005\Downloads\Collaboreum MVP Platform\node_modules\jest-circus\build\run.js:316:40)
    at _runTest (C:\Users\xx005\Downloads\Collaboreum MVP Platform\node_modules\jest-circus\build\run.js:252:3)
    at _runTestsForDescribeBlock (C:\Users\xx005\Downloads\Collaboreum MVP Platform\node_modules\jest-circus\build\run.js:126:9)
    at _runTestsForDescribeBlock (C:\Users\xx005\Downloads\Collaboreum MVP Platform\node_modules\jest-circus\build\run.js:121:9)
    at run (C:\Users\xx005\Downloads\Collaboreum MVP Platform\node_modules\jest-circus\build\run.js:71:3)
    at runAndTransformResultsToJestFormat (C:\Users\xx005\Downloads\Collaboreum MVP Platform\node_modules\jest-circus\build\legacy-code-todo-rewrite\jestAdapterInit.js:122:21)
    at jestAdapter (C:\Users\xx005\Downloads\Collaboreum MVP Platform\node_modules\jest-circus\build\legacy-code-todo-rewrite\jestAdapter.js:79:19)
    at runTestInternal (C:\Users\xx005\Downloads\Collaboreum MVP Platform\node_modules\jest-runner\build\runTest.js:367:16)
    at runTest (C:\Users\xx005\Downloads\Collaboreum MVP Platform\node_modules\jest-runner\build\runTest.js:444:34)</failure>
    </testcase>
    <testcase classname="Select Component has proper ARIA attributes" name="Select Component has proper ARIA attributes" time="0.063">
      <failure>Error: `SelectItem` must be used within `SelectContent`
    at useContext2 (C:\Users\xx005\Downloads\Collaboreum MVP Platform\node_modules\@radix-ui\react-context\src\create-context.tsx:75:13)
    at C:\Users\xx005\Downloads\Collaboreum MVP Platform\node_modules\@radix-ui\react-select\src\select.tsx:1260:28
    at renderWithHooks (C:\Users\xx005\Downloads\Collaboreum MVP Platform\node_modules\react-dom\cjs\react-dom.development.js:15486:18)
    at updateForwardRef (C:\Users\xx005\Downloads\Collaboreum MVP Platform\node_modules\react-dom\cjs\react-dom.development.js:19245:20)
    at beginWork (C:\Users\xx005\Downloads\Collaboreum MVP Platform\node_modules\react-dom\cjs\react-dom.development.js:21675:16)
    at beginWork$1 (C:\Users\xx005\Downloads\Collaboreum MVP Platform\node_modules\react-dom\cjs\react-dom.development.js:27465:14)
    at performUnitOfWork (C:\Users\xx005\Downloads\Collaboreum MVP Platform\node_modules\react-dom\cjs\react-dom.development.js:26599:12)
    at workLoopSync (C:\Users\xx005\Downloads\Collaboreum MVP Platform\node_modules\react-dom\cjs\react-dom.development.js:26505:5)
    at renderRootSync (C:\Users\xx005\Downloads\Collaboreum MVP Platform\node_modules\react-dom\cjs\react-dom.development.js:26473:7)
    at recoverFromConcurrentError (C:\Users\xx005\Downloads\Collaboreum MVP Platform\node_modules\react-dom\cjs\react-dom.development.js:25889:20)
    at performConcurrentWorkOnRoot (C:\Users\xx005\Downloads\Collaboreum MVP Platform\node_modules\react-dom\cjs\react-dom.development.js:25789:22)
    at flushActQueue (C:\Users\xx005\Downloads\Collaboreum MVP Platform\node_modules\react\cjs\react.development.js:2667:24)
    at act (C:\Users\xx005\Downloads\Collaboreum MVP Platform\node_modules\react\cjs\react.development.js:2582:11)
    at C:\Users\xx005\Downloads\Collaboreum MVP Platform\node_modules\@testing-library\react\dist\act-compat.js:47:25
    at renderRoot (C:\Users\xx005\Downloads\Collaboreum MVP Platform\node_modules\@testing-library\react\dist\pure.js:190:26)
    at render (C:\Users\xx005\Downloads\Collaboreum MVP Platform\node_modules\@testing-library\react\dist\pure.js:292:10)
    at Object.&lt;anonymous&gt; (C:\Users\xx005\Downloads\Collaboreum MVP Platform\src\shared\ui\__tests__\Select.test.tsx:166:11)
    at Promise.then.completed (C:\Users\xx005\Downloads\Collaboreum MVP Platform\node_modules\jest-circus\build\utils.js:298:28)
    at new Promise (&lt;anonymous&gt;)
    at callAsyncCircusFn (C:\Users\xx005\Downloads\Collaboreum MVP Platform\node_modules\jest-circus\build\utils.js:231:10)
    at _callCircusTest (C:\Users\xx005\Downloads\Collaboreum MVP Platform\node_modules\jest-circus\build\run.js:316:40)
    at _runTest (C:\Users\xx005\Downloads\Collaboreum MVP Platform\node_modules\jest-circus\build\run.js:252:3)
    at _runTestsForDescribeBlock (C:\Users\xx005\Downloads\Collaboreum MVP Platform\node_modules\jest-circus\build\run.js:126:9)
    at _runTestsForDescribeBlock (C:\Users\xx005\Downloads\Collaboreum MVP Platform\node_modules\jest-circus\build\run.js:121:9)
    at run (C:\Users\xx005\Downloads\Collaboreum MVP Platform\node_modules\jest-circus\build\run.js:71:3)
    at runAndTransformResultsToJestFormat (C:\Users\xx005\Downloads\Collaboreum MVP Platform\node_modules\jest-circus\build\legacy-code-todo-rewrite\jestAdapterInit.js:122:21)
    at jestAdapter (C:\Users\xx005\Downloads\Collaboreum MVP Platform\node_modules\jest-circus\build\legacy-code-todo-rewrite\jestAdapter.js:79:19)
    at runTestInternal (C:\Users\xx005\Downloads\Collaboreum MVP Platform\node_modules\jest-runner\build\runTest.js:367:16)
    at runTest (C:\Users\xx005\Downloads\Collaboreum MVP Platform\node_modules\jest-runner\build\runTest.js:444:34)</failure>
    </testcase>
    <testcase classname="Select Component updates ARIA attributes when opened" name="Select Component updates ARIA attributes when opened" time="0.054">
      <failure>Error: `SelectItem` must be used within `SelectContent`
    at useContext2 (C:\Users\xx005\Downloads\Collaboreum MVP Platform\node_modules\@radix-ui\react-context\src\create-context.tsx:75:13)
    at C:\Users\xx005\Downloads\Collaboreum MVP Platform\node_modules\@radix-ui\react-select\src\select.tsx:1260:28
    at renderWithHooks (C:\Users\xx005\Downloads\Collaboreum MVP Platform\node_modules\react-dom\cjs\react-dom.development.js:15486:18)
    at updateForwardRef (C:\Users\xx005\Downloads\Collaboreum MVP Platform\node_modules\react-dom\cjs\react-dom.development.js:19245:20)
    at beginWork (C:\Users\xx005\Downloads\Collaboreum MVP Platform\node_modules\react-dom\cjs\react-dom.development.js:21675:16)
    at beginWork$1 (C:\Users\xx005\Downloads\Collaboreum MVP Platform\node_modules\react-dom\cjs\react-dom.development.js:27465:14)
    at performUnitOfWork (C:\Users\xx005\Downloads\Collaboreum MVP Platform\node_modules\react-dom\cjs\react-dom.development.js:26599:12)
    at workLoopSync (C:\Users\xx005\Downloads\Collaboreum MVP Platform\node_modules\react-dom\cjs\react-dom.development.js:26505:5)
    at renderRootSync (C:\Users\xx005\Downloads\Collaboreum MVP Platform\node_modules\react-dom\cjs\react-dom.development.js:26473:7)
    at recoverFromConcurrentError (C:\Users\xx005\Downloads\Collaboreum MVP Platform\node_modules\react-dom\cjs\react-dom.development.js:25889:20)
    at performConcurrentWorkOnRoot (C:\Users\xx005\Downloads\Collaboreum MVP Platform\node_modules\react-dom\cjs\react-dom.development.js:25789:22)
    at flushActQueue (C:\Users\xx005\Downloads\Collaboreum MVP Platform\node_modules\react\cjs\react.development.js:2667:24)
    at act (C:\Users\xx005\Downloads\Collaboreum MVP Platform\node_modules\react\cjs\react.development.js:2582:11)
    at C:\Users\xx005\Downloads\Collaboreum MVP Platform\node_modules\@testing-library\react\dist\act-compat.js:47:25
    at renderRoot (C:\Users\xx005\Downloads\Collaboreum MVP Platform\node_modules\@testing-library\react\dist\pure.js:190:26)
    at render (C:\Users\xx005\Downloads\Collaboreum MVP Platform\node_modules\@testing-library\react\dist\pure.js:292:10)
    at Object.&lt;anonymous&gt; (C:\Users\xx005\Downloads\Collaboreum MVP Platform\src\shared\ui\__tests__\Select.test.tsx:176:11)
    at Promise.then.completed (C:\Users\xx005\Downloads\Collaboreum MVP Platform\node_modules\jest-circus\build\utils.js:298:28)
    at new Promise (&lt;anonymous&gt;)
    at callAsyncCircusFn (C:\Users\xx005\Downloads\Collaboreum MVP Platform\node_modules\jest-circus\build\utils.js:231:10)
    at _callCircusTest (C:\Users\xx005\Downloads\Collaboreum MVP Platform\node_modules\jest-circus\build\run.js:316:40)
    at _runTest (C:\Users\xx005\Downloads\Collaboreum MVP Platform\node_modules\jest-circus\build\run.js:252:3)
    at _runTestsForDescribeBlock (C:\Users\xx005\Downloads\Collaboreum MVP Platform\node_modules\jest-circus\build\run.js:126:9)
    at _runTestsForDescribeBlock (C:\Users\xx005\Downloads\Collaboreum MVP Platform\node_modules\jest-circus\build\run.js:121:9)
    at run (C:\Users\xx005\Downloads\Collaboreum MVP Platform\node_modules\jest-circus\build\run.js:71:3)
    at runAndTransformResultsToJestFormat (C:\Users\xx005\Downloads\Collaboreum MVP Platform\node_modules\jest-circus\build\legacy-code-todo-rewrite\jestAdapterInit.js:122:21)
    at jestAdapter (C:\Users\xx005\Downloads\Collaboreum MVP Platform\node_modules\jest-circus\build\legacy-code-todo-rewrite\jestAdapter.js:79:19)
    at runTestInternal (C:\Users\xx005\Downloads\Collaboreum MVP Platform\node_modules\jest-runner\build\runTest.js:367:16)
    at runTest (C:\Users\xx005\Downloads\Collaboreum MVP Platform\node_modules\jest-runner\build\runTest.js:444:34)</failure>
    </testcase>
    <testcase classname="SelectItem Component renders with correct props" name="SelectItem Component renders with correct props" time="0.007">
      <failure>Error: `SelectItem` must be used within `Select`
    at useContext2 (C:\Users\xx005\Downloads\Collaboreum MVP Platform\node_modules\@radix-ui\react-context\src\create-context.tsx:75:13)
    at C:\Users\xx005\Downloads\Collaboreum MVP Platform\node_modules\@radix-ui\react-select\src\select.tsx:1259:21
    at renderWithHooks (C:\Users\xx005\Downloads\Collaboreum MVP Platform\node_modules\react-dom\cjs\react-dom.development.js:15486:18)
    at updateForwardRef (C:\Users\xx005\Downloads\Collaboreum MVP Platform\node_modules\react-dom\cjs\react-dom.development.js:19245:20)
    at beginWork (C:\Users\xx005\Downloads\Collaboreum MVP Platform\node_modules\react-dom\cjs\react-dom.development.js:21675:16)
    at beginWork$1 (C:\Users\xx005\Downloads\Collaboreum MVP Platform\node_modules\react-dom\cjs\react-dom.development.js:27465:14)
    at performUnitOfWork (C:\Users\xx005\Downloads\Collaboreum MVP Platform\node_modules\react-dom\cjs\react-dom.development.js:26599:12)
    at workLoopSync (C:\Users\xx005\Downloads\Collaboreum MVP Platform\node_modules\react-dom\cjs\react-dom.development.js:26505:5)
    at renderRootSync (C:\Users\xx005\Downloads\Collaboreum MVP Platform\node_modules\react-dom\cjs\react-dom.development.js:26473:7)
    at recoverFromConcurrentError (C:\Users\xx005\Downloads\Collaboreum MVP Platform\node_modules\react-dom\cjs\react-dom.development.js:25889:20)
    at performConcurrentWorkOnRoot (C:\Users\xx005\Downloads\Collaboreum MVP Platform\node_modules\react-dom\cjs\react-dom.development.js:25789:22)
    at flushActQueue (C:\Users\xx005\Downloads\Collaboreum MVP Platform\node_modules\react\cjs\react.development.js:2667:24)
    at act (C:\Users\xx005\Downloads\Collaboreum MVP Platform\node_modules\react\cjs\react.development.js:2582:11)
    at C:\Users\xx005\Downloads\Collaboreum MVP Platform\node_modules\@testing-library\react\dist\act-compat.js:47:25
    at renderRoot (C:\Users\xx005\Downloads\Collaboreum MVP Platform\node_modules\@testing-library\react\dist\pure.js:190:26)
    at render (C:\Users\xx005\Downloads\Collaboreum MVP Platform\node_modules\@testing-library\react\dist\pure.js:292:10)
    at Object.&lt;anonymous&gt; (C:\Users\xx005\Downloads\Collaboreum MVP Platform\src\shared\ui\__tests__\Select.test.tsx:187:11)
    at Promise.then.completed (C:\Users\xx005\Downloads\Collaboreum MVP Platform\node_modules\jest-circus\build\utils.js:298:28)
    at new Promise (&lt;anonymous&gt;)
    at callAsyncCircusFn (C:\Users\xx005\Downloads\Collaboreum MVP Platform\node_modules\jest-circus\build\utils.js:231:10)
    at _callCircusTest (C:\Users\xx005\Downloads\Collaboreum MVP Platform\node_modules\jest-circus\build\run.js:316:40)
    at _runTest (C:\Users\xx005\Downloads\Collaboreum MVP Platform\node_modules\jest-circus\build\run.js:252:3)
    at _runTestsForDescribeBlock (C:\Users\xx005\Downloads\Collaboreum MVP Platform\node_modules\jest-circus\build\run.js:126:9)
    at _runTestsForDescribeBlock (C:\Users\xx005\Downloads\Collaboreum MVP Platform\node_modules\jest-circus\build\run.js:121:9)
    at run (C:\Users\xx005\Downloads\Collaboreum MVP Platform\node_modules\jest-circus\build\run.js:71:3)
    at runAndTransformResultsToJestFormat (C:\Users\xx005\Downloads\Collaboreum MVP Platform\node_modules\jest-circus\build\legacy-code-todo-rewrite\jestAdapterInit.js:122:21)
    at jestAdapter (C:\Users\xx005\Downloads\Collaboreum MVP Platform\node_modules\jest-circus\build\legacy-code-todo-rewrite\jestAdapter.js:79:19)
    at runTestInternal (C:\Users\xx005\Downloads\Collaboreum MVP Platform\node_modules\jest-runner\build\runTest.js:367:16)
    at runTest (C:\Users\xx005\Downloads\Collaboreum MVP Platform\node_modules\jest-runner\build\runTest.js:444:34)</failure>
    </testcase>
    <testcase classname="SelectItem Component calls onSelect when clicked" name="SelectItem Component calls onSelect when clicked" time="0.028">
      <failure>Error: `SelectItem` must be used within `Select`
    at useContext2 (C:\Users\xx005\Downloads\Collaboreum MVP Platform\node_modules\@radix-ui\react-context\src\create-context.tsx:75:13)
    at C:\Users\xx005\Downloads\Collaboreum MVP Platform\node_modules\@radix-ui\react-select\src\select.tsx:1259:21
    at renderWithHooks (C:\Users\xx005\Downloads\Collaboreum MVP Platform\node_modules\react-dom\cjs\react-dom.development.js:15486:18)
    at updateForwardRef (C:\Users\xx005\Downloads\Collaboreum MVP Platform\node_modules\react-dom\cjs\react-dom.development.js:19245:20)
    at beginWork (C:\Users\xx005\Downloads\Collaboreum MVP Platform\node_modules\react-dom\cjs\react-dom.development.js:21675:16)
    at beginWork$1 (C:\Users\xx005\Downloads\Collaboreum MVP Platform\node_modules\react-dom\cjs\react-dom.development.js:27465:14)
    at performUnitOfWork (C:\Users\xx005\Downloads\Collaboreum MVP Platform\node_modules\react-dom\cjs\react-dom.development.js:26599:12)
    at workLoopSync (C:\Users\xx005\Downloads\Collaboreum MVP Platform\node_modules\react-dom\cjs\react-dom.development.js:26505:5)
    at renderRootSync (C:\Users\xx005\Downloads\Collaboreum MVP Platform\node_modules\react-dom\cjs\react-dom.development.js:26473:7)
    at recoverFromConcurrentError (C:\Users\xx005\Downloads\Collaboreum MVP Platform\node_modules\react-dom\cjs\react-dom.development.js:25889:20)
    at performConcurrentWorkOnRoot (C:\Users\xx005\Downloads\Collaboreum MVP Platform\node_modules\react-dom\cjs\react-dom.development.js:25789:22)
    at flushActQueue (C:\Users\xx005\Downloads\Collaboreum MVP Platform\node_modules\react\cjs\react.development.js:2667:24)
    at act (C:\Users\xx005\Downloads\Collaboreum MVP Platform\node_modules\react\cjs\react.development.js:2582:11)
    at C:\Users\xx005\Downloads\Collaboreum MVP Platform\node_modules\@testing-library\react\dist\act-compat.js:47:25
    at renderRoot (C:\Users\xx005\Downloads\Collaboreum MVP Platform\node_modules\@testing-library\react\dist\pure.js:190:26)
    at render (C:\Users\xx005\Downloads\Collaboreum MVP Platform\node_modules\@testing-library\react\dist\pure.js:292:10)
    at Object.&lt;anonymous&gt; (C:\Users\xx005\Downloads\Collaboreum MVP Platform\src\shared\ui\__tests__\Select.test.tsx:203:11)
    at Promise.then.completed (C:\Users\xx005\Downloads\Collaboreum MVP Platform\node_modules\jest-circus\build\utils.js:298:28)
    at new Promise (&lt;anonymous&gt;)
    at callAsyncCircusFn (C:\Users\xx005\Downloads\Collaboreum MVP Platform\node_modules\jest-circus\build\utils.js:231:10)
    at _callCircusTest (C:\Users\xx005\Downloads\Collaboreum MVP Platform\node_modules\jest-circus\build\run.js:316:40)
    at _runTest (C:\Users\xx005\Downloads\Collaboreum MVP Platform\node_modules\jest-circus\build\run.js:252:3)
    at _runTestsForDescribeBlock (C:\Users\xx005\Downloads\Collaboreum MVP Platform\node_modules\jest-circus\build\run.js:126:9)
    at _runTestsForDescribeBlock (C:\Users\xx005\Downloads\Collaboreum MVP Platform\node_modules\jest-circus\build\run.js:121:9)
    at run (C:\Users\xx005\Downloads\Collaboreum MVP Platform\node_modules\jest-circus\build\run.js:71:3)
    at runAndTransformResultsToJestFormat (C:\Users\xx005\Downloads\Collaboreum MVP Platform\node_modules\jest-circus\build\legacy-code-todo-rewrite\jestAdapterInit.js:122:21)
    at jestAdapter (C:\Users\xx005\Downloads\Collaboreum MVP Platform\node_modules\jest-circus\build\legacy-code-todo-rewrite\jestAdapter.js:79:19)
    at runTestInternal (C:\Users\xx005\Downloads\Collaboreum MVP Platform\node_modules\jest-runner\build\runTest.js:367:16)
    at runTest (C:\Users\xx005\Downloads\Collaboreum MVP Platform\node_modules\jest-runner\build\runTest.js:444:34)</failure>
    </testcase>
    <testcase classname="SelectItem Component handles keyboard events" name="SelectItem Component handles keyboard events" time="0.018">
      <failure>Error: `SelectItem` must be used within `Select`
    at useContext2 (C:\Users\xx005\Downloads\Collaboreum MVP Platform\node_modules\@radix-ui\react-context\src\create-context.tsx:75:13)
    at C:\Users\xx005\Downloads\Collaboreum MVP Platform\node_modules\@radix-ui\react-select\src\select.tsx:1259:21
    at renderWithHooks (C:\Users\xx005\Downloads\Collaboreum MVP Platform\node_modules\react-dom\cjs\react-dom.development.js:15486:18)
    at updateForwardRef (C:\Users\xx005\Downloads\Collaboreum MVP Platform\node_modules\react-dom\cjs\react-dom.development.js:19245:20)
    at beginWork (C:\Users\xx005\Downloads\Collaboreum MVP Platform\node_modules\react-dom\cjs\react-dom.development.js:21675:16)
    at beginWork$1 (C:\Users\xx005\Downloads\Collaboreum MVP Platform\node_modules\react-dom\cjs\react-dom.development.js:27465:14)
    at performUnitOfWork (C:\Users\xx005\Downloads\Collaboreum MVP Platform\node_modules\react-dom\cjs\react-dom.development.js:26599:12)
    at workLoopSync (C:\Users\xx005\Downloads\Collaboreum MVP Platform\node_modules\react-dom\cjs\react-dom.development.js:26505:5)
    at renderRootSync (C:\Users\xx005\Downloads\Collaboreum MVP Platform\node_modules\react-dom\cjs\react-dom.development.js:26473:7)
    at recoverFromConcurrentError (C:\Users\xx005\Downloads\Collaboreum MVP Platform\node_modules\react-dom\cjs\react-dom.development.js:25889:20)
    at performConcurrentWorkOnRoot (C:\Users\xx005\Downloads\Collaboreum MVP Platform\node_modules\react-dom\cjs\react-dom.development.js:25789:22)
    at flushActQueue (C:\Users\xx005\Downloads\Collaboreum MVP Platform\node_modules\react\cjs\react.development.js:2667:24)
    at act (C:\Users\xx005\Downloads\Collaboreum MVP Platform\node_modules\react\cjs\react.development.js:2582:11)
    at C:\Users\xx005\Downloads\Collaboreum MVP Platform\node_modules\@testing-library\react\dist\act-compat.js:47:25
    at renderRoot (C:\Users\xx005\Downloads\Collaboreum MVP Platform\node_modules\@testing-library\react\dist\pure.js:190:26)
    at render (C:\Users\xx005\Downloads\Collaboreum MVP Platform\node_modules\@testing-library\react\dist\pure.js:292:10)
    at Object.&lt;anonymous&gt; (C:\Users\xx005\Downloads\Collaboreum MVP Platform\src\shared\ui\__tests__\Select.test.tsx:219:11)
    at Promise.then.completed (C:\Users\xx005\Downloads\Collaboreum MVP Platform\node_modules\jest-circus\build\utils.js:298:28)
    at new Promise (&lt;anonymous&gt;)
    at callAsyncCircusFn (C:\Users\xx005\Downloads\Collaboreum MVP Platform\node_modules\jest-circus\build\utils.js:231:10)
    at _callCircusTest (C:\Users\xx005\Downloads\Collaboreum MVP Platform\node_modules\jest-circus\build\run.js:316:40)
    at _runTest (C:\Users\xx005\Downloads\Collaboreum MVP Platform\node_modules\jest-circus\build\run.js:252:3)
    at _runTestsForDescribeBlock (C:\Users\xx005\Downloads\Collaboreum MVP Platform\node_modules\jest-circus\build\run.js:126:9)
    at _runTestsForDescribeBlock (C:\Users\xx005\Downloads\Collaboreum MVP Platform\node_modules\jest-circus\build\run.js:121:9)
    at run (C:\Users\xx005\Downloads\Collaboreum MVP Platform\node_modules\jest-circus\build\run.js:71:3)
    at runAndTransformResultsToJestFormat (C:\Users\xx005\Downloads\Collaboreum MVP Platform\node_modules\jest-circus\build\legacy-code-todo-rewrite\jestAdapterInit.js:122:21)
    at jestAdapter (C:\Users\xx005\Downloads\Collaboreum MVP Platform\node_modules\jest-circus\build\legacy-code-todo-rewrite\jestAdapter.js:79:19)
    at runTestInternal (C:\Users\xx005\Downloads\Collaboreum MVP Platform\node_modules\jest-runner\build\runTest.js:367:16)
    at runTest (C:\Users\xx005\Downloads\Collaboreum MVP Platform\node_modules\jest-runner\build\runTest.js:444:34)</failure>
    </testcase>
    <testcase classname="SelectContent Component renders with correct role" name="SelectContent Component renders with correct role" time="0.053">
      <failure>Error: `SelectContent` must be used within `Select`
    at useContext2 (C:\Users\xx005\Downloads\Collaboreum MVP Platform\node_modules\@radix-ui\react-context\src\create-context.tsx:75:13)
    at C:\Users\xx005\Downloads\Collaboreum MVP Platform\node_modules\@radix-ui\react-select\src\select.tsx:449:21
    at renderWithHooks (C:\Users\xx005\Downloads\Collaboreum MVP Platform\node_modules\react-dom\cjs\react-dom.development.js:15486:18)
    at updateForwardRef (C:\Users\xx005\Downloads\Collaboreum MVP Platform\node_modules\react-dom\cjs\react-dom.development.js:19245:20)
    at beginWork (C:\Users\xx005\Downloads\Collaboreum MVP Platform\node_modules\react-dom\cjs\react-dom.development.js:21675:16)
    at beginWork$1 (C:\Users\xx005\Downloads\Collaboreum MVP Platform\node_modules\react-dom\cjs\react-dom.development.js:27465:14)
    at performUnitOfWork (C:\Users\xx005\Downloads\Collaboreum MVP Platform\node_modules\react-dom\cjs\react-dom.development.js:26599:12)
    at workLoopSync (C:\Users\xx005\Downloads\Collaboreum MVP Platform\node_modules\react-dom\cjs\react-dom.development.js:26505:5)
    at renderRootSync (C:\Users\xx005\Downloads\Collaboreum MVP Platform\node_modules\react-dom\cjs\react-dom.development.js:26473:7)
    at recoverFromConcurrentError (C:\Users\xx005\Downloads\Collaboreum MVP Platform\node_modules\react-dom\cjs\react-dom.development.js:25889:20)
    at performSyncWorkOnRoot (C:\Users\xx005\Downloads\Collaboreum MVP Platform\node_modules\react-dom\cjs\react-dom.development.js:26135:20)
    at flushSyncCallbacks (C:\Users\xx005\Downloads\Collaboreum MVP Platform\node_modules\react-dom\cjs\react-dom.development.js:12042:22)
    at commitRootImpl (C:\Users\xx005\Downloads\Collaboreum MVP Platform\node_modules\react-dom\cjs\react-dom.development.js:26998:3)
    at commitRoot (C:\Users\xx005\Downloads\Collaboreum MVP Platform\node_modules\react-dom\cjs\react-dom.development.js:26721:5)
    at finishConcurrentRender (C:\Users\xx005\Downloads\Collaboreum MVP Platform\node_modules\react-dom\cjs\react-dom.development.js:26020:9)
    at performConcurrentWorkOnRoot (C:\Users\xx005\Downloads\Collaboreum MVP Platform\node_modules\react-dom\cjs\react-dom.development.js:25848:7)
    at flushActQueue (C:\Users\xx005\Downloads\Collaboreum MVP Platform\node_modules\react\cjs\react.development.js:2667:24)
    at act (C:\Users\xx005\Downloads\Collaboreum MVP Platform\node_modules\react\cjs\react.development.js:2582:11)
    at C:\Users\xx005\Downloads\Collaboreum MVP Platform\node_modules\@testing-library\react\dist\act-compat.js:47:25
    at renderRoot (C:\Users\xx005\Downloads\Collaboreum MVP Platform\node_modules\@testing-library\react\dist\pure.js:190:26)
    at render (C:\Users\xx005\Downloads\Collaboreum MVP Platform\node_modules\@testing-library\react\dist\pure.js:292:10)
    at Object.&lt;anonymous&gt; (C:\Users\xx005\Downloads\Collaboreum MVP Platform\src\shared\ui\__tests__\Select.test.tsx:235:11)
    at Promise.then.completed (C:\Users\xx005\Downloads\Collaboreum MVP Platform\node_modules\jest-circus\build\utils.js:298:28)
    at new Promise (&lt;anonymous&gt;)
    at callAsyncCircusFn (C:\Users\xx005\Downloads\Collaboreum MVP Platform\node_modules\jest-circus\build\utils.js:231:10)
    at _callCircusTest (C:\Users\xx005\Downloads\Collaboreum MVP Platform\node_modules\jest-circus\build\run.js:316:40)
    at _runTest (C:\Users\xx005\Downloads\Collaboreum MVP Platform\node_modules\jest-circus\build\run.js:252:3)
    at _runTestsForDescribeBlock (C:\Users\xx005\Downloads\Collaboreum MVP Platform\node_modules\jest-circus\build\run.js:126:9)
    at _runTestsForDescribeBlock (C:\Users\xx005\Downloads\Collaboreum MVP Platform\node_modules\jest-circus\build\run.js:121:9)
    at run (C:\Users\xx005\Downloads\Collaboreum MVP Platform\node_modules\jest-circus\build\run.js:71:3)
    at runAndTransformResultsToJestFormat (C:\Users\xx005\Downloads\Collaboreum MVP Platform\node_modules\jest-circus\build\legacy-code-todo-rewrite\jestAdapterInit.js:122:21)
    at jestAdapter (C:\Users\xx005\Downloads\Collaboreum MVP Platform\node_modules\jest-circus\build\legacy-code-todo-rewrite\jestAdapter.js:79:19)
    at runTestInternal (C:\Users\xx005\Downloads\Collaboreum MVP Platform\node_modules\jest-runner\build\runTest.js:367:16)
    at runTest (C:\Users\xx005\Downloads\Collaboreum MVP Platform\node_modules\jest-runner\build\runTest.js:444:34)</failure>
    </testcase>
    <testcase classname="SelectContent Component applies size variants" name="SelectContent Component applies size variants" time="0.016">
      <failure>Error: `SelectContent` must be used within `Select`
    at useContext2 (C:\Users\xx005\Downloads\Collaboreum MVP Platform\node_modules\@radix-ui\react-context\src\create-context.tsx:75:13)
    at C:\Users\xx005\Downloads\Collaboreum MVP Platform\node_modules\@radix-ui\react-select\src\select.tsx:449:21
    at renderWithHooks (C:\Users\xx005\Downloads\Collaboreum MVP Platform\node_modules\react-dom\cjs\react-dom.development.js:15486:18)
    at updateForwardRef (C:\Users\xx005\Downloads\Collaboreum MVP Platform\node_modules\react-dom\cjs\react-dom.development.js:19245:20)
    at beginWork (C:\Users\xx005\Downloads\Collaboreum MVP Platform\node_modules\react-dom\cjs\react-dom.development.js:21675:16)
    at beginWork$1 (C:\Users\xx005\Downloads\Collaboreum MVP Platform\node_modules\react-dom\cjs\react-dom.development.js:27465:14)
    at performUnitOfWork (C:\Users\xx005\Downloads\Collaboreum MVP Platform\node_modules\react-dom\cjs\react-dom.development.js:26599:12)
    at workLoopSync (C:\Users\xx005\Downloads\Collaboreum MVP Platform\node_modules\react-dom\cjs\react-dom.development.js:26505:5)
    at renderRootSync (C:\Users\xx005\Downloads\Collaboreum MVP Platform\node_modules\react-dom\cjs\react-dom.development.js:26473:7)
    at recoverFromConcurrentError (C:\Users\xx005\Downloads\Collaboreum MVP Platform\node_modules\react-dom\cjs\react-dom.development.js:25889:20)
    at performSyncWorkOnRoot (C:\Users\xx005\Downloads\Collaboreum MVP Platform\node_modules\react-dom\cjs\react-dom.development.js:26135:20)
    at flushSyncCallbacks (C:\Users\xx005\Downloads\Collaboreum MVP Platform\node_modules\react-dom\cjs\react-dom.development.js:12042:22)
    at commitRootImpl (C:\Users\xx005\Downloads\Collaboreum MVP Platform\node_modules\react-dom\cjs\react-dom.development.js:26998:3)
    at commitRoot (C:\Users\xx005\Downloads\Collaboreum MVP Platform\node_modules\react-dom\cjs\react-dom.development.js:26721:5)
    at finishConcurrentRender (C:\Users\xx005\Downloads\Collaboreum MVP Platform\node_modules\react-dom\cjs\react-dom.development.js:26020:9)
    at performConcurrentWorkOnRoot (C:\Users\xx005\Downloads\Collaboreum MVP Platform\node_modules\react-dom\cjs\react-dom.development.js:25848:7)
    at flushActQueue (C:\Users\xx005\Downloads\Collaboreum MVP Platform\node_modules\react\cjs\react.development.js:2667:24)
    at act (C:\Users\xx005\Downloads\Collaboreum MVP Platform\node_modules\react\cjs\react.development.js:2582:11)
    at C:\Users\xx005\Downloads\Collaboreum MVP Platform\node_modules\@testing-library\react\dist\act-compat.js:47:25
    at renderRoot (C:\Users\xx005\Downloads\Collaboreum MVP Platform\node_modules\@testing-library\react\dist\pure.js:190:26)
    at render (C:\Users\xx005\Downloads\Collaboreum MVP Platform\node_modules\@testing-library\react\dist\pure.js:292:10)
    at Object.&lt;anonymous&gt; (C:\Users\xx005\Downloads\Collaboreum MVP Platform\src\shared\ui\__tests__\Select.test.tsx:245:32)
    at Promise.then.completed (C:\Users\xx005\Downloads\Collaboreum MVP Platform\node_modules\jest-circus\build\utils.js:298:28)
    at new Promise (&lt;anonymous&gt;)
    at callAsyncCircusFn (C:\Users\xx005\Downloads\Collaboreum MVP Platform\node_modules\jest-circus\build\utils.js:231:10)
    at _callCircusTest (C:\Users\xx005\Downloads\Collaboreum MVP Platform\node_modules\jest-circus\build\run.js:316:40)
    at _runTest (C:\Users\xx005\Downloads\Collaboreum MVP Platform\node_modules\jest-circus\build\run.js:252:3)
    at _runTestsForDescribeBlock (C:\Users\xx005\Downloads\Collaboreum MVP Platform\node_modules\jest-circus\build\run.js:126:9)
    at _runTestsForDescribeBlock (C:\Users\xx005\Downloads\Collaboreum MVP Platform\node_modules\jest-circus\build\run.js:121:9)
    at run (C:\Users\xx005\Downloads\Collaboreum MVP Platform\node_modules\jest-circus\build\run.js:71:3)
    at runAndTransformResultsToJestFormat (C:\Users\xx005\Downloads\Collaboreum MVP Platform\node_modules\jest-circus\build\legacy-code-todo-rewrite\jestAdapterInit.js:122:21)
    at jestAdapter (C:\Users\xx005\Downloads\Collaboreum MVP Platform\node_modules\jest-circus\build\legacy-code-todo-rewrite\jestAdapter.js:79:19)
    at runTestInternal (C:\Users\xx005\Downloads\Collaboreum MVP Platform\node_modules\jest-runner\build\runTest.js:367:16)
    at runTest (C:\Users\xx005\Downloads\Collaboreum MVP Platform\node_modules\jest-runner\build\runTest.js:444:34)</failure>
    </testcase>
  </testsuite>
  <testsuite name="FundingModeSelector" errors="0" failures="2" skipped="0" timestamp="2025-09-22T10:25:36" time="1" tests="2">
    <testcase classname="FundingModeSelector renders both funding mode options and allows selection" name="FundingModeSelector renders both funding mode options and allows selection" time="0.052">
      <failure>TestingLibraryElementError: Unable to find a label with the text of: Flexible Funding

Ignored nodes: comments, script, style
&lt;body&gt;
  &lt;div&gt;
    &lt;fieldset
      aria-labelledby=&quot;:r0:-legend&quot;
      class=&quot;space-y-4&quot;
    &gt;
      &lt;legend
        class=&quot;text-base font-semibold text-foreground&quot;
        id=&quot;:r0:-legend&quot;
      &gt;
        Î™®Í∏à Î∞©Ïãù ÏÑ†ÌÉù
      &lt;/legend&gt;
      &lt;p
        class=&quot;text-sm text-muted-foreground&quot;
      &gt;
        ÌîÑÎ°úÏ†ùÌä∏ ÌäπÏÑ±Ïóê ÎßûÎäî Î™®Í∏à Î∞©ÏãùÏùÑ ÏÑ†ÌÉùÌïòÏÑ∏Ïöî. Flexible FundingÏùÄ Î™©ÌëúÏóê ÎØ∏Îã¨ÌïòÎçîÎùºÎèÑ Ï∞ΩÏûëÏùÑ Ïù¥Ïñ¥Í∞à Ïàò ÏûàÎèÑÎ°ù ÎèÑÏôÄÏ§çÎãàÎã§.
      &lt;/p&gt;
      &lt;div
        class=&quot;grid gap-4 md:grid-cols-2&quot;
      &gt;
        &lt;label
          class=&quot;group relative block cursor-pointer rounded-3xl border p-4 transition-all duration-200 focus-within:ring-2 focus-within:ring-primary-300 bg-primary-50/60 shadow-apple-lg border-primary-400&quot;
          for=&quot;:r0:-all-or-nothing&quot;
        &gt;
          &lt;div
            class=&quot;flex items-start justify-between gap-3&quot;
          &gt;
            &lt;div&gt;
              &lt;div
                class=&quot;flex items-center gap-2&quot;
              &gt;
                &lt;span
                  class=&quot;text-lg font-semibold text-foreground&quot;
                &gt;
                  All-or-Nothing
                &lt;/span&gt;
              &lt;/div&gt;
              &lt;p
                class=&quot;mt-1 text-sm leading-relaxed text-muted-foreground&quot;
              &gt;
                Î™©Ìëú Í∏àÏï° Îã¨ÏÑ± ÏãúÏóêÎßå Í≤∞Ï†úÎêòÎäî Ï†ÑÌÜµÏ†ÅÏù∏ ÌÅ¨ÎùºÏö∞ÎìúÌéÄÎî© Î∞©ÏãùÏûÖÎãàÎã§.
              &lt;/p&gt;
            &lt;/div&gt;
            &lt;span
              aria-hidden=&quot;true&quot;
              class=&quot;mt-1 size-5 rounded-full border-2 transition-colors duration-200 border-primary-500 bg-primary-500&quot;
            /&gt;
          &lt;/div&gt;
          &lt;input
            checked=&quot;&quot;
            class=&quot;sr-only&quot;
            id=&quot;:r0:-all-or-nothing&quot;
            name=&quot;:r0:&quot;
            type=&quot;radio&quot;
            value=&quot;all-or-nothing&quot;
          /&gt;
        &lt;/label&gt;
        &lt;label
          class=&quot;border-border/80 bg-surface/80 group relative block cursor-pointer rounded-3xl border p-4 transition-all duration-200 focus-within:ring-2 focus-within:ring-primary-300&quot;
          for=&quot;:r0:-flexible&quot;
        &gt;
          &lt;div
            class=&quot;flex items-start justify-between gap-3&quot;
          &gt;
            &lt;div&gt;
              &lt;div
                class=&quot;flex items-center gap-2&quot;
              &gt;
                &lt;span
                  class=&quot;text-lg font-semibold text-foreground&quot;
                &gt;
                  Flexible Funding
                &lt;/span&gt;
                &lt;span
                  aria-busy=&quot;false&quot;
                  class=&quot;inline-flex items-center justify-center whitespace-nowrap font-medium transition-all duration-200 disabled:pointer-events-none disabled:opacity-50 [&amp;_svg]:pointer-events-none [&amp;_svg:not([class*=&apos;size-&apos;])]:size-4 shrink-0 [&amp;_svg]:shrink-0 outline-none focus-visible:ring-ring/30 focus-visible:ring-4 aria-invalid:ring-destructive/20 dark:aria-invalid:ring-destructive/40 aria-invalid:border-destructive cursor-pointer hover:text-foreground h-8 rounded-xl gap-1.5 px-4 text-sm [&amp;_svg]:size-4 bg-success-600 text-success-700 hover:bg-success-100 focus:ring-success-300 pointer-events-none select-none&quot;
                  role=&quot;button&quot;
                  tabindex=&quot;0&quot;
                &gt;
                  &lt;span&gt;
                    New
                  &lt;/span&gt;
                &lt;/span&gt;
              &lt;/div&gt;
              &lt;p
                class=&quot;mt-1 text-sm leading-relaxed text-muted-foreground&quot;
              &gt;
                Î™©Ìëú Í∏àÏï°Ïóê ÎèÑÎã¨ÌïòÏßÄ Î™ªÌï¥ÎèÑ Î™®Í∏àÏï°ÏùÑ Î∞õÏùÑ Ïàò ÏûàÎäî Ïú†Ïó∞Ìïú Î∞©ÏãùÏûÖÎãàÎã§.
              &lt;/p&gt;
            &lt;/div&gt;
            &lt;span
              aria-hidden=&quot;true&quot;
              class=&quot;border-muted-foreground/40 mt-1 size-5 rounded-full border-2 transition-colors duration-200 bg-background&quot;
            /&gt;
          &lt;/div&gt;
          &lt;input
            class=&quot;sr-only&quot;
            id=&quot;:r0:-flexible&quot;
            name=&quot;:r0:&quot;
            type=&quot;radio&quot;
            value=&quot;flexible&quot;
          /&gt;
        &lt;/label&gt;
      &lt;/div&gt;
    &lt;/fieldset&gt;
  &lt;/div&gt;
&lt;/body&gt;
    at Object.getElementError (C:\Users\xx005\Downloads\Collaboreum MVP Platform\node_modules\@testing-library\dom\dist\config.js:37:19)
    at getAllByLabelText (C:\Users\xx005\Downloads\Collaboreum MVP Platform\node_modules\@testing-library\dom\dist\queries\label-text.js:111:38)
    at C:\Users\xx005\Downloads\Collaboreum MVP Platform\node_modules\@testing-library\dom\dist\query-helpers.js:52:17
    at C:\Users\xx005\Downloads\Collaboreum MVP Platform\node_modules\@testing-library\dom\dist\query-helpers.js:95:19
    at Object.getByLabelText (C:\Users\xx005\Downloads\Collaboreum MVP Platform\src\features\funding\components\FundingModeSelector\__tests__\FundingModeSelector.test.tsx:13:34)
    at Promise.then.completed (C:\Users\xx005\Downloads\Collaboreum MVP Platform\node_modules\jest-circus\build\utils.js:298:28)
    at new Promise (&lt;anonymous&gt;)
    at callAsyncCircusFn (C:\Users\xx005\Downloads\Collaboreum MVP Platform\node_modules\jest-circus\build\utils.js:231:10)
    at _callCircusTest (C:\Users\xx005\Downloads\Collaboreum MVP Platform\node_modules\jest-circus\build\run.js:316:40)
    at _runTest (C:\Users\xx005\Downloads\Collaboreum MVP Platform\node_modules\jest-circus\build\run.js:252:3)
    at _runTestsForDescribeBlock (C:\Users\xx005\Downloads\Collaboreum MVP Platform\node_modules\jest-circus\build\run.js:126:9)
    at _runTestsForDescribeBlock (C:\Users\xx005\Downloads\Collaboreum MVP Platform\node_modules\jest-circus\build\run.js:121:9)
    at run (C:\Users\xx005\Downloads\Collaboreum MVP Platform\node_modules\jest-circus\build\run.js:71:3)
    at runAndTransformResultsToJestFormat (C:\Users\xx005\Downloads\Collaboreum MVP Platform\node_modules\jest-circus\build\legacy-code-todo-rewrite\jestAdapterInit.js:122:21)
    at jestAdapter (C:\Users\xx005\Downloads\Collaboreum MVP Platform\node_modules\jest-circus\build\legacy-code-todo-rewrite\jestAdapter.js:79:19)
    at runTestInternal (C:\Users\xx005\Downloads\Collaboreum MVP Platform\node_modules\jest-runner\build\runTest.js:367:16)
    at runTest (C:\Users\xx005\Downloads\Collaboreum MVP Platform\node_modules\jest-runner\build\runTest.js:444:34)</failure>
    </testcase>
    <testcase classname="FundingModeSelector marks the selected option as checked" name="FundingModeSelector marks the selected option as checked" time="0.015">
      <failure>TestingLibraryElementError: Unable to find a label with the text of: Flexible Funding

Ignored nodes: comments, script, style
&lt;body&gt;
  &lt;div&gt;
    &lt;fieldset
      aria-labelledby=&quot;:r1:-legend&quot;
      class=&quot;space-y-4&quot;
    &gt;
      &lt;legend
        class=&quot;text-base font-semibold text-foreground&quot;
        id=&quot;:r1:-legend&quot;
      &gt;
        Î™®Í∏à Î∞©Ïãù ÏÑ†ÌÉù
      &lt;/legend&gt;
      &lt;p
        class=&quot;text-sm text-muted-foreground&quot;
      &gt;
        ÌîÑÎ°úÏ†ùÌä∏ ÌäπÏÑ±Ïóê ÎßûÎäî Î™®Í∏à Î∞©ÏãùÏùÑ ÏÑ†ÌÉùÌïòÏÑ∏Ïöî. Flexible FundingÏùÄ Î™©ÌëúÏóê ÎØ∏Îã¨ÌïòÎçîÎùºÎèÑ Ï∞ΩÏûëÏùÑ Ïù¥Ïñ¥Í∞à Ïàò ÏûàÎèÑÎ°ù ÎèÑÏôÄÏ§çÎãàÎã§.
      &lt;/p&gt;
      &lt;div
        class=&quot;grid gap-4 md:grid-cols-2&quot;
      &gt;
        &lt;label
          class=&quot;border-border/80 bg-surface/80 group relative block cursor-pointer rounded-3xl border p-4 transition-all duration-200 focus-within:ring-2 focus-within:ring-primary-300&quot;
          for=&quot;:r1:-all-or-nothing&quot;
        &gt;
          &lt;div
            class=&quot;flex items-start justify-between gap-3&quot;
          &gt;
            &lt;div&gt;
              &lt;div
                class=&quot;flex items-center gap-2&quot;
              &gt;
                &lt;span
                  class=&quot;text-lg font-semibold text-foreground&quot;
                &gt;
                  All-or-Nothing
                &lt;/span&gt;
              &lt;/div&gt;
              &lt;p
                class=&quot;mt-1 text-sm leading-relaxed text-muted-foreground&quot;
              &gt;
                Î™©Ìëú Í∏àÏï° Îã¨ÏÑ± ÏãúÏóêÎßå Í≤∞Ï†úÎêòÎäî Ï†ÑÌÜµÏ†ÅÏù∏ ÌÅ¨ÎùºÏö∞ÎìúÌéÄÎî© Î∞©ÏãùÏûÖÎãàÎã§.
              &lt;/p&gt;
            &lt;/div&gt;
            &lt;span
              aria-hidden=&quot;true&quot;
              class=&quot;border-muted-foreground/40 mt-1 size-5 rounded-full border-2 transition-colors duration-200 bg-background&quot;
            /&gt;
          &lt;/div&gt;
          &lt;input
            class=&quot;sr-only&quot;
            id=&quot;:r1:-all-or-nothing&quot;
            name=&quot;:r1:&quot;
            type=&quot;radio&quot;
            value=&quot;all-or-nothing&quot;
          /&gt;
        &lt;/label&gt;
        &lt;label
          class=&quot;group relative block cursor-pointer rounded-3xl border p-4 transition-all duration-200 focus-within:ring-2 focus-within:ring-primary-300 bg-primary-50/60 shadow-apple-lg border-primary-400&quot;
          for=&quot;:r1:-flexible&quot;
        &gt;
          &lt;div
            class=&quot;flex items-start justify-between gap-3&quot;
          &gt;
            &lt;div&gt;
              &lt;div
                class=&quot;flex items-center gap-2&quot;
              &gt;
                &lt;span
                  class=&quot;text-lg font-semibold text-foreground&quot;
                &gt;
                  Flexible Funding
                &lt;/span&gt;
                &lt;span
                  aria-busy=&quot;false&quot;
                  class=&quot;inline-flex items-center justify-center whitespace-nowrap font-medium transition-all duration-200 disabled:pointer-events-none disabled:opacity-50 [&amp;_svg]:pointer-events-none [&amp;_svg:not([class*=&apos;size-&apos;])]:size-4 shrink-0 [&amp;_svg]:shrink-0 outline-none focus-visible:ring-ring/30 focus-visible:ring-4 aria-invalid:ring-destructive/20 dark:aria-invalid:ring-destructive/40 aria-invalid:border-destructive cursor-pointer hover:text-foreground h-8 rounded-xl gap-1.5 px-4 text-sm [&amp;_svg]:size-4 bg-success-600 text-success-700 hover:bg-success-100 focus:ring-success-300 pointer-events-none select-none&quot;
                  role=&quot;button&quot;
                  tabindex=&quot;0&quot;
                &gt;
                  &lt;span&gt;
                    New
                  &lt;/span&gt;
                &lt;/span&gt;
              &lt;/div&gt;
              &lt;p
                class=&quot;mt-1 text-sm leading-relaxed text-muted-foreground&quot;
              &gt;
                Î™©Ìëú Í∏àÏï°Ïóê ÎèÑÎã¨ÌïòÏßÄ Î™ªÌï¥ÎèÑ Î™®Í∏àÏï°ÏùÑ Î∞õÏùÑ Ïàò ÏûàÎäî Ïú†Ïó∞Ìïú Î∞©ÏãùÏûÖÎãàÎã§.
              &lt;/p&gt;
            &lt;/div&gt;
            &lt;span
              aria-hidden=&quot;true&quot;
              class=&quot;mt-1 size-5 rounded-full border-2 transition-colors duration-200 border-primary-500 bg-primary-500&quot;
            /&gt;
          &lt;/div&gt;
          &lt;input
            checked=&quot;&quot;
            class=&quot;sr-only&quot;
            id=&quot;:r1:-flexible&quot;
            name=&quot;:r1:&quot;
            type=&quot;radio&quot;
            value=&quot;flexible&quot;
          /&gt;
        &lt;/label&gt;
      &lt;/div&gt;
    &lt;/fieldset&gt;
  &lt;/div&gt;
&lt;/body&gt;
    at Object.getElementError (C:\Users\xx005\Downloads\Collaboreum MVP Platform\node_modules\@testing-library\dom\dist\config.js:37:19)
    at getAllByLabelText (C:\Users\xx005\Downloads\Collaboreum MVP Platform\node_modules\@testing-library\dom\dist\queries\label-text.js:111:38)
    at C:\Users\xx005\Downloads\Collaboreum MVP Platform\node_modules\@testing-library\dom\dist\query-helpers.js:52:17
    at C:\Users\xx005\Downloads\Collaboreum MVP Platform\node_modules\@testing-library\dom\dist\query-helpers.js:95:19
    at Object.getByLabelText (C:\Users\xx005\Downloads\Collaboreum MVP Platform\src\features\funding\components\FundingModeSelector\__tests__\FundingModeSelector.test.tsx:20:35)
    at Promise.then.completed (C:\Users\xx005\Downloads\Collaboreum MVP Platform\node_modules\jest-circus\build\utils.js:298:28)
    at new Promise (&lt;anonymous&gt;)
    at callAsyncCircusFn (C:\Users\xx005\Downloads\Collaboreum MVP Platform\node_modules\jest-circus\build\utils.js:231:10)
    at _callCircusTest (C:\Users\xx005\Downloads\Collaboreum MVP Platform\node_modules\jest-circus\build\run.js:316:40)
    at _runTest (C:\Users\xx005\Downloads\Collaboreum MVP Platform\node_modules\jest-circus\build\run.js:252:3)
    at _runTestsForDescribeBlock (C:\Users\xx005\Downloads\Collaboreum MVP Platform\node_modules\jest-circus\build\run.js:126:9)
    at _runTestsForDescribeBlock (C:\Users\xx005\Downloads\Collaboreum MVP Platform\node_modules\jest-circus\build\run.js:121:9)
    at run (C:\Users\xx005\Downloads\Collaboreum MVP Platform\node_modules\jest-circus\build\run.js:71:3)
    at runAndTransformResultsToJestFormat (C:\Users\xx005\Downloads\Collaboreum MVP Platform\node_modules\jest-circus\build\legacy-code-todo-rewrite\jestAdapterInit.js:122:21)
    at jestAdapter (C:\Users\xx005\Downloads\Collaboreum MVP Platform\node_modules\jest-circus\build\legacy-code-todo-rewrite\jestAdapter.js:79:19)
    at runTestInternal (C:\Users\xx005\Downloads\Collaboreum MVP Platform\node_modules\jest-runner\build\runTest.js:367:16)
    at runTest (C:\Users\xx005\Downloads\Collaboreum MVP Platform\node_modules\jest-runner\build\runTest.js:444:34)</failure>
    </testcase>
  </testsuite>
  <testsuite name="Button Accessibility Tests" errors="0" failures="2" skipped="0" timestamp="2025-09-22T10:25:40" time="1.416" tests="10">
    <testcase classname="Button Accessibility Tests should have no accessibility violations" name="Button Accessibility Tests should have no accessibility violations" time="0.054">
    </testcase>
    <testcase classname="Button Accessibility Tests should have proper ARIA attributes when disabled" name="Button Accessibility Tests should have proper ARIA attributes when disabled" time="0.036">
    </testcase>
    <testcase classname="Button Accessibility Tests should be focusable and keyboard accessible" name="Button Accessibility Tests should be focusable and keyboard accessible" time="0.038">
      <failure>Error: expect(element).toHaveFocus()

Expected element with focus:
  &lt;button aria-busy=&quot;false&quot; class=&quot;inline-flex items-center justify-center gap-2 whitespace-nowrap rounded-2xl font-medium transition-all duration-200 disabled:pointer-events-none disabled:opacity-50 [&amp;_svg]:pointer-events-none [&amp;_svg:not([class*=&apos;size-&apos;])]:size-4 shrink-0 [&amp;_svg]:shrink-0 outline-none focus-visible:ring-ring/30 focus-visible:ring-4 aria-invalid:ring-destructive/20 dark:aria-invalid:ring-destructive/40 aria-invalid:border-destructive cursor-pointer bg-primary-600 text-white hover:bg-primary-700 shadow-apple hover:shadow-apple-lg active:scale-95 focus:ring-primary-300 h-10 px-6 py-2 text-sm [&amp;_svg]:size-4&quot; type=&quot;button&quot;&gt;Focusable Button&lt;/button&gt;
Received element with focus:
  &lt;body&gt;&lt;div&gt;&lt;button aria-busy=&quot;false&quot; class=&quot;inline-flex items-center justify-center gap-2 whitespace-nowrap rounded-2xl font-medium transition-all duration-200 disabled:pointer-events-none disabled:opacity-50 [&amp;_svg]:pointer-events-none [&amp;_svg:not([class*=&apos;size-&apos;])]:size-4 shrink-0 [&amp;_svg]:shrink-0 outline-none focus-visible:ring-ring/30 focus-visible:ring-4 aria-invalid:ring-destructive/20 dark:aria-invalid:ring-destructive/40 aria-invalid:border-destructive cursor-pointer bg-primary-600 text-white hover:bg-primary-700 shadow-apple hover:shadow-apple-lg active:scale-95 focus:ring-primary-300 h-10 px-6 py-2 text-sm [&amp;_svg]:size-4&quot; type=&quot;button&quot;&gt;Focusable Button&lt;/button&gt;&lt;/div&gt;&lt;/body&gt;
    at Object.toHaveFocus (C:\Users\xx005\Downloads\Collaboreum MVP Platform\src\shared\ui\__tests__\Button.a11y.test.tsx:35:20)</failure>
    </testcase>
    <testcase classname="Button Accessibility Tests should support keyboard interaction" name="Button Accessibility Tests should support keyboard interaction" time="0.077">
      <failure>Error: expect(jest.fn()).toHaveBeenCalledTimes(expected)

Expected number of calls: 1
Received number of calls: 2
    at Object.toHaveBeenCalledTimes (C:\Users\xx005\Downloads\Collaboreum MVP Platform\src\shared\ui\__tests__\Button.a11y.test.tsx:50:25)</failure>
    </testcase>
    <testcase classname="Button Accessibility Tests should have proper button role" name="Button Accessibility Tests should have proper button role" time="0.022">
    </testcase>
    <testcase classname="Button Accessibility Tests should work with different variants without accessibility issues" name="Button Accessibility Tests should work with different variants without accessibility issues" time="0.116">
    </testcase>
    <testcase classname="Button Accessibility Tests should work with different sizes without accessibility issues" name="Button Accessibility Tests should work with different sizes without accessibility issues" time="0.132">
    </testcase>
    <testcase classname="Button Accessibility Tests should work with different tones without accessibility issues" name="Button Accessibility Tests should work with different tones without accessibility issues" time="0.12">
    </testcase>
    <testcase classname="Button Accessibility Tests should maintain accessibility with complex content" name="Button Accessibility Tests should maintain accessibility with complex content" time="0.026">
    </testcase>
    <testcase classname="Button Accessibility Tests should be accessible when used in a form" name="Button Accessibility Tests should be accessible when used in a form" time="0.067">
    </testcase>
  </testsuite>
  <testsuite name="Í∂åÌïúÎ≥Ñ ÎßàÏù¥ÌéòÏù¥ÏßÄ ÏãúÏä§ÌÖú TDD ÌÖåÏä§Ìä∏" errors="0" failures="1" skipped="0" timestamp="2025-09-22T10:25:42" time="0.714" tests="14">
    <testcase classname="Í∂åÌïúÎ≥Ñ ÎßàÏù¥ÌéòÏù¥ÏßÄ ÏãúÏä§ÌÖú TDD ÌÖåÏä§Ìä∏ 1. ÏïÑÌã∞Ïä§Ìä∏ ÎßàÏù¥ÌéòÏù¥ÏßÄ ÌÖåÏä§Ìä∏ ÏïÑÌã∞Ïä§Ìä∏ ÌîÑÎ°úÌïÑ Ï†ïÎ≥¥Í∞Ä Ïò¨Î∞îÎ•¥Í≤å ÌëúÏãúÎêòÏñ¥Ïïº ÌïúÎã§" name="Í∂åÌïúÎ≥Ñ ÎßàÏù¥ÌéòÏù¥ÏßÄ ÏãúÏä§ÌÖú TDD ÌÖåÏä§Ìä∏ 1. ÏïÑÌã∞Ïä§Ìä∏ ÎßàÏù¥ÌéòÏù¥ÏßÄ ÌÖåÏä§Ìä∏ ÏïÑÌã∞Ïä§Ìä∏ ÌîÑÎ°úÌïÑ Ï†ïÎ≥¥Í∞Ä Ïò¨Î∞îÎ•¥Í≤å ÌëúÏãúÎêòÏñ¥Ïïº ÌïúÎã§" time="0.01">
    </testcase>
    <testcase classname="Í∂åÌïúÎ≥Ñ ÎßàÏù¥ÌéòÏù¥ÏßÄ ÏãúÏä§ÌÖú TDD ÌÖåÏä§Ìä∏ 1. ÏïÑÌã∞Ïä§Ìä∏ ÎßàÏù¥ÌéòÏù¥ÏßÄ ÌÖåÏä§Ìä∏ ÏïÑÌã∞Ïä§Ìä∏ ÌîÑÎ°úÏ†ùÌä∏ Í¥ÄÎ¶¨Í∞Ä Ïò¨Î∞îÎ•¥Í≤å ÏûëÎèôÌï¥Ïïº ÌïúÎã§" name="Í∂åÌïúÎ≥Ñ ÎßàÏù¥ÌéòÏù¥ÏßÄ ÏãúÏä§ÌÖú TDD ÌÖåÏä§Ìä∏ 1. ÏïÑÌã∞Ïä§Ìä∏ ÎßàÏù¥ÌéòÏù¥ÏßÄ ÌÖåÏä§Ìä∏ ÏïÑÌã∞Ïä§Ìä∏ ÌîÑÎ°úÏ†ùÌä∏ Í¥ÄÎ¶¨Í∞Ä Ïò¨Î∞îÎ•¥Í≤å ÏûëÎèôÌï¥Ïïº ÌïúÎã§" time="0.002">
    </testcase>
    <testcase classname="Í∂åÌïúÎ≥Ñ ÎßàÏù¥ÌéòÏù¥ÏßÄ ÏãúÏä§ÌÖú TDD ÌÖåÏä§Ìä∏ 1. ÏïÑÌã∞Ïä§Ìä∏ ÎßàÏù¥ÌéòÏù¥ÏßÄ ÌÖåÏä§Ìä∏ ÏïÑÌã∞Ïä§Ìä∏ ÏàòÏùµ Í¥ÄÎ¶¨Í∞Ä Ïò¨Î∞îÎ•¥Í≤å ÏûëÎèôÌï¥Ïïº ÌïúÎã§" name="Í∂åÌïúÎ≥Ñ ÎßàÏù¥ÌéòÏù¥ÏßÄ ÏãúÏä§ÌÖú TDD ÌÖåÏä§Ìä∏ 1. ÏïÑÌã∞Ïä§Ìä∏ ÎßàÏù¥ÌéòÏù¥ÏßÄ ÌÖåÏä§Ìä∏ ÏïÑÌã∞Ïä§Ìä∏ ÏàòÏùµ Í¥ÄÎ¶¨Í∞Ä Ïò¨Î∞îÎ•¥Í≤å ÏûëÎèôÌï¥Ïïº ÌïúÎã§" time="0.012">
    </testcase>
    <testcase classname="Í∂åÌïúÎ≥Ñ ÎßàÏù¥ÌéòÏù¥ÏßÄ ÏãúÏä§ÌÖú TDD ÌÖåÏä§Ìä∏ 2. Ìå¨ ÎßàÏù¥ÌéòÏù¥ÏßÄ ÌÖåÏä§Ìä∏ Ìå¨ ÌîÑÎ°úÌïÑ Ï†ïÎ≥¥Í∞Ä Ïò¨Î∞îÎ•¥Í≤å ÌëúÏãúÎêòÏñ¥Ïïº ÌïúÎã§" name="Í∂åÌïúÎ≥Ñ ÎßàÏù¥ÌéòÏù¥ÏßÄ ÏãúÏä§ÌÖú TDD ÌÖåÏä§Ìä∏ 2. Ìå¨ ÎßàÏù¥ÌéòÏù¥ÏßÄ ÌÖåÏä§Ìä∏ Ìå¨ ÌîÑÎ°úÌïÑ Ï†ïÎ≥¥Í∞Ä Ïò¨Î∞îÎ•¥Í≤å ÌëúÏãúÎêòÏñ¥Ïïº ÌïúÎã§" time="0.002">
    </testcase>
    <testcase classname="Í∂åÌïúÎ≥Ñ ÎßàÏù¥ÌéòÏù¥ÏßÄ ÏãúÏä§ÌÖú TDD ÌÖåÏä§Ìä∏ 2. Ìå¨ ÎßàÏù¥ÌéòÏù¥ÏßÄ ÌÖåÏä§Ìä∏ Ìå¨ ÌõÑÏõê ÎÇ¥Ïó≠ Í¥ÄÎ¶¨Í∞Ä Ïò¨Î∞îÎ•¥Í≤å ÏûëÎèôÌï¥Ïïº ÌïúÎã§" name="Í∂åÌïúÎ≥Ñ ÎßàÏù¥ÌéòÏù¥ÏßÄ ÏãúÏä§ÌÖú TDD ÌÖåÏä§Ìä∏ 2. Ìå¨ ÎßàÏù¥ÌéòÏù¥ÏßÄ ÌÖåÏä§Ìä∏ Ìå¨ ÌõÑÏõê ÎÇ¥Ïó≠ Í¥ÄÎ¶¨Í∞Ä Ïò¨Î∞îÎ•¥Í≤å ÏûëÎèôÌï¥Ïïº ÌïúÎã§" time="0.002">
    </testcase>
    <testcase classname="Í∂åÌïúÎ≥Ñ ÎßàÏù¥ÌéòÏù¥ÏßÄ ÏãúÏä§ÌÖú TDD ÌÖåÏä§Ìä∏ 2. Ìå¨ ÎßàÏù¥ÌéòÏù¥ÏßÄ ÌÖåÏä§Ìä∏ Ìå¨ ÏïåÎ¶º ÏÑ§Ï†ïÏù¥ Ïò¨Î∞îÎ•¥Í≤å Í¥ÄÎ¶¨ÎêòÏñ¥Ïïº ÌïúÎã§" name="Í∂åÌïúÎ≥Ñ ÎßàÏù¥ÌéòÏù¥ÏßÄ ÏãúÏä§ÌÖú TDD ÌÖåÏä§Ìä∏ 2. Ìå¨ ÎßàÏù¥ÌéòÏù¥ÏßÄ ÌÖåÏä§Ìä∏ Ìå¨ ÏïåÎ¶º ÏÑ§Ï†ïÏù¥ Ïò¨Î∞îÎ•¥Í≤å Í¥ÄÎ¶¨ÎêòÏñ¥Ïïº ÌïúÎã§" time="0.002">
    </testcase>
    <testcase classname="Í∂åÌïúÎ≥Ñ ÎßàÏù¥ÌéòÏù¥ÏßÄ ÏãúÏä§ÌÖú TDD ÌÖåÏä§Ìä∏ 3. Í¥ÄÎ¶¨Ïûê ÎßàÏù¥ÌéòÏù¥ÏßÄ ÌÖåÏä§Ìä∏ Í¥ÄÎ¶¨Ïûê ÌîÑÎ°úÌïÑ Ï†ïÎ≥¥Í∞Ä Ïò¨Î∞îÎ•¥Í≤å ÌëúÏãúÎêòÏñ¥Ïïº ÌïúÎã§" name="Í∂åÌïúÎ≥Ñ ÎßàÏù¥ÌéòÏù¥ÏßÄ ÏãúÏä§ÌÖú TDD ÌÖåÏä§Ìä∏ 3. Í¥ÄÎ¶¨Ïûê ÎßàÏù¥ÌéòÏù¥ÏßÄ ÌÖåÏä§Ìä∏ Í¥ÄÎ¶¨Ïûê ÌîÑÎ°úÌïÑ Ï†ïÎ≥¥Í∞Ä Ïò¨Î∞îÎ•¥Í≤å ÌëúÏãúÎêòÏñ¥Ïïº ÌïúÎã§" time="0.004">
    </testcase>
    <testcase classname="Í∂åÌïúÎ≥Ñ ÎßàÏù¥ÌéòÏù¥ÏßÄ ÏãúÏä§ÌÖú TDD ÌÖåÏä§Ìä∏ 3. Í¥ÄÎ¶¨Ïûê ÎßàÏù¥ÌéòÏù¥ÏßÄ ÌÖåÏä§Ìä∏ Í¥ÄÎ¶¨Ïûê ÏÇ¨Ïö©Ïûê Í¥ÄÎ¶¨Í∞Ä Ïò¨Î∞îÎ•¥Í≤å ÏûëÎèôÌï¥Ïïº ÌïúÎã§" name="Í∂åÌïúÎ≥Ñ ÎßàÏù¥ÌéòÏù¥ÏßÄ ÏãúÏä§ÌÖú TDD ÌÖåÏä§Ìä∏ 3. Í¥ÄÎ¶¨Ïûê ÎßàÏù¥ÌéòÏù¥ÏßÄ ÌÖåÏä§Ìä∏ Í¥ÄÎ¶¨Ïûê ÏÇ¨Ïö©Ïûê Í¥ÄÎ¶¨Í∞Ä Ïò¨Î∞îÎ•¥Í≤å ÏûëÎèôÌï¥Ïïº ÌïúÎã§" time="0.005">
    </testcase>
    <testcase classname="Í∂åÌïúÎ≥Ñ ÎßàÏù¥ÌéòÏù¥ÏßÄ ÏãúÏä§ÌÖú TDD ÌÖåÏä§Ìä∏ 3. Í¥ÄÎ¶¨Ïûê ÎßàÏù¥ÌéòÏù¥ÏßÄ ÌÖåÏä§Ìä∏ Í¥ÄÎ¶¨Ïûê ÌîÑÎ°úÏ†ùÌä∏ ÏäπÏù∏ Í¥ÄÎ¶¨Í∞Ä Ïò¨Î∞îÎ•¥Í≤å ÏûëÎèôÌï¥Ïïº ÌïúÎã§" name="Í∂åÌïúÎ≥Ñ ÎßàÏù¥ÌéòÏù¥ÏßÄ ÏãúÏä§ÌÖú TDD ÌÖåÏä§Ìä∏ 3. Í¥ÄÎ¶¨Ïûê ÎßàÏù¥ÌéòÏù¥ÏßÄ ÌÖåÏä§Ìä∏ Í¥ÄÎ¶¨Ïûê ÌîÑÎ°úÏ†ùÌä∏ ÏäπÏù∏ Í¥ÄÎ¶¨Í∞Ä Ïò¨Î∞îÎ•¥Í≤å ÏûëÎèôÌï¥Ïïº ÌïúÎã§" time="0.002">
    </testcase>
    <testcase classname="Í∂åÌïúÎ≥Ñ ÎßàÏù¥ÌéòÏù¥ÏßÄ ÏãúÏä§ÌÖú TDD ÌÖåÏä§Ìä∏ 4. Í≥µÌÜµ ÎßàÏù¥ÌéòÏù¥ÏßÄ Í∏∞Îä• ÌÖåÏä§Ìä∏ ÌîÑÎ°úÌïÑ ÏàòÏ†ïÏù¥ Ïò¨Î∞îÎ•¥Í≤å ÏûëÎèôÌï¥Ïïº ÌïúÎã§" name="Í∂åÌïúÎ≥Ñ ÎßàÏù¥ÌéòÏù¥ÏßÄ ÏãúÏä§ÌÖú TDD ÌÖåÏä§Ìä∏ 4. Í≥µÌÜµ ÎßàÏù¥ÌéòÏù¥ÏßÄ Í∏∞Îä• ÌÖåÏä§Ìä∏ ÌîÑÎ°úÌïÑ ÏàòÏ†ïÏù¥ Ïò¨Î∞îÎ•¥Í≤å ÏûëÎèôÌï¥Ïïº ÌïúÎã§" time="0.001">
    </testcase>
    <testcase classname="Í∂åÌïúÎ≥Ñ ÎßàÏù¥ÌéòÏù¥ÏßÄ ÏãúÏä§ÌÖú TDD ÌÖåÏä§Ìä∏ 4. Í≥µÌÜµ ÎßàÏù¥ÌéòÏù¥ÏßÄ Í∏∞Îä• ÌÖåÏä§Ìä∏ ÎπÑÎ∞ÄÎ≤àÌò∏ Î≥ÄÍ≤ΩÏù¥ Ïò¨Î∞îÎ•¥Í≤å ÏûëÎèôÌï¥Ïïº ÌïúÎã§" name="Í∂åÌïúÎ≥Ñ ÎßàÏù¥ÌéòÏù¥ÏßÄ ÏãúÏä§ÌÖú TDD ÌÖåÏä§Ìä∏ 4. Í≥µÌÜµ ÎßàÏù¥ÌéòÏù¥ÏßÄ Í∏∞Îä• ÌÖåÏä§Ìä∏ ÎπÑÎ∞ÄÎ≤àÌò∏ Î≥ÄÍ≤ΩÏù¥ Ïò¨Î∞îÎ•¥Í≤å ÏûëÎèôÌï¥Ïïº ÌïúÎã§" time="0.002">
    </testcase>
    <testcase classname="Í∂åÌïúÎ≥Ñ ÎßàÏù¥ÌéòÏù¥ÏßÄ ÏãúÏä§ÌÖú TDD ÌÖåÏä§Ìä∏ 4. Í≥µÌÜµ ÎßàÏù¥ÌéòÏù¥ÏßÄ Í∏∞Îä• ÌÖåÏä§Ìä∏ Í≥ÑÏ†ï ÏÇ≠Ï†úÍ∞Ä Ïò¨Î∞îÎ•¥Í≤å ÏûëÎèôÌï¥Ïïº ÌïúÎã§" name="Í∂åÌïúÎ≥Ñ ÎßàÏù¥ÌéòÏù¥ÏßÄ ÏãúÏä§ÌÖú TDD ÌÖåÏä§Ìä∏ 4. Í≥µÌÜµ ÎßàÏù¥ÌéòÏù¥ÏßÄ Í∏∞Îä• ÌÖåÏä§Ìä∏ Í≥ÑÏ†ï ÏÇ≠Ï†úÍ∞Ä Ïò¨Î∞îÎ•¥Í≤å ÏûëÎèôÌï¥Ïïº ÌïúÎã§" time="0.003">
    </testcase>
    <testcase classname="Í∂åÌïúÎ≥Ñ ÎßàÏù¥ÌéòÏù¥ÏßÄ ÏãúÏä§ÌÖú TDD ÌÖåÏä§Ìä∏ 5. ÎßàÏù¥ÌéòÏù¥ÏßÄ Îç∞Ïù¥ÌÑ∞ Î≥¥Ïïà ÌÖåÏä§Ìä∏ Í∞úÏù∏Ï†ïÎ≥¥ Î≥¥Ìò∏Í∞Ä Ïò¨Î∞îÎ•¥Í≤å ÏûëÎèôÌï¥Ïïº ÌïúÎã§" name="Í∂åÌïúÎ≥Ñ ÎßàÏù¥ÌéòÏù¥ÏßÄ ÏãúÏä§ÌÖú TDD ÌÖåÏä§Ìä∏ 5. ÎßàÏù¥ÌéòÏù¥ÏßÄ Îç∞Ïù¥ÌÑ∞ Î≥¥Ïïà ÌÖåÏä§Ìä∏ Í∞úÏù∏Ï†ïÎ≥¥ Î≥¥Ìò∏Í∞Ä Ïò¨Î∞îÎ•¥Í≤å ÏûëÎèôÌï¥Ïïº ÌïúÎã§" time="0.008">
      <failure>Error: expect(received).toBe(expected) // Object.is equality

Expected: &quot;010-****-5678&quot;
Received: &quot;010-****-$3&quot;
    at Object.toBe (C:\Users\xx005\Downloads\Collaboreum MVP Platform\src\__tests__\UserProfileSystem.test.tsx:941:31)
    at Promise.then.completed (C:\Users\xx005\Downloads\Collaboreum MVP Platform\node_modules\jest-circus\build\utils.js:298:28)
    at new Promise (&lt;anonymous&gt;)
    at callAsyncCircusFn (C:\Users\xx005\Downloads\Collaboreum MVP Platform\node_modules\jest-circus\build\utils.js:231:10)
    at _callCircusTest (C:\Users\xx005\Downloads\Collaboreum MVP Platform\node_modules\jest-circus\build\run.js:316:40)
    at _runTest (C:\Users\xx005\Downloads\Collaboreum MVP Platform\node_modules\jest-circus\build\run.js:252:3)
    at _runTestsForDescribeBlock (C:\Users\xx005\Downloads\Collaboreum MVP Platform\node_modules\jest-circus\build\run.js:126:9)
    at _runTestsForDescribeBlock (C:\Users\xx005\Downloads\Collaboreum MVP Platform\node_modules\jest-circus\build\run.js:121:9)
    at _runTestsForDescribeBlock (C:\Users\xx005\Downloads\Collaboreum MVP Platform\node_modules\jest-circus\build\run.js:121:9)
    at run (C:\Users\xx005\Downloads\Collaboreum MVP Platform\node_modules\jest-circus\build\run.js:71:3)
    at runAndTransformResultsToJestFormat (C:\Users\xx005\Downloads\Collaboreum MVP Platform\node_modules\jest-circus\build\legacy-code-todo-rewrite\jestAdapterInit.js:122:21)
    at jestAdapter (C:\Users\xx005\Downloads\Collaboreum MVP Platform\node_modules\jest-circus\build\legacy-code-todo-rewrite\jestAdapter.js:79:19)
    at runTestInternal (C:\Users\xx005\Downloads\Collaboreum MVP Platform\node_modules\jest-runner\build\runTest.js:367:16)
    at runTest (C:\Users\xx005\Downloads\Collaboreum MVP Platform\node_modules\jest-runner\build\runTest.js:444:34)</failure>
    </testcase>
    <testcase classname="Í∂åÌïúÎ≥Ñ ÎßàÏù¥ÌéòÏù¥ÏßÄ ÏãúÏä§ÌÖú TDD ÌÖåÏä§Ìä∏ 5. ÎßàÏù¥ÌéòÏù¥ÏßÄ Îç∞Ïù¥ÌÑ∞ Î≥¥Ïïà ÌÖåÏä§Ìä∏ Îç∞Ïù¥ÌÑ∞ Ï†ëÍ∑º Î°úÍ∑∏Í∞Ä Ïò¨Î∞îÎ•¥Í≤å Í∏∞Î°ùÎêòÏñ¥Ïïº ÌïúÎã§" name="Í∂åÌïúÎ≥Ñ ÎßàÏù¥ÌéòÏù¥ÏßÄ ÏãúÏä§ÌÖú TDD ÌÖåÏä§Ìä∏ 5. ÎßàÏù¥ÌéòÏù¥ÏßÄ Îç∞Ïù¥ÌÑ∞ Î≥¥Ïïà ÌÖåÏä§Ìä∏ Îç∞Ïù¥ÌÑ∞ Ï†ëÍ∑º Î°úÍ∑∏Í∞Ä Ïò¨Î∞îÎ•¥Í≤å Í∏∞Î°ùÎêòÏñ¥Ïïº ÌïúÎã§" time="0.004">
    </testcase>
  </testsuite>
  <testsuite name="useSelect Hook" errors="0" failures="3" skipped="0" timestamp="2025-09-22T10:25:43" time="0.932" tests="12">
    <testcase classname="useSelect Hook initializes with correct default values" name="useSelect Hook initializes with correct default values" time="0.01">
    </testcase>
    <testcase classname="useSelect Hook updates selectedItem when value changes" name="useSelect Hook updates selectedItem when value changes" time="0.013">
      <failure>Error: expect(received).toEqual(expected) // deep equality

Expected: {&quot;label&quot;: &quot;Option 1&quot;, &quot;value&quot;: &quot;option1&quot;}
Received: null
    at Object.toEqual (C:\Users\xx005\Downloads\Collaboreum MVP Platform\src\shared\ui\hooks\__tests__\useSelect.test.tsx:42:41)
    at Promise.then.completed (C:\Users\xx005\Downloads\Collaboreum MVP Platform\node_modules\jest-circus\build\utils.js:298:28)
    at new Promise (&lt;anonymous&gt;)
    at callAsyncCircusFn (C:\Users\xx005\Downloads\Collaboreum MVP Platform\node_modules\jest-circus\build\utils.js:231:10)
    at _callCircusTest (C:\Users\xx005\Downloads\Collaboreum MVP Platform\node_modules\jest-circus\build\run.js:316:40)
    at _runTest (C:\Users\xx005\Downloads\Collaboreum MVP Platform\node_modules\jest-circus\build\run.js:252:3)
    at _runTestsForDescribeBlock (C:\Users\xx005\Downloads\Collaboreum MVP Platform\node_modules\jest-circus\build\run.js:126:9)
    at _runTestsForDescribeBlock (C:\Users\xx005\Downloads\Collaboreum MVP Platform\node_modules\jest-circus\build\run.js:121:9)
    at run (C:\Users\xx005\Downloads\Collaboreum MVP Platform\node_modules\jest-circus\build\run.js:71:3)
    at runAndTransformResultsToJestFormat (C:\Users\xx005\Downloads\Collaboreum MVP Platform\node_modules\jest-circus\build\legacy-code-todo-rewrite\jestAdapterInit.js:122:21)
    at jestAdapter (C:\Users\xx005\Downloads\Collaboreum MVP Platform\node_modules\jest-circus\build\legacy-code-todo-rewrite\jestAdapter.js:79:19)
    at runTestInternal (C:\Users\xx005\Downloads\Collaboreum MVP Platform\node_modules\jest-runner\build\runTest.js:367:16)
    at runTest (C:\Users\xx005\Downloads\Collaboreum MVP Platform\node_modules\jest-runner\build\runTest.js:444:34)</failure>
    </testcase>
    <testcase classname="useSelect Hook handles value change correctly" name="useSelect Hook handles value change correctly" time="0.012">
      <failure>Error: expect(received).toEqual(expected) // deep equality

Expected: {&quot;label&quot;: &quot;Option 2&quot;, &quot;value&quot;: &quot;option2&quot;}
Received: null
    at Object.toEqual (C:\Users\xx005\Downloads\Collaboreum MVP Platform\src\shared\ui\hooks\__tests__\useSelect.test.tsx:58:41)
    at Promise.then.completed (C:\Users\xx005\Downloads\Collaboreum MVP Platform\node_modules\jest-circus\build\utils.js:298:28)
    at new Promise (&lt;anonymous&gt;)
    at callAsyncCircusFn (C:\Users\xx005\Downloads\Collaboreum MVP Platform\node_modules\jest-circus\build\utils.js:231:10)
    at _callCircusTest (C:\Users\xx005\Downloads\Collaboreum MVP Platform\node_modules\jest-circus\build\run.js:316:40)
    at _runTest (C:\Users\xx005\Downloads\Collaboreum MVP Platform\node_modules\jest-circus\build\run.js:252:3)
    at _runTestsForDescribeBlock (C:\Users\xx005\Downloads\Collaboreum MVP Platform\node_modules\jest-circus\build\run.js:126:9)
    at _runTestsForDescribeBlock (C:\Users\xx005\Downloads\Collaboreum MVP Platform\node_modules\jest-circus\build\run.js:121:9)
    at run (C:\Users\xx005\Downloads\Collaboreum MVP Platform\node_modules\jest-circus\build\run.js:71:3)
    at runAndTransformResultsToJestFormat (C:\Users\xx005\Downloads\Collaboreum MVP Platform\node_modules\jest-circus\build\legacy-code-todo-rewrite\jestAdapterInit.js:122:21)
    at jestAdapter (C:\Users\xx005\Downloads\Collaboreum MVP Platform\node_modules\jest-circus\build\legacy-code-todo-rewrite\jestAdapter.js:79:19)
    at runTestInternal (C:\Users\xx005\Downloads\Collaboreum MVP Platform\node_modules\jest-runner\build\runTest.js:367:16)
    at runTest (C:\Users\xx005\Downloads\Collaboreum MVP Platform\node_modules\jest-runner\build\runTest.js:444:34)</failure>
    </testcase>
    <testcase classname="useSelect Hook toggles open state with setOpen" name="useSelect Hook toggles open state with setOpen" time="0.004">
    </testcase>
    <testcase classname="useSelect Hook handles keyboard navigation for trigger" name="useSelect Hook handles keyboard navigation for trigger" time="0.003">
    </testcase>
    <testcase classname="useSelect Hook handles Escape key to close" name="useSelect Hook handles Escape key to close" time="0.001">
    </testcase>
    <testcase classname="useSelect Hook handles ArrowDown key to open and focus" name="useSelect Hook handles ArrowDown key to open and focus" time="0.005">
    </testcase>
    <testcase classname="useSelect Hook handles item keyboard navigation" name="useSelect Hook handles item keyboard navigation" time="0.021">
    </testcase>
    <testcase classname="useSelect Hook handles Escape key in item to close and focus trigger" name="useSelect Hook handles Escape key in item to close and focus trigger" time="0.002">
    </testcase>
    <testcase classname="useSelect Hook renders children correctly" name="useSelect Hook renders children correctly" time="0.012">
      <failure>Error: expect(received).toBe(expected) // Object.is equality

Expected: 3
Received: 1
    at Object.toBe (C:\Users\xx005\Downloads\Collaboreum MVP Platform\src\shared\ui\hooks\__tests__\useSelect.test.tsx:182:67)
    at Promise.then.completed (C:\Users\xx005\Downloads\Collaboreum MVP Platform\node_modules\jest-circus\build\utils.js:298:28)
    at new Promise (&lt;anonymous&gt;)
    at callAsyncCircusFn (C:\Users\xx005\Downloads\Collaboreum MVP Platform\node_modules\jest-circus\build\utils.js:231:10)
    at _callCircusTest (C:\Users\xx005\Downloads\Collaboreum MVP Platform\node_modules\jest-circus\build\run.js:316:40)
    at _runTest (C:\Users\xx005\Downloads\Collaboreum MVP Platform\node_modules\jest-circus\build\run.js:252:3)
    at _runTestsForDescribeBlock (C:\Users\xx005\Downloads\Collaboreum MVP Platform\node_modules\jest-circus\build\run.js:126:9)
    at _runTestsForDescribeBlock (C:\Users\xx005\Downloads\Collaboreum MVP Platform\node_modules\jest-circus\build\run.js:121:9)
    at run (C:\Users\xx005\Downloads\Collaboreum MVP Platform\node_modules\jest-circus\build\run.js:71:3)
    at runAndTransformResultsToJestFormat (C:\Users\xx005\Downloads\Collaboreum MVP Platform\node_modules\jest-circus\build\legacy-code-todo-rewrite\jestAdapterInit.js:122:21)
    at jestAdapter (C:\Users\xx005\Downloads\Collaboreum MVP Platform\node_modules\jest-circus\build\legacy-code-todo-rewrite\jestAdapter.js:79:19)
    at runTestInternal (C:\Users\xx005\Downloads\Collaboreum MVP Platform\node_modules\jest-runner\build\runTest.js:367:16)
    at runTest (C:\Users\xx005\Downloads\Collaboreum MVP Platform\node_modules\jest-runner\build\runTest.js:444:34)</failure>
    </testcase>
    <testcase classname="useSelect Hook memoizes rendered children" name="useSelect Hook memoizes rendered children" time="0.012">
    </testcase>
    <testcase classname="useSelect Hook handles disabled state" name="useSelect Hook handles disabled state" time="0.003">
    </testcase>
  </testsuite>
  <testsuite name="MetricsCard Ïª¥Ìè¨ÎÑåÌä∏ ÌÖåÏä§Ìä∏" errors="0" failures="1" skipped="0" timestamp="2025-09-22T10:25:44" time="0.97" tests="9">
    <testcase classname="MetricsCard Ïª¥Ìè¨ÎÑåÌä∏ ÌÖåÏä§Ìä∏ Í∏∞Î≥∏ propsÎ°ú Î†åÎçîÎßÅÎêúÎã§" name="MetricsCard Ïª¥Ìè¨ÎÑåÌä∏ ÌÖåÏä§Ìä∏ Í∏∞Î≥∏ propsÎ°ú Î†åÎçîÎßÅÎêúÎã§" time="0.022">
    </testcase>
    <testcase classname="MetricsCard Ïª¥Ìè¨ÎÑåÌä∏ ÌÖåÏä§Ìä∏ variantÍ∞Ä Ï†úÍ≥µÎêòÎ©¥ Ïò¨Î∞îÎ•∏ Ïä§ÌÉÄÏùºÏù¥ Ï†ÅÏö©ÎêúÎã§" name="MetricsCard Ïª¥Ìè¨ÎÑåÌä∏ ÌÖåÏä§Ìä∏ variantÍ∞Ä Ï†úÍ≥µÎêòÎ©¥ Ïò¨Î∞îÎ•∏ Ïä§ÌÉÄÏùºÏù¥ Ï†ÅÏö©ÎêúÎã§" time="0.014">
    </testcase>
    <testcase classname="MetricsCard Ïª¥Ìè¨ÎÑåÌä∏ ÌÖåÏä§Ìä∏ trendÍ∞Ä Ï†úÍ≥µÎêòÎ©¥ ÌëúÏãúÎêúÎã§" name="MetricsCard Ïª¥Ìè¨ÎÑåÌä∏ ÌÖåÏä§Ìä∏ trendÍ∞Ä Ï†úÍ≥µÎêòÎ©¥ ÌëúÏãúÎêúÎã§" time="0.007">
    </testcase>
    <testcase classname="MetricsCard Ïª¥Ìè¨ÎÑåÌä∏ ÌÖåÏä§Ìä∏ trendÍ∞Ä ÏñëÏàòÏùº Îïå Ïò¨Î∞îÎ•∏ ÏÉâÏÉÅÏúºÎ°ú ÌëúÏãúÎêúÎã§" name="MetricsCard Ïª¥Ìè¨ÎÑåÌä∏ ÌÖåÏä§Ìä∏ trendÍ∞Ä ÏñëÏàòÏùº Îïå Ïò¨Î∞îÎ•∏ ÏÉâÏÉÅÏúºÎ°ú ÌëúÏãúÎêúÎã§" time="0.005">
    </testcase>
    <testcase classname="MetricsCard Ïª¥Ìè¨ÎÑåÌä∏ ÌÖåÏä§Ìä∏ trendÍ∞Ä ÏùåÏàòÏùº Îïå Ïò¨Î∞îÎ•∏ ÏÉâÏÉÅÏúºÎ°ú ÌëúÏãúÎêúÎã§" name="MetricsCard Ïª¥Ìè¨ÎÑåÌä∏ ÌÖåÏä§Ìä∏ trendÍ∞Ä ÏùåÏàòÏùº Îïå Ïò¨Î∞îÎ•∏ ÏÉâÏÉÅÏúºÎ°ú ÌëúÏãúÎêúÎã§" time="0.01">
    </testcase>
    <testcase classname="MetricsCard Ïª¥Ìè¨ÎÑåÌä∏ ÌÖåÏä§Ìä∏ Ï†ëÍ∑ºÏÑ± ÏÜçÏÑ±Ïù¥ Ïò¨Î∞îÎ•¥Í≤å ÏÑ§Ï†ïÎêòÏñ¥ ÏûàÎã§" name="MetricsCard Ïª¥Ìè¨ÎÑåÌä∏ ÌÖåÏä§Ìä∏ Ï†ëÍ∑ºÏÑ± ÏÜçÏÑ±Ïù¥ Ïò¨Î∞îÎ•¥Í≤å ÏÑ§Ï†ïÎêòÏñ¥ ÏûàÎã§" time="0.014">
    </testcase>
    <testcase classname="MetricsCard Ïª¥Ìè¨ÎÑåÌä∏ ÌÖåÏä§Ìä∏ Ïà´Ïûê Í∞íÏù¥ Ïò¨Î∞îÎ•¥Í≤å Ìè¨Îß∑ÌåÖÎêòÏñ¥ ÌëúÏãúÎêúÎã§" name="MetricsCard Ïª¥Ìè¨ÎÑåÌä∏ ÌÖåÏä§Ìä∏ Ïà´Ïûê Í∞íÏù¥ Ïò¨Î∞îÎ•¥Í≤å Ìè¨Îß∑ÌåÖÎêòÏñ¥ ÌëúÏãúÎêúÎã§" time="0.006">
    </testcase>
    <testcase classname="MetricsCard Ïª¥Ìè¨ÎÑåÌä∏ ÌÖåÏä§Ìä∏ ÏïÑÏù¥ÏΩòÏù¥ Ïò¨Î∞îÎ•¥Í≤å Î†åÎçîÎßÅÎêúÎã§" name="MetricsCard Ïª¥Ìè¨ÎÑåÌä∏ ÌÖåÏä§Ìä∏ ÏïÑÏù¥ÏΩòÏù¥ Ïò¨Î∞îÎ•¥Í≤å Î†åÎçîÎßÅÎêúÎã§" time="0.023">
      <failure>TestingLibraryElementError: Unable to find an element with the role &quot;img&quot;

Here are the available roles:

  paragraph:

  Name &quot;&quot;:
  &lt;p
    class=&quot;mb-1 text-sm text-gray-600&quot;
  /&gt;

  Name &quot;&quot;:
  &lt;p
    class=&quot;text-2xl font-bold text-blue-600&quot;
  /&gt;

  --------------------------------------------------

Ignored nodes: comments, script, style
&lt;body&gt;
  &lt;div&gt;
    &lt;div
      class=&quot;text-card-foreground flex flex-col gap-6 rounded-3xl border shadow-apple border-border/50 bg-card p-4&quot;
    &gt;
      &lt;div
        class=&quot;[&amp;:last-child]:pb-6 text-sm p-6&quot;
      &gt;
        &lt;div
          class=&quot;flex items-center justify-between&quot;
        &gt;
          &lt;div&gt;
            &lt;p
              class=&quot;mb-1 text-sm text-gray-600&quot;
            &gt;
              ÌÖåÏä§Ìä∏ Ï†úÎ™©
            &lt;/p&gt;
            &lt;p
              class=&quot;text-2xl font-bold text-blue-600&quot;
            &gt;
              100
            &lt;/p&gt;
          &lt;/div&gt;
          &lt;div
            class=&quot;flex h-12 w-12 items-center justify-center rounded-lg bg-blue-100&quot;
          &gt;
            &lt;svg
              aria-hidden=&quot;true&quot;
              class=&quot;lucide lucide-users h-6 w-6 text-blue-600&quot;
              fill=&quot;none&quot;
              height=&quot;24&quot;
              stroke=&quot;currentColor&quot;
              stroke-linecap=&quot;round&quot;
              stroke-linejoin=&quot;round&quot;
              stroke-width=&quot;2&quot;
              viewBox=&quot;0 0 24 24&quot;
              width=&quot;24&quot;
              xmlns=&quot;http://www.w3.org/2000/svg&quot;
            &gt;
              &lt;path
                d=&quot;M16 21v-2a4 4 0 0 0-4-4H6a4 4 0 0 0-4 4v2&quot;
              /&gt;
              &lt;path
                d=&quot;M16 3.128a4 4 0 0 1 0 7.744&quot;
              /&gt;
              &lt;path
                d=&quot;M22 21v-2a4 4 0 0 0-3-3.87&quot;
              /&gt;
              &lt;circle
                cx=&quot;9&quot;
                cy=&quot;7&quot;
                r=&quot;4&quot;
              /&gt;
            &lt;/svg&gt;
          &lt;/div&gt;
        &lt;/div&gt;
      &lt;/div&gt;
    &lt;/div&gt;
  &lt;/div&gt;
&lt;/body&gt;
    at Object.getElementError (C:\Users\xx005\Downloads\Collaboreum MVP Platform\node_modules\@testing-library\dom\dist\config.js:37:19)
    at C:\Users\xx005\Downloads\Collaboreum MVP Platform\node_modules\@testing-library\dom\dist\query-helpers.js:76:38
    at C:\Users\xx005\Downloads\Collaboreum MVP Platform\node_modules\@testing-library\dom\dist\query-helpers.js:52:17
    at C:\Users\xx005\Downloads\Collaboreum MVP Platform\node_modules\@testing-library\dom\dist\query-helpers.js:95:19
    at Object.getByRole (C:\Users\xx005\Downloads\Collaboreum MVP Platform\src\features\admin\components\__tests__\MetricsCard.test.tsx:92:34)
    at Promise.then.completed (C:\Users\xx005\Downloads\Collaboreum MVP Platform\node_modules\jest-circus\build\utils.js:298:28)
    at new Promise (&lt;anonymous&gt;)
    at callAsyncCircusFn (C:\Users\xx005\Downloads\Collaboreum MVP Platform\node_modules\jest-circus\build\utils.js:231:10)
    at _callCircusTest (C:\Users\xx005\Downloads\Collaboreum MVP Platform\node_modules\jest-circus\build\run.js:316:40)
    at _runTest (C:\Users\xx005\Downloads\Collaboreum MVP Platform\node_modules\jest-circus\build\run.js:252:3)
    at _runTestsForDescribeBlock (C:\Users\xx005\Downloads\Collaboreum MVP Platform\node_modules\jest-circus\build\run.js:126:9)
    at _runTestsForDescribeBlock (C:\Users\xx005\Downloads\Collaboreum MVP Platform\node_modules\jest-circus\build\run.js:121:9)
    at run (C:\Users\xx005\Downloads\Collaboreum MVP Platform\node_modules\jest-circus\build\run.js:71:3)
    at runAndTransformResultsToJestFormat (C:\Users\xx005\Downloads\Collaboreum MVP Platform\node_modules\jest-circus\build\legacy-code-todo-rewrite\jestAdapterInit.js:122:21)
    at jestAdapter (C:\Users\xx005\Downloads\Collaboreum MVP Platform\node_modules\jest-circus\build\legacy-code-todo-rewrite\jestAdapter.js:79:19)
    at runTestInternal (C:\Users\xx005\Downloads\Collaboreum MVP Platform\node_modules\jest-runner\build\runTest.js:367:16)
    at runTest (C:\Users\xx005\Downloads\Collaboreum MVP Platform\node_modules\jest-runner\build\runTest.js:444:34)</failure>
    </testcase>
    <testcase classname="MetricsCard Ïª¥Ìè¨ÎÑåÌä∏ ÌÖåÏä§Ìä∏ Îã§ÏñëÌïú variantÍ∞Ä Ïò¨Î∞îÎ•¥Í≤å Ï†ÅÏö©ÎêúÎã§" name="MetricsCard Ïª¥Ìè¨ÎÑåÌä∏ ÌÖåÏä§Ìä∏ Îã§ÏñëÌïú variantÍ∞Ä Ïò¨Î∞îÎ•¥Í≤å Ï†ÅÏö©ÎêúÎã§" time="0.029">
    </testcase>
  </testsuite>
  <testsuite name="VirtualizedList" errors="0" failures="3" skipped="0" timestamp="2025-09-22T10:25:45" time="0.807" tests="6">
    <testcase classname="VirtualizedList Í∏∞Î≥∏ Î†åÎçîÎßÅÏù¥ Ïò¨Î∞îÎ•¥Í≤å ÏûëÎèôÌïúÎã§" name="VirtualizedList Í∏∞Î≥∏ Î†åÎçîÎßÅÏù¥ Ïò¨Î∞îÎ•¥Í≤å ÏûëÎèôÌïúÎã§" time="0.021">
      <failure>Error: expect(received).toBeLessThanOrEqual(expected)

Expected: &lt;= 10
Received:    12
    at Object.toBeLessThanOrEqual (C:\Users\xx005\Downloads\Collaboreum MVP Platform\src\__tests__\VirtualizedList.test.tsx:30:33)
    at Promise.then.completed (C:\Users\xx005\Downloads\Collaboreum MVP Platform\node_modules\jest-circus\build\utils.js:298:28)
    at new Promise (&lt;anonymous&gt;)
    at callAsyncCircusFn (C:\Users\xx005\Downloads\Collaboreum MVP Platform\node_modules\jest-circus\build\utils.js:231:10)
    at _callCircusTest (C:\Users\xx005\Downloads\Collaboreum MVP Platform\node_modules\jest-circus\build\run.js:316:40)
    at _runTest (C:\Users\xx005\Downloads\Collaboreum MVP Platform\node_modules\jest-circus\build\run.js:252:3)
    at _runTestsForDescribeBlock (C:\Users\xx005\Downloads\Collaboreum MVP Platform\node_modules\jest-circus\build\run.js:126:9)
    at _runTestsForDescribeBlock (C:\Users\xx005\Downloads\Collaboreum MVP Platform\node_modules\jest-circus\build\run.js:121:9)
    at run (C:\Users\xx005\Downloads\Collaboreum MVP Platform\node_modules\jest-circus\build\run.js:71:3)
    at runAndTransformResultsToJestFormat (C:\Users\xx005\Downloads\Collaboreum MVP Platform\node_modules\jest-circus\build\legacy-code-todo-rewrite\jestAdapterInit.js:122:21)
    at jestAdapter (C:\Users\xx005\Downloads\Collaboreum MVP Platform\node_modules\jest-circus\build\legacy-code-todo-rewrite\jestAdapter.js:79:19)
    at runTestInternal (C:\Users\xx005\Downloads\Collaboreum MVP Platform\node_modules\jest-runner\build\runTest.js:367:16)
    at runTest (C:\Users\xx005\Downloads\Collaboreum MVP Platform\node_modules\jest-runner\build\runTest.js:444:34)</failure>
    </testcase>
    <testcase classname="VirtualizedList Îπà Î∞∞Ïó¥ÏùÑ Ïò¨Î∞îÎ•¥Í≤å Ï≤òÎ¶¨ÌïúÎã§" name="VirtualizedList Îπà Î∞∞Ïó¥ÏùÑ Ïò¨Î∞îÎ•¥Í≤å Ï≤òÎ¶¨ÌïúÎã§" time="0.002">
    </testcase>
    <testcase classname="VirtualizedList undefined itemsÎ•º Ïò¨Î∞îÎ•¥Í≤å Ï≤òÎ¶¨ÌïúÎã§" name="VirtualizedList undefined itemsÎ•º Ïò¨Î∞îÎ•¥Í≤å Ï≤òÎ¶¨ÌïúÎã§" time="0.001">
    </testcase>
    <testcase classname="VirtualizedList Ïä§ÌÅ¨Î°§ Ïãú Ïò¨Î∞îÎ•¥Í≤å ÏïÑÏù¥ÌÖúÏù¥ ÏóÖÎç∞Ïù¥Ìä∏ÎêúÎã§" name="VirtualizedList Ïä§ÌÅ¨Î°§ Ïãú Ïò¨Î∞îÎ•¥Í≤å ÏïÑÏù¥ÌÖúÏù¥ ÏóÖÎç∞Ïù¥Ìä∏ÎêúÎã§" time="0.033">
      <failure>TestingLibraryElementError: Unable to find an accessible element with the role &quot;listbox&quot;

There are no accessible roles. But there might be some inaccessible roles. If you wish to access them, then set the `hidden` option to `true`. Learn more about this here: https://testing-library.com/docs/dom-testing-library/api-queries#byrole

Ignored nodes: comments, script, style
&lt;body&gt;
  &lt;div&gt;
    &lt;div
      class=&quot;overflow-auto&quot;
      style=&quot;height: 300px;&quot;
    &gt;
      &lt;div
        style=&quot;height: 5000px; position: relative;&quot;
      &gt;
        &lt;div
          style=&quot;transform: translateY(0px); position: absolute; top: 0px; left: 0px; right: 0px;&quot;
        &gt;
          &lt;div
            style=&quot;height: 50px;&quot;
          &gt;
            &lt;div
              data-testid=&quot;item-0&quot;
            &gt;
              Item 0
            &lt;/div&gt;
          &lt;/div&gt;
          &lt;div
            style=&quot;height: 50px;&quot;
          &gt;
            &lt;div
              data-testid=&quot;item-1&quot;
            &gt;
              Item 1
            &lt;/div&gt;
          &lt;/div&gt;
          &lt;div
            style=&quot;height: 50px;&quot;
          &gt;
            &lt;div
              data-testid=&quot;item-2&quot;
            &gt;
              Item 2
            &lt;/div&gt;
          &lt;/div&gt;
          &lt;div
            style=&quot;height: 50px;&quot;
          &gt;
            &lt;div
              data-testid=&quot;item-3&quot;
            &gt;
              Item 3
            &lt;/div&gt;
          &lt;/div&gt;
          &lt;div
            style=&quot;height: 50px;&quot;
          &gt;
            &lt;div
              data-testid=&quot;item-4&quot;
            &gt;
              Item 4
            &lt;/div&gt;
          &lt;/div&gt;
          &lt;div
            style=&quot;height: 50px;&quot;
          &gt;
            &lt;div
              data-testid=&quot;item-5&quot;
            &gt;
              Item 5
            &lt;/div&gt;
          &lt;/div&gt;
          &lt;div
            style=&quot;height: 50px;&quot;
          &gt;
            &lt;div
              data-testid=&quot;item-6&quot;
            &gt;
              Item 6
            &lt;/div&gt;
          &lt;/div&gt;
          &lt;div
            style=&quot;height: 50px;&quot;
          &gt;
            &lt;div
              data-testid=&quot;item-7&quot;
            &gt;
              Item 7
            &lt;/div&gt;
          &lt;/div&gt;
          &lt;div
            style=&quot;height: 50px;&quot;
          &gt;
            &lt;div
              data-testid=&quot;item-8&quot;
            &gt;
              Item 8
            &lt;/div&gt;
          &lt;/div&gt;
          &lt;div
            style=&quot;height: 50px;&quot;
          &gt;
            &lt;div
              data-testid=&quot;item-9&quot;
            &gt;
              Item 9
            &lt;/div&gt;
          &lt;/div&gt;
          &lt;div
            style=&quot;height: 50px;&quot;
          &gt;
            &lt;div
              data-testid=&quot;item-10&quot;
            &gt;
              Item 10
            &lt;/div&gt;
          &lt;/div&gt;
          &lt;div
            style=&quot;height: 50px;&quot;
          &gt;
            &lt;div
              data-testid=&quot;item-11&quot;
            &gt;
              Item 11
            &lt;/div&gt;
          &lt;/div&gt;
        &lt;/div&gt;
      &lt;/div&gt;
    &lt;/div&gt;
  &lt;/div&gt;
&lt;/body&gt;
    at Object.getElementError (C:\Users\xx005\Downloads\Collaboreum MVP Platform\node_modules\@testing-library\dom\dist\config.js:37:19)
    at C:\Users\xx005\Downloads\Collaboreum MVP Platform\node_modules\@testing-library\dom\dist\query-helpers.js:76:38
    at C:\Users\xx005\Downloads\Collaboreum MVP Platform\node_modules\@testing-library\dom\dist\query-helpers.js:52:17
    at C:\Users\xx005\Downloads\Collaboreum MVP Platform\node_modules\@testing-library\dom\dist\query-helpers.js:95:19
    at Object.getByRole (C:\Users\xx005\Downloads\Collaboreum MVP Platform\src\__tests__\VirtualizedList.test.tsx:69:30)
    at Promise.then.completed (C:\Users\xx005\Downloads\Collaboreum MVP Platform\node_modules\jest-circus\build\utils.js:298:28)
    at new Promise (&lt;anonymous&gt;)
    at callAsyncCircusFn (C:\Users\xx005\Downloads\Collaboreum MVP Platform\node_modules\jest-circus\build\utils.js:231:10)
    at _callCircusTest (C:\Users\xx005\Downloads\Collaboreum MVP Platform\node_modules\jest-circus\build\run.js:316:40)
    at _runTest (C:\Users\xx005\Downloads\Collaboreum MVP Platform\node_modules\jest-circus\build\run.js:252:3)
    at _runTestsForDescribeBlock (C:\Users\xx005\Downloads\Collaboreum MVP Platform\node_modules\jest-circus\build\run.js:126:9)
    at _runTestsForDescribeBlock (C:\Users\xx005\Downloads\Collaboreum MVP Platform\node_modules\jest-circus\build\run.js:121:9)
    at run (C:\Users\xx005\Downloads\Collaboreum MVP Platform\node_modules\jest-circus\build\run.js:71:3)
    at runAndTransformResultsToJestFormat (C:\Users\xx005\Downloads\Collaboreum MVP Platform\node_modules\jest-circus\build\legacy-code-todo-rewrite\jestAdapterInit.js:122:21)
    at jestAdapter (C:\Users\xx005\Downloads\Collaboreum MVP Platform\node_modules\jest-circus\build\legacy-code-todo-rewrite\jestAdapter.js:79:19)
    at runTestInternal (C:\Users\xx005\Downloads\Collaboreum MVP Platform\node_modules\jest-runner\build\runTest.js:367:16)
    at runTest (C:\Users\xx005\Downloads\Collaboreum MVP Platform\node_modules\jest-runner\build\runTest.js:444:34)</failure>
    </testcase>
    <testcase classname="VirtualizedList Ïª§Ïä§ÌÖÄ classNameÏùÑ Ïò¨Î∞îÎ•¥Í≤å Ï†ÅÏö©ÌïúÎã§" name="VirtualizedList Ïª§Ïä§ÌÖÄ classNameÏùÑ Ïò¨Î∞îÎ•¥Í≤å Ï†ÅÏö©ÌïúÎã§" time="0.007">
      <failure>TestingLibraryElementError: Unable to find an accessible element with the role &quot;listbox&quot;

There are no accessible roles. But there might be some inaccessible roles. If you wish to access them, then set the `hidden` option to `true`. Learn more about this here: https://testing-library.com/docs/dom-testing-library/api-queries#byrole

Ignored nodes: comments, script, style
&lt;body&gt;
  &lt;div&gt;
    &lt;div
      class=&quot;overflow-auto custom-class&quot;
      style=&quot;height: 300px;&quot;
    &gt;
      &lt;div
        style=&quot;height: 5000px; position: relative;&quot;
      &gt;
        &lt;div
          style=&quot;transform: translateY(0px); position: absolute; top: 0px; left: 0px; right: 0px;&quot;
        &gt;
          &lt;div
            style=&quot;height: 50px;&quot;
          &gt;
            &lt;div
              data-testid=&quot;item-0&quot;
            &gt;
              Item 0
            &lt;/div&gt;
          &lt;/div&gt;
          &lt;div
            style=&quot;height: 50px;&quot;
          &gt;
            &lt;div
              data-testid=&quot;item-1&quot;
            &gt;
              Item 1
            &lt;/div&gt;
          &lt;/div&gt;
          &lt;div
            style=&quot;height: 50px;&quot;
          &gt;
            &lt;div
              data-testid=&quot;item-2&quot;
            &gt;
              Item 2
            &lt;/div&gt;
          &lt;/div&gt;
          &lt;div
            style=&quot;height: 50px;&quot;
          &gt;
            &lt;div
              data-testid=&quot;item-3&quot;
            &gt;
              Item 3
            &lt;/div&gt;
          &lt;/div&gt;
          &lt;div
            style=&quot;height: 50px;&quot;
          &gt;
            &lt;div
              data-testid=&quot;item-4&quot;
            &gt;
              Item 4
            &lt;/div&gt;
          &lt;/div&gt;
          &lt;div
            style=&quot;height: 50px;&quot;
          &gt;
            &lt;div
              data-testid=&quot;item-5&quot;
            &gt;
              Item 5
            &lt;/div&gt;
          &lt;/div&gt;
          &lt;div
            style=&quot;height: 50px;&quot;
          &gt;
            &lt;div
              data-testid=&quot;item-6&quot;
            &gt;
              Item 6
            &lt;/div&gt;
          &lt;/div&gt;
          &lt;div
            style=&quot;height: 50px;&quot;
          &gt;
            &lt;div
              data-testid=&quot;item-7&quot;
            &gt;
              Item 7
            &lt;/div&gt;
          &lt;/div&gt;
          &lt;div
            style=&quot;height: 50px;&quot;
          &gt;
            &lt;div
              data-testid=&quot;item-8&quot;
            &gt;
              Item 8
            &lt;/div&gt;
          &lt;/div&gt;
          &lt;div
            style=&quot;height: 50px;&quot;
          &gt;
            &lt;div
              data-testid=&quot;item-9&quot;
            &gt;
              Item 9
            &lt;/div&gt;
          &lt;/div&gt;
          &lt;div
            style=&quot;height: 50px;&quot;
          &gt;
            &lt;div
              data-testid=&quot;item-10&quot;
            &gt;
              Item 10
            &lt;/div&gt;
          &lt;/div&gt;
          &lt;div
            style=&quot;height: 50px;&quot;
          &gt;
            &lt;div
              data-testid=&quot;item-11&quot;
            &gt;
              Item 11
            &lt;/div&gt;
          &lt;/div&gt;
        &lt;/div&gt;
      &lt;/div&gt;
    &lt;/div&gt;
  &lt;/div&gt;
&lt;/body&gt;
    at Object.getElementError (C:\Users\xx005\Downloads\Collaboreum MVP Platform\node_modules\@testing-library\dom\dist\config.js:37:19)
    at C:\Users\xx005\Downloads\Collaboreum MVP Platform\node_modules\@testing-library\dom\dist\query-helpers.js:76:38
    at C:\Users\xx005\Downloads\Collaboreum MVP Platform\node_modules\@testing-library\dom\dist\query-helpers.js:52:17
    at C:\Users\xx005\Downloads\Collaboreum MVP Platform\node_modules\@testing-library\dom\dist\query-helpers.js:95:19
    at Object.getByRole (C:\Users\xx005\Downloads\Collaboreum MVP Platform\src\__tests__\VirtualizedList.test.tsx:90:30)
    at Promise.then.completed (C:\Users\xx005\Downloads\Collaboreum MVP Platform\node_modules\jest-circus\build\utils.js:298:28)
    at new Promise (&lt;anonymous&gt;)
    at callAsyncCircusFn (C:\Users\xx005\Downloads\Collaboreum MVP Platform\node_modules\jest-circus\build\utils.js:231:10)
    at _callCircusTest (C:\Users\xx005\Downloads\Collaboreum MVP Platform\node_modules\jest-circus\build\run.js:316:40)
    at _runTest (C:\Users\xx005\Downloads\Collaboreum MVP Platform\node_modules\jest-circus\build\run.js:252:3)
    at _runTestsForDescribeBlock (C:\Users\xx005\Downloads\Collaboreum MVP Platform\node_modules\jest-circus\build\run.js:126:9)
    at _runTestsForDescribeBlock (C:\Users\xx005\Downloads\Collaboreum MVP Platform\node_modules\jest-circus\build\run.js:121:9)
    at run (C:\Users\xx005\Downloads\Collaboreum MVP Platform\node_modules\jest-circus\build\run.js:71:3)
    at runAndTransformResultsToJestFormat (C:\Users\xx005\Downloads\Collaboreum MVP Platform\node_modules\jest-circus\build\legacy-code-todo-rewrite\jestAdapterInit.js:122:21)
    at jestAdapter (C:\Users\xx005\Downloads\Collaboreum MVP Platform\node_modules\jest-circus\build\legacy-code-todo-rewrite\jestAdapter.js:79:19)
    at runTestInternal (C:\Users\xx005\Downloads\Collaboreum MVP Platform\node_modules\jest-runner\build\runTest.js:367:16)
    at runTest (C:\Users\xx005\Downloads\Collaboreum MVP Platform\node_modules\jest-runner\build\runTest.js:444:34)</failure>
    </testcase>
    <testcase classname="VirtualizedList overscanÏù¥ Ïò¨Î∞îÎ•¥Í≤å ÏûëÎèôÌïúÎã§" name="VirtualizedList overscanÏù¥ Ïò¨Î∞îÎ•¥Í≤å ÏûëÎèôÌïúÎã§" time="0.006">
    </testcase>
  </testsuite>
  <testsuite name="Button" errors="0" failures="1" skipped="0" timestamp="2025-09-22T10:25:45" time="0.838" tests="8">
    <testcase classname="Button Í∏∞Î≥∏ Î≤ÑÌäºÏùÑ Î†åÎçîÎßÅÌïúÎã§" name="Button Í∏∞Î≥∏ Î≤ÑÌäºÏùÑ Î†åÎçîÎßÅÌïúÎã§" time="0.03">
    </testcase>
    <testcase classname="Button Îã§ÏñëÌïú variantÎ•º Ïò¨Î∞îÎ•¥Í≤å Ï†ÅÏö©ÌïúÎã§" name="Button Îã§ÏñëÌïú variantÎ•º Ïò¨Î∞îÎ•¥Í≤å Ï†ÅÏö©ÌïúÎã§" time="0.006">
      <failure>Error: expect(element).toHaveClass(&quot;border-neutral-300&quot;)

Expected the element to have class:
  border-neutral-300
Received:
  inline-flex items-center justify-center gap-2 whitespace-nowrap rounded-2xl font-medium transition-all duration-200 disabled:pointer-events-none disabled:opacity-50 [&amp;_svg]:pointer-events-none [&amp;_svg:not([class*=&apos;size-&apos;])]:size-4 shrink-0 [&amp;_svg]:shrink-0 outline-none focus-visible:ring-ring/30 focus-visible:ring-4 aria-invalid:ring-destructive/20 dark:aria-invalid:ring-destructive/40 aria-invalid:border-destructive cursor-pointer border border-border bg-background/80 backdrop-blur-sm text-foreground hover:bg-secondary/50 hover:border-border/80 focus:ring-primary-300 h-10 px-6 py-2 text-sm [&amp;_svg]:size-4
    at Object.toHaveClass (C:\Users\xx005\Downloads\Collaboreum MVP Platform\src\__tests__\Button.test.tsx:17:40)
    at Promise.then.completed (C:\Users\xx005\Downloads\Collaboreum MVP Platform\node_modules\jest-circus\build\utils.js:298:28)
    at new Promise (&lt;anonymous&gt;)
    at callAsyncCircusFn (C:\Users\xx005\Downloads\Collaboreum MVP Platform\node_modules\jest-circus\build\utils.js:231:10)
    at _callCircusTest (C:\Users\xx005\Downloads\Collaboreum MVP Platform\node_modules\jest-circus\build\run.js:316:40)
    at _runTest (C:\Users\xx005\Downloads\Collaboreum MVP Platform\node_modules\jest-circus\build\run.js:252:3)
    at _runTestsForDescribeBlock (C:\Users\xx005\Downloads\Collaboreum MVP Platform\node_modules\jest-circus\build\run.js:126:9)
    at _runTestsForDescribeBlock (C:\Users\xx005\Downloads\Collaboreum MVP Platform\node_modules\jest-circus\build\run.js:121:9)
    at run (C:\Users\xx005\Downloads\Collaboreum MVP Platform\node_modules\jest-circus\build\run.js:71:3)
    at runAndTransformResultsToJestFormat (C:\Users\xx005\Downloads\Collaboreum MVP Platform\node_modules\jest-circus\build\legacy-code-todo-rewrite\jestAdapterInit.js:122:21)
    at jestAdapter (C:\Users\xx005\Downloads\Collaboreum MVP Platform\node_modules\jest-circus\build\legacy-code-todo-rewrite\jestAdapter.js:79:19)
    at runTestInternal (C:\Users\xx005\Downloads\Collaboreum MVP Platform\node_modules\jest-runner\build\runTest.js:367:16)
    at runTest (C:\Users\xx005\Downloads\Collaboreum MVP Platform\node_modules\jest-runner\build\runTest.js:444:34)</failure>
    </testcase>
    <testcase classname="Button Îã§ÏñëÌïú sizeÎ•º Ïò¨Î∞îÎ•¥Í≤å Ï†ÅÏö©ÌïúÎã§" name="Button Îã§ÏñëÌïú sizeÎ•º Ïò¨Î∞îÎ•¥Í≤å Ï†ÅÏö©ÌïúÎã§" time="0.019">
    </testcase>
    <testcase classname="Button Îã§ÏñëÌïú toneÏùÑ Ïò¨Î∞îÎ•¥Í≤å Ï†ÅÏö©ÌïúÎã§" name="Button Îã§ÏñëÌïú toneÏùÑ Ïò¨Î∞îÎ•¥Í≤å Ï†ÅÏö©ÌïúÎã§" time="0.03">
    </testcase>
    <testcase classname="Button Î°úÎî© ÏÉÅÌÉúÎ•º Ïò¨Î∞îÎ•¥Í≤å Ï≤òÎ¶¨ÌïúÎã§" name="Button Î°úÎî© ÏÉÅÌÉúÎ•º Ïò¨Î∞îÎ•¥Í≤å Ï≤òÎ¶¨ÌïúÎã§" time="0.009">
    </testcase>
    <testcase classname="Button disabled ÏÉÅÌÉúÎ•º Ïò¨Î∞îÎ•¥Í≤å Ï≤òÎ¶¨ÌïúÎã§" name="Button disabled ÏÉÅÌÉúÎ•º Ïò¨Î∞îÎ•¥Í≤å Ï≤òÎ¶¨ÌïúÎã§" time="0.006">
    </testcase>
    <testcase classname="Button ARIA ÏÜçÏÑ±ÏùÑ Ïò¨Î∞îÎ•¥Í≤å Ï†ÑÎã¨ÌïúÎã§" name="Button ARIA ÏÜçÏÑ±ÏùÑ Ïò¨Î∞îÎ•¥Í≤å Ï†ÑÎã¨ÌïúÎã§" time="0.013">
    </testcase>
    <testcase classname="Button asChild propÏùÑ Ïò¨Î∞îÎ•¥Í≤å Ï≤òÎ¶¨ÌïúÎã§" name="Button asChild propÏùÑ Ïò¨Î∞îÎ•¥Í≤å Ï≤òÎ¶¨ÌïúÎã§" time="0.005">
    </testcase>
  </testsuite>
  <testsuite name="tokenStorage helpers" errors="0" failures="1" skipped="0" timestamp="2025-09-22T10:25:46" time="0.567" tests="12">
    <testcase classname="tokenStorage helpers sanitizeToken returns null for non-string input" name="tokenStorage helpers sanitizeToken returns null for non-string input" time="0.002">
    </testcase>
    <testcase classname="tokenStorage helpers sanitizeToken filters out bearer prefixes and undefined noise" name="tokenStorage helpers sanitizeToken filters out bearer prefixes and undefined noise" time="0">
    </testcase>
    <testcase classname="tokenStorage helpers sanitizeToken filters quoted tokens" name="tokenStorage helpers sanitizeToken filters quoted tokens" time="0.001">
      <failure>Error: expect(received).toBe(expected) // Object.is equality

Expected: &quot;eyJhbGciOiJIUzI1NiIsInR5cCI6IkpXVCJ9&quot;
Received: &quot;eyJhbGciOiJIUzI1NiIsInR5cCI6IkpXVCJ9\&quot;&quot;
    at Object.toBe (C:\Users\xx005\Downloads\Collaboreum MVP Platform\src\features\auth\services\__tests__\tokenStorage.test.ts:31:37)
    at Promise.then.completed (C:\Users\xx005\Downloads\Collaboreum MVP Platform\node_modules\jest-circus\build\utils.js:298:28)
    at new Promise (&lt;anonymous&gt;)
    at callAsyncCircusFn (C:\Users\xx005\Downloads\Collaboreum MVP Platform\node_modules\jest-circus\build\utils.js:231:10)
    at _callCircusTest (C:\Users\xx005\Downloads\Collaboreum MVP Platform\node_modules\jest-circus\build\run.js:316:40)
    at _runTest (C:\Users\xx005\Downloads\Collaboreum MVP Platform\node_modules\jest-circus\build\run.js:252:3)
    at _runTestsForDescribeBlock (C:\Users\xx005\Downloads\Collaboreum MVP Platform\node_modules\jest-circus\build\run.js:126:9)
    at _runTestsForDescribeBlock (C:\Users\xx005\Downloads\Collaboreum MVP Platform\node_modules\jest-circus\build\run.js:121:9)
    at _runTestsForDescribeBlock (C:\Users\xx005\Downloads\Collaboreum MVP Platform\node_modules\jest-circus\build\run.js:121:9)
    at run (C:\Users\xx005\Downloads\Collaboreum MVP Platform\node_modules\jest-circus\build\run.js:71:3)
    at runAndTransformResultsToJestFormat (C:\Users\xx005\Downloads\Collaboreum MVP Platform\node_modules\jest-circus\build\legacy-code-todo-rewrite\jestAdapterInit.js:122:21)
    at jestAdapter (C:\Users\xx005\Downloads\Collaboreum MVP Platform\node_modules\jest-circus\build\legacy-code-todo-rewrite\jestAdapter.js:79:19)
    at runTestInternal (C:\Users\xx005\Downloads\Collaboreum MVP Platform\node_modules\jest-runner\build\runTest.js:367:16)
    at runTest (C:\Users\xx005\Downloads\Collaboreum MVP Platform\node_modules\jest-runner\build\runTest.js:444:34)</failure>
    </testcase>
    <testcase classname="tokenStorage helpers sanitizeToken removes explicit null-like strings" name="tokenStorage helpers sanitizeToken removes explicit null-like strings" time="0.001">
    </testcase>
    <testcase classname="tokenStorage helpers sanitizeToken keeps already clean tokens untouched" name="tokenStorage helpers sanitizeToken keeps already clean tokens untouched" time="0.023">
    </testcase>
    <testcase classname="tokenStorage helpers persistTokens stores sanitized fallback tokens when access token is missing" name="tokenStorage helpers persistTokens stores sanitized fallback tokens when access token is missing" time="0.003">
    </testcase>
    <testcase classname="tokenStorage helpers persistTokens clears storage when sanitized token is empty" name="tokenStorage helpers persistTokens clears storage when sanitized token is empty" time="0.001">
    </testcase>
    <testcase classname="tokenStorage helpers getStoredAccessToken returns sanitized token from storage" name="tokenStorage helpers getStoredAccessToken returns sanitized token from storage" time="0">
    </testcase>
    <testcase classname="tokenStorage helpers resolveAuthTokenCandidates extracts tokens from nested data objects" name="tokenStorage helpers resolveAuthTokenCandidates extracts tokens from nested data objects" time="0.001">
    </testcase>
    <testcase classname="tokenStorage helpers resolveAuthTokenCandidates falls back to legacy token fields when accessToken is missing" name="tokenStorage helpers resolveAuthTokenCandidates falls back to legacy token fields when accessToken is missing" time="0">
    </testcase>
    <testcase classname="tokenStorage helpers resolveAuthTokenCandidates supports deeply nested payloads" name="tokenStorage helpers resolveAuthTokenCandidates supports deeply nested payloads" time="0.001">
    </testcase>
    <testcase classname="tokenStorage helpers resolveAuthTokenCandidates returns null tokens when no candidates exist" name="tokenStorage helpers resolveAuthTokenCandidates returns null tokens when no candidates exist" time="0">
    </testcase>
  </testsuite>
  <testsuite name="HomePage integration" errors="0" failures="0" skipped="0" timestamp="2025-09-22T10:25:48" time="3.281" tests="1">
    <testcase classname="HomePage integration renders popular artists and projects from API responses" name="HomePage integration renders popular artists and projects from API responses" time="0.166">
    </testcase>
  </testsuite>
  <testsuite name="home normalizers" errors="0" failures="0" skipped="0" timestamp="2025-09-22T10:25:51" time="0.414" tests="6">
    <testcase classname="home normalizers normalizes artist arrays returned directly from the API" name="home normalizers normalizes artist arrays returned directly from the API" time="0.004">
    </testcase>
    <testcase classname="home normalizers normalizes artists from a top-level data array" name="home normalizers normalizes artists from a top-level data array" time="0.001">
    </testcase>
    <testcase classname="home normalizers normalizes artists from nested keyed data containers" name="home normalizers normalizes artists from nested keyed data containers" time="0.001">
    </testcase>
    <testcase classname="home normalizers normalizes project arrays returned directly from the API" name="home normalizers normalizes project arrays returned directly from the API" time="0">
    </testcase>
    <testcase classname="home normalizers normalizes projects from a top-level data array" name="home normalizers normalizes projects from a top-level data array" time="0.001">
    </testcase>
    <testcase classname="home normalizers normalizes projects from nested keyed data containers" name="home normalizers normalizes projects from nested keyed data containers" time="0">
    </testcase>
  </testsuite>
  <testsuite name="ProjectGrid" errors="0" failures="0" skipped="0" timestamp="2025-09-22T10:25:51" time="4.431" tests="1">
    <testcase classname="ProjectGrid renders projects mapped from the funding API payload" name="ProjectGrid renders projects mapped from the funding API payload" time="0.053">
    </testcase>
  </testsuite>
  <testsuite name="CommunitySection" errors="0" failures="0" skipped="0" timestamp="2025-09-22T10:25:56" time="2.045" tests="7">
    <testcase classname="CommunitySection Î°úÎî© ÏÉÅÌÉúÏóêÏÑú Ïä§ÏºàÎ†àÌÜ§ÏùÑ Î†åÎçîÎßÅÌï¥Ïïº ÌïúÎã§" name="CommunitySection Î°úÎî© ÏÉÅÌÉúÏóêÏÑú Ïä§ÏºàÎ†àÌÜ§ÏùÑ Î†åÎçîÎßÅÌï¥Ïïº ÌïúÎã§" time="0.031">
    </testcase>
    <testcase classname="CommunitySection ÏóêÎü¨ ÏÉÅÌÉúÏóêÏÑú ÏóêÎü¨ Î©îÏãúÏßÄÎ•º ÌëúÏãúÌï¥Ïïº ÌïúÎã§" name="CommunitySection ÏóêÎü¨ ÏÉÅÌÉúÏóêÏÑú ÏóêÎü¨ Î©îÏãúÏßÄÎ•º ÌëúÏãúÌï¥Ïïº ÌïúÎã§" time="0.003">
    </testcase>
    <testcase classname="CommunitySection ÏÑ±Í≥µÏ†ÅÏúºÎ°ú Îç∞Ïù¥ÌÑ∞Î•º Î°úÎìúÌïòÎ©¥ Ìè¨Îüº Í≤åÏãúÍ∏ÄÍ≥º Ïù¥Î≤§Ìä∏Î•º ÌëúÏãúÌï¥Ïïº ÌïúÎã§" name="CommunitySection ÏÑ±Í≥µÏ†ÅÏúºÎ°ú Îç∞Ïù¥ÌÑ∞Î•º Î°úÎìúÌïòÎ©¥ Ìè¨Îüº Í≤åÏãúÍ∏ÄÍ≥º Ïù¥Î≤§Ìä∏Î•º ÌëúÏãúÌï¥Ïïº ÌïúÎã§" time="0.053">
    </testcase>
    <testcase classname="CommunitySection Îπà Îç∞Ïù¥ÌÑ∞ ÏÉÅÌÉúÏóêÏÑú Ï†ÅÏ†àÌïú Î©îÏãúÏßÄÎ•º ÌëúÏãúÌï¥Ïïº ÌïúÎã§" name="CommunitySection Îπà Îç∞Ïù¥ÌÑ∞ ÏÉÅÌÉúÏóêÏÑú Ï†ÅÏ†àÌïú Î©îÏãúÏßÄÎ•º ÌëúÏãúÌï¥Ïïº ÌïúÎã§" time="0.009">
    </testcase>
    <testcase classname="CommunitySection onViewAllCommunity ÏΩúÎ∞±Ïù¥ Ìò∏Ï∂úÎêòÏñ¥Ïïº ÌïúÎã§" name="CommunitySection onViewAllCommunity ÏΩúÎ∞±Ïù¥ Ìò∏Ï∂úÎêòÏñ¥Ïïº ÌïúÎã§" time="0.033">
    </testcase>
    <testcase classname="CommunitySection Ïπ¥ÌÖåÍ≥†Î¶¨Î≥ÑÎ°ú Ïò¨Î∞îÎ•∏ ÏÉâÏÉÅ Î∞∞ÏßÄÎ•º ÌëúÏãúÌï¥Ïïº ÌïúÎã§" name="CommunitySection Ïπ¥ÌÖåÍ≥†Î¶¨Î≥ÑÎ°ú Ïò¨Î∞îÎ•∏ ÏÉâÏÉÅ Î∞∞ÏßÄÎ•º ÌëúÏãúÌï¥Ïïº ÌïúÎã§" time="0.064">
    </testcase>
    <testcase classname="CommunitySection HOT Î∞∞ÏßÄÍ∞Ä Ïò¨Î∞îÎ•¥Í≤å ÌëúÏãúÎêòÏñ¥Ïïº ÌïúÎã§" name="CommunitySection HOT Î∞∞ÏßÄÍ∞Ä Ïò¨Î∞îÎ•¥Í≤å ÌëúÏãúÎêòÏñ¥Ïïº ÌïúÎã§" time="0.045">
    </testcase>
  </testsuite>
  <testsuite name="useCommunityPosts" errors="0" failures="0" skipped="0" timestamp="2025-09-22T10:25:58" time="1.295" tests="7">
    <testcase classname="useCommunityPosts Ïª§ÎÆ§ÎãàÌã∞ Ìè¨Ïä§Ìä∏ Î™©Î°ùÏùÑ ÏÑ±Í≥µÏ†ÅÏúºÎ°ú Í∞ÄÏ†∏ÏôÄÏïº ÌïúÎã§" name="useCommunityPosts Ïª§ÎÆ§ÎãàÌã∞ Ìè¨Ïä§Ìä∏ Î™©Î°ùÏùÑ ÏÑ±Í≥µÏ†ÅÏúºÎ°ú Í∞ÄÏ†∏ÏôÄÏïº ÌïúÎã§" time="0.092">
    </testcase>
    <testcase classname="useCommunityPosts ÏøºÎ¶¨ ÌååÎùºÎØ∏ÌÑ∞Î•º Ïò¨Î∞îÎ•¥Í≤å Ï†ÑÎã¨Ìï¥Ïïº ÌïúÎã§" name="useCommunityPosts ÏøºÎ¶¨ ÌååÎùºÎØ∏ÌÑ∞Î•º Ïò¨Î∞îÎ•¥Í≤å Ï†ÑÎã¨Ìï¥Ïïº ÌïúÎã§" time="0.093">
    </testcase>
    <testcase classname="useCommunityPosts API ÏóêÎü¨Î•º Ïò¨Î∞îÎ•¥Í≤å Ï≤òÎ¶¨Ìï¥Ïïº ÌïúÎã§" name="useCommunityPosts API ÏóêÎü¨Î•º Ïò¨Î∞îÎ•¥Í≤å Ï≤òÎ¶¨Ìï¥Ïïº ÌïúÎã§" time="0.075">
    </testcase>
    <testcase classname="usePopularPosts Ïù∏Í∏∞ Í≤åÏãúÍ∏ÄÏùÑ ÏÑ±Í≥µÏ†ÅÏúºÎ°ú Í∞ÄÏ†∏ÏôÄÏïº ÌïúÎã§" name="usePopularPosts Ïù∏Í∏∞ Í≤åÏãúÍ∏ÄÏùÑ ÏÑ±Í≥µÏ†ÅÏúºÎ°ú Í∞ÄÏ†∏ÏôÄÏïº ÌïúÎã§" time="0.082">
    </testcase>
    <testcase classname="usePopularPosts Í∏∞Î≥∏ limit Í∞íÏù¥ 10Ïù¥Ïñ¥Ïïº ÌïúÎã§" name="usePopularPosts Í∏∞Î≥∏ limit Í∞íÏù¥ 10Ïù¥Ïñ¥Ïïº ÌïúÎã§" time="0.092">
    </testcase>
    <testcase classname="useRecentPosts ÏµúÏã† Í≤åÏãúÍ∏ÄÏùÑ ÏÑ±Í≥µÏ†ÅÏúºÎ°ú Í∞ÄÏ†∏ÏôÄÏïº ÌïúÎã§" name="useRecentPosts ÏµúÏã† Í≤åÏãúÍ∏ÄÏùÑ ÏÑ±Í≥µÏ†ÅÏúºÎ°ú Í∞ÄÏ†∏ÏôÄÏïº ÌïúÎã§" time="0.092">
    </testcase>
    <testcase classname="useRecentPosts Í∏∞Î≥∏ limit Í∞íÏù¥ 10Ïù¥Ïñ¥Ïïº ÌïúÎã§" name="useRecentPosts Í∏∞Î≥∏ limit Í∞íÏù¥ 10Ïù¥Ïñ¥Ïïº ÌïúÎã§" time="0.082">
    </testcase>
  </testsuite>
  <testsuite name="SecretPerksEditor" errors="0" failures="0" skipped="0" timestamp="2025-09-22T10:25:59" time="1.232" tests="2">
    <testcase classname="SecretPerksEditor renders textarea with initial value and fires change handler" name="SecretPerksEditor renders textarea with initial value and fires change handler" time="0.236">
    </testcase>
    <testcase classname="SecretPerksEditor submits the trimmed value when form is submitted" name="SecretPerksEditor submits the trimmed value when form is submitted" time="0.085">
    </testcase>
  </testsuite>
  <testsuite name="useEvents" errors="0" failures="0" skipped="0" timestamp="2025-09-22T10:26:01" time="1.37" tests="9">
    <testcase classname="useEvents Ïù¥Î≤§Ìä∏ Î™©Î°ùÏùÑ ÏÑ±Í≥µÏ†ÅÏúºÎ°ú Í∞ÄÏ†∏ÏôÄÏïº ÌïúÎã§" name="useEvents Ïù¥Î≤§Ìä∏ Î™©Î°ùÏùÑ ÏÑ±Í≥µÏ†ÅÏúºÎ°ú Í∞ÄÏ†∏ÏôÄÏïº ÌïúÎã§" time="0.091">
    </testcase>
    <testcase classname="useEvents ÏøºÎ¶¨ ÌååÎùºÎØ∏ÌÑ∞Î•º Ïò¨Î∞îÎ•¥Í≤å Ï†ÑÎã¨Ìï¥Ïïº ÌïúÎã§" name="useEvents ÏøºÎ¶¨ ÌååÎùºÎØ∏ÌÑ∞Î•º Ïò¨Î∞îÎ•¥Í≤å Ï†ÑÎã¨Ìï¥Ïïº ÌïúÎã§" time="0.066">
    </testcase>
    <testcase classname="useEvents API ÏóêÎü¨Î•º Ïò¨Î∞îÎ•¥Í≤å Ï≤òÎ¶¨Ìï¥Ïïº ÌïúÎã§" name="useEvents API ÏóêÎü¨Î•º Ïò¨Î∞îÎ•¥Í≤å Ï≤òÎ¶¨Ìï¥Ïïº ÌïúÎã§" time="0.061">
    </testcase>
    <testcase classname="useEvent ÌäπÏ†ï Ïù¥Î≤§Ìä∏Î•º ÏÑ±Í≥µÏ†ÅÏúºÎ°ú Í∞ÄÏ†∏ÏôÄÏïº ÌïúÎã§" name="useEvent ÌäπÏ†ï Ïù¥Î≤§Ìä∏Î•º ÏÑ±Í≥µÏ†ÅÏúºÎ°ú Í∞ÄÏ†∏ÏôÄÏïº ÌïúÎã§" time="0.076">
    </testcase>
    <testcase classname="useEvent eventIdÍ∞Ä ÏóÜÏúºÎ©¥ ÏøºÎ¶¨Î•º Ïã§ÌñâÌïòÏßÄ ÏïäÏïÑÏïº ÌïúÎã§" name="useEvent eventIdÍ∞Ä ÏóÜÏúºÎ©¥ ÏøºÎ¶¨Î•º Ïã§ÌñâÌïòÏßÄ ÏïäÏïÑÏïº ÌïúÎã§" time="0.001">
    </testcase>
    <testcase classname="useEvent API ÏóêÎü¨Î•º Ïò¨Î∞îÎ•¥Í≤å Ï≤òÎ¶¨Ìï¥Ïïº ÌïúÎã§" name="useEvent API ÏóêÎü¨Î•º Ïò¨Î∞îÎ•¥Í≤å Ï≤òÎ¶¨Ìï¥Ïïº ÌïúÎã§" time="0.08">
    </testcase>
    <testcase classname="useUpcomingEvents Îã§Í∞ÄÏò§Îäî Ïù¥Î≤§Ìä∏Î•º ÏÑ±Í≥µÏ†ÅÏúºÎ°ú Í∞ÄÏ†∏ÏôÄÏïº ÌïúÎã§" name="useUpcomingEvents Îã§Í∞ÄÏò§Îäî Ïù¥Î≤§Ìä∏Î•º ÏÑ±Í≥µÏ†ÅÏúºÎ°ú Í∞ÄÏ†∏ÏôÄÏïº ÌïúÎã§" time="0.078">
    </testcase>
    <testcase classname="useUpcomingEvents Í∏∞Î≥∏ limit Í∞íÏù¥ 3Ïù¥Ïñ¥Ïïº ÌïúÎã§" name="useUpcomingEvents Í∏∞Î≥∏ limit Í∞íÏù¥ 3Ïù¥Ïñ¥Ïïº ÌïúÎã§" time="0.08">
    </testcase>
    <testcase classname="useUpcomingEvents API ÏóêÎü¨Î•º Ïò¨Î∞îÎ•¥Í≤å Ï≤òÎ¶¨Ìï¥Ïïº ÌïúÎã§" name="useUpcomingEvents API ÏóêÎü¨Î•º Ïò¨Î∞îÎ•¥Í≤å Ï≤òÎ¶¨Ìï¥Ïïº ÌïúÎã§" time="0.091">
    </testcase>
  </testsuite>
  <testsuite name="communityService" errors="0" failures="0" skipped="0" timestamp="2025-09-22T10:26:03" time="0.727" tests="5">
    <testcase classname="communityService getPosts builds query options and returns posts with pagination" name="communityService getPosts builds query options and returns posts with pagination" time="0.002">
    </testcase>
    <testcase classname="communityService getPostById increments view count and returns post" name="communityService getPostById increments view count and returns post" time="0.001">
    </testcase>
    <testcase classname="communityService createPost creates post with default author name when missing" name="communityService createPost creates post with default author name when missing" time="0.001">
    </testcase>
    <testcase classname="communityService updatePostReaction toggles like reaction and updates counts" name="communityService updatePostReaction toggles like reaction and updates counts" time="0.008">
    </testcase>
    <testcase classname="communityService updatePostReaction throws validation error when reaction is invalid" name="communityService updatePostReaction throws validation error when reaction is invalid" time="0.005">
    </testcase>
  </testsuite>
  <testsuite name="communityController" errors="0" failures="0" skipped="0" timestamp="2025-09-22T10:26:04" time="0.607" tests="4">
    <testcase classname="communityController returns categories from the service" name="communityController returns categories from the service" time="0.002">
    </testcase>
    <testcase classname="communityController delegates post retrieval to the service" name="communityController delegates post retrieval to the service" time="0.007">
    </testcase>
    <testcase classname="communityController creates post and responds with status 201" name="communityController creates post and responds with status 201" time="0.002">
    </testcase>
    <testcase classname="communityController passes errors to next middleware" name="communityController passes errors to next middleware" time="0.001">
    </testcase>
  </testsuite>
  <testsuite name="fundingService.getProjects" errors="0" failures="0" skipped="0" timestamp="2025-09-22T10:26:05" time="0.465" tests="3">
    <testcase classname="fundingService.getProjects maps API responses to FundingProject entities" name="fundingService.getProjects maps API responses to FundingProject entities" time="0.012">
    </testcase>
    <testcase classname="fundingService.getProjects filters projects without identifiers" name="fundingService.getProjects filters projects without identifiers" time="0.001">
    </testcase>
    <testcase classname="fundingService.getProjects throws when the API responds with an error" name="fundingService.getProjects throws when the API responds with an error" time="0.03">
    </testcase>
  </testsuite>
</testsuites>