<?xml version="1.0" encoding="UTF-8"?>
<testsuites name="jest tests" tests="352" failures="138" errors="0" time="137.709">
  <testsuite name="Admin Dashboard System" errors="0" failures="5" skipped="0" timestamp="2025-09-23T07:30:50" time="13.086" tests="27">
    <testcase classname="Admin Dashboard System Admin Authentication 관리자 권한이 없는 사용자는 대시보드에 접근할 수 없어야 한다" name="Admin Dashboard System Admin Authentication 관리자 권한이 없는 사용자는 대시보드에 접근할 수 없어야 한다" time="0.211">
    </testcase>
    <testcase classname="Admin Dashboard System Admin Authentication 관리자 권한이 있는 사용자는 대시보드에 접근할 수 있어야 한다" name="Admin Dashboard System Admin Authentication 관리자 권한이 있는 사용자는 대시보드에 접근할 수 있어야 한다" time="0.008">
    </testcase>
    <testcase classname="Admin Dashboard System User Management 사용자 목록이 올바르게 표시되어야 한다" name="Admin Dashboard System User Management 사용자 목록이 올바르게 표시되어야 한다" time="0.032">
    </testcase>
    <testcase classname="Admin Dashboard System User Management 사용자 검색 기능이 올바르게 작동해야 한다" name="Admin Dashboard System User Management 사용자 검색 기능이 올바르게 작동해야 한다" time="0.202">
    </testcase>
    <testcase classname="Admin Dashboard System User Management 사용자 권한 변경이 올바르게 작동해야 한다" name="Admin Dashboard System User Management 사용자 권한 변경이 올바르게 작동해야 한다" time="0.132">
    </testcase>
    <testcase classname="Admin Dashboard System User Management 사용자 상태 변경이 올바르게 작동해야 한다" name="Admin Dashboard System User Management 사용자 상태 변경이 올바르게 작동해야 한다" time="0.162">
    </testcase>
    <testcase classname="Admin Dashboard System User Management 사용자 삭제 시 확인 절차가 있어야 한다" name="Admin Dashboard System User Management 사용자 삭제 시 확인 절차가 있어야 한다" time="0.087">
    </testcase>
    <testcase classname="Admin Dashboard System Project Approval 승인 대기 중인 프로젝트 목록이 표시되어야 한다" name="Admin Dashboard System Project Approval 승인 대기 중인 프로젝트 목록이 표시되어야 한다" time="0.073">
    </testcase>
    <testcase classname="Admin Dashboard System Project Approval 프로젝트 승인 시 상태가 올바르게 변경되어야 한다" name="Admin Dashboard System Project Approval 프로젝트 승인 시 상태가 올바르게 변경되어야 한다" time="0.101">
    </testcase>
    <testcase classname="Admin Dashboard System Project Approval 프로젝트 거절 시 사유가 기록되어야 한다" name="Admin Dashboard System Project Approval 프로젝트 거절 시 사유가 기록되어야 한다" time="0.082">
    </testcase>
    <testcase classname="Admin Dashboard System Platform Statistics 플랫폼 통계가 올바르게 표시되어야 한다" name="Admin Dashboard System Platform Statistics 플랫폼 통계가 올바르게 표시되어야 한다" time="0.014">
    </testcase>
    <testcase classname="Admin Dashboard System Platform Statistics 통계 차트가 올바르게 렌더링되어야 한다" name="Admin Dashboard System Platform Statistics 통계 차트가 올바르게 렌더링되어야 한다" time="0.006">
    </testcase>
    <testcase classname="Admin Dashboard System Content Moderation 신고된 콘텐츠 목록이 표시되어야 한다" name="Admin Dashboard System Content Moderation 신고된 콘텐츠 목록이 표시되어야 한다" time="0.029">
    </testcase>
    <testcase classname="Admin Dashboard System Content Moderation 콘텐츠 검토 시 적절한 조치가 기록되어야 한다" name="Admin Dashboard System Content Moderation 콘텐츠 검토 시 적절한 조치가 기록되어야 한다" time="0.078">
    </testcase>
    <testcase classname="Admin Dashboard System System Settings 시스템 설정이 올바르게 표시되어야 한다" name="Admin Dashboard System System Settings 시스템 설정이 올바르게 표시되어야 한다" time="0.03">
    </testcase>
    <testcase classname="Admin Dashboard System System Settings 시스템 설정 변경이 올바르게 저장되어야 한다" name="Admin Dashboard System System Settings 시스템 설정 변경이 올바르게 저장되어야 한다" time="0.255">
    </testcase>
    <testcase classname="Admin Dashboard System Performance 대시보드 로딩 성능이 측정되어야 한다" name="Admin Dashboard System Performance 대시보드 로딩 성능이 측정되어야 한다" time="0.021">
    </testcase>
    <testcase classname="Admin Dashboard System Performance 대량 데이터 처리 시 성능이 유지되어야 한다" name="Admin Dashboard System Performance 대량 데이터 처리 시 성능이 유지되어야 한다" time="0.226">
    </testcase>
    <testcase classname="Admin Dashboard System Security 관리자 권한 검증이 엄격하게 이루어져야 한다" name="Admin Dashboard System Security 관리자 권한 검증이 엄격하게 이루어져야 한다" time="0.011">
    </testcase>
    <testcase classname="Admin Dashboard System Security 중요한 관리 작업 시 로그가 기록되어야 한다" name="Admin Dashboard System Security 중요한 관리 작업 시 로그가 기록되어야 한다" time="1.092">
      <failure>Error: expect(element).toHaveTextContent()

Expected element to have text content:
  사용자 삭제 작업이 기록되었습니다
Received:


Ignored nodes: comments, script, style
&lt;html&gt;
  &lt;head /&gt;
  &lt;body&gt;
    &lt;div&gt;
      &lt;div
        data-testid=&quot;admin-action&quot;
      &gt;
        &lt;button
          data-testid=&quot;delete-user&quot;
        &gt;
          사용자 삭제
        &lt;/button&gt;
        &lt;div
          data-testid=&quot;action-log&quot;
        /&gt;
      &lt;/div&gt;
    &lt;/div&gt;
  &lt;/body&gt;
&lt;/html&gt;
    at toHaveTextContent (C:\Users\xx005\Downloads\Collaboreum MVP Platform\src\__tests__\AdminDashboardSystem.test.tsx:659:27)
    at runWithExpensiveErrorDiagnosticsDisabled (C:\Users\xx005\Downloads\Collaboreum MVP Platform\node_modules\@testing-library\dom\dist\config.js:47:12)
    at checkCallback (C:\Users\xx005\Downloads\Collaboreum MVP Platform\node_modules\@testing-library\dom\dist\wait-for.js:124:77)
    at checkRealTimersCallback (C:\Users\xx005\Downloads\Collaboreum MVP Platform\node_modules\@testing-library\dom\dist\wait-for.js:118:16)
    at Timeout.task [as _onTimeout] (C:\Users\xx005\Downloads\Collaboreum MVP Platform\node_modules\jsdom\lib\jsdom\browser\Window.js:579:19)
    at listOnTimeout (node:internal/timers:588:17)
    at processTimers (node:internal/timers:523:7)</failure>
    </testcase>
    <testcase classname="Admin Dashboard System Data Integrity 사용자 데이터 수정 시 원본 데이터가 보호되어야 한다" name="Admin Dashboard System Data Integrity 사용자 데이터 수정 시 원본 데이터가 보호되어야 한다" time="0.003">
    </testcase>
    <testcase classname="Admin Dashboard System Data Integrity 프로젝트 승인 상태 변경 시 이력이 기록되어야 한다" name="Admin Dashboard System Data Integrity 프로젝트 승인 상태 변경 시 이력이 기록되어야 한다" time="0.015">
    </testcase>
    <testcase classname="Admin Dashboard System Real-time Updates 새 사용자 가입 시 실시간으로 통계가 업데이트되어야 한다" name="Admin Dashboard System Real-time Updates 새 사용자 가입 시 실시간으로 통계가 업데이트되어야 한다" time="1.068">
      <failure>Error: expect(element).toHaveTextContent()

Expected element to have text content:
  총 사용자: 1501
Received:
  총 사용자: 1500

Ignored nodes: comments, script, style
&lt;html&gt;
  &lt;head /&gt;
  &lt;body&gt;
    &lt;div&gt;
      &lt;div
        data-testid=&quot;real-time-stats&quot;
      &gt;
        &lt;div
          data-testid=&quot;user-count&quot;
        &gt;
          총 사용자: 
          1500
        &lt;/div&gt;
        &lt;button
          data-testid=&quot;add-user&quot;
        &gt;
          사용자 추가
        &lt;/button&gt;
      &lt;/div&gt;
    &lt;/div&gt;
  &lt;/body&gt;
&lt;/html&gt;
    at toHaveTextContent (C:\Users\xx005\Downloads\Collaboreum MVP Platform\src\__tests__\AdminDashboardSystem.test.tsx:716:27)
    at runWithExpensiveErrorDiagnosticsDisabled (C:\Users\xx005\Downloads\Collaboreum MVP Platform\node_modules\@testing-library\dom\dist\config.js:47:12)
    at checkCallback (C:\Users\xx005\Downloads\Collaboreum MVP Platform\node_modules\@testing-library\dom\dist\wait-for.js:124:77)
    at checkRealTimersCallback (C:\Users\xx005\Downloads\Collaboreum MVP Platform\node_modules\@testing-library\dom\dist\wait-for.js:118:16)
    at Timeout.task [as _onTimeout] (C:\Users\xx005\Downloads\Collaboreum MVP Platform\node_modules\jsdom\lib\jsdom\browser\Window.js:579:19)
    at listOnTimeout (node:internal/timers:588:17)
    at processTimers (node:internal/timers:523:7)</failure>
    </testcase>
    <testcase classname="Admin Dashboard System Real-time Updates 프로젝트 승인 시 실시간으로 목록이 업데이트되어야 한다" name="Admin Dashboard System Real-time Updates 프로젝트 승인 시 실시간으로 목록이 업데이트되어야 한다" time="1.054">
      <failure>Error: expect(element).toHaveTextContent()

Expected element to have text content:
  승인 대기: 11
Received:
  승인 대기: 12

Ignored nodes: comments, script, style
&lt;html&gt;
  &lt;head /&gt;
  &lt;body&gt;
    &lt;div&gt;
      &lt;div
        data-testid=&quot;real-time-projects&quot;
      &gt;
        &lt;div
          data-testid=&quot;pending-count&quot;
        &gt;
          승인 대기: 
          12
        &lt;/div&gt;
        &lt;button
          data-testid=&quot;approve-project&quot;
        &gt;
          프로젝트 승인
        &lt;/button&gt;
      &lt;/div&gt;
    &lt;/div&gt;
  &lt;/body&gt;
&lt;/html&gt;
    at toHaveTextContent (C:\Users\xx005\Downloads\Collaboreum MVP Platform\src\__tests__\AdminDashboardSystem.test.tsx:740:30)
    at runWithExpensiveErrorDiagnosticsDisabled (C:\Users\xx005\Downloads\Collaboreum MVP Platform\node_modules\@testing-library\dom\dist\config.js:47:12)
    at checkCallback (C:\Users\xx005\Downloads\Collaboreum MVP Platform\node_modules\@testing-library\dom\dist\wait-for.js:124:77)
    at checkRealTimersCallback (C:\Users\xx005\Downloads\Collaboreum MVP Platform\node_modules\@testing-library\dom\dist\wait-for.js:118:16)
    at Timeout.task [as _onTimeout] (C:\Users\xx005\Downloads\Collaboreum MVP Platform\node_modules\jsdom\lib\jsdom\browser\Window.js:579:19)
    at listOnTimeout (node:internal/timers:588:17)
    at processTimers (node:internal/timers:523:7)</failure>
    </testcase>
    <testcase classname="Admin Dashboard System Notification System 중요한 관리 작업 시 알림이 전송되어야 한다" name="Admin Dashboard System Notification System 중요한 관리 작업 시 알림이 전송되어야 한다" time="1.078">
      <failure>Error: expect(element).toHaveTextContent()

Expected element to have text content:
  관리자 알림 전송됨
Received:


Ignored nodes: comments, script, style
&lt;html&gt;
  &lt;head /&gt;
  &lt;body&gt;
    &lt;div&gt;
      &lt;div
        data-testid=&quot;admin-notifications&quot;
      &gt;
        &lt;button
          data-testid=&quot;critical-action&quot;
        &gt;
          중요 작업 실행
        &lt;/button&gt;
        &lt;div
          data-testid=&quot;notification-status&quot;
        /&gt;
      &lt;/div&gt;
    &lt;/div&gt;
  &lt;/body&gt;
&lt;/html&gt;
    at toHaveTextContent (C:\Users\xx005\Downloads\Collaboreum MVP Platform\src\__tests__\AdminDashboardSystem.test.tsx:765:36)
    at runWithExpensiveErrorDiagnosticsDisabled (C:\Users\xx005\Downloads\Collaboreum MVP Platform\node_modules\@testing-library\dom\dist\config.js:47:12)
    at checkCallback (C:\Users\xx005\Downloads\Collaboreum MVP Platform\node_modules\@testing-library\dom\dist\wait-for.js:124:77)
    at checkRealTimersCallback (C:\Users\xx005\Downloads\Collaboreum MVP Platform\node_modules\@testing-library\dom\dist\wait-for.js:118:16)
    at Timeout.task [as _onTimeout] (C:\Users\xx005\Downloads\Collaboreum MVP Platform\node_modules\jsdom\lib\jsdom\browser\Window.js:579:19)
    at listOnTimeout (node:internal/timers:588:17)
    at processTimers (node:internal/timers:523:7)</failure>
    </testcase>
    <testcase classname="Admin Dashboard System Export and Reporting 사용자 데이터 내보내기가 올바르게 작동해야 한다" name="Admin Dashboard System Export and Reporting 사용자 데이터 내보내기가 올바르게 작동해야 한다" time="1.061">
      <failure>Error: expect(element).toHaveTextContent()

Expected element to have text content:
  CSV 파일 다운로드 준비됨
Received:


Ignored nodes: comments, script, style
&lt;html&gt;
  &lt;head /&gt;
  &lt;body&gt;
    &lt;div&gt;
      &lt;div
        data-testid=&quot;data-export&quot;
      &gt;
        &lt;button
          data-testid=&quot;export-users&quot;
        &gt;
          사용자 데이터 내보내기
        &lt;/button&gt;
        &lt;div
          data-testid=&quot;export-status&quot;
        /&gt;
      &lt;/div&gt;
    &lt;/div&gt;
  &lt;/body&gt;
&lt;/html&gt;
    at toHaveTextContent (C:\Users\xx005\Downloads\Collaboreum MVP Platform\src\__tests__\AdminDashboardSystem.test.tsx:790:30)
    at runWithExpensiveErrorDiagnosticsDisabled (C:\Users\xx005\Downloads\Collaboreum MVP Platform\node_modules\@testing-library\dom\dist\config.js:47:12)
    at checkCallback (C:\Users\xx005\Downloads\Collaboreum MVP Platform\node_modules\@testing-library\dom\dist\wait-for.js:124:77)
    at checkRealTimersCallback (C:\Users\xx005\Downloads\Collaboreum MVP Platform\node_modules\@testing-library\dom\dist\wait-for.js:118:16)
    at Timeout.task [as _onTimeout] (C:\Users\xx005\Downloads\Collaboreum MVP Platform\node_modules\jsdom\lib\jsdom\browser\Window.js:579:19)
    at listOnTimeout (node:internal/timers:588:17)
    at processTimers (node:internal/timers:523:7)</failure>
    </testcase>
    <testcase classname="Admin Dashboard System Export and Reporting 관리 보고서 생성이 올바르게 작동해야 한다" name="Admin Dashboard System Export and Reporting 관리 보고서 생성이 올바르게 작동해야 한다" time="0.141">
    </testcase>
  </testsuite>
  <testsuite name="이벤트 시스템 TDD 테스트" errors="0" failures="6" skipped="0" timestamp="2025-09-23T07:31:03" time="10.638" tests="13">
    <testcase classname="이벤트 시스템 TDD 테스트 1. 이벤트 데이터 모델 테스트 이벤트 객체가 올바른 구조를 가져야 한다" name="이벤트 시스템 TDD 테스트 1. 이벤트 데이터 모델 테스트 이벤트 객체가 올바른 구조를 가져야 한다" time="0.007">
    </testcase>
    <testcase classname="이벤트 시스템 TDD 테스트 1. 이벤트 데이터 모델 테스트 이벤트 상태가 올바르게 관리되어야 한다" name="이벤트 시스템 TDD 테스트 1. 이벤트 데이터 모델 테스트 이벤트 상태가 올바르게 관리되어야 한다" time="0.008">
      <failure>Error: expect(received).toBe(expected) // Object.is equality

Expected: &quot;예정&quot;
Received: &quot;종료&quot;
    at Object.toBe (C:\Users\xx005\Downloads\Collaboreum MVP Platform\src\__tests__\EventSystem.test.tsx:79:27)
    at Promise.then.completed (C:\Users\xx005\Downloads\Collaboreum MVP Platform\node_modules\jest-circus\build\utils.js:298:28)
    at new Promise (&lt;anonymous&gt;)
    at callAsyncCircusFn (C:\Users\xx005\Downloads\Collaboreum MVP Platform\node_modules\jest-circus\build\utils.js:231:10)
    at _callCircusTest (C:\Users\xx005\Downloads\Collaboreum MVP Platform\node_modules\jest-circus\build\run.js:316:40)
    at _runTest (C:\Users\xx005\Downloads\Collaboreum MVP Platform\node_modules\jest-circus\build\run.js:252:3)
    at _runTestsForDescribeBlock (C:\Users\xx005\Downloads\Collaboreum MVP Platform\node_modules\jest-circus\build\run.js:126:9)
    at _runTestsForDescribeBlock (C:\Users\xx005\Downloads\Collaboreum MVP Platform\node_modules\jest-circus\build\run.js:121:9)
    at _runTestsForDescribeBlock (C:\Users\xx005\Downloads\Collaboreum MVP Platform\node_modules\jest-circus\build\run.js:121:9)
    at run (C:\Users\xx005\Downloads\Collaboreum MVP Platform\node_modules\jest-circus\build\run.js:71:3)
    at runAndTransformResultsToJestFormat (C:\Users\xx005\Downloads\Collaboreum MVP Platform\node_modules\jest-circus\build\legacy-code-todo-rewrite\jestAdapterInit.js:122:21)
    at jestAdapter (C:\Users\xx005\Downloads\Collaboreum MVP Platform\node_modules\jest-circus\build\legacy-code-todo-rewrite\jestAdapter.js:79:19)
    at runTestInternal (C:\Users\xx005\Downloads\Collaboreum MVP Platform\node_modules\jest-runner\build\runTest.js:367:16)
    at runTest (C:\Users\xx005\Downloads\Collaboreum MVP Platform\node_modules\jest-runner\build\runTest.js:444:34)</failure>
    </testcase>
    <testcase classname="이벤트 시스템 TDD 테스트 2. 이벤트 생성 폼 유효성 검사 테스트 이벤트 생성 폼의 모든 필드 유효성 검사가 올바르게 작동해야 한다" name="이벤트 시스템 TDD 테스트 2. 이벤트 생성 폼 유효성 검사 테스트 이벤트 생성 폼의 모든 필드 유효성 검사가 올바르게 작동해야 한다" time="0.002">
      <failure>Error: expect(received).toHaveLength(expected)

Expected length: 0
Received length: 1
Received array:  [&quot;시작일은 현재 날짜 이후여야 합니다&quot;]
    at Object.toHaveLength (C:\Users\xx005\Downloads\Collaboreum MVP Platform\src\__tests__\EventSystem.test.tsx:181:48)
    at Promise.then.completed (C:\Users\xx005\Downloads\Collaboreum MVP Platform\node_modules\jest-circus\build\utils.js:298:28)
    at new Promise (&lt;anonymous&gt;)
    at callAsyncCircusFn (C:\Users\xx005\Downloads\Collaboreum MVP Platform\node_modules\jest-circus\build\utils.js:231:10)
    at _callCircusTest (C:\Users\xx005\Downloads\Collaboreum MVP Platform\node_modules\jest-circus\build\run.js:316:40)
    at _runTest (C:\Users\xx005\Downloads\Collaboreum MVP Platform\node_modules\jest-circus\build\run.js:252:3)
    at _runTestsForDescribeBlock (C:\Users\xx005\Downloads\Collaboreum MVP Platform\node_modules\jest-circus\build\run.js:126:9)
    at _runTestsForDescribeBlock (C:\Users\xx005\Downloads\Collaboreum MVP Platform\node_modules\jest-circus\build\run.js:121:9)
    at _runTestsForDescribeBlock (C:\Users\xx005\Downloads\Collaboreum MVP Platform\node_modules\jest-circus\build\run.js:121:9)
    at run (C:\Users\xx005\Downloads\Collaboreum MVP Platform\node_modules\jest-circus\build\run.js:71:3)
    at runAndTransformResultsToJestFormat (C:\Users\xx005\Downloads\Collaboreum MVP Platform\node_modules\jest-circus\build\legacy-code-todo-rewrite\jestAdapterInit.js:122:21)
    at jestAdapter (C:\Users\xx005\Downloads\Collaboreum MVP Platform\node_modules\jest-circus\build\legacy-code-todo-rewrite\jestAdapter.js:79:19)
    at runTestInternal (C:\Users\xx005\Downloads\Collaboreum MVP Platform\node_modules\jest-runner\build\runTest.js:367:16)
    at runTest (C:\Users\xx005\Downloads\Collaboreum MVP Platform\node_modules\jest-runner\build\runTest.js:444:34)</failure>
    </testcase>
    <testcase classname="이벤트 시스템 TDD 테스트 3. 이벤트 참가자 관리 테스트 이벤트 참가 신청이 올바르게 처리되어야 한다" name="이벤트 시스템 TDD 테스트 3. 이벤트 참가자 관리 테스트 이벤트 참가 신청이 올바르게 처리되어야 한다" time="0.011">
    </testcase>
    <testcase classname="이벤트 시스템 TDD 테스트 3. 이벤트 참가자 관리 테스트 이벤트 참가 취소가 올바르게 처리되어야 한다" name="이벤트 시스템 TDD 테스트 3. 이벤트 참가자 관리 테스트 이벤트 참가 취소가 올바르게 처리되어야 한다" time="0.003">
      <failure>Error: 참가 취소는 24시간 이내에만 가능합니다
    at cancelParticipation (C:\Users\xx005\Downloads\Collaboreum MVP Platform\src\__tests__\EventSystem.test.tsx:294:17)
    at Object.cancelParticipation (C:\Users\xx005\Downloads\Collaboreum MVP Platform\src\__tests__\EventSystem.test.tsx:326:22)
    at Promise.then.completed (C:\Users\xx005\Downloads\Collaboreum MVP Platform\node_modules\jest-circus\build\utils.js:298:28)
    at new Promise (&lt;anonymous&gt;)
    at callAsyncCircusFn (C:\Users\xx005\Downloads\Collaboreum MVP Platform\node_modules\jest-circus\build\utils.js:231:10)
    at _callCircusTest (C:\Users\xx005\Downloads\Collaboreum MVP Platform\node_modules\jest-circus\build\run.js:316:40)
    at _runTest (C:\Users\xx005\Downloads\Collaboreum MVP Platform\node_modules\jest-circus\build\run.js:252:3)
    at _runTestsForDescribeBlock (C:\Users\xx005\Downloads\Collaboreum MVP Platform\node_modules\jest-circus\build\run.js:126:9)
    at _runTestsForDescribeBlock (C:\Users\xx005\Downloads\Collaboreum MVP Platform\node_modules\jest-circus\build\run.js:121:9)
    at _runTestsForDescribeBlock (C:\Users\xx005\Downloads\Collaboreum MVP Platform\node_modules\jest-circus\build\run.js:121:9)
    at run (C:\Users\xx005\Downloads\Collaboreum MVP Platform\node_modules\jest-circus\build\run.js:71:3)
    at runAndTransformResultsToJestFormat (C:\Users\xx005\Downloads\Collaboreum MVP Platform\node_modules\jest-circus\build\legacy-code-todo-rewrite\jestAdapterInit.js:122:21)
    at jestAdapter (C:\Users\xx005\Downloads\Collaboreum MVP Platform\node_modules\jest-circus\build\legacy-code-todo-rewrite\jestAdapter.js:79:19)
    at runTestInternal (C:\Users\xx005\Downloads\Collaboreum MVP Platform\node_modules\jest-runner\build\runTest.js:367:16)
    at runTest (C:\Users\xx005\Downloads\Collaboreum MVP Platform\node_modules\jest-runner\build\runTest.js:444:34)</failure>
    </testcase>
    <testcase classname="이벤트 시스템 TDD 테스트 4. 이벤트 검색 및 필터링 테스트 이벤트 검색이 올바르게 작동해야 한다" name="이벤트 시스템 TDD 테스트 4. 이벤트 검색 및 필터링 테스트 이벤트 검색이 올바르게 작동해야 한다" time="0.008">
    </testcase>
    <testcase classname="이벤트 시스템 TDD 테스트 5. 이벤트 알림 시스템 테스트 이벤트 시작 전 알림이 올바르게 발송되어야 한다" name="이벤트 시스템 TDD 테스트 5. 이벤트 알림 시스템 테스트 이벤트 시작 전 알림이 올바르게 발송되어야 한다" time="0.001">
      <failure>Error: expect(received).toBe(expected) // Object.is equality

Expected: true
Received: false
    at Object.toBe (C:\Users\xx005\Downloads\Collaboreum MVP Platform\src\__tests__\EventSystem.test.tsx:475:32)
    at Promise.then.completed (C:\Users\xx005\Downloads\Collaboreum MVP Platform\node_modules\jest-circus\build\utils.js:298:28)
    at new Promise (&lt;anonymous&gt;)
    at callAsyncCircusFn (C:\Users\xx005\Downloads\Collaboreum MVP Platform\node_modules\jest-circus\build\utils.js:231:10)
    at _callCircusTest (C:\Users\xx005\Downloads\Collaboreum MVP Platform\node_modules\jest-circus\build\run.js:316:40)
    at _runTest (C:\Users\xx005\Downloads\Collaboreum MVP Platform\node_modules\jest-circus\build\run.js:252:3)
    at _runTestsForDescribeBlock (C:\Users\xx005\Downloads\Collaboreum MVP Platform\node_modules\jest-circus\build\run.js:126:9)
    at _runTestsForDescribeBlock (C:\Users\xx005\Downloads\Collaboreum MVP Platform\node_modules\jest-circus\build\run.js:121:9)
    at _runTestsForDescribeBlock (C:\Users\xx005\Downloads\Collaboreum MVP Platform\node_modules\jest-circus\build\run.js:121:9)
    at run (C:\Users\xx005\Downloads\Collaboreum MVP Platform\node_modules\jest-circus\build\run.js:71:3)
    at runAndTransformResultsToJestFormat (C:\Users\xx005\Downloads\Collaboreum MVP Platform\node_modules\jest-circus\build\legacy-code-todo-rewrite\jestAdapterInit.js:122:21)
    at jestAdapter (C:\Users\xx005\Downloads\Collaboreum MVP Platform\node_modules\jest-circus\build\legacy-code-todo-rewrite\jestAdapter.js:79:19)
    at runTestInternal (C:\Users\xx005\Downloads\Collaboreum MVP Platform\node_modules\jest-runner\build\runTest.js:367:16)
    at runTest (C:\Users\xx005\Downloads\Collaboreum MVP Platform\node_modules\jest-runner\build\runTest.js:444:34)</failure>
    </testcase>
    <testcase classname="이벤트 시스템 TDD 테스트 5. 이벤트 알림 시스템 테스트 이벤트 변경사항 알림이 올바르게 발송되어야 한다" name="이벤트 시스템 TDD 테스트 5. 이벤트 알림 시스템 테스트 이벤트 변경사항 알림이 올바르게 발송되어야 한다" time="0.001">
    </testcase>
    <testcase classname="이벤트 시스템 TDD 테스트 6. 이벤트 통계 및 분석 테스트 이벤트 참가율 통계가 올바르게 계산되어야 한다" name="이벤트 시스템 TDD 테스트 6. 이벤트 통계 및 분석 테스트 이벤트 참가율 통계가 올바르게 계산되어야 한다" time="0.004">
      <failure>Error: expect(received).toBe(expected) // Object.is equality

Expected: 18000000
Received: 21000000
    at Object.toBe (C:\Users\xx005\Downloads\Collaboreum MVP Platform\src\__tests__\EventSystem.test.tsx:610:34)
    at Promise.then.completed (C:\Users\xx005\Downloads\Collaboreum MVP Platform\node_modules\jest-circus\build\utils.js:298:28)
    at new Promise (&lt;anonymous&gt;)
    at callAsyncCircusFn (C:\Users\xx005\Downloads\Collaboreum MVP Platform\node_modules\jest-circus\build\utils.js:231:10)
    at _callCircusTest (C:\Users\xx005\Downloads\Collaboreum MVP Platform\node_modules\jest-circus\build\run.js:316:40)
    at _runTest (C:\Users\xx005\Downloads\Collaboreum MVP Platform\node_modules\jest-circus\build\run.js:252:3)
    at _runTestsForDescribeBlock (C:\Users\xx005\Downloads\Collaboreum MVP Platform\node_modules\jest-circus\build\run.js:126:9)
    at _runTestsForDescribeBlock (C:\Users\xx005\Downloads\Collaboreum MVP Platform\node_modules\jest-circus\build\run.js:121:9)
    at _runTestsForDescribeBlock (C:\Users\xx005\Downloads\Collaboreum MVP Platform\node_modules\jest-circus\build\run.js:121:9)
    at run (C:\Users\xx005\Downloads\Collaboreum MVP Platform\node_modules\jest-circus\build\run.js:71:3)
    at runAndTransformResultsToJestFormat (C:\Users\xx005\Downloads\Collaboreum MVP Platform\node_modules\jest-circus\build\legacy-code-todo-rewrite\jestAdapterInit.js:122:21)
    at jestAdapter (C:\Users\xx005\Downloads\Collaboreum MVP Platform\node_modules\jest-circus\build\legacy-code-todo-rewrite\jestAdapter.js:79:19)
    at runTestInternal (C:\Users\xx005\Downloads\Collaboreum MVP Platform\node_modules\jest-runner\build\runTest.js:367:16)
    at runTest (C:\Users\xx005\Downloads\Collaboreum MVP Platform\node_modules\jest-runner\build\runTest.js:444:34)</failure>
    </testcase>
    <testcase classname="이벤트 시스템 TDD 테스트 7. 이벤트 권한 관리 테스트 이벤트 생성 권한이 올바르게 관리되어야 한다" name="이벤트 시스템 TDD 테스트 7. 이벤트 권한 관리 테스트 이벤트 생성 권한이 올바르게 관리되어야 한다" time="0.029">
    </testcase>
    <testcase classname="이벤트 시스템 TDD 테스트 7. 이벤트 권한 관리 테스트 이벤트 수정 권한이 올바르게 관리되어야 한다" name="이벤트 시스템 TDD 테스트 7. 이벤트 권한 관리 테스트 이벤트 수정 권한이 올바르게 관리되어야 한다" time="0.005">
    </testcase>
    <testcase classname="이벤트 시스템 TDD 테스트 8. 이벤트 데이터 검증 및 보안 테스트 이벤트 입력 데이터의 보안 검증이 올바르게 작동해야 한다" name="이벤트 시스템 TDD 테스트 8. 이벤트 데이터 검증 및 보안 테스트 이벤트 입력 데이터의 보안 검증이 올바르게 작동해야 한다" time="0.004">
      <failure>Error: expect(received).toThrow(expected)

Expected substring: &quot;잠재적으로 위험한 입력이 감지되었습니다&quot;

Received function did not throw
    at Object.toThrow (C:\Users\xx005\Downloads\Collaboreum MVP Platform\src\__tests__\EventSystem.test.tsx:796:10)
    at Promise.then.completed (C:\Users\xx005\Downloads\Collaboreum MVP Platform\node_modules\jest-circus\build\utils.js:298:28)
    at new Promise (&lt;anonymous&gt;)
    at callAsyncCircusFn (C:\Users\xx005\Downloads\Collaboreum MVP Platform\node_modules\jest-circus\build\utils.js:231:10)
    at _callCircusTest (C:\Users\xx005\Downloads\Collaboreum MVP Platform\node_modules\jest-circus\build\run.js:316:40)
    at _runTest (C:\Users\xx005\Downloads\Collaboreum MVP Platform\node_modules\jest-circus\build\run.js:252:3)
    at _runTestsForDescribeBlock (C:\Users\xx005\Downloads\Collaboreum MVP Platform\node_modules\jest-circus\build\run.js:126:9)
    at _runTestsForDescribeBlock (C:\Users\xx005\Downloads\Collaboreum MVP Platform\node_modules\jest-circus\build\run.js:121:9)
    at _runTestsForDescribeBlock (C:\Users\xx005\Downloads\Collaboreum MVP Platform\node_modules\jest-circus\build\run.js:121:9)
    at run (C:\Users\xx005\Downloads\Collaboreum MVP Platform\node_modules\jest-circus\build\run.js:71:3)
    at runAndTransformResultsToJestFormat (C:\Users\xx005\Downloads\Collaboreum MVP Platform\node_modules\jest-circus\build\legacy-code-todo-rewrite\jestAdapterInit.js:122:21)
    at jestAdapter (C:\Users\xx005\Downloads\Collaboreum MVP Platform\node_modules\jest-circus\build\legacy-code-todo-rewrite\jestAdapter.js:79:19)
    at runTestInternal (C:\Users\xx005\Downloads\Collaboreum MVP Platform\node_modules\jest-runner\build\runTest.js:367:16)
    at runTest (C:\Users\xx005\Downloads\Collaboreum MVP Platform\node_modules\jest-runner\build\runTest.js:444:34)</failure>
    </testcase>
    <testcase classname="이벤트 시스템 TDD 테스트 8. 이벤트 데이터 검증 및 보안 테스트 이벤트 파일 업로드 보안이 올바르게 검증되어야 한다" name="이벤트 시스템 TDD 테스트 8. 이벤트 데이터 검증 및 보안 테스트 이벤트 파일 업로드 보안이 올바르게 검증되어야 한다" time="9.441">
    </testcase>
  </testsuite>
  <testsuite name="Community Board System" errors="0" failures="3" skipped="0" timestamp="2025-09-23T07:31:14" time="7.704" tests="28">
    <testcase classname="Community Board System Community Post Data Model 게시글 데이터 구조가 올바르게 정의되어야 한다" name="Community Board System Community Post Data Model 게시글 데이터 구조가 올바르게 정의되어야 한다" time="0.003">
    </testcase>
    <testcase classname="Community Board System Community Post Data Model 게시글 작성자 정보가 올바르게 포함되어야 한다" name="Community Board System Community Post Data Model 게시글 작성자 정보가 올바르게 포함되어야 한다" time="0.002">
    </testcase>
    <testcase classname="Community Board System Community Post Data Model 게시글 통계 정보가 올바르게 계산되어야 한다" name="Community Board System Community Post Data Model 게시글 통계 정보가 올바르게 계산되어야 한다" time="0.008">
    </testcase>
    <testcase classname="Community Board System Community Post Creation 게시글 작성 폼이 올바르게 렌더링되어야 한다" name="Community Board System Community Post Creation 게시글 작성 폼이 올바르게 렌더링되어야 한다" time="0.036">
    </testcase>
    <testcase classname="Community Board System Community Post Creation 게시글 작성 시 필수 필드 검증이 작동해야 한다" name="Community Board System Community Post Creation 게시글 작성 시 필수 필드 검증이 작동해야 한다" time="0.097">
    </testcase>
    <testcase classname="Community Board System Community Post Creation 게시글 작성 시 태그 입력이 올바르게 처리되어야 한다" name="Community Board System Community Post Creation 게시글 작성 시 태그 입력이 올바르게 처리되어야 한다" time="0.247">
    </testcase>
    <testcase classname="Community Board System Community Post List 게시글 목록이 올바르게 렌더링되어야 한다" name="Community Board System Community Post List 게시글 목록이 올바르게 렌더링되어야 한다" time="0.01">
    </testcase>
    <testcase classname="Community Board System Community Post List 게시글 정렬 기능이 올바르게 작동해야 한다" name="Community Board System Community Post List 게시글 정렬 기능이 올바르게 작동해야 한다" time="0.1">
    </testcase>
    <testcase classname="Community Board System Community Post List 게시글 검색 기능이 올바르게 작동해야 한다" name="Community Board System Community Post List 게시글 검색 기능이 올바르게 작동해야 한다" time="0.158">
    </testcase>
    <testcase classname="Community Board System Community Post Detail 게시글 상세 내용이 올바르게 표시되어야 한다" name="Community Board System Community Post Detail 게시글 상세 내용이 올바르게 표시되어야 한다" time="0.051">
    </testcase>
    <testcase classname="Community Board System Community Post Detail 게시글 좋아요/싫어요 기능이 올바르게 작동해야 한다" name="Community Board System Community Post Detail 게시글 좋아요/싫어요 기능이 올바르게 작동해야 한다" time="0.133">
    </testcase>
    <testcase classname="Community Board System Comment System 댓글이 올바르게 표시되어야 한다" name="Community Board System Comment System 댓글이 올바르게 표시되어야 한다" time="0.004">
    </testcase>
    <testcase classname="Community Board System Comment System 댓글 작성 기능이 올바르게 작동해야 한다" name="Community Board System Comment System 댓글 작성 기능이 올바르게 작동해야 한다" time="0.272">
    </testcase>
    <testcase classname="Community Board System Comment System 댓글 답글 기능이 올바르게 작동해야 한다" name="Community Board System Comment System 댓글 답글 기능이 올바르게 작동해야 한다" time="0.058">
    </testcase>
    <testcase classname="Community Board System Search and Filtering 카테고리별 필터링이 올바르게 작동해야 한다" name="Community Board System Search and Filtering 카테고리별 필터링이 올바르게 작동해야 한다" time="0.065">
    </testcase>
    <testcase classname="Community Board System Search and Filtering 태그별 필터링이 올바르게 작동해야 한다" name="Community Board System Search and Filtering 태그별 필터링이 올바르게 작동해야 한다" time="0.065">
    </testcase>
    <testcase classname="Community Board System Reporting System 게시글 신고 기능이 올바르게 작동해야 한다" name="Community Board System Reporting System 게시글 신고 기능이 올바르게 작동해야 한다" time="0.073">
    </testcase>
    <testcase classname="Community Board System Bookmark System 게시글 북마크 기능이 올바르게 작동해야 한다" name="Community Board System Bookmark System 게시글 북마크 기능이 올바르게 작동해야 한다" time="1.062">
      <failure>Error: expect(element).toHaveTextContent()

Expected element to have text content:
  북마크됨
Received:
  북마크되지 않음

Ignored nodes: comments, script, style
&lt;html&gt;
  &lt;head /&gt;
  &lt;body&gt;
    &lt;div&gt;
      &lt;div
        data-testid=&quot;post-detail&quot;
      &gt;
        &lt;button
          data-testid=&quot;bookmark-button&quot;
        &gt;
          🔖 북마크
        &lt;/button&gt;
        &lt;div
          data-testid=&quot;bookmark-status&quot;
        &gt;
          북마크되지 않음
        &lt;/div&gt;
      &lt;/div&gt;
    &lt;/div&gt;
  &lt;/body&gt;
&lt;/html&gt;
    at toHaveTextContent (C:\Users\xx005\Downloads\Collaboreum MVP Platform\src\__tests__\CommunitySystem.test.tsx:475:32)
    at runWithExpensiveErrorDiagnosticsDisabled (C:\Users\xx005\Downloads\Collaboreum MVP Platform\node_modules\@testing-library\dom\dist\config.js:47:12)
    at checkCallback (C:\Users\xx005\Downloads\Collaboreum MVP Platform\node_modules\@testing-library\dom\dist\wait-for.js:124:77)
    at checkRealTimersCallback (C:\Users\xx005\Downloads\Collaboreum MVP Platform\node_modules\@testing-library\dom\dist\wait-for.js:118:16)
    at Timeout.task [as _onTimeout] (C:\Users\xx005\Downloads\Collaboreum MVP Platform\node_modules\jsdom\lib\jsdom\browser\Window.js:579:19)
    at listOnTimeout (node:internal/timers:588:17)
    at processTimers (node:internal/timers:523:7)</failure>
    </testcase>
    <testcase classname="Community Board System Performance 게시글 목록 렌더링 성능이 측정되어야 한다" name="Community Board System Performance 게시글 목록 렌더링 성능이 측정되어야 한다" time="0.066">
    </testcase>
    <testcase classname="Community Board System Security XSS 공격 방지가 적용되어야 한다" name="Community Board System Security XSS 공격 방지가 적용되어야 한다" time="0.061">
    </testcase>
    <testcase classname="Community Board System Security 권한 없는 사용자의 게시글 수정/삭제가 차단되어야 한다" name="Community Board System Security 권한 없는 사용자의 게시글 수정/삭제가 차단되어야 한다" time="0.027">
    </testcase>
    <testcase classname="Community Board System Data Integrity 게시글 수정 시 원본 데이터가 보호되어야 한다" name="Community Board System Data Integrity 게시글 수정 시 원본 데이터가 보호되어야 한다" time="0.183">
    </testcase>
    <testcase classname="Community Board System Data Integrity 댓글 작성 시 부모 게시글 ID가 올바르게 연결되어야 한다" name="Community Board System Data Integrity 댓글 작성 시 부모 게시글 ID가 올바르게 연결되어야 한다" time="0.004">
    </testcase>
    <testcase classname="Community Board System Real-time Updates 새 댓글 작성 시 실시간으로 목록이 업데이트되어야 한다" name="Community Board System Real-time Updates 새 댓글 작성 시 실시간으로 목록이 업데이트되어야 한다" time="1.209">
      <failure>Error: expect(element).toHaveTextContent()

Expected element to have text content:
  댓글 수: 2
Received:
  댓글 수: 1

Ignored nodes: comments, script, style
&lt;html&gt;
  &lt;head /&gt;
  &lt;body&gt;
    &lt;div&gt;
      &lt;div
        data-testid=&quot;comments-section&quot;
      &gt;
        &lt;div
          data-testid=&quot;comment-count&quot;
        &gt;
          댓글 수: 1
        &lt;/div&gt;
        &lt;div
          data-testid=&quot;comment-1&quot;
        &gt;
          &lt;p&gt;
            테스트 댓글입니다.
          &lt;/p&gt;
        &lt;/div&gt;
        &lt;div
          data-testid=&quot;comment-form&quot;
        &gt;
          &lt;textarea
            data-testid=&quot;comment-input&quot;
            placeholder=&quot;댓글을 입력하세요&quot;
          /&gt;
          &lt;button
            data-testid=&quot;comment-submit&quot;
          &gt;
            댓글 작성
          &lt;/button&gt;
        &lt;/div&gt;
      &lt;/div&gt;
    &lt;/div&gt;
  &lt;/body&gt;
&lt;/html&gt;
    at toHaveTextContent (C:\Users\xx005\Downloads\Collaboreum MVP Platform\src\__tests__\CommunitySystem.test.tsx:637:30)
    at runWithExpensiveErrorDiagnosticsDisabled (C:\Users\xx005\Downloads\Collaboreum MVP Platform\node_modules\@testing-library\dom\dist\config.js:47:12)
    at checkCallback (C:\Users\xx005\Downloads\Collaboreum MVP Platform\node_modules\@testing-library\dom\dist\wait-for.js:124:77)
    at checkRealTimersCallback (C:\Users\xx005\Downloads\Collaboreum MVP Platform\node_modules\@testing-library\dom\dist\wait-for.js:118:16)
    at Timeout.task [as _onTimeout] (C:\Users\xx005\Downloads\Collaboreum MVP Platform\node_modules\jsdom\lib\jsdom\browser\Window.js:579:19)
    at listOnTimeout (node:internal/timers:588:17)
    at processTimers (node:internal/timers:523:7)</failure>
    </testcase>
    <testcase classname="Community Board System Notification System 댓글 작성 시 게시글 작성자에게 알림이 전송되어야 한다" name="Community Board System Notification System 댓글 작성 시 게시글 작성자에게 알림이 전송되어야 한다" time="1.335">
      <failure>Error: expect(element).toHaveTextContent()

Expected element to have text content:
  알림 전송됨
Received:


Ignored nodes: comments, script, style
&lt;html&gt;
  &lt;head /&gt;
  &lt;body&gt;
    &lt;div&gt;
      &lt;div
        data-testid=&quot;comment-form&quot;
      &gt;
        &lt;textarea
          data-testid=&quot;comment-input&quot;
          placeholder=&quot;댓글을 입력하세요&quot;
        /&gt;
        &lt;button
          data-testid=&quot;comment-submit&quot;
        &gt;
          댓글 작성
        &lt;/button&gt;
        &lt;div
          data-testid=&quot;notification-status&quot;
        /&gt;
      &lt;/div&gt;
    &lt;/div&gt;
  &lt;/body&gt;
&lt;/html&gt;
    at toHaveTextContent (C:\Users\xx005\Downloads\Collaboreum MVP Platform\src\__tests__\CommunitySystem.test.tsx:669:36)
    at runWithExpensiveErrorDiagnosticsDisabled (C:\Users\xx005\Downloads\Collaboreum MVP Platform\node_modules\@testing-library\dom\dist\config.js:47:12)
    at checkCallback (C:\Users\xx005\Downloads\Collaboreum MVP Platform\node_modules\@testing-library\dom\dist\wait-for.js:124:77)
    at checkRealTimersCallback (C:\Users\xx005\Downloads\Collaboreum MVP Platform\node_modules\@testing-library\dom\dist\wait-for.js:118:16)
    at Timeout.task [as _onTimeout] (C:\Users\xx005\Downloads\Collaboreum MVP Platform\node_modules\jsdom\lib\jsdom\browser\Window.js:579:19)
    at listOnTimeout (node:internal/timers:588:17)
    at processTimers (node:internal/timers:523:7)</failure>
    </testcase>
    <testcase classname="Community Board System Statistics 게시글 통계가 올바르게 계산되어야 한다" name="Community Board System Statistics 게시글 통계가 올바르게 계산되어야 한다" time="0.001">
    </testcase>
    <testcase classname="Community Board System Permissions 관리자는 모든 게시글을 관리할 수 있어야 한다" name="Community Board System Permissions 관리자는 모든 게시글을 관리할 수 있어야 한다" time="0.014">
    </testcase>
    <testcase classname="Community Board System Permissions 일반 사용자는 자신의 게시글만 수정/삭제할 수 있어야 한다" name="Community Board System Permissions 일반 사용자는 자신의 게시글만 수정/삭제할 수 있어야 한다" time="0.007">
    </testcase>
  </testsuite>
  <testsuite name="LiveAndPointsSection" errors="0" failures="4" skipped="0" timestamp="2025-09-23T07:31:22" time="3.323" tests="4">
    <testcase classname="LiveAndPointsSection 로딩 상태를 올바르게 표시한다" name="LiveAndPointsSection 로딩 상태를 올바르게 표시한다" time="0.087">
      <failure>TestingLibraryElementError: Unable to find an element with the text: 라이브 스트림 데이터를 불러오는 중.... This could be because the text is broken up by multiple elements. In this case, you can provide a function for your text matcher to make your matcher more flexible.

Ignored nodes: comments, script, style
&lt;body&gt;
  &lt;div&gt;
    &lt;section
      class=&quot;from-secondary/10 bg-gradient-to-b to-background py-12&quot;
      id=&quot;live&quot;
    &gt;
      &lt;div
        class=&quot;mx-auto max-w-7xl px-6 lg:px-8&quot;
      &gt;
        &lt;div
          class=&quot;mb-8 text-center&quot;
        &gt;
          &lt;div
            class=&quot;bg-primary/10 border-primary/20 mb-8 inline-flex items-center gap-2 rounded-full border px-6 py-3 text-sm font-semibold text-primary&quot;
          &gt;
            &lt;svg
              aria-hidden=&quot;true&quot;
              class=&quot;lucide lucide-radio h-4 w-4&quot;
              fill=&quot;none&quot;
              height=&quot;24&quot;
              stroke=&quot;currentColor&quot;
              stroke-linecap=&quot;round&quot;
              stroke-linejoin=&quot;round&quot;
              stroke-width=&quot;2&quot;
              viewBox=&quot;0 0 24 24&quot;
              width=&quot;24&quot;
              xmlns=&quot;http://www.w3.org/2000/svg&quot;
            &gt;
              &lt;path
                d=&quot;M16.247 7.761a6 6 0 0 1 0 8.478&quot;
              /&gt;
              &lt;path
                d=&quot;M19.075 4.933a10 10 0 0 1 0 14.134&quot;
              /&gt;
              &lt;path
                d=&quot;M4.925 19.067a10 10 0 0 1 0-14.134&quot;
              /&gt;
              &lt;path
                d=&quot;M7.753 16.239a6 6 0 0 1 0-8.478&quot;
              /&gt;
              &lt;circle
                cx=&quot;12&quot;
                cy=&quot;12&quot;
                r=&quot;2&quot;
              /&gt;
            &lt;/svg&gt;
            실시간 창작 스튜디오
          &lt;/div&gt;
          &lt;h2
            class=&quot;mb-6 text-3xl font-bold tracking-tight text-foreground md:text-4xl lg:text-5xl&quot;
          &gt;
            아티스트와 함께하는
             
            &lt;span
              class=&quot;text-primary&quot;
            &gt;
              라이브 스트리밍
            &lt;/span&gt;
          &lt;/h2&gt;
          &lt;p
            class=&quot;mx-auto max-w-3xl text-lg leading-relaxed text-muted-foreground md:text-xl&quot;
          &gt;
            창작 과정을 실시간으로 공유하고, 팬들과 소통하며 영감을 나누세요
          &lt;/p&gt;
        &lt;/div&gt;
        &lt;div
          class=&quot;mx-auto max-w-5xl&quot;
        &gt;
          &lt;div
            class=&quot;mb-8&quot;
          &gt;
            &lt;div
              class=&quot;flex flex-col gap-6 text-card-foreground shadow-apple-lg from-primary/5 to-primary/10 overflow-hidden rounded-3xl border-0 bg-gradient-to-br&quot;
              data-slot=&quot;card&quot;
            &gt;
              &lt;div
                class=&quot;[&amp;:last-child]:pb-6 p-8&quot;
                data-slot=&quot;card-content&quot;
              &gt;
                &lt;div
                  class=&quot;grid items-center gap-8 lg:grid-cols-2&quot;
                &gt;
                  &lt;div
                    class=&quot;relative&quot;
                  &gt;
                    &lt;img
                      alt=&quot;Featured Live Stream&quot;
                      class=&quot;h-64 w-full rounded-2xl object-cover&quot;
                      src=&quot;https://images.unsplash.com/photo-1493225457124-a3eb161ffa5f?w=500&amp;h=300&amp;fit=crop&quot;
                    /&gt;
                    &lt;div
                      class=&quot;absolute inset-0 rounded-2xl bg-gradient-to-t from-black/60 via-transparent to-transparent&quot;
                    /&gt;
                    &lt;span
                      class=&quot;inline-flex items-center justify-center text-xs font-medium w-fit whitespace-nowrap shrink-0 [&amp;&gt;svg]:size-3 gap-1 [&amp;&gt;svg]:pointer-events-none focus-visible:ring-ring/50 focus-visible:ring-[3px] aria-invalid:ring-destructive/20 dark:aria-invalid:ring-destructive/40 transition-[color,box-shadow] overflow-hidden border-transparent [a&amp;]:hover:bg-primary/90 absolute left-4 top-4 animate-pulse rounded-full bg-red-500 px-3 py-1 text-white&quot;
                      data-slot=&quot;badge&quot;
                    &gt;
                      &lt;div
                        class=&quot;mr-2 h-2 w-2 animate-pulse rounded-full bg-white&quot;
                      /&gt;
                      LIVE
                    &lt;/span&gt;
                    &lt;div
                      class=&quot;absolute bottom-4 left-4 right-4&quot;
                    &gt;
                      &lt;div
                        class=&quot;flex items-center gap-2 text-white&quot;
                      &gt;
                        &lt;svg
                          aria-hidden=&quot;true&quot;
                          class=&quot;lucide lucide-eye h-4 w-4&quot;
                          fill=&quot;none&quot;
                          height=&quot;24&quot;
                          stroke=&quot;currentColor&quot;
                          stroke-linecap=&quot;round&quot;
                          stroke-linejoin=&quot;round&quot;
                          stroke-width=&quot;2&quot;
                          viewBox=&quot;0 0 24 24&quot;
                          width=&quot;24&quot;
                          xmlns=&quot;http://www.w3.org/2000/svg&quot;
                        &gt;
                          &lt;path
                            d=&quot;M2.062 12.348a1 1 0 0 1 0-.696 10.75 10.75 0 0 1 19.876 0 1 1 0 0 1 0 .696 10.75 10.75 0 0 1-19.876 0&quot;
                          /&gt;
                          &lt;circle
                            cx=&quot;12&quot;
                            cy=&quot;12&quot;
                            r=&quot;3&quot;
                          /&gt;
                        &lt;/svg&gt;
                        &lt;span
                          class=&quot;font-medium&quot;
                        &gt;
                          1,234명 시청 중
                        &lt;/span&gt;
                      ...
    at Object.getElementError (C:\Users\xx005\Downloads\Collaboreum MVP Platform\node_modules\@testing-library\dom\dist\config.js:37:19)
    at C:\Users\xx005\Downloads\Collaboreum MVP Platform\node_modules\@testing-library\dom\dist\query-helpers.js:76:38
    at C:\Users\xx005\Downloads\Collaboreum MVP Platform\node_modules\@testing-library\dom\dist\query-helpers.js:52:17
    at C:\Users\xx005\Downloads\Collaboreum MVP Platform\node_modules\@testing-library\dom\dist\query-helpers.js:95:19
    at Object.getByText (C:\Users\xx005\Downloads\Collaboreum MVP Platform\src\__tests__\LiveAndPointsSection.test.tsx:48:14)
    at Promise.then.completed (C:\Users\xx005\Downloads\Collaboreum MVP Platform\node_modules\jest-circus\build\utils.js:298:28)
    at new Promise (&lt;anonymous&gt;)
    at callAsyncCircusFn (C:\Users\xx005\Downloads\Collaboreum MVP Platform\node_modules\jest-circus\build\utils.js:231:10)
    at _callCircusTest (C:\Users\xx005\Downloads\Collaboreum MVP Platform\node_modules\jest-circus\build\run.js:316:40)
    at _runTest (C:\Users\xx005\Downloads\Collaboreum MVP Platform\node_modules\jest-circus\build\run.js:252:3)
    at _runTestsForDescribeBlock (C:\Users\xx005\Downloads\Collaboreum MVP Platform\node_modules\jest-circus\build\run.js:126:9)
    at _runTestsForDescribeBlock (C:\Users\xx005\Downloads\Collaboreum MVP Platform\node_modules\jest-circus\build\run.js:121:9)
    at run (C:\Users\xx005\Downloads\Collaboreum MVP Platform\node_modules\jest-circus\build\run.js:71:3)
    at runAndTransformResultsToJestFormat (C:\Users\xx005\Downloads\Collaboreum MVP Platform\node_modules\jest-circus\build\legacy-code-todo-rewrite\jestAdapterInit.js:122:21)
    at jestAdapter (C:\Users\xx005\Downloads\Collaboreum MVP Platform\node_modules\jest-circus\build\legacy-code-todo-rewrite\jestAdapter.js:79:19)
    at runTestInternal (C:\Users\xx005\Downloads\Collaboreum MVP Platform\node_modules\jest-runner\build\runTest.js:367:16)
    at runTest (C:\Users\xx005\Downloads\Collaboreum MVP Platform\node_modules\jest-runner\build\runTest.js:444:34)</failure>
    </testcase>
    <testcase classname="LiveAndPointsSection 에러 상태를 올바르게 표시한다" name="LiveAndPointsSection 에러 상태를 올바르게 표시한다" time="0.066">
      <failure>TestingLibraryElementError: Unable to find an element with the text: 라이브 스트림 데이터를 불러오는데 실패했습니다.. This could be because the text is broken up by multiple elements. In this case, you can provide a function for your text matcher to make your matcher more flexible.

Ignored nodes: comments, script, style
&lt;body&gt;
  &lt;div&gt;
    &lt;section
      class=&quot;from-secondary/10 bg-gradient-to-b to-background py-12&quot;
      id=&quot;live&quot;
    &gt;
      &lt;div
        class=&quot;mx-auto max-w-7xl px-6 lg:px-8&quot;
      &gt;
        &lt;div
          class=&quot;mb-8 text-center&quot;
        &gt;
          &lt;div
            class=&quot;bg-primary/10 border-primary/20 mb-8 inline-flex items-center gap-2 rounded-full border px-6 py-3 text-sm font-semibold text-primary&quot;
          &gt;
            &lt;svg
              aria-hidden=&quot;true&quot;
              class=&quot;lucide lucide-radio h-4 w-4&quot;
              fill=&quot;none&quot;
              height=&quot;24&quot;
              stroke=&quot;currentColor&quot;
              stroke-linecap=&quot;round&quot;
              stroke-linejoin=&quot;round&quot;
              stroke-width=&quot;2&quot;
              viewBox=&quot;0 0 24 24&quot;
              width=&quot;24&quot;
              xmlns=&quot;http://www.w3.org/2000/svg&quot;
            &gt;
              &lt;path
                d=&quot;M16.247 7.761a6 6 0 0 1 0 8.478&quot;
              /&gt;
              &lt;path
                d=&quot;M19.075 4.933a10 10 0 0 1 0 14.134&quot;
              /&gt;
              &lt;path
                d=&quot;M4.925 19.067a10 10 0 0 1 0-14.134&quot;
              /&gt;
              &lt;path
                d=&quot;M7.753 16.239a6 6 0 0 1 0-8.478&quot;
              /&gt;
              &lt;circle
                cx=&quot;12&quot;
                cy=&quot;12&quot;
                r=&quot;2&quot;
              /&gt;
            &lt;/svg&gt;
            실시간 창작 스튜디오
          &lt;/div&gt;
          &lt;h2
            class=&quot;mb-6 text-3xl font-bold tracking-tight text-foreground md:text-4xl lg:text-5xl&quot;
          &gt;
            아티스트와 함께하는
             
            &lt;span
              class=&quot;text-primary&quot;
            &gt;
              라이브 스트리밍
            &lt;/span&gt;
          &lt;/h2&gt;
          &lt;p
            class=&quot;mx-auto max-w-3xl text-lg leading-relaxed text-muted-foreground md:text-xl&quot;
          &gt;
            창작 과정을 실시간으로 공유하고, 팬들과 소통하며 영감을 나누세요
          &lt;/p&gt;
        &lt;/div&gt;
        &lt;div
          class=&quot;mx-auto max-w-5xl&quot;
        &gt;
          &lt;div
            class=&quot;mb-8&quot;
          &gt;
            &lt;div
              class=&quot;flex flex-col gap-6 text-card-foreground shadow-apple-lg from-primary/5 to-primary/10 overflow-hidden rounded-3xl border-0 bg-gradient-to-br&quot;
              data-slot=&quot;card&quot;
            &gt;
              &lt;div
                class=&quot;[&amp;:last-child]:pb-6 p-8&quot;
                data-slot=&quot;card-content&quot;
              &gt;
                &lt;div
                  class=&quot;grid items-center gap-8 lg:grid-cols-2&quot;
                &gt;
                  &lt;div
                    class=&quot;relative&quot;
                  &gt;
                    &lt;img
                      alt=&quot;Featured Live Stream&quot;
                      class=&quot;h-64 w-full rounded-2xl object-cover&quot;
                      src=&quot;https://images.unsplash.com/photo-1493225457124-a3eb161ffa5f?w=500&amp;h=300&amp;fit=crop&quot;
                    /&gt;
                    &lt;div
                      class=&quot;absolute inset-0 rounded-2xl bg-gradient-to-t from-black/60 via-transparent to-transparent&quot;
                    /&gt;
                    &lt;span
                      class=&quot;inline-flex items-center justify-center text-xs font-medium w-fit whitespace-nowrap shrink-0 [&amp;&gt;svg]:size-3 gap-1 [&amp;&gt;svg]:pointer-events-none focus-visible:ring-ring/50 focus-visible:ring-[3px] aria-invalid:ring-destructive/20 dark:aria-invalid:ring-destructive/40 transition-[color,box-shadow] overflow-hidden border-transparent [a&amp;]:hover:bg-primary/90 absolute left-4 top-4 animate-pulse rounded-full bg-red-500 px-3 py-1 text-white&quot;
                      data-slot=&quot;badge&quot;
                    &gt;
                      &lt;div
                        class=&quot;mr-2 h-2 w-2 animate-pulse rounded-full bg-white&quot;
                      /&gt;
                      LIVE
                    &lt;/span&gt;
                    &lt;div
                      class=&quot;absolute bottom-4 left-4 right-4&quot;
                    &gt;
                      &lt;div
                        class=&quot;flex items-center gap-2 text-white&quot;
                      &gt;
                        &lt;svg
                          aria-hidden=&quot;true&quot;
                          class=&quot;lucide lucide-eye h-4 w-4&quot;
                          fill=&quot;none&quot;
                          height=&quot;24&quot;
                          stroke=&quot;currentColor&quot;
                          stroke-linecap=&quot;round&quot;
                          stroke-linejoin=&quot;round&quot;
                          stroke-width=&quot;2&quot;
                          viewBox=&quot;0 0 24 24&quot;
                          width=&quot;24&quot;
                          xmlns=&quot;http://www.w3.org/2000/svg&quot;
                        &gt;
                          &lt;path
                            d=&quot;M2.062 12.348a1 1 0 0 1 0-.696 10.75 10.75 0 0 1 19.876 0 1 1 0 0 1 0 .696 10.75 10.75 0 0 1-19.876 0&quot;
                          /&gt;
                          &lt;circle
                            cx=&quot;12&quot;
                            cy=&quot;12&quot;
                            r=&quot;3&quot;
                          /&gt;
                        &lt;/svg&gt;
                        &lt;span
                          class=&quot;font-medium&quot;
                        &gt;
                          1,234명 시청 중
                        &lt;/span&gt;
                      ...
    at Object.getElementError (C:\Users\xx005\Downloads\Collaboreum MVP Platform\node_modules\@testing-library\dom\dist\config.js:37:19)
    at C:\Users\xx005\Downloads\Collaboreum MVP Platform\node_modules\@testing-library\dom\dist\query-helpers.js:76:38
    at C:\Users\xx005\Downloads\Collaboreum MVP Platform\node_modules\@testing-library\dom\dist\query-helpers.js:52:17
    at C:\Users\xx005\Downloads\Collaboreum MVP Platform\node_modules\@testing-library\dom\dist\query-helpers.js:95:19
    at Object.getByText (C:\Users\xx005\Downloads\Collaboreum MVP Platform\src\__tests__\LiveAndPointsSection.test.tsx:62:14)
    at Promise.then.completed (C:\Users\xx005\Downloads\Collaboreum MVP Platform\node_modules\jest-circus\build\utils.js:298:28)
    at new Promise (&lt;anonymous&gt;)
    at callAsyncCircusFn (C:\Users\xx005\Downloads\Collaboreum MVP Platform\node_modules\jest-circus\build\utils.js:231:10)
    at _callCircusTest (C:\Users\xx005\Downloads\Collaboreum MVP Platform\node_modules\jest-circus\build\run.js:316:40)
    at _runTest (C:\Users\xx005\Downloads\Collaboreum MVP Platform\node_modules\jest-circus\build\run.js:252:3)
    at _runTestsForDescribeBlock (C:\Users\xx005\Downloads\Collaboreum MVP Platform\node_modules\jest-circus\build\run.js:126:9)
    at _runTestsForDescribeBlock (C:\Users\xx005\Downloads\Collaboreum MVP Platform\node_modules\jest-circus\build\run.js:121:9)
    at run (C:\Users\xx005\Downloads\Collaboreum MVP Platform\node_modules\jest-circus\build\run.js:71:3)
    at runAndTransformResultsToJestFormat (C:\Users\xx005\Downloads\Collaboreum MVP Platform\node_modules\jest-circus\build\legacy-code-todo-rewrite\jestAdapterInit.js:122:21)
    at jestAdapter (C:\Users\xx005\Downloads\Collaboreum MVP Platform\node_modules\jest-circus\build\legacy-code-todo-rewrite\jestAdapter.js:79:19)
    at runTestInternal (C:\Users\xx005\Downloads\Collaboreum MVP Platform\node_modules\jest-runner\build\runTest.js:367:16)
    at runTest (C:\Users\xx005\Downloads\Collaboreum MVP Platform\node_modules\jest-runner\build\runTest.js:444:34)</failure>
    </testcase>
    <testcase classname="LiveAndPointsSection 라이브 스트림 데이터를 올바르게 표시한다" name="LiveAndPointsSection 라이브 스트림 데이터를 올바르게 표시한다" time="1.061">
      <failure>Error: Unable to find an element with the text: Test Stream. This could be because the text is broken up by multiple elements. In this case, you can provide a function for your text matcher to make your matcher more flexible.

Ignored nodes: comments, script, style
&lt;body&gt;
  &lt;div&gt;
    &lt;section
      class=&quot;from-secondary/10 bg-gradient-to-b to-background py-12&quot;
      id=&quot;live&quot;
    &gt;
      &lt;div
        class=&quot;mx-auto max-w-7xl px-6 lg:px-8&quot;
      &gt;
        &lt;div
          class=&quot;mb-8 text-center&quot;
        &gt;
          &lt;div
            class=&quot;bg-primary/10 border-primary/20 mb-8 inline-flex items-center gap-2 rounded-full border px-6 py-3 text-sm font-semibold text-primary&quot;
          &gt;
            &lt;svg
              aria-hidden=&quot;true&quot;
              class=&quot;lucide lucide-radio h-4 w-4&quot;
              fill=&quot;none&quot;
              height=&quot;24&quot;
              stroke=&quot;currentColor&quot;
              stroke-linecap=&quot;round&quot;
              stroke-linejoin=&quot;round&quot;
              stroke-width=&quot;2&quot;
              viewBox=&quot;0 0 24 24&quot;
              width=&quot;24&quot;
              xmlns=&quot;http://www.w3.org/2000/svg&quot;
            &gt;
              &lt;path
                d=&quot;M16.247 7.761a6 6 0 0 1 0 8.478&quot;
              /&gt;
              &lt;path
                d=&quot;M19.075 4.933a10 10 0 0 1 0 14.134&quot;
              /&gt;
              &lt;path
                d=&quot;M4.925 19.067a10 10 0 0 1 0-14.134&quot;
              /&gt;
              &lt;path
                d=&quot;M7.753 16.239a6 6 0 0 1 0-8.478&quot;
              /&gt;
              &lt;circle
                cx=&quot;12&quot;
                cy=&quot;12&quot;
                r=&quot;2&quot;
              /&gt;
            &lt;/svg&gt;
            실시간 창작 스튜디오
          &lt;/div&gt;
          &lt;h2
            class=&quot;mb-6 text-3xl font-bold tracking-tight text-foreground md:text-4xl lg:text-5xl&quot;
          &gt;
            아티스트와 함께하는
             
            &lt;span
              class=&quot;text-primary&quot;
            &gt;
              라이브 스트리밍
            &lt;/span&gt;
          &lt;/h2&gt;
          &lt;p
            class=&quot;mx-auto max-w-3xl text-lg leading-relaxed text-muted-foreground md:text-xl&quot;
          &gt;
            창작 과정을 실시간으로 공유하고, 팬들과 소통하며 영감을 나누세요
          &lt;/p&gt;
        &lt;/div&gt;
        &lt;div
          class=&quot;mx-auto max-w-5xl&quot;
        &gt;
          &lt;div
            class=&quot;mb-8&quot;
          &gt;
            &lt;div
              class=&quot;flex flex-col gap-6 text-card-foreground shadow-apple-lg from-primary/5 to-primary/10 overflow-hidden rounded-3xl border-0 bg-gradient-to-br&quot;
              data-slot=&quot;card&quot;
            &gt;
              &lt;div
                class=&quot;[&amp;:last-child]:pb-6 p-8&quot;
                data-slot=&quot;card-content&quot;
              &gt;
                &lt;div
                  class=&quot;grid items-center gap-8 lg:grid-cols-2&quot;
                &gt;
                  &lt;div
                    class=&quot;relative&quot;
                  &gt;
                    &lt;img
                      alt=&quot;Featured Live Stream&quot;
                      class=&quot;h-64 w-full rounded-2xl object-cover&quot;
                      src=&quot;https://images.unsplash.com/photo-1493225457124-a3eb161ffa5f?w=500&amp;h=300&amp;fit=crop&quot;
                    /&gt;
                    &lt;div
                      class=&quot;absolute inset-0 rounded-2xl bg-gradient-to-t from-black/60 via-transparent to-transparent&quot;
                    /&gt;
                    &lt;span
                      class=&quot;inline-flex items-center justify-center text-xs font-medium w-fit whitespace-nowrap shrink-0 [&amp;&gt;svg]:size-3 gap-1 [&amp;&gt;svg]:pointer-events-none focus-visible:ring-ring/50 focus-visible:ring-[3px] aria-invalid:ring-destructive/20 dark:aria-invalid:ring-destructive/40 transition-[color,box-shadow] overflow-hidden border-transparent [a&amp;]:hover:bg-primary/90 absolute left-4 top-4 animate-pulse rounded-full bg-red-500 px-3 py-1 text-white&quot;
                      data-slot=&quot;badge&quot;
                    &gt;
                      &lt;div
                        class=&quot;mr-2 h-2 w-2 animate-pulse rounded-full bg-white&quot;
                      /&gt;
                      LIVE
                    &lt;/span&gt;
                    &lt;div
                      class=&quot;absolute bottom-4 left-4 right-4&quot;
                    &gt;
                      &lt;div
                        class=&quot;flex items-center gap-2 text-white&quot;
                      &gt;
                        &lt;svg
                          aria-hidden=&quot;true&quot;
                          class=&quot;lucide lucide-eye h-4 w-4&quot;
                          fill=&quot;none&quot;
                          height=&quot;24&quot;
                          stroke=&quot;currentColor&quot;
                          stroke-linecap=&quot;round&quot;
                          stroke-linejoin=&quot;round&quot;
                          stroke-width=&quot;2&quot;
                          viewBox=&quot;0 0 24 24&quot;
                          width=&quot;24&quot;
                          xmlns=&quot;http://www.w3.org/2000/svg&quot;
                        &gt;
                          &lt;path
                            d=&quot;M2.062 12.348a1 1 0 0 1 0-.696 10.75 10.75 0 0 1 19.876 0 1 1 0 0 1 0 .696 10.75 10.75 0 0 1-19.876 0&quot;
                          /&gt;
                          &lt;circle
                            cx=&quot;12&quot;
                            cy=&quot;12&quot;
                            r=&quot;3&quot;
                          /&gt;
                        &lt;/svg&gt;
                        &lt;span
                          class=&quot;font-medium&quot;
                        &gt;
                          1,234명 시청 중
                        &lt;/span&gt;
                      ...
    at waitForWrapper (C:\Users\xx005\Downloads\Collaboreum MVP Platform\node_modules\@testing-library\dom\dist\wait-for.js:163:27)
    at Object.&lt;anonymous&gt; (C:\Users\xx005\Downloads\Collaboreum MVP Platform\src\__tests__\LiveAndPointsSection.test.tsx:87:18)
    at Promise.then.completed (C:\Users\xx005\Downloads\Collaboreum MVP Platform\node_modules\jest-circus\build\utils.js:298:28)
    at new Promise (&lt;anonymous&gt;)
    at callAsyncCircusFn (C:\Users\xx005\Downloads\Collaboreum MVP Platform\node_modules\jest-circus\build\utils.js:231:10)
    at _callCircusTest (C:\Users\xx005\Downloads\Collaboreum MVP Platform\node_modules\jest-circus\build\run.js:316:40)
    at _runTest (C:\Users\xx005\Downloads\Collaboreum MVP Platform\node_modules\jest-circus\build\run.js:252:3)
    at _runTestsForDescribeBlock (C:\Users\xx005\Downloads\Collaboreum MVP Platform\node_modules\jest-circus\build\run.js:126:9)
    at _runTestsForDescribeBlock (C:\Users\xx005\Downloads\Collaboreum MVP Platform\node_modules\jest-circus\build\run.js:121:9)
    at run (C:\Users\xx005\Downloads\Collaboreum MVP Platform\node_modules\jest-circus\build\run.js:71:3)
    at runAndTransformResultsToJestFormat (C:\Users\xx005\Downloads\Collaboreum MVP Platform\node_modules\jest-circus\build\legacy-code-todo-rewrite\jestAdapterInit.js:122:21)
    at jestAdapter (C:\Users\xx005\Downloads\Collaboreum MVP Platform\node_modules\jest-circus\build\legacy-code-todo-rewrite\jestAdapter.js:79:19)
    at runTestInternal (C:\Users\xx005\Downloads\Collaboreum MVP Platform\node_modules\jest-runner\build\runTest.js:367:16)
    at runTest (C:\Users\xx005\Downloads\Collaboreum MVP Platform\node_modules\jest-runner\build\runTest.js:444:34)</failure>
    </testcase>
    <testcase classname="LiveAndPointsSection 빈 데이터 상태를 올바르게 처리한다" name="LiveAndPointsSection 빈 데이터 상태를 올바르게 처리한다" time="0.051">
      <failure>TestingLibraryElementError: Unable to find an element with the text: 실시간 창작 과정을 지켜보고 함께 소통하세요. This could be because the text is broken up by multiple elements. In this case, you can provide a function for your text matcher to make your matcher more flexible.

Ignored nodes: comments, script, style
&lt;body&gt;
  &lt;div&gt;
    &lt;section
      class=&quot;from-secondary/10 bg-gradient-to-b to-background py-12&quot;
      id=&quot;live&quot;
    &gt;
      &lt;div
        class=&quot;mx-auto max-w-7xl px-6 lg:px-8&quot;
      &gt;
        &lt;div
          class=&quot;mb-8 text-center&quot;
        &gt;
          &lt;div
            class=&quot;bg-primary/10 border-primary/20 mb-8 inline-flex items-center gap-2 rounded-full border px-6 py-3 text-sm font-semibold text-primary&quot;
          &gt;
            &lt;svg
              aria-hidden=&quot;true&quot;
              class=&quot;lucide lucide-radio h-4 w-4&quot;
              fill=&quot;none&quot;
              height=&quot;24&quot;
              stroke=&quot;currentColor&quot;
              stroke-linecap=&quot;round&quot;
              stroke-linejoin=&quot;round&quot;
              stroke-width=&quot;2&quot;
              viewBox=&quot;0 0 24 24&quot;
              width=&quot;24&quot;
              xmlns=&quot;http://www.w3.org/2000/svg&quot;
            &gt;
              &lt;path
                d=&quot;M16.247 7.761a6 6 0 0 1 0 8.478&quot;
              /&gt;
              &lt;path
                d=&quot;M19.075 4.933a10 10 0 0 1 0 14.134&quot;
              /&gt;
              &lt;path
                d=&quot;M4.925 19.067a10 10 0 0 1 0-14.134&quot;
              /&gt;
              &lt;path
                d=&quot;M7.753 16.239a6 6 0 0 1 0-8.478&quot;
              /&gt;
              &lt;circle
                cx=&quot;12&quot;
                cy=&quot;12&quot;
                r=&quot;2&quot;
              /&gt;
            &lt;/svg&gt;
            실시간 창작 스튜디오
          &lt;/div&gt;
          &lt;h2
            class=&quot;mb-6 text-3xl font-bold tracking-tight text-foreground md:text-4xl lg:text-5xl&quot;
          &gt;
            아티스트와 함께하는
             
            &lt;span
              class=&quot;text-primary&quot;
            &gt;
              라이브 스트리밍
            &lt;/span&gt;
          &lt;/h2&gt;
          &lt;p
            class=&quot;mx-auto max-w-3xl text-lg leading-relaxed text-muted-foreground md:text-xl&quot;
          &gt;
            창작 과정을 실시간으로 공유하고, 팬들과 소통하며 영감을 나누세요
          &lt;/p&gt;
        &lt;/div&gt;
        &lt;div
          class=&quot;mx-auto max-w-5xl&quot;
        &gt;
          &lt;div
            class=&quot;mb-8&quot;
          &gt;
            &lt;div
              class=&quot;flex flex-col gap-6 text-card-foreground shadow-apple-lg from-primary/5 to-primary/10 overflow-hidden rounded-3xl border-0 bg-gradient-to-br&quot;
              data-slot=&quot;card&quot;
            &gt;
              &lt;div
                class=&quot;[&amp;:last-child]:pb-6 p-8&quot;
                data-slot=&quot;card-content&quot;
              &gt;
                &lt;div
                  class=&quot;grid items-center gap-8 lg:grid-cols-2&quot;
                &gt;
                  &lt;div
                    class=&quot;relative&quot;
                  &gt;
                    &lt;img
                      alt=&quot;Featured Live Stream&quot;
                      class=&quot;h-64 w-full rounded-2xl object-cover&quot;
                      src=&quot;https://images.unsplash.com/photo-1493225457124-a3eb161ffa5f?w=500&amp;h=300&amp;fit=crop&quot;
                    /&gt;
                    &lt;div
                      class=&quot;absolute inset-0 rounded-2xl bg-gradient-to-t from-black/60 via-transparent to-transparent&quot;
                    /&gt;
                    &lt;span
                      class=&quot;inline-flex items-center justify-center text-xs font-medium w-fit whitespace-nowrap shrink-0 [&amp;&gt;svg]:size-3 gap-1 [&amp;&gt;svg]:pointer-events-none focus-visible:ring-ring/50 focus-visible:ring-[3px] aria-invalid:ring-destructive/20 dark:aria-invalid:ring-destructive/40 transition-[color,box-shadow] overflow-hidden border-transparent [a&amp;]:hover:bg-primary/90 absolute left-4 top-4 animate-pulse rounded-full bg-red-500 px-3 py-1 text-white&quot;
                      data-slot=&quot;badge&quot;
                    &gt;
                      &lt;div
                        class=&quot;mr-2 h-2 w-2 animate-pulse rounded-full bg-white&quot;
                      /&gt;
                      LIVE
                    &lt;/span&gt;
                    &lt;div
                      class=&quot;absolute bottom-4 left-4 right-4&quot;
                    &gt;
                      &lt;div
                        class=&quot;flex items-center gap-2 text-white&quot;
                      &gt;
                        &lt;svg
                          aria-hidden=&quot;true&quot;
                          class=&quot;lucide lucide-eye h-4 w-4&quot;
                          fill=&quot;none&quot;
                          height=&quot;24&quot;
                          stroke=&quot;currentColor&quot;
                          stroke-linecap=&quot;round&quot;
                          stroke-linejoin=&quot;round&quot;
                          stroke-width=&quot;2&quot;
                          viewBox=&quot;0 0 24 24&quot;
                          width=&quot;24&quot;
                          xmlns=&quot;http://www.w3.org/2000/svg&quot;
                        &gt;
                          &lt;path
                            d=&quot;M2.062 12.348a1 1 0 0 1 0-.696 10.75 10.75 0 0 1 19.876 0 1 1 0 0 1 0 .696 10.75 10.75 0 0 1-19.876 0&quot;
                          /&gt;
                          &lt;circle
                            cx=&quot;12&quot;
                            cy=&quot;12&quot;
                            r=&quot;3&quot;
                          /&gt;
                        &lt;/svg&gt;
                        &lt;span
                          class=&quot;font-medium&quot;
                        &gt;
                          1,234명 시청 중
                        &lt;/span&gt;
                      ...
    at Object.getElementError (C:\Users\xx005\Downloads\Collaboreum MVP Platform\node_modules\@testing-library\dom\dist\config.js:37:19)
    at C:\Users\xx005\Downloads\Collaboreum MVP Platform\node_modules\@testing-library\dom\dist\query-helpers.js:76:38
    at C:\Users\xx005\Downloads\Collaboreum MVP Platform\node_modules\@testing-library\dom\dist\query-helpers.js:52:17
    at C:\Users\xx005\Downloads\Collaboreum MVP Platform\node_modules\@testing-library\dom\dist\query-helpers.js:95:19
    at Object.getByText (C:\Users\xx005\Downloads\Collaboreum MVP Platform\src\__tests__\LiveAndPointsSection.test.tsx:106:14)
    at Promise.then.completed (C:\Users\xx005\Downloads\Collaboreum MVP Platform\node_modules\jest-circus\build\utils.js:298:28)
    at new Promise (&lt;anonymous&gt;)
    at callAsyncCircusFn (C:\Users\xx005\Downloads\Collaboreum MVP Platform\node_modules\jest-circus\build\utils.js:231:10)
    at _callCircusTest (C:\Users\xx005\Downloads\Collaboreum MVP Platform\node_modules\jest-circus\build\run.js:316:40)
    at _runTest (C:\Users\xx005\Downloads\Collaboreum MVP Platform\node_modules\jest-circus\build\run.js:252:3)
    at _runTestsForDescribeBlock (C:\Users\xx005\Downloads\Collaboreum MVP Platform\node_modules\jest-circus\build\run.js:126:9)
    at _runTestsForDescribeBlock (C:\Users\xx005\Downloads\Collaboreum MVP Platform\node_modules\jest-circus\build\run.js:121:9)
    at run (C:\Users\xx005\Downloads\Collaboreum MVP Platform\node_modules\jest-circus\build\run.js:71:3)
    at runAndTransformResultsToJestFormat (C:\Users\xx005\Downloads\Collaboreum MVP Platform\node_modules\jest-circus\build\legacy-code-todo-rewrite\jestAdapterInit.js:122:21)
    at jestAdapter (C:\Users\xx005\Downloads\Collaboreum MVP Platform\node_modules\jest-circus\build\legacy-code-todo-rewrite\jestAdapter.js:79:19)
    at runTestInternal (C:\Users\xx005\Downloads\Collaboreum MVP Platform\node_modules\jest-runner\build\runTest.js:367:16)
    at runTest (C:\Users\xx005\Downloads\Collaboreum MVP Platform\node_modules\jest-runner\build\runTest.js:444:34)</failure>
    </testcase>
  </testsuite>
  <testsuite name="FundingModeSelector" errors="0" failures="2" skipped="0" timestamp="2025-09-23T07:31:25" time="3.989" tests="2">
    <testcase classname="FundingModeSelector renders both funding mode options and allows selection" name="FundingModeSelector renders both funding mode options and allows selection" time="0.078">
      <failure>TestingLibraryElementError: Unable to find a label with the text of: Flexible Funding

Ignored nodes: comments, script, style
&lt;body&gt;
  &lt;div&gt;
    &lt;fieldset
      aria-labelledby=&quot;:r0:-legend&quot;
      class=&quot;space-y-4&quot;
    &gt;
      &lt;legend
        class=&quot;text-base font-semibold text-foreground&quot;
        id=&quot;:r0:-legend&quot;
      &gt;
        모금 방식 선택
      &lt;/legend&gt;
      &lt;p
        class=&quot;text-sm text-muted-foreground&quot;
      &gt;
        프로젝트 특성에 맞는 모금 방식을 선택하세요. Flexible Funding은 목표에 미달하더라도 창작을 이어갈 수 있도록 도와줍니다.
      &lt;/p&gt;
      &lt;div
        class=&quot;grid gap-4 md:grid-cols-2&quot;
      &gt;
        &lt;label
          class=&quot;group relative block cursor-pointer rounded-3xl border p-4 transition-all duration-200 focus-within:ring-2 focus-within:ring-primary-300 bg-primary-50/60 shadow-apple-lg border-primary-400&quot;
          for=&quot;:r0:-all-or-nothing&quot;
        &gt;
          &lt;div
            class=&quot;flex items-start justify-between gap-3&quot;
          &gt;
            &lt;div&gt;
              &lt;div
                class=&quot;flex items-center gap-2&quot;
              &gt;
                &lt;span
                  class=&quot;text-lg font-semibold text-foreground&quot;
                &gt;
                  All-or-Nothing
                &lt;/span&gt;
              &lt;/div&gt;
              &lt;p
                class=&quot;mt-1 text-sm leading-relaxed text-muted-foreground&quot;
              &gt;
                목표 금액 달성 시에만 결제되는 전통적인 크라우드펀딩 방식입니다.
              &lt;/p&gt;
            &lt;/div&gt;
            &lt;span
              aria-hidden=&quot;true&quot;
              class=&quot;mt-1 size-5 rounded-full border-2 transition-colors duration-200 border-primary-500 bg-primary-500&quot;
            /&gt;
          &lt;/div&gt;
          &lt;input
            checked=&quot;&quot;
            class=&quot;sr-only&quot;
            id=&quot;:r0:-all-or-nothing&quot;
            name=&quot;:r0:&quot;
            type=&quot;radio&quot;
            value=&quot;all-or-nothing&quot;
          /&gt;
        &lt;/label&gt;
        &lt;label
          class=&quot;border-border/80 bg-surface/80 group relative block cursor-pointer rounded-3xl border p-4 transition-all duration-200 focus-within:ring-2 focus-within:ring-primary-300&quot;
          for=&quot;:r0:-flexible&quot;
        &gt;
          &lt;div
            class=&quot;flex items-start justify-between gap-3&quot;
          &gt;
            &lt;div&gt;
              &lt;div
                class=&quot;flex items-center gap-2&quot;
              &gt;
                &lt;span
                  class=&quot;text-lg font-semibold text-foreground&quot;
                &gt;
                  Flexible Funding
                &lt;/span&gt;
                &lt;span
                  aria-busy=&quot;false&quot;
                  class=&quot;inline-flex items-center justify-center whitespace-nowrap font-medium transition-all duration-200 disabled:pointer-events-none disabled:opacity-50 [&amp;_svg]:pointer-events-none [&amp;_svg:not([class*=&apos;size-&apos;])]:size-4 shrink-0 [&amp;_svg]:shrink-0 outline-none focus-visible:ring-ring/30 focus-visible:ring-4 aria-invalid:ring-destructive/20 dark:aria-invalid:ring-destructive/40 aria-invalid:border-destructive cursor-pointer hover:text-foreground h-8 rounded-xl gap-1.5 px-4 text-sm [&amp;_svg]:size-4 bg-success-600 text-success-700 hover:bg-success-100 focus:ring-success-300 pointer-events-none select-none&quot;
                  role=&quot;button&quot;
                  tabindex=&quot;0&quot;
                &gt;
                  &lt;span&gt;
                    New
                  &lt;/span&gt;
                &lt;/span&gt;
              &lt;/div&gt;
              &lt;p
                class=&quot;mt-1 text-sm leading-relaxed text-muted-foreground&quot;
              &gt;
                목표 금액에 도달하지 못해도 모금액을 받을 수 있는 유연한 방식입니다.
              &lt;/p&gt;
            &lt;/div&gt;
            &lt;span
              aria-hidden=&quot;true&quot;
              class=&quot;border-muted-foreground/40 mt-1 size-5 rounded-full border-2 transition-colors duration-200 bg-background&quot;
            /&gt;
          &lt;/div&gt;
          &lt;input
            class=&quot;sr-only&quot;
            id=&quot;:r0:-flexible&quot;
            name=&quot;:r0:&quot;
            type=&quot;radio&quot;
            value=&quot;flexible&quot;
          /&gt;
        &lt;/label&gt;
      &lt;/div&gt;
    &lt;/fieldset&gt;
  &lt;/div&gt;
&lt;/body&gt;
    at Object.getElementError (C:\Users\xx005\Downloads\Collaboreum MVP Platform\node_modules\@testing-library\dom\dist\config.js:37:19)
    at getAllByLabelText (C:\Users\xx005\Downloads\Collaboreum MVP Platform\node_modules\@testing-library\dom\dist\queries\label-text.js:111:38)
    at C:\Users\xx005\Downloads\Collaboreum MVP Platform\node_modules\@testing-library\dom\dist\query-helpers.js:52:17
    at C:\Users\xx005\Downloads\Collaboreum MVP Platform\node_modules\@testing-library\dom\dist\query-helpers.js:95:19
    at Object.getByLabelText (C:\Users\xx005\Downloads\Collaboreum MVP Platform\src\features\funding\components\FundingModeSelector\__tests__\FundingModeSelector.test.tsx:13:34)
    at Promise.then.completed (C:\Users\xx005\Downloads\Collaboreum MVP Platform\node_modules\jest-circus\build\utils.js:298:28)
    at new Promise (&lt;anonymous&gt;)
    at callAsyncCircusFn (C:\Users\xx005\Downloads\Collaboreum MVP Platform\node_modules\jest-circus\build\utils.js:231:10)
    at _callCircusTest (C:\Users\xx005\Downloads\Collaboreum MVP Platform\node_modules\jest-circus\build\run.js:316:40)
    at _runTest (C:\Users\xx005\Downloads\Collaboreum MVP Platform\node_modules\jest-circus\build\run.js:252:3)
    at _runTestsForDescribeBlock (C:\Users\xx005\Downloads\Collaboreum MVP Platform\node_modules\jest-circus\build\run.js:126:9)
    at _runTestsForDescribeBlock (C:\Users\xx005\Downloads\Collaboreum MVP Platform\node_modules\jest-circus\build\run.js:121:9)
    at run (C:\Users\xx005\Downloads\Collaboreum MVP Platform\node_modules\jest-circus\build\run.js:71:3)
    at runAndTransformResultsToJestFormat (C:\Users\xx005\Downloads\Collaboreum MVP Platform\node_modules\jest-circus\build\legacy-code-todo-rewrite\jestAdapterInit.js:122:21)
    at jestAdapter (C:\Users\xx005\Downloads\Collaboreum MVP Platform\node_modules\jest-circus\build\legacy-code-todo-rewrite\jestAdapter.js:79:19)
    at runTestInternal (C:\Users\xx005\Downloads\Collaboreum MVP Platform\node_modules\jest-runner\build\runTest.js:367:16)
    at runTest (C:\Users\xx005\Downloads\Collaboreum MVP Platform\node_modules\jest-runner\build\runTest.js:444:34)</failure>
    </testcase>
    <testcase classname="FundingModeSelector marks the selected option as checked" name="FundingModeSelector marks the selected option as checked" time="0.027">
      <failure>TestingLibraryElementError: Unable to find a label with the text of: Flexible Funding

Ignored nodes: comments, script, style
&lt;body&gt;
  &lt;div&gt;
    &lt;fieldset
      aria-labelledby=&quot;:r1:-legend&quot;
      class=&quot;space-y-4&quot;
    &gt;
      &lt;legend
        class=&quot;text-base font-semibold text-foreground&quot;
        id=&quot;:r1:-legend&quot;
      &gt;
        모금 방식 선택
      &lt;/legend&gt;
      &lt;p
        class=&quot;text-sm text-muted-foreground&quot;
      &gt;
        프로젝트 특성에 맞는 모금 방식을 선택하세요. Flexible Funding은 목표에 미달하더라도 창작을 이어갈 수 있도록 도와줍니다.
      &lt;/p&gt;
      &lt;div
        class=&quot;grid gap-4 md:grid-cols-2&quot;
      &gt;
        &lt;label
          class=&quot;border-border/80 bg-surface/80 group relative block cursor-pointer rounded-3xl border p-4 transition-all duration-200 focus-within:ring-2 focus-within:ring-primary-300&quot;
          for=&quot;:r1:-all-or-nothing&quot;
        &gt;
          &lt;div
            class=&quot;flex items-start justify-between gap-3&quot;
          &gt;
            &lt;div&gt;
              &lt;div
                class=&quot;flex items-center gap-2&quot;
              &gt;
                &lt;span
                  class=&quot;text-lg font-semibold text-foreground&quot;
                &gt;
                  All-or-Nothing
                &lt;/span&gt;
              &lt;/div&gt;
              &lt;p
                class=&quot;mt-1 text-sm leading-relaxed text-muted-foreground&quot;
              &gt;
                목표 금액 달성 시에만 결제되는 전통적인 크라우드펀딩 방식입니다.
              &lt;/p&gt;
            &lt;/div&gt;
            &lt;span
              aria-hidden=&quot;true&quot;
              class=&quot;border-muted-foreground/40 mt-1 size-5 rounded-full border-2 transition-colors duration-200 bg-background&quot;
            /&gt;
          &lt;/div&gt;
          &lt;input
            class=&quot;sr-only&quot;
            id=&quot;:r1:-all-or-nothing&quot;
            name=&quot;:r1:&quot;
            type=&quot;radio&quot;
            value=&quot;all-or-nothing&quot;
          /&gt;
        &lt;/label&gt;
        &lt;label
          class=&quot;group relative block cursor-pointer rounded-3xl border p-4 transition-all duration-200 focus-within:ring-2 focus-within:ring-primary-300 bg-primary-50/60 shadow-apple-lg border-primary-400&quot;
          for=&quot;:r1:-flexible&quot;
        &gt;
          &lt;div
            class=&quot;flex items-start justify-between gap-3&quot;
          &gt;
[...]
    at Object.getByRole (C:\Users\xx005\Downloads\Collaboreum MVP Platform\src\__tests__\Integration.test.tsx:710:33)
    at Promise.then.completed (C:\Users\xx005\Downloads\Collaboreum MVP Platform\node_modules\jest-circus\build\utils.js:298:28)
    at new Promise (&lt;anonymous&gt;)
    at callAsyncCircusFn (C:\Users\xx005\Downloads\Collaboreum MVP Platform\node_modules\jest-circus\build\utils.js:231:10)
    at _callCircusTest (C:\Users\xx005\Downloads\Collaboreum MVP Platform\node_modules\jest-circus\build\run.js:316:40)
    at _runTest (C:\Users\xx005\Downloads\Collaboreum MVP Platform\node_modules\jest-circus\build\run.js:252:3)
    at _runTestsForDescribeBlock (C:\Users\xx005\Downloads\Collaboreum MVP Platform\node_modules\jest-circus\build\run.js:126:9)
    at _runTestsForDescribeBlock (C:\Users\xx005\Downloads\Collaboreum MVP Platform\node_modules\jest-circus\build\run.js:121:9)
    at _runTestsForDescribeBlock (C:\Users\xx005\Downloads\Collaboreum MVP Platform\node_modules\jest-circus\build\run.js:121:9)
    at run (C:\Users\xx005\Downloads\Collaboreum MVP Platform\node_modules\jest-circus\build\run.js:71:3)
    at runAndTransformResultsToJestFormat (C:\Users\xx005\Downloads\Collaboreum MVP Platform\node_modules\jest-circus\build\legacy-code-todo-rewrite\jestAdapterInit.js:122:21)
    at jestAdapter (C:\Users\xx005\Downloads\Collaboreum MVP Platform\node_modules\jest-circus\build\legacy-code-todo-rewrite\jestAdapter.js:79:19)
    at runTestInternal (C:\Users\xx005\Downloads\Collaboreum MVP Platform\node_modules\jest-runner\build\runTest.js:367:16)
    at runTest (C:\Users\xx005\Downloads\Collaboreum MVP Platform\node_modules\jest-runner\build\runTest.js:444:34)</failure>
    </testcase>
  </testsuite>
  <testsuite name="API 서비스 테스트" errors="0" failures="21" skipped="0" timestamp="2025-09-23T07:32:54" time="1.174" tests="21">
    <testcase classname="API 서비스 테스트 1. 사용자 API 테스트 getProfile이 올바르게 작동해야 한다" name="API 서비스 테스트 1. 사용자 API 테스트 getProfile이 올바르게 작동해야 한다" time="0.01">
      <failure>Error: Network Error
    at C:\Users\xx005\Downloads\Collaboreum MVP Platform\src\services\api\base.ts:207:11
    at processTicksAndRejections (node:internal/process/task_queues:105:5)
    at C:\Users\xx005\Downloads\Collaboreum MVP Platform\src\services\api\base.ts:32:26</failure>
    </testcase>
    <testcase classname="API 서비스 테스트 1. 사용자 API 테스트 getInvestmentHistory가 올바르게 작동해야 한다" name="API 서비스 테스트 1. 사용자 API 테스트 getInvestmentHistory가 올바르게 작동해야 한다" time="0.006">
      <failure>Error: Network Error
    at C:\Users\xx005\Downloads\Collaboreum MVP Platform\src\services\api\base.ts:207:11
    at processTicksAndRejections (node:internal/process/task_queues:105:5)
    at C:\Users\xx005\Downloads\Collaboreum MVP Platform\src\services\api\base.ts:32:26</failure>
    </testcase>
    <testcase classname="API 서비스 테스트 1. 사용자 API 테스트 getFollowingArtists가 올바르게 작동해야 한다" name="API 서비스 테스트 1. 사용자 API 테스트 getFollowingArtists가 올바르게 작동해야 한다" time="0.013">
      <failure>Error: Network Error
    at C:\Users\xx005\Downloads\Collaboreum MVP Platform\src\services\api\base.ts:207:11
    at processTicksAndRejections (node:internal/process/task_queues:105:5)
    at C:\Users\xx005\Downloads\Collaboreum MVP Platform\src\services\api\base.ts:32:26</failure>
    </testcase>
    <testcase classname="API 서비스 테스트 1. 사용자 API 테스트 getPoints가 올바르게 작동해야 한다" name="API 서비스 테스트 1. 사용자 API 테스트 getPoints가 올바르게 작동해야 한다" time="0.004">
      <failure>Error: Network Error
    at C:\Users\xx005\Downloads\Collaboreum MVP Platform\src\services\api\base.ts:207:11
    at processTicksAndRejections (node:internal/process/task_queues:105:5)
    at C:\Users\xx005\Downloads\Collaboreum MVP Platform\src\services\api\base.ts:32:26</failure>
    </testcase>
    <testcase classname="API 서비스 테스트 1. 사용자 API 테스트 getArtists가 올바르게 작동해야 한다" name="API 서비스 테스트 1. 사용자 API 테스트 getArtists가 올바르게 작동해야 한다" time="0.028">
      <failure>Error: Network Error
    at C:\Users\xx005\Downloads\Collaboreum MVP Platform\src\services\api\base.ts:207:11
    at processTicksAndRejections (node:internal/process/task_queues:105:5)
    at C:\Users\xx005\Downloads\Collaboreum MVP Platform\src\services\api\base.ts:32:26</failure>
    </testcase>
    <testcase classname="API 서비스 테스트 2. 프로젝트 API 테스트 getArtistProjects가 올바르게 작동해야 한다" name="API 서비스 테스트 2. 프로젝트 API 테스트 getArtistProjects가 올바르게 작동해야 한다" time="0.019">
      <failure>Error: Network Error
    at C:\Users\xx005\Downloads\Collaboreum MVP Platform\src\services\api\base.ts:207:11
    at processTicksAndRejections (node:internal/process/task_queues:105:5)
    at C:\Users\xx005\Downloads\Collaboreum MVP Platform\src\services\api\base.ts:32:26</failure>
    </testcase>
    <testcase classname="API 서비스 테스트 2. 프로젝트 API 테스트 getProjectDetail이 올바르게 작동해야 한다" name="API 서비스 테스트 2. 프로젝트 API 테스트 getProjectDetail이 올바르게 작동해야 한다" time="0.043">
      <failure>Error: Network Error
    at C:\Users\xx005\Downloads\Collaboreum MVP Platform\src\services\api\base.ts:207:11
    at processTicksAndRejections (node:internal/process/task_queues:105:5)
    at C:\Users\xx005\Downloads\Collaboreum MVP Platform\src\services\api\base.ts:32:26</failure>
    </testcase>
    <testcase classname="API 서비스 테스트 3. 커뮤니티 API 테스트 getCategories가 올바르게 작동해야 한다" name="API 서비스 테스트 3. 커뮤니티 API 테스트 getCategories가 올바르게 작동해야 한다" time="0.016">
      <failure>Error: Network Error
    at C:\Users\xx005\Downloads\Collaboreum MVP Platform\src\services\api\base.ts:207:11
    at processTicksAndRejections (node:internal/process/task_queues:105:5)
    at C:\Users\xx005\Downloads\Collaboreum MVP Platform\src\services\api\base.ts:32:26</failure>
    </testcase>
    <testcase classname="API 서비스 테스트 3. 커뮤니티 API 테스트 getPosts가 올바르게 작동해야 한다" name="API 서비스 테스트 3. 커뮤니티 API 테스트 getPosts가 올바르게 작동해야 한다" time="0.019">
      <failure>Error: Network Error
    at C:\Users\xx005\Downloads\Collaboreum MVP Platform\src\services\api\base.ts:207:11
    at processTicksAndRejections (node:internal/process/task_queues:105:5)
    at C:\Users\xx005\Downloads\Collaboreum MVP Platform\src\services\api\base.ts:32:26</failure>
    </testcase>
    <testcase classname="API 서비스 테스트 3. 커뮤니티 API 테스트 getArtistStats가 올바르게 작동해야 한다" name="API 서비스 테스트 3. 커뮤니티 API 테스트 getArtistStats가 올바르게 작동해야 한다" time="0.034">
      <failure>Error: Network Error
    at C:\Users\xx005\Downloads\Collaboreum MVP Platform\src\services\api\base.ts:207:11
    at processTicksAndRejections (node:internal/process/task_queues:105:5)
    at C:\Users\xx005\Downloads\Collaboreum MVP Platform\src\services\api\base.ts:32:26</failure>
    </testcase>
    <testcase classname="API 서비스 테스트 3. 커뮤니티 API 테스트 getRecentActivities가 올바르게 작동해야 한다" name="API 서비스 테스트 3. 커뮤니티 API 테스트 getRecentActivities가 올바르게 작동해야 한다" time="0.023">
      <failure>Error: Network Error
    at C:\Users\xx005\Downloads\Collaboreum MVP Platform\src\services\api\base.ts:207:11
    at processTicksAndRejections (node:internal/process/task_queues:105:5)
    at C:\Users\xx005\Downloads\Collaboreum MVP Platform\src\services\api\base.ts:32:26</failure>
    </testcase>
    <testcase classname="API 서비스 테스트 3. 커뮤니티 API 테스트 getEvents가 올바르게 작동해야 한다" name="API 서비스 테스트 3. 커뮤니티 API 테스트 getEvents가 올바르게 작동해야 한다" time="0.022">
      <failure>Error: Network Error
    at C:\Users\xx005\Downloads\Collaboreum MVP Platform\src\services\api\base.ts:207:11
    at processTicksAndRejections (node:internal/process/task_queues:105:5)
    at C:\Users\xx005\Downloads\Collaboreum MVP Platform\src\services\api\base.ts:32:26</failure>
    </testcase>
    <testcase classname="API 서비스 테스트 4. API 에러 처리 테스트 네트워크 에러 시 적절한 에러 처리가 되어야 한다" name="API 서비스 테스트 4. API 에러 처리 테스트 네트워크 에러 시 적절한 에러 처리가 되어야 한다" time="0.017">
      <failure>Error: Network Error
    at C:\Users\xx005\Downloads\Collaboreum MVP Platform\src\services\api\base.ts:207:11
    at processTicksAndRejections (node:internal/process/task_queues:105:5)
    at C:\Users\xx005\Downloads\Collaboreum MVP Platform\src\services\api\base.ts:32:26</failure>
    </testcase>
    <testcase classname="API 서비스 테스트 4. API 에러 처리 테스트 HTTP 에러 시 적절한 에러 처리가 되어야 한다" name="API 서비스 테스트 4. API 에러 처리 테스트 HTTP 에러 시 적절한 에러 처리가 되어야 한다" time="0.026">
      <failure>Error: Network Error
    at C:\Users\xx005\Downloads\Collaboreum MVP Platform\src\services\api\base.ts:207:11
    at processTicksAndRejections (node:internal/process/task_queues:105:5)
    at C:\Users\xx005\Downloads\Collaboreum MVP Platform\src\services\api\base.ts:32:26</failure>
    </testcase>
    <testcase classname="API 서비스 테스트 4. API 에러 처리 테스트 JSON 파싱 에러 시 적절한 에러 처리가 되어야 한다" name="API 서비스 테스트 4. API 에러 처리 테스트 JSON 파싱 에러 시 적절한 에러 처리가 되어야 한다" time="0.013">
      <failure>Error: Network Error
    at C:\Users\xx005\Downloads\Collaboreum MVP Platform\src\services\api\base.ts:207:11
    at processTicksAndRejections (node:internal/process/task_queues:105:5)
    at C:\Users\xx005\Downloads\Collaboreum MVP Platform\src\services\api\base.ts:32:26</failure>
    </testcase>
    <testcase classname="API 서비스 테스트 5. API 인증 테스트 인증 토큰이 올바르게 포함되어야 한다" name="API 서비스 테스트 5. API 인증 테스트 인증 토큰이 올바르게 포함되어야 한다" time="0.018">
      <failure>Error: Network Error
    at C:\Users\xx005\Downloads\Collaboreum MVP Platform\src\services\api\base.ts:207:11
    at processTicksAndRejections (node:internal/process/task_queues:105:5)
    at C:\Users\xx005\Downloads\Collaboreum MVP Platform\src\services\api\base.ts:32:26</failure>
    </testcase>
    <testcase classname="API 서비스 테스트 5. API 인증 테스트 토큰이 없을 때 기본 헤더만 포함되어야 한다" name="API 서비스 테스트 5. API 인증 테스트 토큰이 없을 때 기본 헤더만 포함되어야 한다" time="0.015">
      <failure>Error: Network Error
    at C:\Users\xx005\Downloads\Collaboreum MVP Platform\src\services\api\base.ts:207:11
    at processTicksAndRejections (node:internal/process/task_queues:105:5)
    at C:\Users\xx005\Downloads\Collaboreum MVP Platform\src\services\api\base.ts:32:26</failure>
    </testcase>
    <testcase classname="API 서비스 테스트 6. API 요청 파라미터 테스트 쿼리 파라미터가 올바르게 포함되어야 한다" name="API 서비스 테스트 6. API 요청 파라미터 테스트 쿼리 파라미터가 올바르게 포함되어야 한다" time="0.01">
      <failure>Error: Network Error
    at C:\Users\xx005\Downloads\Collaboreum MVP Platform\src\services\api\base.ts:207:11
    at processTicksAndRejections (node:internal/process/task_queues:105:5)
    at C:\Users\xx005\Downloads\Collaboreum MVP Platform\src\services\api\base.ts:32:26</failure>
    </testcase>
    <testcase classname="API 서비스 테스트 6. API 요청 파라미터 테스트 POST 요청 시 body가 올바르게 포함되어야 한다" name="API 서비스 테스트 6. API 요청 파라미터 테스트 POST 요청 시 body가 올바르게 포함되어야 한다" time="0.035">
      <failure>Error: Network Error
    at C:\Users\xx005\Downloads\Collaboreum MVP Platform\src\services\api\base.ts:207:11
    at processTicksAndRejections (node:internal/process/task_queues:105:5)
    at C:\Users\xx005\Downloads\Collaboreum MVP Platform\src\services\api\base.ts:32:26</failure>
    </testcase>
    <testcase classname="API 서비스 테스트 7. API 응답 캐싱 테스트 동일한 요청에 대해 캐시가 작동해야 한다" name="API 서비스 테스트 7. API 응답 캐싱 테스트 동일한 요청에 대해 캐시가 작동해야 한다" time="0.009">
      <failure>Error: Network Error
    at C:\Users\xx005\Downloads\Collaboreum MVP Platform\src\services\api\base.ts:207:11
    at processTicksAndRejections (node:internal/process/task_queues:105:5)
    at C:\Users\xx005\Downloads\Collaboreum MVP Platform\src\services\api\base.ts:32:26</failure>
    </testcase>
    <testcase classname="API 서비스 테스트 8. API 타임아웃 테스트 요청 타임아웃이 올바르게 처리되어야 한다" name="API 서비스 테스트 8. API 타임아웃 테스트 요청 타임아웃이 올바르게 처리되어야 한다" time="0.025">
      <failure>Error: Network Error
    at C:\Users\xx005\Downloads\Collaboreum MVP Platform\src\services\api\base.ts:207:11
    at processTicksAndRejections (node:internal/process/task_queues:105:5)
    at C:\Users\xx005\Downloads\Collaboreum MVP Platform\src\services\api\base.ts:32:26</failure>
    </testcase>
  </testsuite>
  <testsuite name="접근성 테스트" errors="0" failures="1" skipped="0" timestamp="2025-09-23T07:32:55" time="2.898" tests="2">
    <testcase classname="접근성 테스트 메인 앱이 접근성 위반 없이 렌더링되어야 함" name="접근성 테스트 메인 앱이 접근성 위반 없이 렌더링되어야 함" time="0.475">
    </testcase>
    <testcase classname="접근성 테스트 핵심 UI 요소들이 접근성 기준을 만족해야 함" name="접근성 테스트 핵심 UI 요소들이 접근성 기준을 만족해야 함" time="0.645">
      <failure>Error: expect(received).toHaveNoViolations(expected)

Expected the HTML found at $(&apos;.md\:hidden&apos;) to have no violations:

&lt;button class=&quot;inline-flex items-center justify-center whitespace-nowrap font-medium transition-all duration-200 disabled:pointer-events-none disabled:opacity-50 [&amp;amp;_svg]:pointer-events-none [&amp;amp;_svg:not([class*=&apos;size-&apos;])]:size-4 shrink-0 [&amp;amp;_svg]:shrink-0 outline-none focus-visible:ring-ring/30 focus-visible:ring-4 aria-invalid:ring-destructive/20 dark:aria-invalid:ring-destructive/40 aria-invalid:border-destructive cursor-pointer hover:bg-secondary/60 hover:text-foreground focus:ring-primary-300 h-8 rounded-xl gap-1.5 px-4 text-sm [&amp;amp;_svg]:size-4 md:hidden&quot; type=&quot;button&quot; aria-busy=&quot;false&quot;&gt;

Received:

&quot;Buttons must have discernible text (button-name)&quot;

Fix any of the following:
  Element does not have inner text that is visible to screen readers
  aria-label attribute does not exist or is empty
  aria-labelledby attribute does not exist, references elements that do not exist or references elements that are empty
  Element has no title attribute
  Element does not have an implicit (wrapped) &lt;label&gt;
  Element does not have an explicit &lt;label&gt;
  Element&apos;s default semantics were not overridden with role=&quot;none&quot; or role=&quot;presentation&quot;

You can find more information on this issue here: 
https://dequeuniversity.com/rules/axe/4.10/button-name?application=axeAPI

Expected the HTML found at $(&apos;.p-2.hover\:bg-secondary\/60.gap-1\.5:nth-child(1)&apos;) to have no violations:

&lt;button class=&quot;inline-flex items-center justify-center whitespace-nowrap font-medium transition-all duration-200 disabled:pointer-events-none disabled:opacity-50 [&amp;amp;_svg]:pointer-events-none [&amp;amp;_svg:not([class*=&apos;size-&apos;])]:size-4 shrink-0 [&amp;amp;_svg]:shrink-0 outline-none focus-visible:ring-ring/30 focus-visible:ring-4 aria-invalid:ring-destructive/20 dark:aria-invalid:ring-destructive/40 aria-invalid:border-destructive cursor-pointer hover:bg-secondary/60 focus:ring-primary-300 h-8 rounded-xl gap-1.5 text-sm [&amp;amp;_svg]:size-4 p-2 text-gray-400 hover:text-white&quot; type=&quot;button&quot; aria-busy=&quot;false&quot;&gt;

Received:

&quot;Buttons must have discernible text (button-name)&quot;

Fix any of the following:
  Element does not have inner text that is visible to screen readers
  aria-label attribute does not exist or is empty
  aria-labelledby attribute does not exist, references elements that do not exist or references elements that are empty
  Element has no title attribute
  Element does not have an implicit (wrapped) &lt;label&gt;
  Element does not have an explicit &lt;label&gt;
  Element&apos;s default semantics were not overridden with role=&quot;none&quot; or role=&quot;presentation&quot;

You can find more information on this issue here: 
https://dequeuniversity.com/rules/axe/4.10/button-name?application=axeAPI

Expected the HTML found at $(&apos;.p-2.hover\:bg-secondary\/60.gap-1\.5:nth-child(2)&apos;) to have no violations:

&lt;button class=&quot;inline-flex items-center justify-center whitespace-nowrap font-medium transition-all duration-200 disabled:pointer-events-none disabled:opacity-50 [&amp;amp;_svg]:pointer-events-none [&amp;amp;_svg:not([class*=&apos;size-&apos;])]:size-4 shrink-0 [&amp;amp;_svg]:shrink-0 outline-none focus-visible:ring-ring/30 focus-visible:ring-4 aria-invalid:ring-destructive/20 dark:aria-invalid:ring-destructive/40 aria-invalid:border-destructive cursor-pointer hover:bg-secondary/60 focus:ring-primary-300 h-8 rounded-xl gap-1.5 text-sm [&amp;amp;_svg]:size-4 p-2 text-gray-400 hover:text-white&quot; type=&quot;button&quot; aria-busy=&quot;false&quot;&gt;

Received:

&quot;Buttons must have discernible text (button-name)&quot;

Fix any of the following:
  Element does not have inner text that is visible to screen readers
  aria-label attribute does not exist or is empty
  aria-labelledby attribute does not exist, references elements that do not exist or references elements that are empty
  Element has no title attribute
  Element does not have an implicit (wrapped) &lt;label&gt;
  Element does not have an explicit &lt;label&gt;
  Element&apos;s default semantics were not overridden with role=&quot;none&quot; or role=&quot;presentation&quot;

You can find more information on this issue here: 
https://dequeuniversity.com/rules/axe/4.10/button-name?application=axeAPI

Expected the HTML found at $(&apos;.p-2.hover\:bg-secondary\/60.gap-1\.5:nth-child(3)&apos;) to have no violations:

&lt;button class=&quot;inline-flex items-center justify-center whitespace-nowrap font-medium transition-all duration-200 disabled:pointer-events-none disabled:opacity-50 [&amp;amp;_svg]:pointer-events-none [&amp;amp;_svg:not([class*=&apos;size-&apos;])]:size-4 shrink-0 [&amp;amp;_svg]:shrink-0 outline-none focus-visible:ring-ring/30 focus-visible:ring-4 aria-invalid:ring-destructive/20 dark:aria-invalid:ring-destructive/40 aria-invalid:border-destructive cursor-pointer hover:bg-secondary/60 focus:ring-primary-300 h-8 rounded-xl gap-1.5 text-sm [&amp;amp;_svg]:size-4 p-2 text-gray-400 hover:text-white&quot; type=&quot;button&quot; aria-busy=&quot;false&quot;&gt;

Received:

&quot;Buttons must have discernible text (button-name)&quot;

Fix any of the following:
  Element does not have inner text that is visible to screen readers
  aria-label attribute does not exist or is empty
  aria-labelledby attribute does not exist, references elements that do not exist or references elements that are empty
  Element has no title attribute
  Element does not have an implicit (wrapped) &lt;label&gt;
  Element does not have an explicit &lt;label&gt;
  Element&apos;s default semantics were not overridden with role=&quot;none&quot; or role=&quot;presentation&quot;

You can find more information on this issue here: 
https://dequeuniversity.com/rules/axe/4.10/button-name?application=axeAPI

Expected the HTML found at $(&apos;.p-2.hover\:bg-secondary\/60.gap-1\.5:nth-child(4)&apos;) to have no violations:

&lt;button class=&quot;inline-flex items-center justify-center whitespace-nowrap font-medium transition-all duration-200 disabled:pointer-events-none disabled:opacity-50 [&amp;amp;_svg]:pointer-events-none [&amp;amp;_svg:not([class*=&apos;size-&apos;])]:size-4 shrink-0 [&amp;amp;_svg]:shrink-0 outline-none focus-visible:ring-ring/30 focus-visible:ring-4 aria-invalid:ring-destructive/20 dark:aria-invalid:ring-destructive/40 aria-invalid:border-destructive cursor-pointer hover:bg-secondary/60 focus:ring-primary-300 h-8 rounded-xl gap-1.5 text-sm [&amp;amp;_svg]:size-4 p-2 text-gray-400 hover:text-white&quot; type=&quot;button&quot; aria-busy=&quot;false&quot;&gt;

Received:

&quot;Buttons must have discernible text (button-name)&quot;

Fix any of the following:
  Element does not have inner text that is visible to screen readers
  aria-label attribute does not exist or is empty
  aria-labelledby attribute does not exist, references elements that do not exist or references elements that are empty
  Element has no title attribute
  Element does not have an implicit (wrapped) &lt;label&gt;
  Element does not have an explicit &lt;label&gt;
  Element&apos;s default semantics were not overridden with role=&quot;none&quot; or role=&quot;presentation&quot;

You can find more information on this issue here: 
https://dequeuniversity.com/rules/axe/4.10/button-name?application=axeAPI
    at Object.toHaveNoViolations (C:\Users\xx005\Downloads\Collaboreum MVP Platform\src\__tests__\a11y.test.tsx:38:21)</failure>
    </testcase>
  </testsuite>
</testsuites>