<?xml version="1.0" encoding="UTF-8"?>
<testsuites name="jest tests" tests="377" failures="147" errors="0" time="132.133">
  <testsuite name="통합 테스트 - API 연결 및 컴포넌트 연동" errors="0" failures="15" skipped="0" timestamp="2025-09-23T09:44:47" time="17.794" tests="15">
    <testcase classname="통합 테스트 - API 연결 및 컴포넌트 연동 1. 인증 시스템 통합 테스트 로그인 후 사용자 정보가 올바르게 로드되어야 한다" name="통합 테스트 - API 연결 및 컴포넌트 연동 1. 인증 시스템 통합 테스트 로그인 후 사용자 정보가 올바르게 로드되어야 한다" time="0.666">
      <failure>TestingLibraryElementError: Unable to find an element with the text: 로그인. This could be because the text is broken up by multiple elements. In this case, you can provide a function for your text matcher to make your matcher more flexible.

Ignored nodes: comments, script, style
&lt;body&gt;
  &lt;div&gt;
    &lt;div
      class=&quot;flex flex-col gap-6 rounded-xl text-card-foreground border-red-200 bg-red-50&quot;
      data-slot=&quot;card&quot;
    &gt;
      &lt;div
        class=&quot;[&amp;:last-child]:pb-6 p-6 text-center&quot;
        data-slot=&quot;card-content&quot;
      &gt;
        &lt;div
          class=&quot;flex flex-col items-center space-y-4&quot;
        &gt;
          &lt;svg
            aria-hidden=&quot;true&quot;
            class=&quot;lucide lucide-circle-alert h-12 w-12 text-red-500&quot;
            fill=&quot;none&quot;
            height=&quot;24&quot;
            stroke=&quot;currentColor&quot;
            stroke-linecap=&quot;round&quot;
            stroke-linejoin=&quot;round&quot;
            stroke-width=&quot;2&quot;
            viewBox=&quot;0 0 24 24&quot;
            width=&quot;24&quot;
            xmlns=&quot;http://www.w3.org/2000/svg&quot;
          &gt;
            &lt;circle
              cx=&quot;12&quot;
              cy=&quot;12&quot;
              r=&quot;10&quot;
            /&gt;
            &lt;line
              x1=&quot;12&quot;
              x2=&quot;12&quot;
              y1=&quot;8&quot;
              y2=&quot;12&quot;
            /&gt;
            &lt;line
              x1=&quot;12&quot;
              x2=&quot;12.01&quot;
              y1=&quot;16&quot;
              y2=&quot;16&quot;
            /&gt;
          &lt;/svg&gt;
          &lt;div&gt;
            &lt;h3
              class=&quot;mb-2 text-lg font-semibold text-red-800&quot;
            &gt;
              오류가 발생했습니다
            &lt;/h3&gt;
            &lt;p
              class=&quot;mb-4 text-red-600&quot;
            &gt;
              페이지를 불러오는 중 문제가 발생했습니다. 잠시 후 다시 시도해주세요.
            &lt;/p&gt;
          &lt;/div&gt;
          &lt;div
            class=&quot;flex gap-2&quot;
          &gt;
            &lt;button
              aria-busy=&quot;false&quot;
              class=&quot;inline-flex items-center justify-center gap-2 whitespace-nowrap rounded-2xl font-medium transition-all duration-200 disabled:pointer-events-none disabled:opacity-50 [&amp;_svg]:pointer-events-none [&amp;_svg:not([class*=&apos;size-&apos;])]:size-4 shrink-0 [&amp;_svg]:shrink-0 outline-none focus-visible:ring-ring/30 focus-visible:ring-4 aria-invalid:ring-destructive/20 dark:aria-invalid:ring-destructive/40 aria-invalid:border-destructive cursor-pointer border bg-background/80 backdrop-blur-sm hover:border-border/80 focus:ring-primary-300 h-10 px-6 py-2 text-sm [&amp;_svg]:size-4 border-red-300 text-red-700 hover:bg-red-100&quot;
              type=&quot;button&quot;
            &gt;
              &lt;svg
                aria-hidden=&quot;true&quot;
                class=&quot;lucide lucide-refresh-cw mr-2 h-4 w-4&quot;
                fill=&quot;none&quot;
                height=&quot;24&quot;
                stroke=&quot;currentColor&quot;
                stroke-linecap=&quot;round&quot;
                stroke-linejoin=&quot;round&quot;
                stroke-width=&quot;2&quot;
                viewBox=&quot;0 0 24 24&quot;
                width=&quot;24&quot;
                xmlns=&quot;http://www.w3.org/2000/svg&quot;
              &gt;
                &lt;path
                  d=&quot;M3 12a9 9 0 0 1 9-9 9.75 9.75 0 0 1 6.74 2.74L21 8&quot;
                /&gt;
                &lt;path
                  d=&quot;M21 3v5h-5&quot;
                /&gt;
                &lt;path
                  d=&quot;M21 12a9 9 0 0 1-9 9 9.75 9.75 0 0 1-6.74-2.74L3 16&quot;
                /&gt;
                &lt;path
                  d=&quot;M8 16H3v5&quot;
                /&gt;
              &lt;/svg&gt;
              다시 시도
            &lt;/button&gt;
            &lt;button
              aria-busy=&quot;false&quot;
              class=&quot;inline-flex items-center justify-center gap-2 whitespace-nowrap rounded-2xl font-medium transition-all duration-200 disabled:pointer-events-none disabled:opacity-50 [&amp;_svg]:pointer-events-none [&amp;_svg:not([class*=&apos;size-&apos;])]:size-4 shrink-0 [&amp;_svg]:shrink-0 outline-none focus-visible:ring-ring/30 focus-visible:ring-4 aria-invalid:ring-destructive/20 dark:aria-invalid:ring-destructive/40 aria-invalid:border-destructive cursor-pointer !bg-blue-600 !text-white hover:!bg-blue-700 shadow-apple hover:shadow-apple-lg active:scale-95 focus:ring-primary-300 h-10 px-6 py-2 text-sm [&amp;_svg]:size-4 bg-red-600 hover:bg-red-700&quot;
              style=&quot;background-color: rgb(37, 99, 235); color: white;&quot;
              type=&quot;button&quot;
            &gt;
              페이지 새로고침
            &lt;/button&gt;
          &lt;/div&gt;
        &lt;/div&gt;
      &lt;/div&gt;
    &lt;/div&gt;
  &lt;/div&gt;
&lt;/body&gt;
    at Object.getElementError (C:\Users\xx005\Downloads\Collaboreum MVP Platform\node_modules\@testing-library\dom\dist\config.js:37:19)
    at C:\Users\xx005\Downloads\Collaboreum MVP Platform\node_modules\@testing-library\dom\dist\query-helpers.js:76:38
    at C:\Users\xx005\Downloads\Collaboreum MVP Platform\node_modules\@testing-library\dom\dist\query-helpers.js:52:17
    at C:\Users\xx005\Downloads\Collaboreum MVP Platform\node_modules\@testing-library\dom\dist\query-helpers.js:95:19
    at Object.getByText (C:\Users\xx005\Downloads\Collaboreum MVP Platform\src\__tests__\Integration.test.tsx:242:34)
    at Promise.then.completed (C:\Users\xx005\Downloads\Collaboreum MVP Platform\node_modules\jest-circus\build\utils.js:298:28)
    at new Promise (&lt;anonymous&gt;)
    at callAsyncCircusFn (C:\Users\xx005\Downloads\Collaboreum MVP Platform\node_modules\jest-circus\build\utils.js:231:10)
    at _callCircusTest (C:\Users\xx005\Downloads\Collaboreum MVP Platform\node_modules\jest-circus\build\run.js:316:40)
    at _runTest (C:\Users\xx005\Downloads\Collaboreum MVP Platform\node_modules\jest-circus\build\run.js:252:3)
    at _runTestsForDescribeBlock (C:\Users\xx005\Downloads\Collaboreum MVP Platform\node_modules\jest-circus\build\run.js:126:9)
    at _runTestsForDescribeBlock (C:\Users\xx005\Downloads\Collaboreum MVP Platform\node_modules\jest-circus\build\run.js:121:9)
    at _runTestsForDescribeBlock (C:\Users\xx005\Downloads\Collaboreum MVP Platform\node_modules\jest-circus\build\run.js:121:9)
    at run (C:\Users\xx005\Downloads\Collaboreum MVP Platform\node_modules\jest-circus\build\run.js:71:3)
    at runAndTransformResultsToJestFormat (C:\Users\xx005\Downloads\Collaboreum MVP Platform\node_modules\jest-circus\build\legacy-code-todo-rewrite\jestAdapterInit.js:122:21)
    at jestAdapter (C:\Users\xx005\Downloads\Collaboreum MVP Platform\node_modules\jest-circus\build\legacy-code-todo-rewrite\jestAdapter.js:79:19)
    at runTestInternal (C:\Users\xx005\Downloads\Collaboreum MVP Platform\node_modules\jest-runner\build\runTest.js:367:16)
    at runTest (C:\Users\xx005\Downloads\Collaboreum MVP Platform\node_modules\jest-runner\build\runTest.js:444:34)</failure>
    </testcase>
    <testcase classname="통합 테스트 - API 연결 및 컴포넌트 연동 1. 인증 시스템 통합 테스트 회원가입이 올바르게 작동해야 한다" name="통합 테스트 - API 연결 및 컴포넌트 연동 1. 인증 시스템 통합 테스트 회원가입이 올바르게 작동해야 한다" time="0.076">
      <failure>TestingLibraryElementError: Unable to find an element with the text: 회원가입. This could be because the text is broken up by multiple elements. In this case, you can provide a function for your text matcher to make your matcher more flexible.

Ignored nodes: comments, script, style
&lt;body&gt;
  &lt;div&gt;
    &lt;div
      class=&quot;flex flex-col gap-6 rounded-xl text-card-foreground border-red-200 bg-red-50&quot;
      data-slot=&quot;card&quot;
    &gt;
      &lt;div
        class=&quot;[&amp;:last-child]:pb-6 p-6 text-center&quot;
        data-slot=&quot;card-content&quot;
      &gt;
        &lt;div
          class=&quot;flex flex-col items-center space-y-4&quot;
        &gt;
          &lt;svg
            aria-hidden=&quot;true&quot;
            class=&quot;lucide lucide-circle-alert h-12 w-12 text-red-500&quot;
            fill=&quot;none&quot;
            height=&quot;24&quot;
            stroke=&quot;currentColor&quot;
            stroke-linecap=&quot;round&quot;
            stroke-linejoin=&quot;round&quot;
            stroke-width=&quot;2&quot;
            viewBox=&quot;0 0 24 24&quot;
            width=&quot;24&quot;
            xmlns=&quot;http://www.w3.org/2000/svg&quot;
          &gt;
            &lt;circle
              cx=&quot;12&quot;
              cy=&quot;12&quot;
              r=&quot;10&quot;
            /&gt;
            &lt;line
              x1=&quot;12&quot;
              x2=&quot;12&quot;
              y1=&quot;8&quot;
              y2=&quot;12&quot;
            /&gt;
            &lt;line
              x1=&quot;12&quot;
              x2=&quot;12.01&quot;
              y1=&quot;16&quot;
              y2=&quot;16&quot;
            /&gt;
          &lt;/svg&gt;
          &lt;div&gt;
            &lt;h3
              class=&quot;mb-2 text-lg font-semibold text-red-800&quot;
            &gt;
              오류가 발생했습니다
            &lt;/h3&gt;
            &lt;p
              class=&quot;mb-4 text-red-600&quot;
            &gt;
              페이지를 불러오는 중 문제가 발생했습니다. 잠시 후 다시 시도해주세요.
            &lt;/p&gt;
          &lt;/div&gt;
          &lt;div
            class=&quot;flex gap-2&quot;
          &gt;
            &lt;button
              aria-busy=&quot;false&quot;
              class=&quot;inline-flex items-center justify-center gap-2 whitespace-nowrap rounded-2xl font-medium transition-all duration-200 disabled:pointer-events-none disabled:opacity-50 [&amp;_svg]:pointer-events-none [&amp;_svg:not([class*=&apos;size-&apos;])]:size-4 shrink-0 [&amp;_svg]:shrink-0 outline-none focus-visible:ring-ring/30 focus-visible:ring-4 aria-invalid:ring-destructive/20 dark:aria-invalid:ring-destructive/40 aria-invalid:border-destructive cursor-pointer border bg-background/80 backdrop-blur-sm hover:border-border/80 focus:ring-primary-300 h-10 px-6 py-2 text-sm [&amp;_svg]:size-4 border-red-300 text-red-700 hover:bg-red-100&quot;
              type=&quot;button&quot;
            &gt;
              &lt;svg
                aria-hidden=&quot;true&quot;
                class=&quot;lucide lucide-refresh-cw mr-2 h-4 w-4&quot;
                fill=&quot;none&quot;
                height=&quot;24&quot;
                stroke=&quot;currentColor&quot;
                stroke-linecap=&quot;round&quot;
                stroke-linejoin=&quot;round&quot;
                stroke-width=&quot;2&quot;
                viewBox=&quot;0 0 24 24&quot;
                width=&quot;24&quot;
                xmlns=&quot;http://www.w3.org/2000/svg&quot;
              &gt;
                &lt;path
                  d=&quot;M3 12a9 9 0 0 1 9-9 9.75 9.75 0 0 1 6.74 2.74L21 8&quot;
                /&gt;
                &lt;path
                  d=&quot;M21 3v5h-5&quot;
                /&gt;
                &lt;path
                  d=&quot;M21 12a9 9 0 0 1-9 9 9.75 9.75 0 0 1-6.74-2.74L3 16&quot;
                /&gt;
                &lt;path
                  d=&quot;M8 16H3v5&quot;
                /&gt;
              &lt;/svg&gt;
              다시 시도
            &lt;/button&gt;
            &lt;button
              aria-busy=&quot;false&quot;
              class=&quot;inline-flex items-center justify-center gap-2 whitespace-nowrap rounded-2xl font-medium transition-all duration-200 disabled:pointer-events-none disabled:opacity-50 [&amp;_svg]:pointer-events-none [&amp;_svg:not([class*=&apos;size-&apos;])]:size-4 shrink-0 [&amp;_svg]:shrink-0 outline-none focus-visible:ring-ring/30 focus-visible:ring-4 aria-invalid:ring-destructive/20 dark:aria-invalid:ring-destructive/40 aria-invalid:border-destructive cursor-pointer !bg-blue-600 !text-white hover:!bg-blue-700 shadow-apple hover:shadow-apple-lg active:scale-95 focus:ring-primary-300 h-10 px-6 py-2 text-sm [&amp;_svg]:size-4 bg-red-600 hover:bg-red-700&quot;
              style=&quot;background-color: rgb(37, 99, 235); color: white;&quot;
              type=&quot;button&quot;
            &gt;
              페이지 새로고침
            &lt;/button&gt;
          &lt;/div&gt;
        &lt;/div&gt;
      &lt;/div&gt;
    &lt;/div&gt;
  &lt;/div&gt;
&lt;/body&gt;
    at Object.getElementError (C:\Users\xx005\Downloads\Collaboreum MVP Platform\node_modules\@testing-library\dom\dist\config.js:37:19)
    at C:\Users\xx005\Downloads\Collaboreum MVP Platform\node_modules\@testing-library\dom\dist\query-helpers.js:76:38
    at C:\Users\xx005\Downloads\Collaboreum MVP Platform\node_modules\@testing-library\dom\dist\query-helpers.js:52:17
    at C:\Users\xx005\Downloads\Collaboreum MVP Platform\node_modules\@testing-library\dom\dist\query-helpers.js:95:19
    at Object.getByText (C:\Users\xx005\Downloads\Collaboreum MVP Platform\src\__tests__\Integration.test.tsx:298:35)
    at Promise.then.completed (C:\Users\xx005\Downloads\Collaboreum MVP Platform\node_modules\jest-circus\build\utils.js:298:28)
    at new Promise (&lt;anonymous&gt;)
    at callAsyncCircusFn (C:\Users\xx005\Downloads\Collaboreum MVP Platform\node_modules\jest-circus\build\utils.js:231:10)
    at _callCircusTest (C:\Users\xx005\Downloads\Collaboreum MVP Platform\node_modules\jest-circus\build\run.js:316:40)
    at _runTest (C:\Users\xx005\Downloads\Collaboreum MVP Platform\node_modules\jest-circus\build\run.js:252:3)
    at _runTestsForDescribeBlock (C:\Users\xx005\Downloads\Collaboreum MVP Platform\node_modules\jest-circus\build\run.js:126:9)
    at _runTestsForDescribeBlock (C:\Users\xx005\Downloads\Collaboreum MVP Platform\node_modules\jest-circus\build\run.js:121:9)
    at _runTestsForDescribeBlock (C:\Users\xx005\Downloads\Collaboreum MVP Platform\node_modules\jest-circus\build\run.js:121:9)
    at run (C:\Users\xx005\Downloads\Collaboreum MVP Platform\node_modules\jest-circus\build\run.js:71:3)
    at runAndTransformResultsToJestFormat (C:\Users\xx005\Downloads\Collaboreum MVP Platform\node_modules\jest-circus\build\legacy-code-todo-rewrite\jestAdapterInit.js:122:21)
    at jestAdapter (C:\Users\xx005\Downloads\Collaboreum MVP Platform\node_modules\jest-circus\build\legacy-code-todo-rewrite\jestAdapter.js:79:19)
    at runTestInternal (C:\Users\xx005\Downloads\Collaboreum MVP Platform\node_modules\jest-runner\build\runTest.js:367:16)
    at runTest (C:\Users\xx005\Downloads\Collaboreum MVP Platform\node_modules\jest-runner\build\runTest.js:444:34)</failure>
    </testcase>
    <testcase classname="통합 테스트 - API 연결 및 컴포넌트 연동 2. 마이페이지 시스템 통합 테스트 팬 마이페이지가 올바르게 로드되어야 한다" name="통합 테스트 - API 연결 및 컴포넌트 연동 2. 마이페이지 시스템 통합 테스트 팬 마이페이지가 올바르게 로드되어야 한다" time="0.142">
      <failure>TestingLibraryElementError: Unable to find an accessible element with the role &quot;button&quot; and name `/fan/i`

Here are the accessible roles:

  paragraph:

  Name &quot;&quot;:
  &lt;p
    class=&quot;text-muted-foreground&quot;
  /&gt;

  --------------------------------------------------

Ignored nodes: comments, script, style
&lt;body&gt;
  &lt;div&gt;
    &lt;div
      class=&quot;flex min-h-screen items-center justify-center bg-background&quot;
    &gt;
      &lt;div
        class=&quot;text-center&quot;
      &gt;
        &lt;div
          class=&quot;mx-auto mb-4 h-12 w-12 animate-spin rounded-full border-b-2 border-primary&quot;
        /&gt;
        &lt;p
          class=&quot;text-muted-foreground&quot;
        &gt;
          인증 상태 확인 중...
        &lt;/p&gt;
      &lt;/div&gt;
    &lt;/div&gt;
  &lt;/div&gt;
&lt;/body&gt;
    at Object.getElementError (C:\Users\xx005\Downloads\Collaboreum MVP Platform\node_modules\@testing-library\dom\dist\config.js:37:19)
    at C:\Users\xx005\Downloads\Collaboreum MVP Platform\node_modules\@testing-library\dom\dist\query-helpers.js:76:38
    at C:\Users\xx005\Downloads\Collaboreum MVP Platform\node_modules\@testing-library\dom\dist\query-helpers.js:52:17
    at C:\Users\xx005\Downloads\Collaboreum MVP Platform\node_modules\@testing-library\dom\dist\query-helpers.js:95:19
    at Object.getByRole (C:\Users\xx005\Downloads\Collaboreum MVP Platform\src\__tests__\Integration.test.tsx:349:37)
    at Promise.then.completed (C:\Users\xx005\Downloads\Collaboreum MVP Platform\node_modules\jest-circus\build\utils.js:298:28)
    at new Promise (&lt;anonymous&gt;)
    at callAsyncCircusFn (C:\Users\xx005\Downloads\Collaboreum MVP Platform\node_modules\jest-circus\build\utils.js:231:10)
    at _callCircusTest (C:\Users\xx005\Downloads\Collaboreum MVP Platform\node_modules\jest-circus\build\run.js:316:40)
    at _runTest (C:\Users\xx005\Downloads\Collaboreum MVP Platform\node_modules\jest-circus\build\run.js:252:3)
    at _runTestsForDescribeBlock (C:\Users\xx005\Downloads\Collaboreum MVP Platform\node_modules\jest-circus\build\run.js:126:9)
    at _runTestsForDescribeBlock (C:\Users\xx005\Downloads\Collaboreum MVP Platform\node_modules\jest-circus\build\run.js:121:9)
    at _runTestsForDescribeBlock (C:\Users\xx005\Downloads\Collaboreum MVP Platform\node_modules\jest-circus\build\run.js:121:9)
    at run (C:\Users\xx005\Downloads\Collaboreum MVP Platform\node_modules\jest-circus\build\run.js:71:3)
    at runAndTransformResultsToJestFormat (C:\Users\xx005\Downloads\Collaboreum MVP Platform\node_modules\jest-circus\build\legacy-code-todo-rewrite\jestAdapterInit.js:122:21)
    at jestAdapter (C:\Users\xx005\Downloads\Collaboreum MVP Platform\node_modules\jest-circus\build\legacy-code-todo-rewrite\jestAdapter.js:79:19)
    at runTestInternal (C:\Users\xx005\Downloads\Collaboreum MVP Platform\node_modules\jest-runner\build\runTest.js:367:16)
    at runTest (C:\Users\xx005\Downloads\Collaboreum MVP Platform\node_modules\jest-runner\build\runTest.js:444:34)</failure>
    </testcase>
    <testcase classname="통합 테스트 - API 연결 및 컴포넌트 연동 2. 마이페이지 시스템 통합 테스트 아티스트 마이페이지가 올바르게 로드되어야 한다" name="통합 테스트 - API 연결 및 컴포넌트 연동 2. 마이페이지 시스템 통합 테스트 아티스트 마이페이지가 올바르게 로드되어야 한다" time="0.016">
      <failure>TestingLibraryElementError: Unable to find an accessible element with the role &quot;button&quot; and name `/artist/i`

Here are the accessible roles:

  paragraph:

  Name &quot;&quot;:
  &lt;p
    class=&quot;text-muted-foreground&quot;
  /&gt;

  --------------------------------------------------

Ignored nodes: comments, script, style
&lt;body&gt;
  &lt;div&gt;
    &lt;div
      class=&quot;flex min-h-screen items-center justify-center bg-background&quot;
    &gt;
      &lt;div
        class=&quot;text-center&quot;
      &gt;
        &lt;div
          class=&quot;mx-auto mb-4 h-12 w-12 animate-spin rounded-full border-b-2 border-primary&quot;
        /&gt;
        &lt;p
          class=&quot;text-muted-foreground&quot;
        &gt;
          인증 상태 확인 중...
        &lt;/p&gt;
      &lt;/div&gt;
    &lt;/div&gt;
  &lt;/div&gt;
&lt;/body&gt;
    at Object.getElementError (C:\Users\xx005\Downloads\Collaboreum MVP Platform\node_modules\@testing-library\dom\dist\config.js:37:19)
    at C:\Users\xx005\Downloads\Collaboreum MVP Platform\node_modules\@testing-library\dom\dist\query-helpers.js:76:38
    at C:\Users\xx005\Downloads\Collaboreum MVP Platform\node_modules\@testing-library\dom\dist\query-helpers.js:52:17
    at C:\Users\xx005\Downloads\Collaboreum MVP Platform\node_modules\@testing-library\dom\dist\query-helpers.js:95:19
    at Object.getByRole (C:\Users\xx005\Downloads\Collaboreum MVP Platform\src\__tests__\Integration.test.tsx:386:37)
    at Promise.then.completed (C:\Users\xx005\Downloads\Collaboreum MVP Platform\node_modules\jest-circus\build\utils.js:298:28)
    at new Promise (&lt;anonymous&gt;)
    at callAsyncCircusFn (C:\Users\xx005\Downloads\Collaboreum MVP Platform\node_modules\jest-circus\build\utils.js:231:10)
    at _callCircusTest (C:\Users\xx005\Downloads\Collaboreum MVP Platform\node_modules\jest-circus\build\run.js:316:40)
    at _runTest (C:\Users\xx005\Downloads\Collaboreum MVP Platform\node_modules\jest-circus\build\run.js:252:3)
    at _runTestsForDescribeBlock (C:\Users\xx005\Downloads\Collaboreum MVP Platform\node_modules\jest-circus\build\run.js:126:9)
    at _runTestsForDescribeBlock (C:\Users\xx005\Downloads\Collaboreum MVP Platform\node_modules\jest-circus\build\run.js:121:9)
    at _runTestsForDescribeBlock (C:\Users\xx005\Downloads\Collaboreum MVP Platform\node_modules\jest-circus\build\run.js:121:9)
    at run (C:\Users\xx005\Downloads\Collaboreum MVP Platform\node_modules\jest-circus\build\run.js:71:3)
    at runAndTransformResultsToJestFormat (C:\Users\xx005\Downloads\Collaboreum MVP Platform\node_modules\jest-circus\build\legacy-code-todo-rewrite\jestAdapterInit.js:122:21)
    at jestAdapter (C:\Users\xx005\Downloads\Collaboreum MVP Platform\node_modules\jest-circus\build\legacy-code-todo-rewrite\jestAdapter.js:79:19)
    at runTestInternal (C:\Users\xx005\Downloads\Collaboreum MVP Platform\node_modules\jest-runner\build\runTest.js:367:16)
    at runTest (C:\Users\xx005\Downloads\Collaboreum MVP Platform\node_modules\jest-runner\build\runTest.js:444:34)</failure>
    </testcase>
    <testcase classname="통합 테스트 - API 연결 및 컴포넌트 연동 2. 마이페이지 시스템 통합 테스트 관리자 마이페이지가 올바르게 로드되어야 한다" name="통합 테스트 - API 연결 및 컴포넌트 연동 2. 마이페이지 시스템 통합 테스트 관리자 마이페이지가 올바르게 로드되어야 한다" time="0.036">
      <failure>TestingLibraryElementError: Unable to find an accessible element with the role &quot;button&quot; and name `/admin/i`

Here are the accessible roles:

  paragraph:

  Name &quot;&quot;:
  &lt;p
    class=&quot;text-muted-foreground&quot;
  /&gt;

  --------------------------------------------------

Ignored nodes: comments, script, style
&lt;body&gt;
  &lt;div&gt;
    &lt;div
      class=&quot;flex min-h-screen items-center justify-center bg-background&quot;
    &gt;
      &lt;div
        class=&quot;text-center&quot;
      &gt;
        &lt;div
          class=&quot;mx-auto mb-4 h-12 w-12 animate-spin rounded-full border-b-2 border-primary&quot;
        /&gt;
        &lt;p
          class=&quot;text-muted-foreground&quot;
        &gt;
          인증 상태 확인 중...
        &lt;/p&gt;
      &lt;/div&gt;
    &lt;/div&gt;
  &lt;/div&gt;
&lt;/body&gt;
    at Object.getElementError (C:\Users\xx005\Downloads\Collaboreum MVP Platform\node_modules\@testing-library\dom\dist\config.js:37:19)
    at C:\Users\xx005\Downloads\Collaboreum MVP Platform\node_modules\@testing-library\dom\dist\query-helpers.js:76:38
    at C:\Users\xx005\Downloads\Collaboreum MVP Platform\node_modules\@testing-library\dom\dist\query-helpers.js:52:17
    at C:\Users\xx005\Downloads\Collaboreum MVP Platform\node_modules\@testing-library\dom\dist\query-helpers.js:95:19
    at Object.getByRole (C:\Users\xx005\Downloads\Collaboreum MVP Platform\src\__tests__\Integration.test.tsx:417:37)
    at Promise.then.completed (C:\Users\xx005\Downloads\Collaboreum MVP Platform\node_modules\jest-circus\build\utils.js:298:28)
    at new Promise (&lt;anonymous&gt;)
    at callAsyncCircusFn (C:\Users\xx005\Downloads\Collaboreum MVP Platform\node_modules\jest-circus\build\utils.js:231:10)
    at _callCircusTest (C:\Users\xx005\Downloads\Collaboreum MVP Platform\node_modules\jest-circus\build\run.js:316:40)
    at _runTest (C:\Users\xx005\Downloads\Collaboreum MVP Platform\node_modules\jest-circus\build\run.js:252:3)
    at _runTestsForDescribeBlock (C:\Users\xx005\Downloads\Collaboreum MVP Platform\node_modules\jest-circus\build\run.js:126:9)
    at _runTestsForDescribeBlock (C:\Users\xx005\Downloads\Collaboreum MVP Platform\node_modules\jest-circus\build\run.js:121:9)
    at _runTestsForDescribeBlock (C:\Users\xx005\Downloads\Collaboreum MVP Platform\node_modules\jest-circus\build\run.js:121:9)
    at run (C:\Users\xx005\Downloads\Collaboreum MVP Platform\node_modules\jest-circus\build\run.js:71:3)
    at runAndTransformResultsToJestFormat (C:\Users\xx005\Downloads\Collaboreum MVP Platform\node_modules\jest-circus\build\legacy-code-todo-rewrite\jestAdapterInit.js:122:21)
    at jestAdapter (C:\Users\xx005\Downloads\Collaboreum MVP Platform\node_modules\jest-circus\build\legacy-code-todo-rewrite\jestAdapter.js:79:19)
    at runTestInternal (C:\Users\xx005\Downloads\Collaboreum MVP Platform\node_modules\jest-runner\build\runTest.js:367:16)
    at runTest (C:\Users\xx005\Downloads\Collaboreum MVP Platform\node_modules\jest-runner\build\runTest.js:444:34)</failure>
    </testcase>
    <testcase classname="통합 테스트 - API 연결 및 컴포넌트 연동 3. 커뮤니티 시스템 통합 테스트 커뮤니티 페이지가 올바르게 로드되어야 한다" name="통합 테스트 - API 연결 및 컴포넌트 연동 3. 커뮤니티 시스템 통합 테스트 커뮤니티 페이지가 올바르게 로드되어야 한다" time="0.045">
      <failure>TestingLibraryElementError: Unable to find an element with the text: 커뮤니티. This could be because the text is broken up by multiple elements. In this case, you can provide a function for your text matcher to make your matcher more flexible.

Ignored nodes: comments, script, style
&lt;body&gt;
  &lt;div&gt;
    &lt;div
      class=&quot;flex flex-col gap-6 rounded-xl text-card-foreground border-red-200 bg-red-50&quot;
      data-slot=&quot;card&quot;
    &gt;
      &lt;div
        class=&quot;[&amp;:last-child]:pb-6 p-6 text-center&quot;
        data-slot=&quot;card-content&quot;
      &gt;
        &lt;div
          class=&quot;flex flex-col items-center space-y-4&quot;
        &gt;
          &lt;svg
            aria-hidden=&quot;true&quot;
            class=&quot;lucide lucide-circle-alert h-12 w-12 text-red-500&quot;
            fill=&quot;none&quot;
            height=&quot;24&quot;
            stroke=&quot;currentColor&quot;
            stroke-linecap=&quot;round&quot;
            stroke-linejoin=&quot;round&quot;
            stroke-width=&quot;2&quot;
            viewBox=&quot;0 0 24 24&quot;
            width=&quot;24&quot;
            xmlns=&quot;http://www.w3.org/2000/svg&quot;
          &gt;
            &lt;circle
              cx=&quot;12&quot;
              cy=&quot;12&quot;
              r=&quot;10&quot;
            /&gt;
            &lt;line
              x1=&quot;12&quot;
              x2=&quot;12&quot;
              y1=&quot;8&quot;
              y2=&quot;12&quot;
            /&gt;
            &lt;line
              x1=&quot;12&quot;
              x2=&quot;12.01&quot;
              y1=&quot;16&quot;
              y2=&quot;16&quot;
            /&gt;
          &lt;/svg&gt;
          &lt;div&gt;
            &lt;h3
              class=&quot;mb-2 text-lg font-semibold text-red-800&quot;
            &gt;
              오류가 발생했습니다
            &lt;/h3&gt;
            &lt;p
              class=&quot;mb-4 text-red-600&quot;
            &gt;
              페이지를 불러오는 중 문제가 발생했습니다. 잠시 후 다시 시도해주세요.
            &lt;/p&gt;
          &lt;/div&gt;
          &lt;div
            class=&quot;flex gap-2&quot;
          &gt;
            &lt;button
              aria-busy=&quot;false&quot;
              class=&quot;inline-flex items-center justify-center gap-2 whitespace-nowrap rounded-2xl font-medium transition-all duration-200 disabled:pointer-events-none disabled:opacity-50 [&amp;_svg]:pointer-events-none [&amp;_svg:not([class*=&apos;size-&apos;])]:size-4 shrink-0 [&amp;_svg]:shrink-0 outline-none focus-visible:ring-ring/30 focus-visible:ring-4 aria-invalid:ring-destructive/20 dark:aria-invalid:ring-destructive/40 aria-invalid:border-destructive cursor-pointer border bg-background/80 backdrop-blur-sm hover:border-border/80 focus:ring-primary-300 h-10 px-6 py-2 text-sm [&amp;_svg]:size-4 border-red-300 text-red-700 hover:bg-red-100&quot;
              type=&quot;button&quot;
            &gt;
              &lt;svg
                aria-hidden=&quot;true&quot;
                class=&quot;lucide lucide-refresh-cw mr-2 h-4 w-4&quot;
                fill=&quot;none&quot;
                height=&quot;24&quot;
                stroke=&quot;currentColor&quot;
                stroke-linecap=&quot;round&quot;
                stroke-linejoin=&quot;round&quot;
                stroke-width=&quot;2&quot;
                viewBox=&quot;0 0 24 24&quot;
                width=&quot;24&quot;
                xmlns=&quot;http://www.w3.org/2000/svg&quot;
              &gt;
                &lt;path
                  d=&quot;M3 12a9 9 0 0 1 9-9 9.75 9.75 0 0 1 6.74 2.74L21 8&quot;
                /&gt;
                &lt;path
                  d=&quot;M21 3v5h-5&quot;
                /&gt;
                &lt;path
                  d=&quot;M21 12a9 9 0 0 1-9 9 9.75 9.75 0 0 1-6.74-2.74L3 16&quot;
                /&gt;
                &lt;path
                  d=&quot;M8 16H3v5&quot;
                /&gt;
              &lt;/svg&gt;
              다시 시도
            &lt;/button&gt;
            &lt;button
              aria-busy=&quot;false&quot;
              class=&quot;inline-flex items-center justify-center gap-2 whitespace-nowrap rounded-2xl font-medium transition-all duration-200 disabled:pointer-events-none disabled:opacity-50 [&amp;_svg]:pointer-events-none [&amp;_svg:not([class*=&apos;size-&apos;])]:size-4 shrink-0 [&amp;_svg]:shrink-0 outline-none focus-visible:ring-ring/30 focus-visible:ring-4 aria-invalid:ring-destructive/20 dark:aria-invalid:ring-destructive/40 aria-invalid:border-destructive cursor-pointer !bg-blue-600 !text-white hover:!bg-blue-700 shadow-apple hover:shadow-apple-lg active:scale-95 focus:ring-primary-300 h-10 px-6 py-2 text-sm [&amp;_svg]:size-4 bg-red-600 hover:bg-red-700&quot;
              style=&quot;background-color: rgb(37, 99, 235); color: white;&quot;
              type=&quot;button&quot;
            &gt;
              페이지 새로고침
            &lt;/button&gt;
          &lt;/div&gt;
        &lt;/div&gt;
      &lt;/div&gt;
    &lt;/div&gt;
  &lt;/div&gt;
&lt;/body&gt;
    at Object.getElementError (C:\Users\xx005\Downloads\Collaboreum MVP Platform\node_modules\@testing-library\dom\dist\config.js:37:19)
    at C:\Users\xx005\Downloads\Collaboreum MVP Platform\node_modules\@testing-library\dom\dist\query-helpers.js:76:38
    at C:\Users\xx005\Downloads\Collaboreum MVP Platform\node_modules\@testing-library\dom\dist\query-helpers.js:109:15
    at Object.getAllByText (C:\Users\xx005\Downloads\Collaboreum MVP Platform\src\__tests__\Integration.test.tsx:445:35)
    at Promise.then.completed (C:\Users\xx005\Downloads\Collaboreum MVP Platform\node_modules\jest-circus\build\utils.js:298:28)
    at new Promise (&lt;anonymous&gt;)
    at callAsyncCircusFn (C:\Users\xx005\Downloads\Collaboreum MVP Platform\node_modules\jest-circus\build\utils.js:231:10)
    at _callCircusTest (C:\Users\xx005\Downloads\Collaboreum MVP Platform\node_modules\jest-circus\build\run.js:316:40)
    at _runTest (C:\Users\xx005\Downloads\Collaboreum MVP Platform\node_modules\jest-circus\build\run.js:252:3)
    at _runTestsForDescribeBlock (C:\Users\xx005\Downloads\Collaboreum MVP Platform\node_modules\jest-circus\build\run.js:126:9)
    at _runTestsForDescribeBlock (C:\Users\xx005\Downloads\Collaboreum MVP Platform\node_modules\jest-circus\build\run.js:121:9)
    at _runTestsForDescribeBlock (C:\Users\xx005\Downloads\Collaboreum MVP Platform\node_modules\jest-circus\build\run.js:121:9)
    at run (C:\Users\xx005\Downloads\Collaboreum MVP Platform\node_modules\jest-circus\build\run.js:71:3)
    at runAndTransformResultsToJestFormat (C:\Users\xx005\Downloads\Collaboreum MVP Platform\node_modules\jest-circus\build\legacy-code-todo-rewrite\jestAdapterInit.js:122:21)
    at jestAdapter (C:\Users\xx005\Downloads\Collaboreum MVP Platform\node_modules\jest-circus\build\legacy-code-todo-rewrite\jestAdapter.js:79:19)
    at runTestInternal (C:\Users\xx005\Downloads\Collaboreum MVP Platform\node_modules\jest-runner\build\runTest.js:367:16)
    at runTest (C:\Users\xx005\Downloads\Collaboreum MVP Platform\node_modules\jest-runner\build\runTest.js:444:34)</failure>
    </testcase>
    <testcase classname="통합 테스트 - API 연결 및 컴포넌트 연동 3. 커뮤니티 시스템 통합 테스트 아티스트 프로필 페이지가 올바르게 로드되어야 한다" name="통합 테스트 - API 연결 및 컴포넌트 연동 3. 커뮤니티 시스템 통합 테스트 아티스트 프로필 페이지가 올바르게 로드되어야 한다" time="0.077">
      <failure>TestingLibraryElementError: Unable to find an element with the text: 커뮤니티. This could be because the text is broken up by multiple elements. In this case, you can provide a function for your text matcher to make your matcher more flexible.

Ignored nodes: comments, script, style
&lt;body&gt;
  &lt;div&gt;
    &lt;div
      class=&quot;flex flex-col gap-6 rounded-xl text-card-foreground border-red-200 bg-red-50&quot;
      data-slot=&quot;card&quot;
    &gt;
      &lt;div
        class=&quot;[&amp;:last-child]:pb-6 p-6 text-center&quot;
        data-slot=&quot;card-content&quot;
      &gt;
        &lt;div
          class=&quot;flex flex-col items-center space-y-4&quot;
        &gt;
          &lt;svg
            aria-hidden=&quot;true&quot;
            class=&quot;lucide lucide-circle-alert h-12 w-12 text-red-500&quot;
            fill=&quot;none&quot;
            height=&quot;24&quot;
            stroke=&quot;currentColor&quot;
            stroke-linecap=&quot;round&quot;
            stroke-linejoin=&quot;round&quot;
            stroke-width=&quot;2&quot;
            viewBox=&quot;0 0 24 24&quot;
            width=&quot;24&quot;
            xmlns=&quot;http://www.w3.org/2000/svg&quot;
          &gt;
            &lt;circle
              cx=&quot;12&quot;
              cy=&quot;12&quot;
              r=&quot;10&quot;
            /&gt;
            &lt;line
              x1=&quot;12&quot;
              x2=&quot;12&quot;
              y1=&quot;8&quot;
              y2=&quot;12&quot;
            /&gt;
            &lt;line
              x1=&quot;12&quot;
              x2=&quot;12.01&quot;
              y1=&quot;16&quot;
              y2=&quot;16&quot;
            /&gt;
          &lt;/svg&gt;
          &lt;div&gt;
            &lt;h3
              class=&quot;mb-2 text-lg font-semibold text-red-800&quot;
            &gt;
              오류가 발생했습니다
            &lt;/h3&gt;
            &lt;p
              class=&quot;mb-4 text-red-600&quot;
            &gt;
              페이지를 불러오는 중 문제가 발생했습니다. 잠시 후 다시 시도해주세요.
            &lt;/p&gt;
          &lt;/div&gt;
          &lt;div
            class=&quot;flex gap-2&quot;
          &gt;
            &lt;button
              aria-busy=&quot;false&quot;
              class=&quot;inline-flex items-center justify-center gap-2 whitespace-nowrap rounded-2xl font-medium transition-all duration-200 disabled:pointer-events-none disabled:opacity-50 [&amp;_svg]:pointer-events-none [&amp;_svg:not([class*=&apos;size-&apos;])]:size-4 shrink-0 [&amp;_svg]:shrink-0 outline-none focus-visible:ring-ring/30 focus-visible:ring-4 aria-invalid:ring-destructive/20 dark:aria-invalid:ring-destructive/40 aria-invalid:border-destructive cursor-pointer border bg-background/80 backdrop-blur-sm hover:border-border/80 focus:ring-primary-300 h-10 px-6 py-2 text-sm [&amp;_svg]:size-4 border-red-300 text-red-700 hover:bg-red-100&quot;
              type=&quot;button&quot;
            &gt;
              &lt;svg
                aria-hidden=&quot;true&quot;
                class=&quot;lucide lucide-refresh-cw mr-2 h-4 w-4&quot;
                fill=&quot;none&quot;
                height=&quot;24&quot;
                stroke=&quot;currentColor&quot;
                stroke-linecap=&quot;round&quot;
                stroke-linejoin=&quot;round&quot;
                stroke-width=&quot;2&quot;
                viewBox=&quot;0 0 24 24&quot;
                width=&quot;24&quot;
                xmlns=&quot;http://www.w3.org/2000/svg&quot;
              &gt;
                &lt;path
                  d=&quot;M3 12a9 9 0 0 1 9-9 9.75 9.75 0 0 1 6.74 2.74L21 8&quot;
                /&gt;
                &lt;path
                  d=&quot;M21 3v5h-5&quot;
                /&gt;
                &lt;path
                  d=&quot;M21 12a9 9 0 0 1-9 9 9.75 9.75 0 0 1-6.74-2.74L3 16&quot;
                /&gt;
                &lt;path
                  d=&quot;M8 16H3v5&quot;
                /&gt;
              &lt;/svg&gt;
              다시 시도
            &lt;/button&gt;
            &lt;button
              aria-busy=&quot;false&quot;
              class=&quot;inline-flex items-center justify-center gap-2 whitespace-nowrap rounded-2xl font-medium transition-all duration-200 disabled:pointer-events-none disabled:opacity-50 [&amp;_svg]:pointer-events-none [&amp;_svg:not([class*=&apos;size-&apos;])]:size-4 shrink-0 [&amp;_svg]:shrink-0 outline-none focus-visible:ring-ring/30 focus-visible:ring-4 aria-invalid:ring-destructive/20 dark:aria-invalid:ring-destructive/40 aria-invalid:border-destructive cursor-pointer !bg-blue-600 !text-white hover:!bg-blue-700 shadow-apple hover:shadow-apple-lg active:scale-95 focus:ring-primary-300 h-10 px-6 py-2 text-sm [&amp;_svg]:size-4 bg-red-600 hover:bg-red-700&quot;
              style=&quot;background-color: rgb(37, 99, 235); color: white;&quot;
              type=&quot;button&quot;
            &gt;
              페이지 새로고침
            &lt;/button&gt;
          &lt;/div&gt;
        &lt;/div&gt;
      &lt;/div&gt;
    &lt;/div&gt;
  &lt;/div&gt;
&lt;/body&gt;
    at Object.getElementError (C:\Users\xx005\Downloads\Collaboreum MVP Platform\node_modules\@testing-library\dom\dist\config.js:37:19)
    at C:\Users\xx005\Downloads\Collaboreum MVP Platform\node_modules\@testing-library\dom\dist\query-helpers.js:76:38
    at C:\Users\xx005\Downloads\Collaboreum MVP Platform\node_modules\@testing-library\dom\dist\query-helpers.js:109:15
    at Object.getAllByText (C:\Users\xx005\Downloads\Collaboreum MVP Platform\src\__tests__\Integration.test.tsx:472:35)
    at Promise.then.completed (C:\Users\xx005\Downloads\Collaboreum MVP Platform\node_modules\jest-circus\build\utils.js:298:28)
    at new Promise (&lt;anonymous&gt;)
    at callAsyncCircusFn (C:\Users\xx005\Downloads\Collaboreum MVP Platform\node_modules\jest-circus\build\utils.js:231:10)
    at _callCircusTest (C:\Users\xx005\Downloads\Collaboreum MVP Platform\node_modules\jest-circus\build\run.js:316:40)
    at _runTest (C:\Users\xx005\Downloads\Collaboreum MVP Platform\node_modules\jest-circus\build\run.js:252:3)
    at _runTestsForDescribeBlock (C:\Users\xx005\Downloads\Collaboreum MVP Platform\node_modules\jest-circus\build\run.js:126:9)
    at _runTestsForDescribeBlock (C:\Users\xx005\Downloads\Collaboreum MVP Platform\node_modules\jest-circus\build\run.js:121:9)
    at _runTestsForDescribeBlock (C:\Users\xx005\Downloads\Collaboreum MVP Platform\node_modules\jest-circus\build\run.js:121:9)
    at run (C:\Users\xx005\Downloads\Collaboreum MVP Platform\node_modules\jest-circus\build\run.js:71:3)
    at runAndTransformResultsToJestFormat (C:\Users\xx005\Downloads\Collaboreum MVP Platform\node_modules\jest-circus\build\legacy-code-todo-rewrite\jestAdapterInit.js:122:21)
    at jestAdapter (C:\Users\xx005\Downloads\Collaboreum MVP Platform\node_modules\jest-circus\build\legacy-code-todo-rewrite\jestAdapter.js:79:19)
    at runTestInternal (C:\Users\xx005\Downloads\Collaboreum MVP Platform\node_modules\jest-runner\build\runTest.js:367:16)
    at runTest (C:\Users\xx005\Downloads\Collaboreum MVP Platform\node_modules\jest-runner\build\runTest.js:444:34)</failure>
    </testcase>
    <testcase classname="통합 테스트 - API 연결 및 컴포넌트 연동 4. 이벤트 시스템 통합 테스트 이벤트 페이지가 올바르게 로드되어야 한다" name="통합 테스트 - API 연결 및 컴포넌트 연동 4. 이벤트 시스템 통합 테스트 이벤트 페이지가 올바르게 로드되어야 한다" time="0.047">
      <failure>TestingLibraryElementError: Unable to find an element with the text: 이벤트. This could be because the text is broken up by multiple elements. In this case, you can provide a function for your text matcher to make your matcher more flexible.

Ignored nodes: comments, script, style
&lt;body&gt;
  &lt;div&gt;
    &lt;div
      class=&quot;flex flex-col gap-6 rounded-xl text-card-foreground border-red-200 bg-red-50&quot;
      data-slot=&quot;card&quot;
    &gt;
      &lt;div
        class=&quot;[&amp;:last-child]:pb-6 p-6 text-center&quot;
        data-slot=&quot;card-content&quot;
      &gt;
        &lt;div
          class=&quot;flex flex-col items-center space-y-4&quot;
        &gt;
          &lt;svg
            aria-hidden=&quot;true&quot;
            class=&quot;lucide lucide-circle-alert h-12 w-12 text-red-500&quot;
            fill=&quot;none&quot;
            height=&quot;24&quot;
            stroke=&quot;currentColor&quot;
            stroke-linecap=&quot;round&quot;
            stroke-linejoin=&quot;round&quot;
            stroke-width=&quot;2&quot;
            viewBox=&quot;0 0 24 24&quot;
            width=&quot;24&quot;
            xmlns=&quot;http://www.w3.org/2000/svg&quot;
          &gt;
            &lt;circle
              cx=&quot;12&quot;
              cy=&quot;12&quot;
              r=&quot;10&quot;
            /&gt;
            &lt;line
              x1=&quot;12&quot;
              x2=&quot;12&quot;
              y1=&quot;8&quot;
              y2=&quot;12&quot;
            /&gt;
            &lt;line
              x1=&quot;12&quot;
              x2=&quot;12.01&quot;
              y1=&quot;16&quot;
              y2=&quot;16&quot;
            /&gt;
          &lt;/svg&gt;
          &lt;div&gt;
            &lt;h3
              class=&quot;mb-2 text-lg font-semibold text-red-800&quot;
            &gt;
              오류가 발생했습니다
            &lt;/h3&gt;
            &lt;p
              class=&quot;mb-4 text-red-600&quot;
            &gt;
              페이지를 불러오는 중 문제가 발생했습니다. 잠시 후 다시 시도해주세요.
            &lt;/p&gt;
          &lt;/div&gt;
          &lt;div
            class=&quot;flex gap-2&quot;
          &gt;
            &lt;button
              aria-busy=&quot;false&quot;
              class=&quot;inline-flex items-center justify-center gap-2 whitespace-nowrap rounded-2xl font-medium transition-all duration-200 disabled:pointer-events-none disabled:opacity-50 [&amp;_svg]:pointer-events-none [&amp;_svg:not([class*=&apos;size-&apos;])]:size-4 shrink-0 [&amp;_svg]:shrink-0 outline-none focus-visible:ring-ring/30 focus-visible:ring-4 aria-invalid:ring-destructive/20 dark:aria-invalid:ring-destructive/40 aria-invalid:border-destructive cursor-pointer border bg-background/80 backdrop-blur-sm hover:border-border/80 focus:ring-primary-300 h-10 px-6 py-2 text-sm [&amp;_svg]:size-4 border-red-300 text-red-700 hover:bg-red-100&quot;
              type=&quot;button&quot;
            &gt;
              &lt;svg
                aria-hidden=&quot;true&quot;
                class=&quot;lucide lucide-refresh-cw mr-2 h-4 w-4&quot;
                fill=&quot;none&quot;
                height=&quot;24&quot;
                stroke=&quot;currentColor&quot;
                stroke-linecap=&quot;round&quot;
                stroke-linejoin=&quot;round&quot;
                stroke-width=&quot;2&quot;
                viewBox=&quot;0 0 24 24&quot;
                width=&quot;24&quot;
                xmlns=&quot;http://www.w3.org/2000/svg&quot;
              &gt;
                &lt;path
                  d=&quot;M3 12a9 9 0 0 1 9-9 9.75 9.75 0 0 1 6.74 2.74L21 8&quot;
                /&gt;
                &lt;path
                  d=&quot;M21 3v5h-5&quot;
                /&gt;
                &lt;path
                  d=&quot;M21 12a9 9 0 0 1-9 9 9.75 9.75 0 0 1-6.74-2.74L3 16&quot;
                /&gt;
                &lt;path
                  d=&quot;M8 16H3v5&quot;
                /&gt;
              &lt;/svg&gt;
              다시 시도
            &lt;/button&gt;
            &lt;button
              aria-busy=&quot;false&quot;
              class=&quot;inline-flex items-center justify-center gap-2 whitespace-nowrap rounded-2xl font-medium transition-all duration-200 disabled:pointer-events-none disabled:opacity-50 [&amp;_svg]:pointer-events-none [&amp;_svg:not([class*=&apos;size-&apos;])]:size-4 shrink-0 [&amp;_svg]:shrink-0 outline-none focus-visible:ring-ring/30 focus-visible:ring-4 aria-invalid:ring-destructive/20 dark:aria-invalid:ring-destructive/40 aria-invalid:border-destructive cursor-pointer !bg-blue-600 !text-white hover:!bg-blue-700 shadow-apple hover:shadow-apple-lg active:scale-95 focus:ring-primary-300 h-10 px-6 py-2 text-sm [&amp;_svg]:size-4 bg-red-600 hover:bg-red-700&quot;
              style=&quot;background-color: rgb(37, 99, 235); color: white;&quot;
              type=&quot;button&quot;
            &gt;
              페이지 새로고침
            &lt;/button&gt;
          &lt;/div&gt;
        &lt;/div&gt;
      &lt;/div&gt;
    &lt;/div&gt;
  &lt;/div&gt;
&lt;/body&gt;
    at Object.getElementError (C:\Users\xx005\Downloads\Collaboreum MVP Platform\node_modules\@testing-library\dom\dist\config.js:37:19)
    at C:\Users\xx005\Downloads\Collaboreum MVP Platform\node_modules\@testing-library\dom\dist\query-helpers.js:76:38
    at C:\Users\xx005\Downloads\Collaboreum MVP Platform\node_modules\@testing-library\dom\dist\query-helpers.js:52:17
    at C:\Users\xx005\Downloads\Collaboreum MVP Platform\node_modules\@testing-library\dom\dist\query-helpers.js:95:19
    at Object.getByText (C:\Users\xx005\Downloads\Collaboreum MVP Platform\src\__tests__\Integration.test.tsx:500:32)
    at Promise.then.completed (C:\Users\xx005\Downloads\Collaboreum MVP Platform\node_modules\jest-circus\build\utils.js:298:28)
    at new Promise (&lt;anonymous&gt;)
    at callAsyncCircusFn (C:\Users\xx005\Downloads\Collaboreum MVP Platform\node_modules\jest-circus\build\utils.js:231:10)
    at _callCircusTest (C:\Users\xx005\Downloads\Collaboreum MVP Platform\node_modules\jest-circus\build\run.js:316:40)
    at _runTest (C:\Users\xx005\Downloads\Collaboreum MVP Platform\node_modules\jest-circus\build\run.js:252:3)
    at _runTestsForDescribeBlock (C:\Users\xx005\Downloads\Collaboreum MVP Platform\node_modules\jest-circus\build\run.js:126:9)
    at _runTestsForDescribeBlock (C:\Users\xx005\Downloads\Collaboreum MVP Platform\node_modules\jest-circus\build\run.js:121:9)
    at _runTestsForDescribeBlock (C:\Users\xx005\Downloads\Collaboreum MVP Platform\node_modules\jest-circus\build\run.js:121:9)
    at run (C:\Users\xx005\Downloads\Collaboreum MVP Platform\node_modules\jest-circus\build\run.js:71:3)
    at runAndTransformResultsToJestFormat (C:\Users\xx005\Downloads\Collaboreum MVP Platform\node_modules\jest-circus\build\legacy-code-todo-rewrite\jestAdapterInit.js:122:21)
    at jestAdapter (C:\Users\xx005\Downloads\Collaboreum MVP Platform\node_modules\jest-circus\build\legacy-code-todo-rewrite\jestAdapter.js:79:19)
    at runTestInternal (C:\Users\xx005\Downloads\Collaboreum MVP Platform\node_modules\jest-runner\build\runTest.js:367:16)
    at runTest (C:\Users\xx005\Downloads\Collaboreum MVP Platform\node_modules\jest-runner\build\runTest.js:444:34)</failure>
    </testcase>
    <testcase classname="통합 테스트 - API 연결 및 컴포넌트 연동 4. 이벤트 시스템 통합 테스트 이벤트 데이터가 올바르게 표시되어야 한다" name="통합 테스트 - API 연결 및 컴포넌트 연동 4. 이벤트 시스템 통합 테스트 이벤트 데이터가 올바르게 표시되어야 한다" time="0.041">
      <failure>TestingLibraryElementError: Unable to find an element with the text: 이벤트. This could be because the text is broken up by multiple elements. In this case, you can provide a function for your text matcher to make your matcher more flexible.

Ignored nodes: comments, script, style
&lt;body&gt;
  &lt;div&gt;
    &lt;div
      class=&quot;flex flex-col gap-6 rounded-xl text-card-foreground border-red-200 bg-red-50&quot;
      data-slot=&quot;card&quot;
    &gt;
      &lt;div
        class=&quot;[&amp;:last-child]:pb-6 p-6 text-center&quot;
        data-slot=&quot;card-content&quot;
      &gt;
        &lt;div
          class=&quot;flex flex-col items-center space-y-4&quot;
        &gt;
          &lt;svg
            aria-hidden=&quot;true&quot;
            class=&quot;lucide lucide-circle-alert h-12 w-12 text-red-500&quot;
            fill=&quot;none&quot;
            height=&quot;24&quot;
            stroke=&quot;currentColor&quot;
            stroke-linecap=&quot;round&quot;
            stroke-linejoin=&quot;round&quot;
            stroke-width=&quot;2&quot;
            viewBox=&quot;0 0 24 24&quot;
            width=&quot;24&quot;
            xmlns=&quot;http://www.w3.org/2000/svg&quot;
          &gt;
            &lt;circle
              cx=&quot;12&quot;
              cy=&quot;12&quot;
              r=&quot;10&quot;
            /&gt;
            &lt;line
              x1=&quot;12&quot;
              x2=&quot;12&quot;
              y1=&quot;8&quot;
              y2=&quot;12&quot;
            /&gt;
            &lt;line
              x1=&quot;12&quot;
              x2=&quot;12.01&quot;
              y1=&quot;16&quot;
              y2=&quot;16&quot;
            /&gt;
          &lt;/svg&gt;
          &lt;div&gt;
            &lt;h3
              class=&quot;mb-2 text-lg font-semibold text-red-800&quot;
            &gt;
              오류가 발생했습니다
            &lt;/h3&gt;
            &lt;p
              class=&quot;mb-4 text-red-600&quot;
            &gt;
              페이지를 불러오는 중 문제가 발생했습니다. 잠시 후 다시 시도해주세요.
            &lt;/p&gt;
          &lt;/div&gt;
          &lt;div
            class=&quot;flex gap-2&quot;
          &gt;
            &lt;button
              aria-busy=&quot;false&quot;
              class=&quot;inline-flex items-center justify-center gap-2 whitespace-nowrap rounded-2xl font-medium transition-all duration-200 disabled:pointer-events-none disabled:opacity-50 [&amp;_svg]:pointer-events-none [&amp;_svg:not([class*=&apos;size-&apos;])]:size-4 shrink-0 [&amp;_svg]:shrink-0 outline-none focus-visible:ring-ring/30 focus-visible:ring-4 aria-invalid:ring-destructive/20 dark:aria-invalid:ring-destructive/40 aria-invalid:border-destructive cursor-pointer border bg-background/80 backdrop-blur-sm hover:border-border/80 focus:ring-primary-300 h-10 px-6 py-2 text-sm [&amp;_svg]:size-4 border-red-300 text-red-700 hover:bg-red-100&quot;
              type=&quot;button&quot;
            &gt;
              &lt;svg
                aria-hidden=&quot;true&quot;
                class=&quot;lucide lucide-refresh-cw mr-2 h-4 w-4&quot;
                fill=&quot;none&quot;
                height=&quot;24&quot;
                stroke=&quot;currentColor&quot;
                stroke-linecap=&quot;round&quot;
                stroke-linejoin=&quot;round&quot;
                stroke-width=&quot;2&quot;
                viewBox=&quot;0 0 24 24&quot;
                width=&quot;24&quot;
                xmlns=&quot;http://www.w3.org/2000/svg&quot;
              &gt;
                &lt;path
                  d=&quot;M3 12a9 9 0 0 1 9-9 9.75 9.75 0 0 1 6.74 2.74L21 8&quot;
                /&gt;
                &lt;path
                  d=&quot;M21 3v5h-5&quot;
                /&gt;
                &lt;path
                  d=&quot;M21 12a9 9 0 0 1-9 9 9.75 9.75 0 0 1-6.74-2.74L3 16&quot;
                /&gt;
                &lt;path
                  d=&quot;M8 16H3v5&quot;
                /&gt;
              &lt;/svg&gt;
              다시 시도
            &lt;/button&gt;
            &lt;button
              aria-busy=&quot;false&quot;
              class=&quot;inline-flex items-center justify-center gap-2 whitespace-nowrap rounded-2xl font-medium transition-all duration-200 disabled:pointer-events-none disabled:opacity-50 [&amp;_svg]:pointer-events-none [&amp;_svg:not([class*=&apos;size-&apos;])]:size-4 shrink-0 [&amp;_svg]:shrink-0 outline-none focus-visible:ring-ring/30 focus-visible:ring-4 aria-invalid:ring-destructive/20 dark:aria-invalid:ring-destructive/40 aria-invalid:border-destructive cursor-pointer !bg-blue-600 !text-white hover:!bg-blue-700 shadow-apple hover:shadow-apple-lg active:scale-95 focus:ring-primary-300 h-10 px-6 py-2 text-sm [&amp;_svg]:size-4 bg-red-600 hover:bg-red-700&quot;
              style=&quot;background-color: rgb(37, 99, 235); color: white;&quot;
              type=&quot;button&quot;
            &gt;
              페이지 새로고침
            &lt;/button&gt;
          &lt;/div&gt;
        &lt;/div&gt;
      &lt;/div&gt;
    &lt;/div&gt;
  &lt;/div&gt;
&lt;/body&gt;
    at Object.getElementError (C:\Users\xx005\Downloads\Collaboreum MVP Platform\node_modules\@testing-library\dom\dist\config.js:37:19)
    at C:\Users\xx005\Downloads\Collaboreum MVP Platform\node_modules\@testing-library\dom\dist\query-helpers.js:76:38
    at C:\Users\xx005\Downloads\Collaboreum MVP Platform\node_modules\@testing-library\dom\dist\query-helpers.js:52:17
    at C:\Users\xx005\Downloads\Collaboreum MVP Platform\node_modules\@testing-library\dom\dist\query-helpers.js:95:19
    at Object.getByText (C:\Users\xx005\Downloads\Collaboreum MVP Platform\src\__tests__\Integration.test.tsx:523:32)
    at Promise.then.completed (C:\Users\xx005\Downloads\Collaboreum MVP Platform\node_modules\jest-circus\build\utils.js:298:28)
    at new Promise (&lt;anonymous&gt;)
    at callAsyncCircusFn (C:\Users\xx005\Downloads\Collaboreum MVP Platform\node_modules\jest-circus\build\utils.js:231:10)
    at _callCircusTest (C:\Users\xx005\Downloads\Collaboreum MVP Platform\node_modules\jest-circus\build\run.js:316:40)
    at _runTest (C:\Users\xx005\Downloads\Collaboreum MVP Platform\node_modules\jest-circus\build\run.js:252:3)
    at _runTestsForDescribeBlock (C:\Users\xx005\Downloads\Collaboreum MVP Platform\node_modules\jest-circus\build\run.js:126:9)
    at _runTestsForDescribeBlock (C:\Users\xx005\Downloads\Collaboreum MVP Platform\node_modules\jest-circus\build\run.js:121:9)
    at _runTestsForDescribeBlock (C:\Users\xx005\Downloads\Collaboreum MVP Platform\node_modules\jest-circus\build\run.js:121:9)
    at run (C:\Users\xx005\Downloads\Collaboreum MVP Platform\node_modules\jest-circus\build\run.js:71:3)
    at runAndTransformResultsToJestFormat (C:\Users\xx005\Downloads\Collaboreum MVP Platform\node_modules\jest-circus\build\legacy-code-todo-rewrite\jestAdapterInit.js:122:21)
    at jestAdapter (C:\Users\xx005\Downloads\Collaboreum MVP Platform\node_modules\jest-circus\build\legacy-code-todo-rewrite\jestAdapter.js:79:19)
    at runTestInternal (C:\Users\xx005\Downloads\Collaboreum MVP Platform\node_modules\jest-runner\build\runTest.js:367:16)
    at runTest (C:\Users\xx005\Downloads\Collaboreum MVP Platform\node_modules\jest-runner\build\runTest.js:444:34)</failure>
    </testcase>
    <testcase classname="통합 테스트 - API 연결 및 컴포넌트 연동 5. 네비게이션 시스템 통합 테스트 헤더 네비게이션이 올바르게 작동해야 한다" name="통합 테스트 - API 연결 및 컴포넌트 연동 5. 네비게이션 시스템 통합 테스트 헤더 네비게이션이 올바르게 작동해야 한다" time="0.07">
      <failure>TestingLibraryElementError: Unable to find an element with the text: 아티스트. This could be because the text is broken up by multiple elements. In this case, you can provide a function for your text matcher to make your matcher more flexible.

Ignored nodes: comments, script, style
&lt;body&gt;
  &lt;div&gt;
    &lt;div
      class=&quot;flex flex-col gap-6 rounded-xl text-card-foreground border-red-200 bg-red-50&quot;
      data-slot=&quot;card&quot;
    &gt;
      &lt;div
        class=&quot;[&amp;:last-child]:pb-6 p-6 text-center&quot;
        data-slot=&quot;card-content&quot;
      &gt;
        &lt;div
          class=&quot;flex flex-col items-center space-y-4&quot;
        &gt;
          &lt;svg
            aria-hidden=&quot;true&quot;
            class=&quot;lucide lucide-circle-alert h-12 w-12 text-red-500&quot;
            fill=&quot;none&quot;
            height=&quot;24&quot;
            stroke=&quot;currentColor&quot;
            stroke-linecap=&quot;round&quot;
            stroke-linejoin=&quot;round&quot;
            stroke-width=&quot;2&quot;
            viewBox=&quot;0 0 24 24&quot;
            width=&quot;24&quot;
            xmlns=&quot;http://www.w3.org/2000/svg&quot;
          &gt;
            &lt;circle
              cx=&quot;12&quot;
              cy=&quot;12&quot;
              r=&quot;10&quot;
            /&gt;
            &lt;line
              x1=&quot;12&quot;
              x2=&quot;12&quot;
              y1=&quot;8&quot;
              y2=&quot;12&quot;
            /&gt;
            &lt;line
              x1=&quot;12&quot;
              x2=&quot;12.01&quot;
              y1=&quot;16&quot;
              y2=&quot;16&quot;
            /&gt;
          &lt;/svg&gt;
          &lt;div&gt;
            &lt;h3
              class=&quot;mb-2 text-lg font-semibold text-red-800&quot;
            &gt;
              오류가 발생했습니다
            &lt;/h3&gt;
            &lt;p
              class=&quot;mb-4 text-red-600&quot;
            &gt;
              페이지를 불러오는 중 문제가 발생했습니다. 잠시 후 다시 시도해주세요.
            &lt;/p&gt;
          &lt;/div&gt;
          &lt;div
            class=&quot;flex gap-2&quot;
          &gt;
            &lt;button
              aria-busy=&quot;false&quot;
              class=&quot;inline-flex items-center justify-center gap-2 whitespace-nowrap rounded-2xl font-medium transition-all duration-200 disabled:pointer-events-none disabled:opacity-50 [&amp;_svg]:pointer-events-none [&amp;_svg:not([class*=&apos;size-&apos;])]:size-4 shrink-0 [&amp;_svg]:shrink-0 outline-none focus-visible:ring-ring/30 focus-visible:ring-4 aria-invalid:ring-destructive/20 dark:aria-invalid:ring-destructive/40 aria-invalid:border-destructive cursor-pointer border bg-background/80 backdrop-blur-sm hover:border-border/80 focus:ring-primary-300 h-10 px-6 py-2 text-sm [&amp;_svg]:size-4 border-red-300 text-red-700 hover:bg-red-100&quot;
              type=&quot;button&quot;
            &gt;
              &lt;svg
                aria-hidden=&quot;true&quot;
                class=&quot;lucide lucide-refresh-cw mr-2 h-4 w-4&quot;
                fill=&quot;none&quot;
                height=&quot;24&quot;
                stroke=&quot;currentColor&quot;
                stroke-linecap=&quot;round&quot;
                stroke-linejoin=&quot;round&quot;
                stroke-width=&quot;2&quot;
                viewBox=&quot;0 0 24 24&quot;
                width=&quot;24&quot;
                xmlns=&quot;http://www.w3.org/2000/svg&quot;
              &gt;
                &lt;path
                  d=&quot;M3 12a9 9 0 0 1 9-9 9.75 9.75 0 0 1 6.74 2.74L21 8&quot;
                /&gt;
                &lt;path
                  d=&quot;M21 3v5h-5&quot;
                /&gt;
                &lt;path
                  d=&quot;M21 12a9 9 0 0 1-9 9 9.75 9.75 0 0 1-6.74-2.74L3 16&quot;
                /&gt;
                &lt;path
                  d=&quot;M8 16H3v5&quot;
                /&gt;
              &lt;/svg&gt;
              다시 시도
            &lt;/button&gt;
            &lt;button
              aria-busy=&quot;false&quot;
              class=&quot;inline-flex items-center justify-center gap-2 whitespace-nowrap rounded-2xl font-medium transition-all duration-200 disabled:pointer-events-none disabled:opacity-50 [&amp;_svg]:pointer-events-none [&amp;_svg:not([class*=&apos;size-&apos;])]:size-4 shrink-0 [&amp;_svg]:shrink-0 outline-none focus-visible:ring-ring/30 focus-visible:ring-4 aria-invalid:ring-destructive/20 dark:aria-invalid:ring-destructive/40 aria-invalid:border-destructive cursor-pointer !bg-blue-600 !text-white hover:!bg-blue-700 shadow-apple hover:shadow-apple-lg active:scale-95 focus:ring-primary-300 h-10 px-6 py-2 text-sm [&amp;_svg]:size-4 bg-red-600 hover:bg-red-700&quot;
              style=&quot;background-color: rgb(37, 99, 235); color: white;&quot;
              type=&quot;button&quot;
            &gt;
              페이지 새로고침
            &lt;/button&gt;
          &lt;/div&gt;
        &lt;/div&gt;
      &lt;/div&gt;
    &lt;/div&gt;
  &lt;/div&gt;
&lt;/body&gt;
    at Object.getElementError (C:\Users\xx005\Downloads\Collaboreum MVP Platform\node_modules\@testing-library\dom\dist\config.js:37:19)
    at C:\Users\xx005\Downloads\Collaboreum MVP Platform\node_modules\@testing-library\dom\dist\query-helpers.js:76:38
    at C:\Users\xx005\Downloads\Collaboreum MVP Platform\node_modules\@testing-library\dom\dist\query-helpers.js:52:17
    at C:\Users\xx005\Downloads\Collaboreum MVP Platform\node_modules\@testing-library\dom\dist\query-helpers.js:95:19
    at Object.getByText (C:\Users\xx005\Downloads\Collaboreum MVP Platform\src\__tests__\Integration.test.tsx:555:34)
    at Promise.then.completed (C:\Users\xx005\Downloads\Collaboreum MVP Platform\node_modules\jest-circus\build\utils.js:298:28)
    at new Promise (&lt;anonymous&gt;)
    at callAsyncCircusFn (C:\Users\xx005\Downloads\Collaboreum MVP Platform\node_modules\jest-circus\build\utils.js:231:10)
    at _callCircusTest (C:\Users\xx005\Downloads\Collaboreum MVP Platform\node_modules\jest-circus\build\run.js:316:40)
    at _runTest (C:\Users\xx005\Downloads\Collaboreum MVP Platform\node_modules\jest-circus\build\run.js:252:3)
    at _runTestsForDescribeBlock (C:\Users\xx005\Downloads\Collaboreum MVP Platform\node_modules\jest-circus\build\run.js:126:9)
    at _runTestsForDescribeBlock (C:\Users\xx005\Downloads\Collaboreum MVP Platform\node_modules\jest-circus\build\run.js:121:9)
    at _runTestsForDescribeBlock (C:\Users\xx005\Downloads\Collaboreum MVP Platform\node_modules\jest-circus\build\run.js:121:9)
    at run (C:\Users\xx005\Downloads\Collaboreum MVP Platform\node_modules\jest-circus\build\run.js:71:3)
    at runAndTransformResultsToJestFormat (C:\Users\xx005\Downloads\Collaboreum MVP Platform\node_modules\jest-circus\build\legacy-code-todo-rewrite\jestAdapterInit.js:122:21)
    at jestAdapter (C:\Users\xx005\Downloads\Collaboreum MVP Platform\node_modules\jest-circus\build\legacy-code-todo-rewrite\jestAdapter.js:79:19)
    at runTestInternal (C:\Users\xx005\Downloads\Collaboreum MVP Platform\node_modules\jest-runner\build\runTest.js:367:16)
    at runTest (C:\Users\xx005\Downloads\Collaboreum MVP Platform\node_modules\jest-runner\build\runTest.js:444:34)</failure>
    </testcase>
    <testcase classname="통합 테스트 - API 연결 및 컴포넌트 연동 5. 네비게이션 시스템 통합 테스트 뒤로가기 기능이 올바르게 작동해야 한다" name="통합 테스트 - API 연결 및 컴포넌트 연동 5. 네비게이션 시스템 통합 테스트 뒤로가기 기능이 올바르게 작동해야 한다" time="0.029">
      <failure>TestingLibraryElementError: Unable to find an element with the text: 소개. This could be because the text is broken up by multiple elements. In this case, you can provide a function for your text matcher to make your matcher more flexible.

Ignored nodes: comments, script, style
&lt;body&gt;
  &lt;div&gt;
    &lt;div
      class=&quot;flex flex-col gap-6 rounded-xl text-card-foreground border-red-200 bg-red-50&quot;
      data-slot=&quot;card&quot;
    &gt;
      &lt;div
        class=&quot;[&amp;:last-child]:pb-6 p-6 text-center&quot;
        data-slot=&quot;card-content&quot;
      &gt;
        &lt;div
          class=&quot;flex flex-col items-center space-y-4&quot;
        &gt;
          &lt;svg
            aria-hidden=&quot;true&quot;
            class=&quot;lucide lucide-circle-alert h-12 w-12 text-red-500&quot;
            fill=&quot;none&quot;
            height=&quot;24&quot;
            stroke=&quot;currentColor&quot;
            stroke-linecap=&quot;round&quot;
            stroke-linejoin=&quot;round&quot;
            stroke-width=&quot;2&quot;
            viewBox=&quot;0 0 24 24&quot;
            width=&quot;24&quot;
            xmlns=&quot;http://www.w3.org/2000/svg&quot;
          &gt;
            &lt;circle
              cx=&quot;12&quot;
              cy=&quot;12&quot;
              r=&quot;10&quot;
            /&gt;
            &lt;line
              x1=&quot;12&quot;
              x2=&quot;12&quot;
              y1=&quot;8&quot;
              y2=&quot;12&quot;
            /&gt;
            &lt;line
              x1=&quot;12&quot;
              x2=&quot;12.01&quot;
              y1=&quot;16&quot;
              y2=&quot;16&quot;
            /&gt;
          &lt;/svg&gt;
          &lt;div&gt;
            &lt;h3
              class=&quot;mb-2 text-lg font-semibold text-red-800&quot;
            &gt;
              오류가 발생했습니다
            &lt;/h3&gt;
            &lt;p
              class=&quot;mb-4 text-red-600&quot;
            &gt;
              페이지를 불러오는 중 문제가 발생했습니다. 잠시 후 다시 시도해주세요.
            &lt;/p&gt;
          &lt;/div&gt;
          &lt;div
            class=&quot;flex gap-2&quot;
          &gt;
            &lt;button
              aria-busy=&quot;false&quot;
              class=&quot;inline-flex items-center justify-center gap-2 whitespace-nowrap rounded-2xl font-medium transition-all duration-200 disabled:pointer-events-none disabled:opacity-50 [&amp;_svg]:pointer-events-none [&amp;_svg:not([class*=&apos;size-&apos;])]:size-4 shrink-0 [&amp;_svg]:shrink-0 outline-none focus-visible:ring-ring/30 focus-visible:ring-4 aria-invalid:ring-destructive/20 dark:aria-invalid:ring-destructive/40 aria-invalid:border-destructive cursor-pointer border bg-background/80 backdrop-blur-sm hover:border-border/80 focus:ring-primary-300 h-10 px-6 py-2 text-sm [&amp;_svg]:size-4 border-red-300 text-red-700 hover:bg-red-100&quot;
              type=&quot;button&quot;
            &gt;
              &lt;svg
                aria-hidden=&quot;true&quot;
                class=&quot;lucide lucide-refresh-cw mr-2 h-4 w-4&quot;
                fill=&quot;none&quot;
                height=&quot;24&quot;
                stroke=&quot;currentColor&quot;
                stroke-linecap=&quot;round&quot;
                stroke-linejoin=&quot;round&quot;
                stroke-width=&quot;2&quot;
                viewBox=&quot;0 0 24 24&quot;
                width=&quot;24&quot;
                xmlns=&quot;http://www.w3.org/2000/svg&quot;
              &gt;
                &lt;path
                  d=&quot;M3 12a9 9 0 0 1 9-9 9.75 9.75 0 0 1 6.74 2.74L21 8&quot;
                /&gt;
                &lt;path
                  d=&quot;M21 3v5h-5&quot;
                /&gt;
                &lt;path
                  d=&quot;M21 12a9 9 0 0 1-9 9 9.75 9.75 0 0 1-6.74-2.74L3 16&quot;
                /&gt;
                &lt;path
                  d=&quot;M8 16H3v5&quot;
                /&gt;
              &lt;/svg&gt;
              다시 시도
            &lt;/button&gt;
            &lt;button
              aria-busy=&quot;false&quot;
              class=&quot;inline-flex items-center justify-center gap-2 whitespace-nowrap rounded-2xl font-medium transition-all duration-200 disabled:pointer-events-none disabled:opacity-50 [&amp;_svg]:pointer-events-none [&amp;_svg:not([class*=&apos;size-&apos;])]:size-4 shrink-0 [&amp;_svg]:shrink-0 outline-none focus-visible:ring-ring/30 focus-visible:ring-4 aria-invalid:ring-destructive/20 dark:aria-invalid:ring-destructive/40 aria-invalid:border-destructive cursor-pointer !bg-blue-600 !text-white hover:!bg-blue-700 shadow-apple hover:shadow-apple-lg active:scale-95 focus:ring-primary-300 h-10 px-6 py-2 text-sm [&amp;_svg]:size-4 bg-red-600 hover:bg-red-700&quot;
              style=&quot;background-color: rgb(37, 99, 235); color: white;&quot;
              type=&quot;button&quot;
            &gt;
              페이지 새로고침
            &lt;/button&gt;
          &lt;/div&gt;
        &lt;/div&gt;
      &lt;/div&gt;
    &lt;/div&gt;
  &lt;/div&gt;
&lt;/body&gt;
    at Object.getElementError (C:\Users\xx005\Downloads\Collaboreum MVP Platform\node_modules\@testing-library\dom\dist\config.js:37:19)
    at C:\Users\xx005\Downloads\Collaboreum MVP Platform\node_modules\@testing-library\dom\dist\query-helpers.js:76:38
    at C:\Users\xx005\Downloads\Collaboreum MVP Platform\node_modules\@testing-library\dom\dist\query-helpers.js:52:17
    at C:\Users\xx005\Downloads\Collaboreum MVP Platform\node_modules\@testing-library\dom\dist\query-helpers.js:95:19
    at Object.getByText (C:\Users\xx005\Downloads\Collaboreum MVP Platform\src\__tests__\Integration.test.tsx:573:34)
    at Promise.then.completed (C:\Users\xx005\Downloads\Collaboreum MVP Platform\node_modules\jest-circus\build\utils.js:298:28)
    at new Promise (&lt;anonymous&gt;)
    at callAsyncCircusFn (C:\Users\xx005\Downloads\Collaboreum MVP Platform\node_modules\jest-circus\build\utils.js:231:10)
    at _callCircusTest (C:\Users\xx005\Downloads\Collaboreum MVP Platform\node_modules\jest-circus\build\run.js:316:40)
    at _runTest (C:\Users\xx005\Downloads\Collaboreum MVP Platform\node_modules\jest-circus\build\run.js:252:3)
    at _runTestsForDescribeBlock (C:\Users\xx005\Downloads\Collaboreum MVP Platform\node_modules\jest-circus\build\run.js:126:9)
    at _runTestsForDescribeBlock (C:\Users\xx005\Downloads\Collaboreum MVP Platform\node_modules\jest-circus\build\run.js:121:9)
    at _runTestsForDescribeBlock (C:\Users\xx005\Downloads\Collaboreum MVP Platform\node_modules\jest-circus\build\run.js:121:9)
    at run (C:\Users\xx005\Downloads\Collaboreum MVP Platform\node_modules\jest-circus\build\run.js:71:3)
    at runAndTransformResultsToJestFormat (C:\Users\xx005\Downloads\Collaboreum MVP Platform\node_modules\jest-circus\build\legacy-code-todo-rewrite\jestAdapterInit.js:122:21)
    at jestAdapter (C:\Users\xx005\Downloads\Collaboreum MVP Platform\node_modules\jest-circus\build\legacy-code-todo-rewrite\jestAdapter.js:79:19)
    at runTestInternal (C:\Users\xx005\Downloads\Collaboreum MVP Platform\node_modules\jest-runner\build\runTest.js:367:16)
    at runTest (C:\Users\xx005\Downloads\Collaboreum MVP Platform\node_modules\jest-runner\build\runTest.js:444:34)</failure>
    </testcase>
    <testcase classname="통합 테스트 - API 연결 및 컴포넌트 연동 6. 에러 처리 통합 테스트 API 에러 시 적절한 에러 메시지가 표시되어야 한다" name="통합 테스트 - API 연결 및 컴포넌트 연동 6. 에러 처리 통합 테스트 API 에러 시 적절한 에러 메시지가 표시되어야 한다" time="0.086">
      <failure>TestingLibraryElementError: Unable to find an accessible element with the role &quot;button&quot; and name `/fan/i`

Here are the accessible roles:

  heading:

  Name &quot;오류가 발생했습니다&quot;:
  &lt;h3
    class=&quot;mb-2 text-lg font-semibold text-red-800&quot;
  /&gt;

  --------------------------------------------------
  paragraph:

  Name &quot;&quot;:
  &lt;p
    class=&quot;mb-4 text-red-600&quot;
  /&gt;

  --------------------------------------------------
  button:

  Name &quot;다시 시도&quot;:
  &lt;button
    aria-busy=&quot;false&quot;
    class=&quot;inline-flex items-center justify-center gap-2 whitespace-nowrap rounded-2xl font-medium transition-all duration-200 disabled:pointer-events-none disabled:opacity-50 [&amp;_svg]:pointer-events-none [&amp;_svg:not([class*=&apos;size-&apos;])]:size-4 shrink-0 [&amp;_svg]:shrink-0 outline-none focus-visible:ring-ring/30 focus-visible:ring-4 aria-invalid:ring-destructive/20 dark:aria-invalid:ring-destructive/40 aria-invalid:border-destructive cursor-pointer border bg-background/80 backdrop-blur-sm hover:border-border/80 focus:ring-primary-300 h-10 px-6 py-2 text-sm [&amp;_svg]:size-4 border-red-300 text-red-700 hover:bg-red-100&quot;
    type=&quot;button&quot;
  /&gt;

  Name &quot;페이지 새로고침&quot;:
  &lt;button
    aria-busy=&quot;false&quot;
    class=&quot;inline-flex items-center justify-center gap-2 whitespace-nowrap rounded-2xl font-medium transition-all duration-200 disabled:pointer-events-none disabled:opacity-50 [&amp;_svg]:pointer-events-none [&amp;_svg:not([class*=&apos;size-&apos;])]:size-4 shrink-0 [&amp;_svg]:shrink-0 outline-none focus-visible:ring-ring/30 focus-visible:ring-4 aria-invalid:ring-destructive/20 dark:aria-invalid:ring-destructive/40 aria-invalid:border-destructive cursor-pointer !bg-blue-600 !text-white hover:!bg-blue-700 shadow-apple hover:shadow-apple-lg active:scale-95 focus:ring-primary-300 h-10 px-6 py-2 text-sm [&amp;_svg]:size-4 bg-red-600 hover:bg-red-700&quot;
    style=&quot;background-color: rgb(37, 99, 235); color: white;&quot;
    type=&quot;button&quot;
  /&gt;

  --------------------------------------------------

Ignored nodes: comments, script, style
&lt;body&gt;
  &lt;div&gt;
    &lt;div
      class=&quot;flex flex-col gap-6 rounded-xl text-card-foreground border-red-200 bg-red-50&quot;
      data-slot=&quot;card&quot;
    &gt;
      &lt;div
        class=&quot;[&amp;:last-child]:pb-6 p-6 text-center&quot;
        data-slot=&quot;card-content&quot;
      &gt;
        &lt;div
          class=&quot;flex flex-col items-center space-y-4&quot;
        &gt;
          &lt;svg
            aria-hidden=&quot;true&quot;
            class=&quot;lucide lucide-circle-alert h-12 w-12 text-red-500&quot;
            fill=&quot;none&quot;
            height=&quot;24&quot;
            stroke=&quot;currentColor&quot;
            stroke-linecap=&quot;round&quot;
            stroke-linejoin=&quot;round&quot;
            stroke-width=&quot;2&quot;
            viewBox=&quot;0 0 24 24&quot;
            width=&quot;24&quot;
            xmlns=&quot;http://www.w3.org/2000/svg&quot;
          &gt;
            &lt;circle
              cx=&quot;12&quot;
              cy=&quot;12&quot;
              r=&quot;10&quot;
            /&gt;
            &lt;line
              x1=&quot;12&quot;
              x2=&quot;12&quot;
              y1=&quot;8&quot;
              y2=&quot;12&quot;
            /&gt;
            &lt;line
              x1=&quot;12&quot;
              x2=&quot;12.01&quot;
              y1=&quot;16&quot;
              y2=&quot;16&quot;
            /&gt;
          &lt;/svg&gt;
          &lt;div&gt;
            &lt;h3
              class=&quot;mb-2 text-lg font-semibold text-red-800&quot;
            &gt;
              오류가 발생했습니다
            &lt;/h3&gt;
            &lt;p
              class=&quot;mb-4 text-red-600&quot;
            &gt;
              페이지를 불러오는 중 문제가 발생했습니다. 잠시 후 다시 시도해주세요.
            &lt;/p&gt;
          &lt;/div&gt;
          &lt;div
            class=&quot;flex gap-2&quot;
          &gt;
            &lt;button
              aria-busy=&quot;false&quot;
              class=&quot;inline-flex items-center justify-center gap-2 whitespace-nowrap rounded-2xl font-medium transition-all duration-200 disabled:pointer-events-none disabled:opacity-50 [&amp;_svg]:pointer-events-none [&amp;_svg:not([class*=&apos;size-&apos;])]:size-4 shrink-0 [&amp;_svg]:shrink-0 outline-none focus-visible:ring-ring/30 focus-visible:ring-4 aria-invalid:ring-destructive/20 dark:aria-invalid:ring-destructive/40 aria-invalid:border-destructive cursor-pointer border bg-background/80 backdrop-blur-sm hover:border-border/80 focus:ring-primary-300 h-10 px-6 py-2 text-sm [&amp;_svg]:size-4 border-red-300 text-red-700 hover:bg-red-100&quot;
              type=&quot;button&quot;
            &gt;
              &lt;svg
                aria-hidden=&quot;true&quot;
                class=&quot;lucide lucide-refresh-cw mr-2 h-4 w-4&quot;
                fill=&quot;none&quot;
                height=&quot;24&quot;
                stroke=&quot;currentColor&quot;
                stroke-linecap=&quot;round&quot;
                stroke-linejoin=&quot;round&quot;
                stroke-width=&quot;2&quot;
                viewBox=&quot;0 0 24 24&quot;
                width=&quot;24&quot;
                xmlns=&quot;http://www.w3.org/2000/svg&quot;
              &gt;
                &lt;path
                  d=&quot;M3 12a9 9 0 0 1 9-9 9.75 9.75 0 0 1 6.74 2.74L21 8&quot;
                /&gt;
                &lt;path
                  d=&quot;M21 3v5h-5&quot;
                /&gt;
                &lt;path
                  d=&quot;M21 12a9 9 0 0 1-9 9 9.75 9.75 0 0 1-6.74-2.74L3 16&quot;
                /&gt;
                &lt;path
                  d=&quot;M8 16H3v5&quot;
                /&gt;
              &lt;/svg&gt;
              다시 시도
            &lt;/button&gt;
            &lt;button
              aria-busy=&quot;false&quot;
              class=&quot;inline-flex items-center justify-center gap-2 whitespace-nowrap rounded-2xl font-medium transition-all duration-200 disabled:pointer-events-none disabled:opacity-50 [&amp;_svg]:pointer-events-none [&amp;_svg:not([class*=&apos;size-&apos;])]:size-4 shrink-0 [&amp;_svg]:shrink-0 outline-none focus-visible:ring-ring/30 focus-visible:ring-4 aria-invalid:ring-destructive/20 dark:aria-invalid:ring-destructive/40 aria-invalid:border-destructive cursor-pointer !bg-blue-600 !text-white hover:!bg-blue-700 shadow-apple hover:shadow-apple-lg active:scale-95 focus:ring-primary-300 h-10 px-6 py-2 text-sm [&amp;_svg]:size-4 bg-red-600 hover:bg-red-700&quot;
              style=&quot;background-color: rgb(37, 99, 235); color: white;&quot;
              type=&quot;button&quot;
            &gt;
              페이지 새로고침
            &lt;/button&gt;
          &lt;/div&gt;
        &lt;/div&gt;
      &lt;/div&gt;
    &lt;/div&gt;
  &lt;/div&gt;
&lt;/body&gt;
    at Object.getElementError (C:\Users\xx005\Downloads\Collaboreum MVP Platform\node_modules\@testing-library\dom\dist\config.js:37:19)
    at C:\Users\xx005\Downloads\Collaboreum MVP Platform\node_modules\@testing-library\dom\dist\query-helpers.js:76:38
    at C:\Users\xx005\Downloads\Collaboreum MVP Platform\node_modules\@testing-library\dom\dist\query-helpers.js:52:17
    at C:\Users\xx005\Downloads\Collaboreum MVP Platform\node_modules\@testing-library\dom\dist\query-helpers.js:95:19
    at Object.getByRole (C:\Users\xx005\Downloads\Collaboreum MVP Platform\src\__tests__\Integration.test.tsx:610:37)
    at Promise.then.completed (C:\Users\xx005\Downloads\Collaboreum MVP Platform\node_modules\jest-circus\build\utils.js:298:28)
    at new Promise (&lt;anonymous&gt;)
    at callAsyncCircusFn (C:\Users\xx005\Downloads\Collaboreum MVP Platform\node_modules\jest-circus\build\utils.js:231:10)
    at _callCircusTest (C:\Users\xx005\Downloads\Collaboreum MVP Platform\node_modules\jest-circus\build\run.js:316:40)
    at _runTest (C:\Users\xx005\Downloads\Collaboreum MVP Platform\node_modules\jest-circus\build\run.js:252:3)
    at _runTestsForDescribeBlock (C:\Users\xx005\Downloads\Collaboreum MVP Platform\node_modules\jest-circus\build\run.js:126:9)
    at _runTestsForDescribeBlock (C:\Users\xx005\Downloads\Collaboreum MVP Platform\node_modules\jest-circus\build\run.js:121:9)
    at _runTestsForDescribeBlock (C:\Users\xx005\Downloads\Collaboreum MVP Platform\node_modules\jest-circus\build\run.js:121:9)
    at run (C:\Users\xx005\Downloads\Collaboreum MVP Platform\node_modules\jest-circus\build\run.js:71:3)
    at runAndTransformResultsToJestFormat (C:\Users\xx005\Downloads\Collaboreum MVP Platform\node_modules\jest-circus\build\legacy-code-todo-rewrite\jestAdapterInit.js:122:21)
    at jestAdapter (C:\Users\xx005\Downloads\Collaboreum MVP Platform\node_modules\jest-circus\build\legacy-code-todo-rewrite\jestAdapter.js:79:19)
    at runTestInternal (C:\Users\xx005\Downloads\Collaboreum MVP Platform\node_modules\jest-runner\build\runTest.js:367:16)
    at runTest (C:\Users\xx005\Downloads\Collaboreum MVP Platform\node_modules\jest-runner\build\runTest.js:444:34)</failure>
    </testcase>
    <testcase classname="통합 테스트 - API 연결 및 컴포넌트 연동 6. 에러 처리 통합 테스트 네트워크 에러 시 적절한 에러 메시지가 표시되어야 한다" name="통합 테스트 - API 연결 및 컴포넌트 연동 6. 에러 처리 통합 테스트 네트워크 에러 시 적절한 에러 메시지가 표시되어야 한다" time="0.065">
      <failure>TestingLibraryElementError: Unable to find an element with the text: 커뮤니티. This could be because the text is broken up by multiple elements. In this case, you can provide a function for your text matcher to make your matcher more flexible.

Ignored nodes: comments, script, style
&lt;body&gt;
  &lt;div&gt;
    &lt;div
      class=&quot;flex flex-col gap-6 rounded-xl text-card-foreground border-red-200 bg-red-50&quot;
      data-slot=&quot;card&quot;
    &gt;
      &lt;div
        class=&quot;[&amp;:last-child]:pb-6 p-6 text-center&quot;
        data-slot=&quot;card-content&quot;
      &gt;
        &lt;div
          class=&quot;flex flex-col items-center space-y-4&quot;
        &gt;
          &lt;svg
            aria-hidden=&quot;true&quot;
[...]
    at Object.getUrlBasedHistory [as createBrowserHistory] (C:\Users\xx005\Downloads\Collaboreum MVP Platform\node_modules\@remix-run\router\history.ts:381:10)
    at createBrowserHistory (C:\Users\xx005\Downloads\Collaboreum MVP Platform\node_modules\react-router-dom\index.tsx:796:26)
    at renderWithHooks (C:\Users\xx005\Downloads\Collaboreum MVP Platform\node_modules\react-dom\cjs\react-dom.development.js:15486:18)
    at mountIndeterminateComponent (C:\Users\xx005\Downloads\Collaboreum MVP Platform\node_modules\react-dom\cjs\react-dom.development.js:20103:13)
    at beginWork (C:\Users\xx005\Downloads\Collaboreum MVP Platform\node_modules\react-dom\cjs\react-dom.development.js:21626:16)
    at beginWork$1 (C:\Users\xx005\Downloads\Collaboreum MVP Platform\node_modules\react-dom\cjs\react-dom.development.js:27465:14)
    at performUnitOfWork (C:\Users\xx005\Downloads\Collaboreum MVP Platform\node_modules\react-dom\cjs\react-dom.development.js:26599:12)
    at workLoopSync (C:\Users\xx005\Downloads\Collaboreum MVP Platform\node_modules\react-dom\cjs\react-dom.development.js:26505:5)
    at renderRootSync (C:\Users\xx005\Downloads\Collaboreum MVP Platform\node_modules\react-dom\cjs\react-dom.development.js:26473:7)
    at recoverFromConcurrentError (C:\Users\xx005\Downloads\Collaboreum MVP Platform\node_modules\react-dom\cjs\react-dom.development.js:25889:20)
    at performConcurrentWorkOnRoot (C:\Users\xx005\Downloads\Collaboreum MVP Platform\node_modules\react-dom\cjs\react-dom.development.js:25789:22)
    at flushActQueue (C:\Users\xx005\Downloads\Collaboreum MVP Platform\node_modules\react\cjs\react.development.js:2667:24)
    at act (C:\Users\xx005\Downloads\Collaboreum MVP Platform\node_modules\react\cjs\react.development.js:2582:11)
    at C:\Users\xx005\Downloads\Collaboreum MVP Platform\node_modules\@testing-library\react\dist\act-compat.js:47:25
    at renderRoot (C:\Users\xx005\Downloads\Collaboreum MVP Platform\node_modules\@testing-library\react\dist\pure.js:190:26)
    at render (C:\Users\xx005\Downloads\Collaboreum MVP Platform\node_modules\@testing-library\react\dist\pure.js:292:10)
    at Object.&lt;anonymous&gt; (C:\Users\xx005\Downloads\Collaboreum MVP Platform\src\features\admin\components\__tests__\AdminDashboard.test.tsx:409:11)
    at Promise.then.completed (C:\Users\xx005\Downloads\Collaboreum MVP Platform\node_modules\jest-circus\build\utils.js:298:28)
    at new Promise (&lt;anonymous&gt;)
    at callAsyncCircusFn (C:\Users\xx005\Downloads\Collaboreum MVP Platform\node_modules\jest-circus\build\utils.js:231:10)
    at _callCircusTest (C:\Users\xx005\Downloads\Collaboreum MVP Platform\node_modules\jest-circus\build\run.js:316:40)
    at runNextTicks (node:internal/process/task_queues:65:5)
    at listOnTimeout (node:internal/timers:549:9)
    at processTimers (node:internal/timers:523:7)
    at _runTest (C:\Users\xx005\Downloads\Collaboreum MVP Platform\node_modules\jest-circus\build\run.js:252:3)
    at _runTestsForDescribeBlock (C:\Users\xx005\Downloads\Collaboreum MVP Platform\node_modules\jest-circus\build\run.js:126:9)
    at _runTestsForDescribeBlock (C:\Users\xx005\Downloads\Collaboreum MVP Platform\node_modules\jest-circus\build\run.js:121:9)
    at run (C:\Users\xx005\Downloads\Collaboreum MVP Platform\node_modules\jest-circus\build\run.js:71:3)
    at runAndTransformResultsToJestFormat (C:\Users\xx005\Downloads\Collaboreum MVP Platform\node_modules\jest-circus\build\legacy-code-todo-rewrite\jestAdapterInit.js:122:21)
    at jestAdapter (C:\Users\xx005\Downloads\Collaboreum MVP Platform\node_modules\jest-circus\build\legacy-code-todo-rewrite\jestAdapter.js:79:19)
    at runTestInternal (C:\Users\xx005\Downloads\Collaboreum MVP Platform\node_modules\jest-runner\build\runTest.js:367:16)
    at runTest (C:\Users\xx005\Downloads\Collaboreum MVP Platform\node_modules\jest-runner\build\runTest.js:444:34)</failure>
    </testcase>
    <testcase classname="AdminDashboard 컴포넌트 테스트 window.history.back()이 실패하면 홈으로 리다이렉트한다" name="AdminDashboard 컴포넌트 테스트 window.history.back()이 실패하면 홈으로 리다이렉트한다" time="0.005">
      <failure>TypeError: Cannot redefine property: location
    at Function.defineProperty (&lt;anonymous&gt;)
    at Object.defineProperty (C:\Users\xx005\Downloads\Collaboreum MVP Platform\src\features\admin\components\__tests__\AdminDashboard.test.tsx:427:12)
    at Promise.then.completed (C:\Users\xx005\Downloads\Collaboreum MVP Platform\node_modules\jest-circus\build\utils.js:298:28)
    at new Promise (&lt;anonymous&gt;)
    at callAsyncCircusFn (C:\Users\xx005\Downloads\Collaboreum MVP Platform\node_modules\jest-circus\build\utils.js:231:10)
    at _callCircusTest (C:\Users\xx005\Downloads\Collaboreum MVP Platform\node_modules\jest-circus\build\run.js:316:40)
    at runNextTicks (node:internal/process/task_queues:65:5)
    at listOnTimeout (node:internal/timers:549:9)
    at processTimers (node:internal/timers:523:7)
    at _runTest (C:\Users\xx005\Downloads\Collaboreum MVP Platform\node_modules\jest-circus\build\run.js:252:3)
    at _runTestsForDescribeBlock (C:\Users\xx005\Downloads\Collaboreum MVP Platform\node_modules\jest-circus\build\run.js:126:9)
    at _runTestsForDescribeBlock (C:\Users\xx005\Downloads\Collaboreum MVP Platform\node_modules\jest-circus\build\run.js:121:9)
    at run (C:\Users\xx005\Downloads\Collaboreum MVP Platform\node_modules\jest-circus\build\run.js:71:3)
    at runAndTransformResultsToJestFormat (C:\Users\xx005\Downloads\Collaboreum MVP Platform\node_modules\jest-circus\build\legacy-code-todo-rewrite\jestAdapterInit.js:122:21)
    at jestAdapter (C:\Users\xx005\Downloads\Collaboreum MVP Platform\node_modules\jest-circus\build\legacy-code-todo-rewrite\jestAdapter.js:79:19)
    at runTestInternal (C:\Users\xx005\Downloads\Collaboreum MVP Platform\node_modules\jest-runner\build\runTest.js:367:16)
    at runTest (C:\Users\xx005\Downloads\Collaboreum MVP Platform\node_modules\jest-runner\build\runTest.js:444:34)</failure>
    </testcase>
    <testcase classname="AdminDashboard 컴포넌트 테스트 window.history.length가 1이면 홈으로 리다이렉트한다" name="AdminDashboard 컴포넌트 테스트 window.history.length가 1이면 홈으로 리다이렉트한다" time="0.001">
      <failure>TypeError: Cannot redefine property: location
    at Function.defineProperty (&lt;anonymous&gt;)
    at Object.defineProperty (C:\Users\xx005\Downloads\Collaboreum MVP Platform\src\features\admin\components\__tests__\AdminDashboard.test.tsx:448:12)
    at Promise.then.completed (C:\Users\xx005\Downloads\Collaboreum MVP Platform\node_modules\jest-circus\build\utils.js:298:28)
    at new Promise (&lt;anonymous&gt;)
    at callAsyncCircusFn (C:\Users\xx005\Downloads\Collaboreum MVP Platform\node_modules\jest-circus\build\utils.js:231:10)
    at _callCircusTest (C:\Users\xx005\Downloads\Collaboreum MVP Platform\node_modules\jest-circus\build\run.js:316:40)
    at runNextTicks (node:internal/process/task_queues:65:5)
    at listOnTimeout (node:internal/timers:549:9)
    at processTimers (node:internal/timers:523:7)
    at _runTest (C:\Users\xx005\Downloads\Collaboreum MVP Platform\node_modules\jest-circus\build\run.js:252:3)
    at _runTestsForDescribeBlock (C:\Users\xx005\Downloads\Collaboreum MVP Platform\node_modules\jest-circus\build\run.js:126:9)
    at _runTestsForDescribeBlock (C:\Users\xx005\Downloads\Collaboreum MVP Platform\node_modules\jest-circus\build\run.js:121:9)
    at run (C:\Users\xx005\Downloads\Collaboreum MVP Platform\node_modules\jest-circus\build\run.js:71:3)
    at runAndTransformResultsToJestFormat (C:\Users\xx005\Downloads\Collaboreum MVP Platform\node_modules\jest-circus\build\legacy-code-todo-rewrite\jestAdapterInit.js:122:21)
    at jestAdapter (C:\Users\xx005\Downloads\Collaboreum MVP Platform\node_modules\jest-circus\build\legacy-code-todo-rewrite\jestAdapter.js:79:19)
    at runTestInternal (C:\Users\xx005\Downloads\Collaboreum MVP Platform\node_modules\jest-runner\build\runTest.js:367:16)
    at runTest (C:\Users\xx005\Downloads\Collaboreum MVP Platform\node_modules\jest-runner\build\runTest.js:444:34)</failure>
    </testcase>
    <testcase classname="AdminDashboard 컴포넌트 테스트 탭 전환 시 이전 탭의 내용이 숨겨진다" name="AdminDashboard 컴포넌트 테스트 탭 전환 시 이전 탭의 내용이 숨겨진다" time="0.019">
      <failure>TypeError: globalHistory.replaceState is not a function
    at replaceState (C:\Users\xx005\Downloads\Collaboreum MVP Platform\node_modules\@remix-run\router\history.ts:620:19)
    at Object.getUrlBasedHistory [as createBrowserHistory] (C:\Users\xx005\Downloads\Collaboreum MVP Platform\node_modules\@remix-run\router\history.ts:381:10)
    at createBrowserHistory (C:\Users\xx005\Downloads\Collaboreum MVP Platform\node_modules\react-router-dom\index.tsx:796:26)
    at renderWithHooks (C:\Users\xx005\Downloads\Collaboreum MVP Platform\node_modules\react-dom\cjs\react-dom.development.js:15486:18)
    at mountIndeterminateComponent (C:\Users\xx005\Downloads\Collaboreum MVP Platform\node_modules\react-dom\cjs\react-dom.development.js:20103:13)
    at beginWork (C:\Users\xx005\Downloads\Collaboreum MVP Platform\node_modules\react-dom\cjs\react-dom.development.js:21626:16)
    at beginWork$1 (C:\Users\xx005\Downloads\Collaboreum MVP Platform\node_modules\react-dom\cjs\react-dom.development.js:27465:14)
    at performUnitOfWork (C:\Users\xx005\Downloads\Collaboreum MVP Platform\node_modules\react-dom\cjs\react-dom.development.js:26599:12)
    at workLoopSync (C:\Users\xx005\Downloads\Collaboreum MVP Platform\node_modules\react-dom\cjs\react-dom.development.js:26505:5)
    at renderRootSync (C:\Users\xx005\Downloads\Collaboreum MVP Platform\node_modules\react-dom\cjs\react-dom.development.js:26473:7)
    at recoverFromConcurrentError (C:\Users\xx005\Downloads\Collaboreum MVP Platform\node_modules\react-dom\cjs\react-dom.development.js:25889:20)
    at performConcurrentWorkOnRoot (C:\Users\xx005\Downloads\Collaboreum MVP Platform\node_modules\react-dom\cjs\react-dom.development.js:25789:22)
    at flushActQueue (C:\Users\xx005\Downloads\Collaboreum MVP Platform\node_modules\react\cjs\react.development.js:2667:24)
    at act (C:\Users\xx005\Downloads\Collaboreum MVP Platform\node_modules\react\cjs\react.development.js:2582:11)
    at C:\Users\xx005\Downloads\Collaboreum MVP Platform\node_modules\@testing-library\react\dist\act-compat.js:47:25
    at renderRoot (C:\Users\xx005\Downloads\Collaboreum MVP Platform\node_modules\@testing-library\react\dist\pure.js:190:26)
    at render (C:\Users\xx005\Downloads\Collaboreum MVP Platform\node_modules\@testing-library\react\dist\pure.js:292:10)
    at Object.&lt;anonymous&gt; (C:\Users\xx005\Downloads\Collaboreum MVP Platform\src\features\admin\components\__tests__\AdminDashboard.test.tsx:461:11)
    at Promise.then.completed (C:\Users\xx005\Downloads\Collaboreum MVP Platform\node_modules\jest-circus\build\utils.js:298:28)
    at new Promise (&lt;anonymous&gt;)
    at callAsyncCircusFn (C:\Users\xx005\Downloads\Collaboreum MVP Platform\node_modules\jest-circus\build\utils.js:231:10)
    at _callCircusTest (C:\Users\xx005\Downloads\Collaboreum MVP Platform\node_modules\jest-circus\build\run.js:316:40)
    at runNextTicks (node:internal/process/task_queues:65:5)
    at listOnTimeout (node:internal/timers:549:9)
    at processTimers (node:internal/timers:523:7)
    at _runTest (C:\Users\xx005\Downloads\Collaboreum MVP Platform\node_modules\jest-circus\build\run.js:252:3)
    at _runTestsForDescribeBlock (C:\Users\xx005\Downloads\Collaboreum MVP Platform\node_modules\jest-circus\build\run.js:126:9)
    at _runTestsForDescribeBlock (C:\Users\xx005\Downloads\Collaboreum MVP Platform\node_modules\jest-circus\build\run.js:121:9)
    at run (C:\Users\xx005\Downloads\Collaboreum MVP Platform\node_modules\jest-circus\build\run.js:71:3)
    at runAndTransformResultsToJestFormat (C:\Users\xx005\Downloads\Collaboreum MVP Platform\node_modules\jest-circus\build\legacy-code-todo-rewrite\jestAdapterInit.js:122:21)
    at jestAdapter (C:\Users\xx005\Downloads\Collaboreum MVP Platform\node_modules\jest-circus\build\legacy-code-todo-rewrite\jestAdapter.js:79:19)
    at runTestInternal (C:\Users\xx005\Downloads\Collaboreum MVP Platform\node_modules\jest-runner\build\runTest.js:367:16)
    at runTest (C:\Users\xx005\Downloads\Collaboreum MVP Platform\node_modules\jest-runner\build\runTest.js:444:34)</failure>
    </testcase>
    <testcase classname="AdminDashboard 컴포넌트 테스트 접근성 속성이 올바르게 설정되어 있다" name="AdminDashboard 컴포넌트 테스트 접근성 속성이 올바르게 설정되어 있다" time="0.039">
      <failure>TypeError: globalHistory.replaceState is not a function
    at replaceState (C:\Users\xx005\Downloads\Collaboreum MVP Platform\node_modules\@remix-run\router\history.ts:620:19)
    at Object.getUrlBasedHistory [as createBrowserHistory] (C:\Users\xx005\Downloads\Collaboreum MVP Platform\node_modules\@remix-run\router\history.ts:381:10)
    at createBrowserHistory (C:\Users\xx005\Downloads\Collaboreum MVP Platform\node_modules\react-router-dom\index.tsx:796:26)
    at renderWithHooks (C:\Users\xx005\Downloads\Collaboreum MVP Platform\node_modules\react-dom\cjs\react-dom.development.js:15486:18)
    at mountIndeterminateComponent (C:\Users\xx005\Downloads\Collaboreum MVP Platform\node_modules\react-dom\cjs\react-dom.development.js:20103:13)
    at beginWork (C:\Users\xx005\Downloads\Collaboreum MVP Platform\node_modules\react-dom\cjs\react-dom.development.js:21626:16)
    at beginWork$1 (C:\Users\xx005\Downloads\Collaboreum MVP Platform\node_modules\react-dom\cjs\react-dom.development.js:27465:14)
    at performUnitOfWork (C:\Users\xx005\Downloads\Collaboreum MVP Platform\node_modules\react-dom\cjs\react-dom.development.js:26599:12)
    at workLoopSync (C:\Users\xx005\Downloads\Collaboreum MVP Platform\node_modules\react-dom\cjs\react-dom.development.js:26505:5)
    at renderRootSync (C:\Users\xx005\Downloads\Collaboreum MVP Platform\node_modules\react-dom\cjs\react-dom.development.js:26473:7)
    at recoverFromConcurrentError (C:\Users\xx005\Downloads\Collaboreum MVP Platform\node_modules\react-dom\cjs\react-dom.development.js:25889:20)
    at performConcurrentWorkOnRoot (C:\Users\xx005\Downloads\Collaboreum MVP Platform\node_modules\react-dom\cjs\react-dom.development.js:25789:22)
    at flushActQueue (C:\Users\xx005\Downloads\Collaboreum MVP Platform\node_modules\react\cjs\react.development.js:2667:24)
    at act (C:\Users\xx005\Downloads\Collaboreum MVP Platform\node_modules\react\cjs\react.development.js:2582:11)
    at C:\Users\xx005\Downloads\Collaboreum MVP Platform\node_modules\@testing-library\react\dist\act-compat.js:47:25
    at renderRoot (C:\Users\xx005\Downloads\Collaboreum MVP Platform\node_modules\@testing-library\react\dist\pure.js:190:26)
    at render (C:\Users\xx005\Downloads\Collaboreum MVP Platform\node_modules\@testing-library\react\dist\pure.js:292:10)
    at Object.&lt;anonymous&gt; (C:\Users\xx005\Downloads\Collaboreum MVP Platform\src\features\admin\components\__tests__\AdminDashboard.test.tsx:478:11)
    at Promise.then.completed (C:\Users\xx005\Downloads\Collaboreum MVP Platform\node_modules\jest-circus\build\utils.js:298:28)
    at new Promise (&lt;anonymous&gt;)
    at callAsyncCircusFn (C:\Users\xx005\Downloads\Collaboreum MVP Platform\node_modules\jest-circus\build\utils.js:231:10)
    at _callCircusTest (C:\Users\xx005\Downloads\Collaboreum MVP Platform\node_modules\jest-circus\build\run.js:316:40)
    at runNextTicks (node:internal/process/task_queues:65:5)
    at listOnTimeout (node:internal/timers:549:9)
    at processTimers (node:internal/timers:523:7)
    at _runTest (C:\Users\xx005\Downloads\Collaboreum MVP Platform\node_modules\jest-circus\build\run.js:252:3)
    at _runTestsForDescribeBlock (C:\Users\xx005\Downloads\Collaboreum MVP Platform\node_modules\jest-circus\build\run.js:126:9)
    at _runTestsForDescribeBlock (C:\Users\xx005\Downloads\Collaboreum MVP Platform\node_modules\jest-circus\build\run.js:121:9)
    at run (C:\Users\xx005\Downloads\Collaboreum MVP Platform\node_modules\jest-circus\build\run.js:71:3)
    at runAndTransformResultsToJestFormat (C:\Users\xx005\Downloads\Collaboreum MVP Platform\node_modules\jest-circus\build\legacy-code-todo-rewrite\jestAdapterInit.js:122:21)
    at jestAdapter (C:\Users\xx005\Downloads\Collaboreum MVP Platform\node_modules\jest-circus\build\legacy-code-todo-rewrite\jestAdapter.js:79:19)
    at runTestInternal (C:\Users\xx005\Downloads\Collaboreum MVP Platform\node_modules\jest-runner\build\runTest.js:367:16)
    at runTest (C:\Users\xx005\Downloads\Collaboreum MVP Platform\node_modules\jest-runner\build\runTest.js:444:34)</failure>
    </testcase>
  </testsuite>
  <testsuite name="Logging &amp; Request ID Integration Tests" errors="0" failures="1" skipped="0" timestamp="2025-09-23T09:46:48" time="2.434" tests="9">
    <testcase classname="Logging &amp; Request ID Integration Tests should set X-Request-ID header for successful requests" name="Logging &amp; Request ID Integration Tests should set X-Request-ID header for successful requests" time="0.083">
      <failure>ReferenceError: setImmediate is not defined
    at ThreadStream.write (C:\Users\xx005\Downloads\Collaboreum MVP Platform\server\node_modules\thread-stream\index.js:271:7)
    at Pino.write (C:\Users\xx005\Downloads\Collaboreum MVP Platform\server\node_modules\pino\lib\proto.js:217:10)
    at Pino.LOG [as error] (C:\Users\xx005\Downloads\Collaboreum MVP Platform\server\node_modules\pino\lib\tools.js:62:21)
    at onResFinished (C:\Users\xx005\Downloads\Collaboreum MVP Platform\server\node_modules\pino-http\logger.js:129:15)
    at ServerResponse.onResponseComplete (C:\Users\xx005\Downloads\Collaboreum MVP Platform\server\node_modules\pino-http\logger.js:178:14)
    at ServerResponse.emit (node:events:531:35)
    at onFinish (node:_http_outgoing:1082:10)
    at callback (node:internal/streams/writable:766:21)
    at afterWrite (node:internal/streams/writable:710:5)
    at afterWriteTick (node:internal/streams/writable:696:10)
    at processTicksAndRejections (node:internal/process/task_queues:89:21)</failure>
    </testcase>
    <testcase classname="Logging &amp; Request ID Integration Tests should set X-Request-ID header for error responses" name="Logging &amp; Request ID Integration Tests should set X-Request-ID header for error responses" time="0.067">
    </testcase>
    <testcase classname="Logging &amp; Request ID Integration Tests should set X-Request-ID header for 404 responses" name="Logging &amp; Request ID Integration Tests should set X-Request-ID header for 404 responses" time="0.037">
    </testcase>
    <testcase classname="Logging &amp; Request ID Integration Tests should accept custom X-Request-ID header" name="Logging &amp; Request ID Integration Tests should accept custom X-Request-ID header" time="0.027">
    </testcase>
    <testcase classname="Logging &amp; Request ID Integration Tests should accept X-Correlation-ID header as fallback" name="Logging &amp; Request ID Integration Tests should accept X-Correlation-ID header as fallback" time="0.025">
    </testcase>
    <testcase classname="Logging &amp; Request ID Integration Tests should generate unique request IDs for multiple requests" name="Logging &amp; Request ID Integration Tests should generate unique request IDs for multiple requests" time="0.047">
    </testcase>
    <testcase classname="Logging &amp; Request ID Integration Tests should handle JSON request body logging" name="Logging &amp; Request ID Integration Tests should handle JSON request body logging" time="0.091">
    </testcase>
    <testcase classname="Logger Configuration Tests should have proper logger configuration" name="Logger Configuration Tests should have proper logger configuration" time="0.01">
    </testcase>
    <testcase classname="Logger Configuration Tests should log with proper structure" name="Logger Configuration Tests should log with proper structure" time="0.002">
    </testcase>
  </testsuite>
</testsuites>